#
# There is insufficient memory for the Java Runtime Environment to continue.
# Native memory allocation (malloc) failed to allocate 1760816 bytes for Chunk::new
# Possible reasons:
#   The system is out of physical RAM or swap space
#   The process is running with CompressedOops enabled, and the Java Heap may be blocking the growth of the native heap
# Possible solutions:
#   Reduce memory load on the system
#   Increase physical memory or swap space
#   Check if swap backing store is full
#   Decrease Java heap size (-Xmx/-Xms)
#   Decrease number of Java threads
#   Decrease Java thread stack sizes (-Xss)
#   Set larger code cache with -XX:ReservedCodeCacheSize=
#   JVM is running with Unscaled Compressed Oops mode in which the Java heap is
#     placed in the first 4GB address space. The Java Heap base address is the
#     maximum limit for the native heap growth. Please use -XX:HeapBaseMinAddress
#     to set the Java Heap base and to place the Java Heap above 4GB virtual address.
# This output file may be truncated or incomplete.
#
#  Out of Memory Error (./src/hotspot/share/memory/arena.cpp:197), pid=7960, tid=2032
#
# JRE version: OpenJDK Runtime Environment (11.0.10) (build 11.0.10+0-b96-7249189)
# Java VM: OpenJDK 64-Bit Server VM (11.0.10+0-b96-7249189, mixed mode, tiered, compressed oops, g1 gc, windows-amd64)
# No core dump will be written. Minidumps are not enabled by default on client versions of Windows
#

---------------  S U M M A R Y ------------

Command Line: --add-opens=java.base/java.util=ALL-UNNAMED --add-opens=java.base/java.lang=ALL-UNNAMED --add-opens=java.base/java.lang.invoke=ALL-UNNAMED --add-opens=java.base/java.util=ALL-UNNAMED --add-opens=java.prefs/java.util.prefs=ALL-UNNAMED --add-opens=java.prefs/java.util.prefs=ALL-UNNAMED --add-opens=java.base/java.nio.charset=ALL-UNNAMED --add-opens=java.base/java.net=ALL-UNNAMED --add-opens=java.base/java.util.concurrent.atomic=ALL-UNNAMED -Xmx2048m -Dfile.encoding=UTF-8 -Duser.country=US -Duser.language=en -Duser.variant org.gradle.launcher.daemon.bootstrap.GradleDaemon 7.0.2

Host: Intel(R) Core(TM) i5-8250U CPU @ 1.60GHz, 8 cores, 7G,  Windows 10 , 64 bit Build 19041 (10.0.19041.1202)
Time: Thu Oct 28 17:08:55 2021 Jerusalem Daylight Time elapsed time: 8.293994 seconds (0d 0h 0m 8s)

---------------  T H R E A D  ---------------

Current thread (0x000001bbdcd1b800):  JavaThread "C2 CompilerThread1" daemon [_thread_in_native, id=2032, stack(0x000000a7bca00000,0x000000a7bcb00000)]


Current CompileTask:
C2:   8294 5553       4       java.net.URLClassLoader$1::run (5 bytes)

Stack: [0x000000a7bca00000,0x000000a7bcb00000]
Native frames: (J=compiled Java code, j=interpreted, Vv=VM code, C=native code)
V  [jvm.dll+0x5ecfaa]
V  [jvm.dll+0x722bd5]
V  [jvm.dll+0x72412d]
V  [jvm.dll+0x7247e3]
V  [jvm.dll+0x242928]
V  [jvm.dll+0xbc4fc]
V  [jvm.dll+0xbca0c]
V  [jvm.dll+0x352d7d]
V  [jvm.dll+0x320ad3]
V  [jvm.dll+0x31ffca]
V  [jvm.dll+0x1fb602]
V  [jvm.dll+0x1fa7f4]
V  [jvm.dll+0x18354c]
V  [jvm.dll+0x208ee7]
V  [jvm.dll+0x207731]
V  [jvm.dll+0x6eb1cf]
V  [jvm.dll+0x6e3d45]
V  [jvm.dll+0x5ebe96]
C  [ucrtbase.dll+0x21bb2]
C  [KERNEL32.DLL+0x17034]
C  [ntdll.dll+0x52651]


---------------  P R O C E S S  ---------------

Threads class SMR info:
_java_thread_list=0x000001bbdd6f9330, length=50, elements={
0x000001bbbeb3b800, 0x000001bbd8fe5800, 0x000001bbd8fda800, 0x000001bbd9840800,
0x000001bbd9843000, 0x000001bbd9846000, 0x000001bbd9849800, 0x000001bbd9852800,
0x000001bbd9855000, 0x000001bbd99c6000, 0x000001bbdb3d8800, 0x000001bbd9a8d000,
0x000001bbdb889000, 0x000001bbdc196800, 0x000001bbdad80000, 0x000001bbdb881800,
0x000001bbda7d4800, 0x000001bbdac10000, 0x000001bbdab4e000, 0x000001bbdcfc0800,
0x000001bbdcfc7000, 0x000001bbdcfc6000, 0x000001bbdcfc5000, 0x000001bbdcfc1000,
0x000001bbdcfc3000, 0x000001bbdcfc2000, 0x000001bbdcfc3800, 0x000001bbdcfc4800,
0x000001bbdcc98800, 0x000001bbdcc9c800, 0x000001bbdcc96800, 0x000001bbdcc9d000,
0x000001bbdcc97800, 0x000001bbdcc9a800, 0x000001bbdcd1b800, 0x000001bbdcc9b800,
0x000001bbdcc9f000, 0x000001bbdcc99000, 0x000001bbdcc9f800, 0x000001bbdcca0800,
0x000001bbdcca4800, 0x000001bbdcca1800, 0x000001bbdcca2000, 0x000001bbdcca5800,
0x000001bbe0d03000, 0x000001bbe0d03800, 0x000001bbe0d04800, 0x000001bbe0d05000,
0x000001bbe0d00800, 0x000001bbe0d07000
}

Java Threads: ( => current thread )
  0x000001bbbeb3b800 JavaThread "main" [_thread_blocked, id=17888, stack(0x000000a7b9900000,0x000000a7b9a00000)]
  0x000001bbd8fe5800 JavaThread "Reference Handler" daemon [_thread_blocked, id=17864, stack(0x000000a7ba000000,0x000000a7ba100000)]
  0x000001bbd8fda800 JavaThread "Finalizer" daemon [_thread_blocked, id=13984, stack(0x000000a7ba100000,0x000000a7ba200000)]
  0x000001bbd9840800 JavaThread "Signal Dispatcher" daemon [_thread_blocked, id=18148, stack(0x000000a7ba200000,0x000000a7ba300000)]
  0x000001bbd9843000 JavaThread "Attach Listener" daemon [_thread_blocked, id=9036, stack(0x000000a7ba300000,0x000000a7ba400000)]
  0x000001bbd9846000 JavaThread "Service Thread" daemon [_thread_blocked, id=15080, stack(0x000000a7ba400000,0x000000a7ba500000)]
  0x000001bbd9849800 JavaThread "C2 CompilerThread0" daemon [_thread_in_native, id=7332, stack(0x000000a7ba500000,0x000000a7ba600000)]
  0x000001bbd9852800 JavaThread "C1 CompilerThread0" daemon [_thread_blocked, id=5536, stack(0x000000a7ba600000,0x000000a7ba700000)]
  0x000001bbd9855000 JavaThread "Sweeper thread" daemon [_thread_blocked, id=12796, stack(0x000000a7ba700000,0x000000a7ba800000)]
  0x000001bbd99c6000 JavaThread "Common-Cleaner" daemon [_thread_blocked, id=18404, stack(0x000000a7ba800000,0x000000a7ba900000)]
  0x000001bbdb3d8800 JavaThread "Daemon health stats" [_thread_blocked, id=12200, stack(0x000000a7bad00000,0x000000a7bae00000)]
  0x000001bbd9a8d000 JavaThread "Incoming local TCP Connector on port 1031" [_thread_in_native, id=6240, stack(0x000000a7baa00000,0x000000a7bab00000)]
  0x000001bbdb889000 JavaThread "Daemon periodic checks" [_thread_blocked, id=5280, stack(0x000000a7bae00000,0x000000a7baf00000)]
  0x000001bbdc196800 JavaThread "Daemon" [_thread_blocked, id=8012, stack(0x000000a7baf00000,0x000000a7bb000000)]
  0x000001bbdad80000 JavaThread "Handler for socket connection from /127.0.0.1:1031 to /127.0.0.1:1032" [_thread_in_native, id=17844, stack(0x000000a7bb000000,0x000000a7bb100000)]
  0x000001bbdb881800 JavaThread "Cancel handler" [_thread_blocked, id=1660, stack(0x000000a7bb100000,0x000000a7bb200000)]
  0x000001bbda7d4800 JavaThread "Daemon worker" [_thread_in_native, id=8872, stack(0x000000a7bb200000,0x000000a7bb300000)]
  0x000001bbdac10000 JavaThread "Asynchronous log dispatcher for DefaultDaemonConnection: socket connection from /127.0.0.1:1031 to /127.0.0.1:1032" [_thread_blocked, id=15096, stack(0x000000a7bb300000,0x000000a7bb400000)]
  0x000001bbdab4e000 JavaThread "Stdin handler" [_thread_blocked, id=13680, stack(0x000000a7bb400000,0x000000a7bb500000)]
  0x000001bbdcfc0800 JavaThread "Daemon client event forwarder" [_thread_blocked, id=15036, stack(0x000000a7bb500000,0x000000a7bb600000)]
  0x000001bbdcfc7000 JavaThread "Cache worker for file hash cache (C:\Users\muham\.gradle\caches\7.0.2\fileHashes)" [_thread_blocked, id=11460, stack(0x000000a7bbb00000,0x000000a7bbc00000)]
  0x000001bbdcfc6000 JavaThread "File lock request listener" [_thread_in_native, id=18316, stack(0x000000a7bbc00000,0x000000a7bbd00000)]
  0x000001bbdcfc5000 JavaThread "Cache worker for journal cache (C:\Users\muham\.gradle\caches\journal-1)" [_thread_blocked, id=2380, stack(0x000000a7bbe00000,0x000000a7bbf00000)]
  0x000001bbdcfc1000 JavaThread "Cache worker for file hash cache (C:\Users\muham\android development\DSCWorkShopTraning\task2\.gradle\7.0.2\fileHashes)" [_thread_blocked, id=12340, stack(0x000000a7bbf00000,0x000000a7bc000000)]
  0x000001bbdcfc3000 JavaThread "File watcher server" daemon [_thread_in_native, id=17704, stack(0x000000a7bc000000,0x000000a7bc100000)]
  0x000001bbdcfc2000 JavaThread "File watcher consumer" daemon [_thread_blocked, id=16776, stack(0x000000a7bc100000,0x000000a7bc200000)]
  0x000001bbdcfc3800 JavaThread "jar transforms" [_thread_blocked, id=14836, stack(0x000000a7bc200000,0x000000a7bc300000)]
  0x000001bbdcfc4800 JavaThread "jar transforms Thread 2" [_thread_blocked, id=10840, stack(0x000000a7bc300000,0x000000a7bc400000)]
  0x000001bbdcc98800 JavaThread "jar transforms Thread 3" [_thread_blocked, id=16428, stack(0x000000a7bc400000,0x000000a7bc500000)]
  0x000001bbdcc9c800 JavaThread "jar transforms Thread 4" [_thread_blocked, id=14624, stack(0x000000a7bc500000,0x000000a7bc600000)]
  0x000001bbdcc96800 JavaThread "jar transforms Thread 5" [_thread_blocked, id=17228, stack(0x000000a7bc600000,0x000000a7bc700000)]
  0x000001bbdcc9d000 JavaThread "jar transforms Thread 6" [_thread_blocked, id=17820, stack(0x000000a7bc700000,0x000000a7bc800000)]
  0x000001bbdcc97800 JavaThread "jar transforms Thread 7" [_thread_blocked, id=18344, stack(0x000000a7bc800000,0x000000a7bc900000)]
  0x000001bbdcc9a800 JavaThread "jar transforms Thread 8" [_thread_blocked, id=3900, stack(0x000000a7bc900000,0x000000a7bca00000)]
=>0x000001bbdcd1b800 JavaThread "C2 CompilerThread1" daemon [_thread_in_native, id=2032, stack(0x000000a7bca00000,0x000000a7bcb00000)]
  0x000001bbdcc9b800 JavaThread "Cache worker for checksums cache (C:\Users\muham\android development\DSCWorkShopTraning\task2\.gradle\checksums)" [_thread_blocked, id=18412, stack(0x000000a7bcb00000,0x000000a7bcc00000)]
  0x000001bbdcc9f000 JavaThread "Cache worker for cache directory md-supplier (C:\Users\muham\.gradle\caches\7.0.2\md-supplier)" [_thread_blocked, id=18376, stack(0x000000a7bcc00000,0x000000a7bcd00000)]
  0x000001bbdcc99000 JavaThread "Cache worker for cache directory md-rule (C:\Users\muham\.gradle\caches\7.0.2\md-rule)" [_thread_blocked, id=17924, stack(0x000000a7bcd00000,0x000000a7bce00000)]
  0x000001bbdcc9f800 JavaThread "Cache worker for execution history cache (C:\Users\muham\.gradle\caches\7.0.2\executionHistory)" [_thread_blocked, id=14940, stack(0x000000a7bce00000,0x000000a7bcf00000)]
  0x000001bbdcca0800 JavaThread "Cache worker for file content cache (C:\Users\muham\.gradle\caches\7.0.2\fileContent)" [_thread_blocked, id=7700, stack(0x000000a7bcf00000,0x000000a7bd000000)]
  0x000001bbdcca4800 JavaThread "Cache worker for dependencies-accessors (C:\Users\muham\android development\DSCWorkShopTraning\task2\.gradle\7.0.2\dependencies-accessors)" [_thread_blocked, id=11044, stack(0x000000a7bd000000,0x000000a7bd100000)]
  0x000001bbdcca1800 JavaThread "Cache worker for Build Output Cleanup Cache (C:\Users\muham\android development\DSCWorkShopTraning\task2\.gradle\buildOutputCleanup)" [_thread_blocked, id=4916, stack(0x000000a7bd100000,0x000000a7bd200000)]
  0x000001bbdcca2000 JavaThread "Build operations" [_thread_blocked, id=11968, stack(0x000000a7bd200000,0x000000a7bd300000)]
  0x000001bbdcca5800 JavaThread "Build operations Thread 2" [_thread_blocked, id=16932, stack(0x000000a7bd300000,0x000000a7bd400000)]
  0x000001bbe0d03000 JavaThread "Build operations Thread 3" [_thread_blocked, id=17020, stack(0x000000a7bd400000,0x000000a7bd500000)]
  0x000001bbe0d03800 JavaThread "Build operations Thread 4" [_thread_blocked, id=10680, stack(0x000000a7bd500000,0x000000a7bd600000)]
  0x000001bbe0d04800 JavaThread "Build operations Thread 5" [_thread_blocked, id=16700, stack(0x000000a7bd600000,0x000000a7bd700000)]
  0x000001bbe0d05000 JavaThread "Build operations Thread 6" [_thread_blocked, id=10480, stack(0x000000a7bd700000,0x000000a7bd800000)]
  0x000001bbe0d00800 JavaThread "Build operations Thread 7" [_thread_blocked, id=14320, stack(0x000000a7bd800000,0x000000a7bd900000)]
  0x000001bbe0d07000 JavaThread "Build operations Thread 8" [_thread_blocked, id=2860, stack(0x000000a7bd900000,0x000000a7bda00000)]

Other Threads:
  0x000001bbd97f3800 VMThread "VM Thread" [stack: 0x000000a7b9f00000,0x000000a7ba000000] [id=5744]
  0x000001bbd9a10000 WatcherThread [stack: 0x000000a7ba900000,0x000000a7baa00000] [id=11828]
  0x000001bbbeb54800 GCTaskThread "GC Thread#0" [stack: 0x000000a7b9a00000,0x000000a7b9b00000] [id=13388]
  0x000001bbda7f3000 GCTaskThread "GC Thread#1" [stack: 0x000000a7bab00000,0x000000a7bac00000] [id=13716]
  0x000001bbd9d9a000 GCTaskThread "GC Thread#2" [stack: 0x000000a7bac00000,0x000000a7bad00000] [id=2452]
  0x000001bbdb82c000 GCTaskThread "GC Thread#3" [stack: 0x000000a7bb600000,0x000000a7bb700000] [id=17756]
  0x000001bbdaae1000 GCTaskThread "GC Thread#4" [stack: 0x000000a7bb700000,0x000000a7bb800000] [id=4760]
  0x000001bbdab4f000 GCTaskThread "GC Thread#5" [stack: 0x000000a7bb800000,0x000000a7bb900000] [id=8788]
  0x000001bbdcfc8800 GCTaskThread "GC Thread#6" [stack: 0x000000a7bb900000,0x000000a7bba00000] [id=17528]
  0x000001bbdb4b9000 GCTaskThread "GC Thread#7" [stack: 0x000000a7bba00000,0x000000a7bbb00000] [id=7392]
  0x000001bbbeb85800 ConcurrentGCThread "G1 Main Marker" [stack: 0x000000a7b9b00000,0x000000a7b9c00000] [id=15624]
  0x000001bbbeb87000 ConcurrentGCThread "G1 Conc#0" [stack: 0x000000a7b9c00000,0x000000a7b9d00000] [id=2776]
  0x000001bbdb46a000 ConcurrentGCThread "G1 Conc#1" [stack: 0x000000a7bbd00000,0x000000a7bbe00000] [id=7564]
  0x000001bbd8e20800 ConcurrentGCThread "G1 Refine#0" [stack: 0x000000a7b9d00000,0x000000a7b9e00000] [id=12948]
  0x000001bbd8e21800 ConcurrentGCThread "G1 Young RemSet Sampling" [stack: 0x000000a7b9e00000,0x000000a7b9f00000] [id=6256]

Threads with active compile tasks:
C2 CompilerThread0   8333 5715       4       groovyjarjarantlr4.v4.runtime.atn.ParserATNSimulator::closure (784 bytes)
C2 CompilerThread1   8333 5553       4       java.net.URLClassLoader$1::run (5 bytes)

VM state:not at safepoint (normal execution)

VM Mutex/Monitor currently owned by a thread: None

Heap address: 0x0000000080000000, size: 2048 MB, Compressed Oops mode: 32-bit
Narrow klass base: 0x0000000000000000, Narrow klass shift: 3
Compressed class space size: 1073741824 Address: 0x0000000100000000

Heap:
 garbage-first heap   total 157696K, used 106157K [0x0000000080000000, 0x0000000100000000)
  region size 1024K, 41 young (41984K), 9 survivors (9216K)
 Metaspace       used 52522K, capacity 54125K, committed 54272K, reserved 1095680K
  class space    used 6832K, capacity 7366K, committed 7424K, reserved 1048576K
Heap Regions: E=young(eden), S=young(survivor), O=old, HS=humongous(starts), HC=humongous(continues), CS=collection set, F=free, A=archive, TAMS=top-at-mark-start (previous, next)
|   0|0x0000000080000000, 0x0000000080100000, 0x0000000080100000|100%| O|  |TAMS 0x0000000080100000, 0x0000000080000000| Untracked 
|   1|0x0000000080100000, 0x0000000080200000, 0x0000000080200000|100%| O|  |TAMS 0x0000000080200000, 0x0000000080100000| Untracked 
|   2|0x0000000080200000, 0x0000000080300000, 0x0000000080300000|100%| O|  |TAMS 0x0000000080300000, 0x0000000080200000| Untracked 
|   3|0x0000000080300000, 0x0000000080400000, 0x0000000080400000|100%|HS|  |TAMS 0x0000000080400000, 0x0000000080300000| Complete 
|   4|0x0000000080400000, 0x0000000080500000, 0x0000000080500000|100%|HC|  |TAMS 0x0000000080500000, 0x0000000080400000| Complete 
|   5|0x0000000080500000, 0x0000000080600000, 0x0000000080600000|100%|HC|  |TAMS 0x0000000080600000, 0x0000000080500000| Complete 
|   6|0x0000000080600000, 0x0000000080700000, 0x0000000080700000|100%| O|  |TAMS 0x0000000080700000, 0x0000000080600000| Untracked 
|   7|0x0000000080700000, 0x0000000080800000, 0x0000000080800000|100%| O|  |TAMS 0x0000000080800000, 0x0000000080700000| Untracked 
|   8|0x0000000080800000, 0x0000000080900000, 0x0000000080900000|100%| O|  |TAMS 0x0000000080900000, 0x0000000080800000| Untracked 
|   9|0x0000000080900000, 0x0000000080a00000, 0x0000000080a00000|100%| O|  |TAMS 0x0000000080a00000, 0x0000000080900000| Untracked 
|  10|0x0000000080a00000, 0x0000000080b00000, 0x0000000080b00000|100%| O|  |TAMS 0x0000000080b00000, 0x0000000080a00000| Untracked 
|  11|0x0000000080b00000, 0x0000000080c00000, 0x0000000080c00000|100%| O|  |TAMS 0x0000000080c00000, 0x0000000080b00000| Untracked 
|  12|0x0000000080c00000, 0x0000000080d00000, 0x0000000080d00000|100%| O|  |TAMS 0x0000000080d00000, 0x0000000080c00000| Untracked 
|  13|0x0000000080d00000, 0x0000000080e00000, 0x0000000080e00000|100%| O|  |TAMS 0x0000000080e00000, 0x0000000080d00000| Untracked 
|  14|0x0000000080e00000, 0x0000000080f00000, 0x0000000080f00000|100%| O|  |TAMS 0x0000000080f00000, 0x0000000080e00000| Untracked 
|  15|0x0000000080f00000, 0x0000000081000000, 0x0000000081000000|100%| O|  |TAMS 0x0000000081000000, 0x0000000080f00000| Untracked 
|  16|0x0000000081000000, 0x0000000081100000, 0x0000000081100000|100%|HS|  |TAMS 0x0000000081100000, 0x0000000081000000| Complete 
|  17|0x0000000081100000, 0x0000000081200000, 0x0000000081200000|100%|HC|  |TAMS 0x0000000081200000, 0x0000000081100000| Complete 
|  18|0x0000000081200000, 0x0000000081300000, 0x0000000081300000|100%|HS|  |TAMS 0x0000000081300000, 0x0000000081200000| Complete 
|  19|0x0000000081300000, 0x0000000081400000, 0x0000000081400000|100%|HC|  |TAMS 0x0000000081400000, 0x0000000081300000| Complete 
|  20|0x0000000081400000, 0x0000000081500000, 0x0000000081500000|100%|HC|  |TAMS 0x0000000081500000, 0x0000000081400000| Complete 
|  21|0x0000000081500000, 0x0000000081600000, 0x0000000081600000|100%|HS|  |TAMS 0x0000000081600000, 0x0000000081500000| Complete 
|  22|0x0000000081600000, 0x0000000081700000, 0x0000000081700000|100%|HC|  |TAMS 0x0000000081700000, 0x0000000081600000| Complete 
|  23|0x0000000081700000, 0x0000000081800000, 0x0000000081800000|100%|HC|  |TAMS 0x0000000081800000, 0x0000000081700000| Complete 
|  24|0x0000000081800000, 0x0000000081900000, 0x0000000081900000|100%|HC|  |TAMS 0x0000000081900000, 0x0000000081800000| Complete 
|  25|0x0000000081900000, 0x0000000081a00000, 0x0000000081a00000|100%|HC|  |TAMS 0x0000000081a00000, 0x0000000081900000| Complete 
|  26|0x0000000081a00000, 0x0000000081b00000, 0x0000000081b00000|100%| O|  |TAMS 0x0000000081b00000, 0x0000000081a00000| Untracked 
|  27|0x0000000081b00000, 0x0000000081c00000, 0x0000000081c00000|100%| O|  |TAMS 0x0000000081c00000, 0x0000000081b00000| Untracked 
|  28|0x0000000081c00000, 0x0000000081d00000, 0x0000000081d00000|100%| O|  |TAMS 0x0000000081d00000, 0x0000000081c00000| Untracked 
|  29|0x0000000081d00000, 0x0000000081e00000, 0x0000000081e00000|100%| O|  |TAMS 0x0000000081e00000, 0x0000000081d00000| Untracked 
|  30|0x0000000081e00000, 0x0000000081f00000, 0x0000000081f00000|100%| O|  |TAMS 0x0000000081f00000, 0x0000000081e00000| Untracked 
|  31|0x0000000081f00000, 0x0000000082000000, 0x0000000082000000|100%| O|  |TAMS 0x0000000081f61600, 0x0000000081f00000| Untracked 
|  32|0x0000000082000000, 0x0000000082100000, 0x0000000082100000|100%|HS|  |TAMS 0x0000000082000000, 0x0000000082000000| Complete 
|  33|0x0000000082100000, 0x0000000082200000, 0x0000000082200000|100%|HC|  |TAMS 0x0000000082100000, 0x0000000082100000| Complete 
|  34|0x0000000082200000, 0x0000000082300000, 0x0000000082300000|100%|HC|  |TAMS 0x0000000082200000, 0x0000000082200000| Complete 
|  35|0x0000000082300000, 0x0000000082400000, 0x0000000082400000|100%|HC|  |TAMS 0x0000000082300000, 0x0000000082300000| Complete 
|  36|0x0000000082400000, 0x0000000082500000, 0x0000000082500000|100%|HC|  |TAMS 0x0000000082400000, 0x0000000082400000| Complete 
|  37|0x0000000082500000, 0x0000000082600000, 0x0000000082600000|100%|HS|  |TAMS 0x0000000082500000, 0x0000000082500000| Complete 
|  38|0x0000000082600000, 0x0000000082700000, 0x0000000082700000|100%|HC|  |TAMS 0x0000000082600000, 0x0000000082600000| Complete 
|  39|0x0000000082700000, 0x0000000082800000, 0x0000000082800000|100%|HC|  |TAMS 0x0000000082700000, 0x0000000082700000| Complete 
|  40|0x0000000082800000, 0x0000000082900000, 0x0000000082900000|100%| O|  |TAMS 0x0000000082800000, 0x0000000082800000| Untracked 
|  41|0x0000000082900000, 0x0000000082a00000, 0x0000000082a00000|100%| O|  |TAMS 0x0000000082900000, 0x0000000082900000| Untracked 
|  42|0x0000000082a00000, 0x0000000082b00000, 0x0000000082b00000|100%| O|  |TAMS 0x0000000082a00000, 0x0000000082a00000| Untracked 
|  43|0x0000000082b00000, 0x0000000082c00000, 0x0000000082c00000|100%| O|  |TAMS 0x0000000082b00000, 0x0000000082b00000| Untracked 
|  44|0x0000000082c00000, 0x0000000082d00000, 0x0000000082d00000|100%| O|  |TAMS 0x0000000082c00000, 0x0000000082c00000| Untracked 
|  45|0x0000000082d00000, 0x0000000082e00000, 0x0000000082e00000|100%| O|  |TAMS 0x0000000082d00000, 0x0000000082d00000| Untracked 
|  46|0x0000000082e00000, 0x0000000082f00000, 0x0000000082f00000|100%| O|  |TAMS 0x0000000082e00000, 0x0000000082e00000| Untracked 
|  47|0x0000000082f00000, 0x0000000083000000, 0x0000000083000000|100%| O|  |TAMS 0x0000000082f00000, 0x0000000082f00000| Untracked 
|  48|0x0000000083000000, 0x0000000083100000, 0x0000000083100000|100%| O|  |TAMS 0x0000000083000000, 0x0000000083000000| Untracked 
|  49|0x0000000083100000, 0x0000000083200000, 0x0000000083200000|100%| O|  |TAMS 0x0000000083100000, 0x0000000083100000| Untracked 
|  50|0x0000000083200000, 0x0000000083300000, 0x0000000083300000|100%| O|  |TAMS 0x0000000083200000, 0x0000000083200000| Untracked 
|  51|0x0000000083300000, 0x0000000083400000, 0x0000000083400000|100%| O|  |TAMS 0x0000000083300000, 0x0000000083300000| Untracked 
|  52|0x0000000083400000, 0x0000000083500000, 0x0000000083500000|100%|HS|  |TAMS 0x0000000083400000, 0x0000000083400000| Complete 
|  53|0x0000000083500000, 0x0000000083600000, 0x0000000083600000|100%|HS|  |TAMS 0x0000000083500000, 0x0000000083500000| Complete 
|  54|0x0000000083600000, 0x0000000083700000, 0x0000000083700000|100%|HS|  |TAMS 0x0000000083600000, 0x0000000083600000| Complete 
|  55|0x0000000083700000, 0x0000000083800000, 0x0000000083800000|100%|HS|  |TAMS 0x0000000083700000, 0x0000000083700000| Complete 
|  56|0x0000000083800000, 0x0000000083900000, 0x0000000083900000|100%|HC|  |TAMS 0x0000000083800000, 0x0000000083800000| Complete 
|  57|0x0000000083900000, 0x0000000083a00000, 0x0000000083a00000|100%|HC|  |TAMS 0x0000000083900000, 0x0000000083900000| Complete 
|  58|0x0000000083a00000, 0x0000000083b00000, 0x0000000083b00000|100%|HS|  |TAMS 0x0000000083a00000, 0x0000000083a00000| Complete 
|  59|0x0000000083b00000, 0x0000000083c00000, 0x0000000083c00000|100%|HC|  |TAMS 0x0000000083b00000, 0x0000000083b00000| Complete 
|  60|0x0000000083c00000, 0x0000000083d00000, 0x0000000083d00000|100%| O|  |TAMS 0x0000000083c00000, 0x0000000083c00000| Untracked 
|  61|0x0000000083d00000, 0x0000000083e00000, 0x0000000083e00000|100%| O|  |TAMS 0x0000000083d00000, 0x0000000083d00000| Untracked 
|  62|0x0000000083e00000, 0x0000000083f00000, 0x0000000083f00000|100%| O|  |TAMS 0x0000000083e00000, 0x0000000083e00000| Untracked 
|  63|0x0000000083f00000, 0x0000000083fab600, 0x0000000084000000| 66%| O|  |TAMS 0x0000000083f00000, 0x0000000083f00000| Untracked 
|  64|0x0000000084000000, 0x0000000084000000, 0x0000000084100000|  0%| F|  |TAMS 0x0000000084000000, 0x0000000084000000| Untracked 
|  65|0x0000000084100000, 0x0000000084100000, 0x0000000084200000|  0%| F|  |TAMS 0x0000000084100000, 0x0000000084100000| Untracked 
|  66|0x0000000084200000, 0x0000000084200000, 0x0000000084300000|  0%| F|  |TAMS 0x0000000084200000, 0x0000000084200000| Untracked 
|  67|0x0000000084300000, 0x0000000084300000, 0x0000000084400000|  0%| F|  |TAMS 0x0000000084300000, 0x0000000084300000| Untracked 
|  68|0x0000000084400000, 0x0000000084400000, 0x0000000084500000|  0%| F|  |TAMS 0x0000000084400000, 0x0000000084400000| Untracked 
|  69|0x0000000084500000, 0x0000000084500000, 0x0000000084600000|  0%| F|  |TAMS 0x0000000084500000, 0x0000000084500000| Untracked 
|  70|0x0000000084600000, 0x0000000084600000, 0x0000000084700000|  0%| F|  |TAMS 0x0000000084600000, 0x0000000084600000| Untracked 
|  71|0x0000000084700000, 0x0000000084700000, 0x0000000084800000|  0%| F|  |TAMS 0x0000000084700000, 0x0000000084700000| Untracked 
|  72|0x0000000084800000, 0x0000000084800000, 0x0000000084900000|  0%| F|  |TAMS 0x0000000084800000, 0x0000000084800000| Untracked 
|  73|0x0000000084900000, 0x0000000084900000, 0x0000000084a00000|  0%| F|  |TAMS 0x0000000084900000, 0x0000000084900000| Untracked 
|  74|0x0000000084a00000, 0x0000000084a00000, 0x0000000084b00000|  0%| F|  |TAMS 0x0000000084a00000, 0x0000000084a00000| Untracked 
|  75|0x0000000084b00000, 0x0000000084b00000, 0x0000000084c00000|  0%| F|  |TAMS 0x0000000084b00000, 0x0000000084b00000| Untracked 
|  76|0x0000000084c00000, 0x0000000084c00000, 0x0000000084d00000|  0%| F|  |TAMS 0x0000000084c00000, 0x0000000084c00000| Untracked 
|  77|0x0000000084d00000, 0x0000000084d00000, 0x0000000084e00000|  0%| F|  |TAMS 0x0000000084d00000, 0x0000000084d00000| Untracked 
|  78|0x0000000084e00000, 0x0000000084e00000, 0x0000000084f00000|  0%| F|  |TAMS 0x0000000084e00000, 0x0000000084e00000| Untracked 
|  79|0x0000000084f00000, 0x0000000084f00000, 0x0000000085000000|  0%| F|  |TAMS 0x0000000084f00000, 0x0000000084f00000| Untracked 
|  80|0x0000000085000000, 0x0000000085000000, 0x0000000085100000|  0%| F|  |TAMS 0x0000000085000000, 0x0000000085000000| Untracked 
|  81|0x0000000085100000, 0x0000000085100000, 0x0000000085200000|  0%| F|  |TAMS 0x0000000085100000, 0x0000000085100000| Untracked 
|  82|0x0000000085200000, 0x0000000085200000, 0x0000000085300000|  0%| F|  |TAMS 0x0000000085200000, 0x0000000085200000| Untracked 
|  83|0x0000000085300000, 0x0000000085400000, 0x0000000085400000|100%| S|CS|TAMS 0x0000000085300000, 0x0000000085300000| Complete 
|  84|0x0000000085400000, 0x0000000085500000, 0x0000000085500000|100%| S|CS|TAMS 0x0000000085400000, 0x0000000085400000| Complete 
|  85|0x0000000085500000, 0x0000000085600000, 0x0000000085600000|100%| S|CS|TAMS 0x0000000085500000, 0x0000000085500000| Complete 
|  86|0x0000000085600000, 0x0000000085700000, 0x0000000085700000|100%| S|CS|TAMS 0x0000000085600000, 0x0000000085600000| Complete 
|  87|0x0000000085700000, 0x0000000085800000, 0x0000000085800000|100%| S|CS|TAMS 0x0000000085700000, 0x0000000085700000| Complete 
|  88|0x0000000085800000, 0x0000000085900000, 0x0000000085900000|100%| S|CS|TAMS 0x0000000085800000, 0x0000000085800000| Complete 
|  89|0x0000000085900000, 0x0000000085a00000, 0x0000000085a00000|100%| S|CS|TAMS 0x0000000085900000, 0x0000000085900000| Complete 
|  90|0x0000000085a00000, 0x0000000085b00000, 0x0000000085b00000|100%| S|CS|TAMS 0x0000000085a00000, 0x0000000085a00000| Complete 
|  91|0x0000000085b00000, 0x0000000085c00000, 0x0000000085c00000|100%| S|CS|TAMS 0x0000000085b00000, 0x0000000085b00000| Complete 
|  92|0x0000000085c00000, 0x0000000085c00000, 0x0000000085d00000|  0%| F|  |TAMS 0x0000000085c00000, 0x0000000085c00000| Untracked 
|  93|0x0000000085d00000, 0x0000000085d00000, 0x0000000085e00000|  0%| F|  |TAMS 0x0000000085d00000, 0x0000000085d00000| Untracked 
|  94|0x0000000085e00000, 0x0000000085e00000, 0x0000000085f00000|  0%| F|  |TAMS 0x0000000085e00000, 0x0000000085e00000| Untracked 
|  95|0x0000000085f00000, 0x0000000085f00000, 0x0000000086000000|  0%| F|  |TAMS 0x0000000085f00000, 0x0000000085f00000| Untracked 
|  96|0x0000000086000000, 0x0000000086000000, 0x0000000086100000|  0%| F|  |TAMS 0x0000000086000000, 0x0000000086000000| Untracked 
|  97|0x0000000086100000, 0x0000000086100000, 0x0000000086200000|  0%| F|  |TAMS 0x0000000086100000, 0x0000000086100000| Untracked 
|  98|0x0000000086200000, 0x0000000086200000, 0x0000000086300000|  0%| F|  |TAMS 0x0000000086200000, 0x0000000086200000| Untracked 
|  99|0x0000000086300000, 0x0000000086300000, 0x0000000086400000|  0%| F|  |TAMS 0x0000000086300000, 0x0000000086300000| Untracked 
| 100|0x0000000086400000, 0x0000000086400000, 0x0000000086500000|  0%| F|  |TAMS 0x0000000086400000, 0x0000000086400000| Untracked 
| 101|0x0000000086500000, 0x0000000086500000, 0x0000000086600000|  0%| F|  |TAMS 0x0000000086500000, 0x0000000086500000| Untracked 
| 102|0x0000000086600000, 0x0000000086600000, 0x0000000086700000|  0%| F|  |TAMS 0x0000000086600000, 0x0000000086600000| Untracked 
| 103|0x0000000086700000, 0x0000000086700000, 0x0000000086800000|  0%| F|  |TAMS 0x0000000086700000, 0x0000000086700000| Untracked 
| 104|0x0000000086800000, 0x0000000086800000, 0x0000000086900000|  0%| F|  |TAMS 0x0000000086800000, 0x0000000086800000| Untracked 
| 105|0x0000000086900000, 0x0000000086900000, 0x0000000086a00000|  0%| F|  |TAMS 0x0000000086900000, 0x0000000086900000| Untracked 
| 106|0x0000000086a00000, 0x0000000086a00000, 0x0000000086b00000|  0%| F|  |TAMS 0x0000000086a00000, 0x0000000086a00000| Untracked 
| 107|0x0000000086b00000, 0x0000000086b00000, 0x0000000086c00000|  0%| F|  |TAMS 0x0000000086b00000, 0x0000000086b00000| Untracked 
| 108|0x0000000086c00000, 0x0000000086c00000, 0x0000000086d00000|  0%| F|  |TAMS 0x0000000086c00000, 0x0000000086c00000| Untracked 
| 109|0x0000000086d00000, 0x0000000086d00000, 0x0000000086e00000|  0%| F|  |TAMS 0x0000000086d00000, 0x0000000086d00000| Untracked 
| 110|0x0000000086e00000, 0x0000000086e00000, 0x0000000086f00000|  0%| F|  |TAMS 0x0000000086e00000, 0x0000000086e00000| Untracked 
| 111|0x0000000086f00000, 0x0000000086f00000, 0x0000000087000000|  0%| F|  |TAMS 0x0000000086f00000, 0x0000000086f00000| Untracked 
| 112|0x0000000087000000, 0x0000000087000000, 0x0000000087100000|  0%| F|  |TAMS 0x0000000087000000, 0x0000000087000000| Untracked 
| 113|0x0000000087100000, 0x0000000087100000, 0x0000000087200000|  0%| F|  |TAMS 0x0000000087100000, 0x0000000087100000| Untracked 
| 114|0x0000000087200000, 0x0000000087200000, 0x0000000087300000|  0%| F|  |TAMS 0x0000000087200000, 0x0000000087200000| Untracked 
| 115|0x0000000087300000, 0x0000000087300000, 0x0000000087400000|  0%| F|  |TAMS 0x0000000087300000, 0x0000000087300000| Untracked 
| 116|0x0000000087400000, 0x0000000087400000, 0x0000000087500000|  0%| F|  |TAMS 0x0000000087400000, 0x0000000087400000| Untracked 
| 117|0x0000000087500000, 0x0000000087500000, 0x0000000087600000|  0%| F|  |TAMS 0x0000000087500000, 0x0000000087500000| Untracked 
| 118|0x0000000087600000, 0x0000000087600000, 0x0000000087700000|  0%| F|  |TAMS 0x0000000087600000, 0x0000000087600000| Untracked 
| 119|0x0000000087700000, 0x0000000087700000, 0x0000000087800000|  0%| F|  |TAMS 0x0000000087700000, 0x0000000087700000| Untracked 
| 120|0x0000000087800000, 0x0000000087800000, 0x0000000087900000|  0%| F|  |TAMS 0x0000000087800000, 0x0000000087800000| Untracked 
| 121|0x0000000087900000, 0x0000000087980800, 0x0000000087a00000| 50%| E|  |TAMS 0x0000000087900000, 0x0000000087900000| Complete 
| 122|0x0000000087a00000, 0x0000000087b00000, 0x0000000087b00000|100%| E|CS|TAMS 0x0000000087a00000, 0x0000000087a00000| Complete 
| 123|0x0000000087b00000, 0x0000000087c00000, 0x0000000087c00000|100%| E|CS|TAMS 0x0000000087b00000, 0x0000000087b00000| Complete 
| 124|0x0000000087c00000, 0x0000000087d00000, 0x0000000087d00000|100%| E|CS|TAMS 0x0000000087c00000, 0x0000000087c00000| Complete 
| 125|0x0000000087d00000, 0x0000000087e00000, 0x0000000087e00000|100%| E|CS|TAMS 0x0000000087d00000, 0x0000000087d00000| Complete 
| 126|0x0000000087e00000, 0x0000000087f00000, 0x0000000087f00000|100%| E|CS|TAMS 0x0000000087e00000, 0x0000000087e00000| Complete 
| 127|0x0000000087f00000, 0x0000000088000000, 0x0000000088000000|100%| E|CS|TAMS 0x0000000087f00000, 0x0000000087f00000| Complete 
| 128|0x0000000088000000, 0x0000000088100000, 0x0000000088100000|100%| E|CS|TAMS 0x0000000088000000, 0x0000000088000000| Complete 
| 129|0x0000000088100000, 0x0000000088200000, 0x0000000088200000|100%| E|CS|TAMS 0x0000000088100000, 0x0000000088100000| Complete 
| 130|0x0000000088200000, 0x0000000088300000, 0x0000000088300000|100%| E|CS|TAMS 0x0000000088200000, 0x0000000088200000| Complete 
| 131|0x0000000088300000, 0x0000000088400000, 0x0000000088400000|100%| E|CS|TAMS 0x0000000088300000, 0x0000000088300000| Complete 
| 132|0x0000000088400000, 0x0000000088500000, 0x0000000088500000|100%| E|CS|TAMS 0x0000000088400000, 0x0000000088400000| Complete 
| 133|0x0000000088500000, 0x0000000088600000, 0x0000000088600000|100%| E|CS|TAMS 0x0000000088500000, 0x0000000088500000| Complete 
| 134|0x0000000088600000, 0x0000000088700000, 0x0000000088700000|100%| E|CS|TAMS 0x0000000088600000, 0x0000000088600000| Complete 
| 135|0x0000000088700000, 0x0000000088800000, 0x0000000088800000|100%| E|CS|TAMS 0x0000000088700000, 0x0000000088700000| Complete 
| 136|0x0000000088800000, 0x0000000088900000, 0x0000000088900000|100%| E|CS|TAMS 0x0000000088800000, 0x0000000088800000| Complete 
| 137|0x0000000088900000, 0x0000000088a00000, 0x0000000088a00000|100%| E|CS|TAMS 0x0000000088900000, 0x0000000088900000| Complete 
| 138|0x0000000088a00000, 0x0000000088b00000, 0x0000000088b00000|100%| E|CS|TAMS 0x0000000088a00000, 0x0000000088a00000| Complete 
| 139|0x0000000088b00000, 0x0000000088c00000, 0x0000000088c00000|100%| E|CS|TAMS 0x0000000088b00000, 0x0000000088b00000| Complete 
| 140|0x0000000088c00000, 0x0000000088d00000, 0x0000000088d00000|100%| E|CS|TAMS 0x0000000088c00000, 0x0000000088c00000| Complete 
| 141|0x0000000088d00000, 0x0000000088e00000, 0x0000000088e00000|100%| E|CS|TAMS 0x0000000088d00000, 0x0000000088d00000| Complete 
| 142|0x0000000088e00000, 0x0000000088f00000, 0x0000000088f00000|100%| E|CS|TAMS 0x0000000088e00000, 0x0000000088e00000| Complete 
| 143|0x0000000088f00000, 0x0000000089000000, 0x0000000089000000|100%| E|CS|TAMS 0x0000000088f00000, 0x0000000088f00000| Complete 
| 144|0x0000000089000000, 0x0000000089100000, 0x0000000089100000|100%| E|CS|TAMS 0x0000000089000000, 0x0000000089000000| Complete 
| 145|0x0000000089100000, 0x0000000089200000, 0x0000000089200000|100%| E|CS|TAMS 0x0000000089100000, 0x0000000089100000| Complete 
| 146|0x0000000089200000, 0x0000000089300000, 0x0000000089300000|100%| E|CS|TAMS 0x0000000089200000, 0x0000000089200000| Complete 
| 147|0x0000000089300000, 0x0000000089400000, 0x0000000089400000|100%| E|CS|TAMS 0x0000000089300000, 0x0000000089300000| Complete 
| 148|0x0000000089400000, 0x0000000089500000, 0x0000000089500000|100%| E|CS|TAMS 0x0000000089400000, 0x0000000089400000| Complete 
| 149|0x0000000089500000, 0x0000000089600000, 0x0000000089600000|100%| E|CS|TAMS 0x0000000089500000, 0x0000000089500000| Complete 
| 150|0x0000000089600000, 0x0000000089700000, 0x0000000089700000|100%| E|CS|TAMS 0x0000000089600000, 0x0000000089600000| Complete 
| 151|0x0000000089700000, 0x0000000089800000, 0x0000000089800000|100%| E|CS|TAMS 0x0000000089700000, 0x0000000089700000| Complete 
| 152|0x0000000089800000, 0x0000000089900000, 0x0000000089900000|100%| E|CS|TAMS 0x0000000089800000, 0x0000000089800000| Complete 
| 153|0x0000000089900000, 0x0000000089a00000, 0x0000000089a00000|100%| E|CS|TAMS 0x0000000089900000, 0x0000000089900000| Complete 

Card table byte_map: [0x000001bbd1d60000,0x000001bbd2160000] _byte_map_base: 0x000001bbd1960000

Marking Bits (Prev, Next): (CMBitMap*) 0x000001bbbeb7ce18, (CMBitMap*) 0x000001bbbeb7ce50
 Prev Bits: [0x000001bbd2560000, 0x000001bbd4560000)
 Next Bits: [0x000001bbd4560000, 0x000001bbd6560000)

Polling page: 0x000001bbbca50000

Metaspace:

Usage:
  Non-class:     45.73 MB capacity,    44.66 MB ( 98%) used,   955.98 KB (  2%) free+waste,   142.19 KB ( <1%) overhead. 
      Class:      7.20 MB capacity,     6.68 MB ( 93%) used,   462.61 KB (  6%) free+waste,    68.31 KB ( <1%) overhead. 
       Both:     52.93 MB capacity,    51.34 MB ( 97%) used,     1.39 MB (  3%) free+waste,   210.50 KB ( <1%) overhead. 

Virtual space:
  Non-class space:       46.00 MB reserved,      45.75 MB (>99%) committed 
      Class space:        1.00 GB reserved,       7.25 MB ( <1%) committed 
             Both:        1.04 GB reserved,      53.00 MB (  5%) committed 

Chunk freelists:
   Non-Class:  17.00 KB
       Class:  0 bytes
        Both:  17.00 KB

MaxMetaspaceSize: 17179869184.00 GB
CompressedClassSpaceSize: 1.00 GB

CodeHeap 'non-profiled nmethods': size=120000Kb used=3015Kb max_used=3015Kb free=116984Kb
 bounds [0x000001bbca100000, 0x000001bbca400000, 0x000001bbd1630000]
CodeHeap 'profiled nmethods': size=120000Kb used=11797Kb max_used=11797Kb free=108202Kb
 bounds [0x000001bbc2bd0000, 0x000001bbc3760000, 0x000001bbca100000]
CodeHeap 'non-nmethods': size=5760Kb used=2230Kb max_used=2271Kb free=3530Kb
 bounds [0x000001bbc2630000, 0x000001bbc28a0000, 0x000001bbc2bd0000]
 total_blobs=6652 nmethods=5847 adapters=714
 compilation: enabled
              stopped_count=0, restarted_count=0
 full_count=0

Compilation events (20 events):
Event: 8.277 Thread 0x000001bbd9852800 nmethod 5841 0x000001bbc3735290 code [0x000001bbc3735440, 0x000001bbc3735598]
Event: 8.281 Thread 0x000001bbd9852800 5842       2       groovyjarjarantlr4.v4.runtime.BufferedTokenStream::previousTokenOnChannel (69 bytes)
Event: 8.281 Thread 0x000001bbd9852800 nmethod 5842 0x000001bbc3735610 code [0x000001bbc3735800, 0x000001bbc3735b38]
Event: 8.282 Thread 0x000001bbd9852800 5843       2       java.util.TimSort::mergeLo (659 bytes)
Event: 8.284 Thread 0x000001bbd9852800 nmethod 5843 0x000001bbc3735d10 code [0x000001bbc3736000, 0x000001bbc37378d8]
Event: 8.285 Thread 0x000001bbd9852800 5844       2       java.util.TimSort::ensureCapacity (77 bytes)
Event: 8.285 Thread 0x000001bbd9852800 nmethod 5844 0x000001bbc3738090 code [0x000001bbc3738260, 0x000001bbc37384e8]
Event: 8.285 Thread 0x000001bbd9852800 5846       2       groovyjarjarantlr4.v4.runtime.atn.SemanticContext::or (58 bytes)
Event: 8.286 Thread 0x000001bbd9852800 nmethod 5846 0x000001bbc3738690 code [0x000001bbc3738860, 0x000001bbc3738a88]
Event: 8.286 Thread 0x000001bbd9852800 5845       2       java.util.HashMap$TreeNode::<init> (10 bytes)
Event: 8.286 Thread 0x000001bbd9852800 nmethod 5845 0x000001bbc3738b90 code [0x000001bbc3738d40, 0x000001bbc3738f58]
Event: 8.286 Thread 0x000001bbd9852800 5847       2       groovyjarjarantlr4.v4.runtime.Parser::enterRule (50 bytes)
Event: 8.287 Thread 0x000001bbd9852800 nmethod 5847 0x000001bbc3739010 code [0x000001bbc3739200, 0x000001bbc37394a8]
Event: 8.287 Thread 0x000001bbd9852800 5848       2       groovyjarjarantlr4.v4.runtime.Parser::addContextToParseTree (24 bytes)
Event: 8.287 Thread 0x000001bbd9852800 nmethod 5848 0x000001bbc3739690 code [0x000001bbc3739840, 0x000001bbc37399a8]
Event: 8.289 Thread 0x000001bbd9852800 5850 %     3       java.util.HashMap::putVal @ 134 (300 bytes)
Event: 8.290 Thread 0x000001bbd9852800 nmethod 5850% 0x000001bbc3739b10 code [0x000001bbc3739de0, 0x000001bbc373b1d8]
Event: 8.290 Thread 0x000001bbd9852800 5852       2       groovyjarjarantlr4.v4.runtime.atn.ATNConfigSet::getConflictingAlts (17 bytes)
Event: 8.290 Thread 0x000001bbd9852800 nmethod 5852 0x000001bbc373b710 code [0x000001bbc373b8c0, 0x000001bbc373b9d8]
Event: 8.290 Thread 0x000001bbd9852800 5853 %     3       groovyjarjarantlr4.v4.runtime.atn.ParserATNSimulator::computeTargetState @ 190 (617 bytes)

GC Heap History (18 events):
Event: 1.073 GC heap before
{Heap before GC invocations=0 (full 0):
 garbage-first heap   total 131072K, used 29696K [0x0000000080000000, 0x0000000100000000)
  region size 1024K, 24 young (24576K), 0 survivors (0K)
 Metaspace       used 9798K, capacity 9986K, committed 10112K, reserved 1058816K
  class space    used 1021K, capacity 1102K, committed 1152K, reserved 1048576K
}
Event: 1.082 GC heap after
{Heap after GC invocations=1 (full 0):
 garbage-first heap   total 131072K, used 9379K [0x0000000080000000, 0x0000000100000000)
  region size 1024K, 3 young (3072K), 3 survivors (3072K)
 Metaspace       used 9798K, capacity 9986K, committed 10112K, reserved 1058816K
  class space    used 1021K, capacity 1102K, committed 1152K, reserved 1048576K
}
Event: 2.890 GC heap before
{Heap before GC invocations=1 (full 0):
 garbage-first heap   total 131072K, used 85155K [0x0000000080000000, 0x0000000100000000)
  region size 1024K, 76 young (77824K), 3 survivors (3072K)
 Metaspace       used 17818K, capacity 18282K, committed 18432K, reserved 1064960K
  class space    used 2112K, capacity 2249K, committed 2304K, reserved 1048576K
}
Event: 2.899 GC heap after
{Heap after GC invocations=2 (full 0):
 garbage-first heap   total 131072K, used 15847K [0x0000000080000000, 0x0000000100000000)
  region size 1024K, 10 young (10240K), 10 survivors (10240K)
 Metaspace       used 17818K, capacity 18282K, committed 18432K, reserved 1064960K
  class space    used 2112K, capacity 2249K, committed 2304K, reserved 1048576K
}
Event: 3.130 GC heap before
{Heap before GC invocations=2 (full 0):
 garbage-first heap   total 131072K, used 36327K [0x0000000080000000, 0x0000000100000000)
  region size 1024K, 32 young (32768K), 10 survivors (10240K)
 Metaspace       used 20587K, capacity 21085K, committed 21248K, reserved 1067008K
  class space    used 2513K, capacity 2699K, committed 2816K, reserved 1048576K
}
Event: 3.138 GC heap after
{Heap after GC invocations=3 (full 0):
 garbage-first heap   total 131072K, used 17059K [0x0000000080000000, 0x0000000100000000)
  region size 1024K, 1 young (1024K), 1 survivors (1024K)
 Metaspace       used 20587K, capacity 21085K, committed 21248K, reserved 1067008K
  class space    used 2513K, capacity 2699K, committed 2816K, reserved 1048576K
}
Event: 4.007 GC heap before
{Heap before GC invocations=4 (full 0):
 garbage-first heap   total 131072K, used 90787K [0x0000000080000000, 0x0000000100000000)
  region size 1024K, 63 young (64512K), 1 survivors (1024K)
 Metaspace       used 26643K, capacity 27463K, committed 27648K, reserved 1073152K
  class space    used 3511K, capacity 3805K, committed 3840K, reserved 1048576K
}
Event: 4.012 GC heap after
{Heap after GC invocations=5 (full 0):
 garbage-first heap   total 131072K, used 32478K [0x0000000080000000, 0x0000000100000000)
  region size 1024K, 6 young (6144K), 6 survivors (6144K)
 Metaspace       used 26643K, capacity 27463K, committed 27648K, reserved 1073152K
  class space    used 3511K, capacity 3805K, committed 3840K, reserved 1048576K
}
Event: 4.907 GC heap before
{Heap before GC invocations=5 (full 0):
 garbage-first heap   total 131072K, used 85726K [0x0000000080000000, 0x0000000100000000)
  region size 1024K, 59 young (60416K), 6 survivors (6144K)
 Metaspace       used 34772K, capacity 35715K, committed 35840K, reserved 1081344K
  class space    used 4547K, capacity 4895K, committed 4992K, reserved 1048576K
}
Event: 4.917 GC heap after
{Heap after GC invocations=6 (full 0):
 garbage-first heap   total 131072K, used 35268K [0x0000000080000000, 0x0000000100000000)
  region size 1024K, 4 young (4096K), 4 survivors (4096K)
 Metaspace       used 34772K, capacity 35715K, committed 35840K, reserved 1081344K
  class space    used 4547K, capacity 4895K, committed 4992K, reserved 1048576K
}
Event: 5.513 GC heap before
{Heap before GC invocations=7 (full 0):
 garbage-first heap   total 131072K, used 94660K [0x0000000080000000, 0x0000000100000000)
  region size 1024K, 60 young (61440K), 4 survivors (4096K)
 Metaspace       used 40141K, capacity 41177K, committed 41472K, reserved 1085440K
  class space    used 5165K, capacity 5542K, committed 5632K, reserved 1048576K
}
Event: 5.520 GC heap after
{Heap after GC invocations=8 (full 0):
 garbage-first heap   total 131072K, used 39222K [0x0000000080000000, 0x0000000100000000)
  region size 1024K, 7 young (7168K), 7 survivors (7168K)
 Metaspace       used 40141K, capacity 41177K, committed 41472K, reserved 1085440K
  class space    used 5165K, capacity 5542K, committed 5632K, reserved 1048576K
}
Event: 6.304 GC heap before
{Heap before GC invocations=8 (full 0):
 garbage-first heap   total 131072K, used 103734K [0x0000000080000000, 0x0000000100000000)
  region size 1024K, 62 young (63488K), 7 survivors (7168K)
 Metaspace       used 44060K, capacity 45288K, committed 45440K, reserved 1089536K
  class space    used 5555K, capacity 5986K, committed 6016K, reserved 1048576K
}
Event: 6.313 GC heap after
{Heap after GC invocations=9 (full 0):
 garbage-first heap   total 131072K, used 53462K [0x0000000080000000, 0x0000000100000000)
  region size 1024K, 7 young (7168K), 7 survivors (7168K)
 Metaspace       used 44060K, capacity 45288K, committed 45440K, reserved 1089536K
  class space    used 5555K, capacity 5986K, committed 6016K, reserved 1048576K
}
Event: 6.808 GC heap before
{Heap before GC invocations=9 (full 0):
 garbage-first heap   total 131072K, used 100566K [0x0000000080000000, 0x0000000100000000)
  region size 1024K, 53 young (54272K), 7 survivors (7168K)
 Metaspace       used 46854K, capacity 48225K, committed 48512K, reserved 1091584K
  class space    used 6007K, capacity 6475K, committed 6528K, reserved 1048576K
}
Event: 6.815 GC heap after
{Heap after GC invocations=10 (full 0):
 garbage-first heap   total 157696K, used 55977K [0x0000000080000000, 0x0000000100000000)
  region size 1024K, 3 young (3072K), 3 survivors (3072K)
 Metaspace       used 46854K, capacity 48225K, committed 48512K, reserved 1091584K
  class space    used 6007K, capacity 6475K, committed 6528K, reserved 1048576K
}
Event: 7.985 GC heap before
{Heap before GC invocations=10 (full 0):
 garbage-first heap   total 157696K, used 126633K [0x0000000080000000, 0x0000000100000000)
  region size 1024K, 65 young (66560K), 3 survivors (3072K)
 Metaspace       used 50053K, capacity 51649K, committed 51712K, reserved 1093632K
  class space    used 6398K, capacity 6903K, committed 6912K, reserved 1048576K
}
Event: 7.994 GC heap after
{Heap after GC invocations=11 (full 0):
 garbage-first heap   total 157696K, used 74413K [0x0000000080000000, 0x0000000100000000)
  region size 1024K, 9 young (9216K), 9 survivors (9216K)
 Metaspace       used 50053K, capacity 51649K, committed 51712K, reserved 1093632K
  class space    used 6398K, capacity 6903K, committed 6912K, reserved 1048576K
}

Deoptimization events (20 events):
Event: 8.195 Thread 0x000001bbda7d4800 Uncommon trap: trap_request=0xffffff4d fr.pc=0x000001bbca245c6c relative=0x000000000000022c
Event: 8.195 Thread 0x000001bbda7d4800 Uncommon trap: reason=unstable_if action=reinterpret pc=0x000001bbca245c6c method=java.util.HashMap.getNode(ILjava/lang/Object;)Ljava/util/HashMap$Node; @ 84 c2
Event: 8.195 Thread 0x000001bbda7d4800 DEOPT PACKING pc=0x000001bbca245c6c sp=0x000000a7bb2f6360
Event: 8.195 Thread 0x000001bbda7d4800 DEOPT UNPACKING pc=0x000001bbc26578af sp=0x000000a7bb2f6260 mode 2
Event: 8.195 Thread 0x000001bbda7d4800 Uncommon trap: trap_request=0xffffff4d fr.pc=0x000001bbca32c708 relative=0x0000000000000688
Event: 8.195 Thread 0x000001bbda7d4800 Uncommon trap: reason=unstable_if action=reinterpret pc=0x000001bbca32c708 method=java.util.HashMap.putVal(ILjava/lang/Object;Ljava/lang/Object;ZZ)Ljava/lang/Object; @ 109 c2
Event: 8.195 Thread 0x000001bbda7d4800 DEOPT PACKING pc=0x000001bbca32c708 sp=0x000000a7bb2f6290
Event: 8.195 Thread 0x000001bbda7d4800 DEOPT UNPACKING pc=0x000001bbc26578af sp=0x000000a7bb2f6218 mode 2
Event: 8.195 Thread 0x000001bbda7d4800 Uncommon trap: trap_request=0xffffff4d fr.pc=0x000001bbca3b2fd8 relative=0x0000000000000198
Event: 8.195 Thread 0x000001bbda7d4800 Uncommon trap: reason=unstable_if action=reinterpret pc=0x000001bbca3b2fd8 method=java.util.HashMap.getNode(ILjava/lang/Object;)Ljava/util/HashMap$Node; @ 84 c2
Event: 8.195 Thread 0x000001bbda7d4800 DEOPT PACKING pc=0x000001bbca3b2fd8 sp=0x000000a7bb2f6150
Event: 8.195 Thread 0x000001bbda7d4800 DEOPT UNPACKING pc=0x000001bbc26578af sp=0x000000a7bb2f60d8 mode 2
Event: 8.195 Thread 0x000001bbda7d4800 Uncommon trap: trap_request=0xffffff4d fr.pc=0x000001bbca168d40 relative=0x00000000000009e0
Event: 8.195 Thread 0x000001bbda7d4800 Uncommon trap: reason=unstable_if action=reinterpret pc=0x000001bbca168d40 method=java.util.HashMap.resize()[Ljava/util/HashMap$Node; @ 203 c2
Event: 8.195 Thread 0x000001bbda7d4800 DEOPT PACKING pc=0x000001bbca168d40 sp=0x000000a7bb2f7e90
Event: 8.195 Thread 0x000001bbda7d4800 DEOPT UNPACKING pc=0x000001bbc26578af sp=0x000000a7bb2f7e38 mode 2
Event: 8.219 Thread 0x000001bbda7d4800 Uncommon trap: trap_request=0xffffff4d fr.pc=0x000001bbca27701c relative=0x000000000000007c
Event: 8.219 Thread 0x000001bbda7d4800 Uncommon trap: reason=unstable_if action=reinterpret pc=0x000001bbca27701c method=java.lang.String.codePointAt(I)I @ 4 c2
Event: 8.219 Thread 0x000001bbda7d4800 DEOPT PACKING pc=0x000001bbca27701c sp=0x000000a7bb2f7820
Event: 8.219 Thread 0x000001bbda7d4800 DEOPT UNPACKING pc=0x000001bbc26578af sp=0x000000a7bb2f77b8 mode 2

Classes redefined (0 events):
No events

Internal exceptions (20 events):
Event: 7.668 Thread 0x000001bbda7d4800 Exception <a 'java/security/PrivilegedActionException'{0x00000000867d5a40}> (0x00000000867d5a40) thrown at [./src/hotspot/share/prims/jvm.cpp, line 1306]
Event: 7.668 Thread 0x000001bbda7d4800 Exception <a 'java/security/PrivilegedActionException'{0x00000000867d89c8}> (0x00000000867d89c8) thrown at [./src/hotspot/share/prims/jvm.cpp, line 1306]
Event: 7.668 Thread 0x000001bbda7d4800 Exception <a 'java/security/PrivilegedActionException'{0x00000000867d9c88}> (0x00000000867d9c88) thrown at [./src/hotspot/share/prims/jvm.cpp, line 1306]
Event: 7.668 Thread 0x000001bbda7d4800 Exception <a 'java/security/PrivilegedActionException'{0x00000000867dcb60}> (0x00000000867dcb60) thrown at [./src/hotspot/share/prims/jvm.cpp, line 1306]
Event: 7.668 Thread 0x000001bbda7d4800 Exception <a 'java/security/PrivilegedActionException'{0x00000000867dde20}> (0x00000000867dde20) thrown at [./src/hotspot/share/prims/jvm.cpp, line 1306]
Event: 7.668 Thread 0x000001bbda7d4800 Exception <a 'java/security/PrivilegedActionException'{0x00000000867e0d48}> (0x00000000867e0d48) thrown at [./src/hotspot/share/prims/jvm.cpp, line 1306]
Event: 7.668 Thread 0x000001bbda7d4800 Exception <a 'java/security/PrivilegedActionException'{0x00000000867e2008}> (0x00000000867e2008) thrown at [./src/hotspot/share/prims/jvm.cpp, line 1306]
Event: 7.669 Thread 0x000001bbda7d4800 Exception <a 'java/security/PrivilegedActionException'{0x00000000867e4f90}> (0x00000000867e4f90) thrown at [./src/hotspot/share/prims/jvm.cpp, line 1306]
Event: 7.669 Thread 0x000001bbda7d4800 Exception <a 'java/security/PrivilegedActionException'{0x00000000867e6250}> (0x00000000867e6250) thrown at [./src/hotspot/share/prims/jvm.cpp, line 1306]
Event: 7.913 Thread 0x000001bbda7d4800 Exception <a 'java/lang/ClassNotFoundException'{0x000000008617b4a8}: org/gradle/api/tasks/Delete_DecoratedBeanInfo> (0x000000008617b4a8) thrown at [./src/hotspot/share/classfile/systemDictionary.cpp, line 231]
Event: 7.915 Thread 0x000001bbda7d4800 Exception <a 'java/lang/ClassNotFoundException'{0x00000000861b01e8}: org/gradle/api/tasks/DeleteBeanInfo> (0x00000000861b01e8) thrown at [./src/hotspot/share/classfile/systemDictionary.cpp, line 231]
Event: 7.915 Thread 0x000001bbda7d4800 Exception <a 'java/lang/ClassNotFoundException'{0x00000000861dc318}: org/gradle/api/internal/ConventionTaskBeanInfo> (0x00000000861dc318) thrown at [./src/hotspot/share/classfile/systemDictionary.cpp, line 231]
Event: 7.916 Thread 0x000001bbda7d4800 Exception <a 'java/lang/ClassNotFoundException'{0x0000000086005100}: org/gradle/api/DefaultTaskBeanInfo> (0x0000000086005100) thrown at [./src/hotspot/share/classfile/systemDictionary.cpp, line 231]
Event: 7.916 Thread 0x000001bbda7d4800 Exception <a 'java/lang/ClassNotFoundException'{0x0000000086031ce8}: org/gradle/api/internal/AbstractTaskBeanInfo> (0x0000000086031ce8) thrown at [./src/hotspot/share/classfile/systemDictionary.cpp, line 231]
Event: 7.917 Thread 0x000001bbda7d4800 Exception <a 'java/lang/ClassNotFoundException'{0x000000008605e890}: org/gradle/api/internal/AbstractTaskCustomizer> (0x000000008605e890) thrown at [./src/hotspot/share/classfile/systemDictionary.cpp, line 231]
Event: 7.919 Thread 0x000001bbda7d4800 Exception <a 'java/lang/ClassNotFoundException'{0x00000000860cfc18}: org/gradle/api/DefaultTaskCustomizer> (0x00000000860cfc18) thrown at [./src/hotspot/share/classfile/systemDictionary.cpp, line 231]
Event: 7.921 Thread 0x000001bbda7d4800 Exception <a 'java/lang/ClassNotFoundException'{0x0000000085f50c00}: org/gradle/api/internal/ConventionTaskCustomizer> (0x0000000085f50c00) thrown at [./src/hotspot/share/classfile/systemDictionary.cpp, line 231]
Event: 7.923 Thread 0x000001bbda7d4800 Exception <a 'java/lang/ClassNotFoundException'{0x0000000085f88db8}: org/gradle/api/tasks/DeleteCustomizer> (0x0000000085f88db8) thrown at [./src/hotspot/share/classfile/systemDictionary.cpp, line 231]
Event: 7.924 Thread 0x000001bbda7d4800 Exception <a 'java/lang/ClassNotFoundException'{0x0000000085fc7ff8}: org/gradle/api/tasks/Delete_DecoratedCustomizer> (0x0000000085fc7ff8) thrown at [./src/hotspot/share/classfile/systemDictionary.cpp, line 231]
Event: 7.958 Thread 0x000001bbda7d4800 Exception <a 'java/lang/NoSuchMethodError'{0x0000000085d984c0}: 'void java.lang.invoke.DirectMethodHandle$Holder.invokeVirtual(java.lang.Object, java.lang.Object)'> (0x0000000085d984c0) thrown at [./src/hotspot/share/interpreter/linkResolver.cpp, line 773]

Events (20 events):
Event: 8.185 loading class org/apache/groovy/parser/antlr4/GroovyLexer$Paren
Event: 8.185 loading class org/apache/groovy/parser/antlr4/GroovyLexer$Paren done
Event: 8.188 loading class groovyjarjarantlr4/v4/runtime/tree/TerminalNodeImpl
Event: 8.188 loading class groovyjarjarantlr4/v4/runtime/tree/TerminalNodeImpl done
Event: 8.202 loading class groovyjarjarantlr4/v4/runtime/atn/ConflictInfo
Event: 8.202 loading class groovyjarjarantlr4/v4/runtime/atn/ConflictInfo done
Event: 8.217 loading class groovyjarjarantlr4/v4/runtime/dfa/DFAState$PredPrediction
Event: 8.217 loading class groovyjarjarantlr4/v4/runtime/dfa/DFAState$PredPrediction done
Event: 8.218 loading class org/apache/groovy/parser/antlr4/SemanticPredicates
Event: 8.218 loading class org/apache/groovy/parser/antlr4/SemanticPredicates done
Event: 8.220 loading class java/util/regex/Pattern$StartS
Event: 8.220 loading class java/util/regex/Pattern$StartS done
Event: 8.220 Executing VM operation: ICBufferFull
Event: 8.220 Executing VM operation: ICBufferFull done
Event: 8.220 loading class java/util/stream/ReferencePipeline$4
Event: 8.220 loading class java/util/stream/IntPipeline$StatelessOp
Event: 8.221 loading class java/util/stream/IntPipeline$StatelessOp done
Event: 8.221 loading class java/util/stream/ReferencePipeline$4 done
Event: 8.221 loading class java/util/stream/ReferencePipeline$4$1
Event: 8.221 loading class java/util/stream/ReferencePipeline$4$1 done


Dynamic libraries:
0x00007ff6ef6a0000 - 0x00007ff6ef6aa000 	C:\Program Files\Android\Android Studio\jre\bin\java.exe
0x00007ffd49130000 - 0x00007ffd49325000 	C:\WINDOWS\SYSTEM32\ntdll.dll
0x00007ffd48df0000 - 0x00007ffd48eae000 	C:\WINDOWS\System32\KERNEL32.DLL
0x00007ffd46c40000 - 0x00007ffd46f09000 	C:\WINDOWS\System32\KERNELBASE.dll
0x00007ffd468e0000 - 0x00007ffd469e0000 	C:\WINDOWS\System32\ucrtbase.dll
0x00007ffd3e8d0000 - 0x00007ffd3e8e9000 	C:\Program Files\Android\Android Studio\jre\bin\jli.dll
0x00007ffd415e0000 - 0x00007ffd415f7000 	C:\Program Files\Android\Android Studio\jre\bin\VCRUNTIME140.dll
0x00007ffd48c40000 - 0x00007ffd48de1000 	C:\WINDOWS\System32\USER32.dll
0x00007ffd30480000 - 0x00007ffd3071a000 	C:\WINDOWS\WinSxS\amd64_microsoft.windows.common-controls_6595b64144ccf1df_6.0.19041.1110_none_60b5254171f9507e\COMCTL32.dll
0x00007ffd47070000 - 0x00007ffd47092000 	C:\WINDOWS\System32\win32u.dll
0x00007ffd48350000 - 0x00007ffd483ee000 	C:\WINDOWS\System32\msvcrt.dll
0x00007ffd47d50000 - 0x00007ffd47d7b000 	C:\WINDOWS\System32\GDI32.dll
0x00007ffd46b30000 - 0x00007ffd46c3b000 	C:\WINDOWS\System32\gdi32full.dll
0x00007ffd469e0000 - 0x00007ffd46a7d000 	C:\WINDOWS\System32\msvcp_win.dll
0x00007ffd48f10000 - 0x00007ffd48f40000 	C:\WINDOWS\System32\IMM32.DLL
0x00007ffd0c1b0000 - 0x00007ffd0c24d000 	C:\Program Files\Android\Android Studio\jre\bin\msvcp140.dll
0x00007ffcd81d0000 - 0x00007ffcd8c9f000 	C:\Program Files\Android\Android Studio\jre\bin\server\jvm.dll
0x00007ffd48fc0000 - 0x00007ffd4906c000 	C:\WINDOWS\System32\ADVAPI32.dll
0x00007ffd485e0000 - 0x00007ffd4867b000 	C:\WINDOWS\System32\sechost.dll
0x00007ffd483f0000 - 0x00007ffd4851a000 	C:\WINDOWS\System32\RPCRT4.dll
0x00007ffd47600000 - 0x00007ffd47608000 	C:\WINDOWS\System32\PSAPI.DLL
0x00007ffd2d8a0000 - 0x00007ffd2d8a9000 	C:\WINDOWS\SYSTEM32\WSOCK32.dll
0x00007ffd49070000 - 0x00007ffd490db000 	C:\WINDOWS\System32\WS2_32.dll
0x00007ffd2f6d0000 - 0x00007ffd2f6f7000 	C:\WINDOWS\SYSTEM32\WINMM.dll
0x00007ffd40670000 - 0x00007ffd4067a000 	C:\WINDOWS\SYSTEM32\VERSION.dll
0x00007ffd45120000 - 0x00007ffd45132000 	C:\WINDOWS\SYSTEM32\kernel.appcore.dll
0x00007ffd262c0000 - 0x00007ffd262d1000 	C:\Program Files\Android\Android Studio\jre\bin\verify.dll
0x00007ffd44640000 - 0x00007ffd44824000 	C:\WINDOWS\SYSTEM32\DBGHELP.DLL
0x00007ffd35610000 - 0x00007ffd3563c000 	C:\WINDOWS\SYSTEM32\dbgcore.DLL
0x00007ffd46850000 - 0x00007ffd468d3000 	C:\WINDOWS\System32\bcryptPrimitives.dll
0x00007ffd26290000 - 0x00007ffd262b9000 	C:\Program Files\Android\Android Studio\jre\bin\java.dll
0x00007ffd26280000 - 0x00007ffd2628b000 	C:\Program Files\Android\Android Studio\jre\bin\jimage.dll
0x00007ffd26260000 - 0x00007ffd26278000 	C:\Program Files\Android\Android Studio\jre\bin\zip.dll
0x00007ffd47610000 - 0x00007ffd47d4f000 	C:\WINDOWS\System32\SHELL32.dll
0x00007ffd44830000 - 0x00007ffd44fc0000 	C:\WINDOWS\SYSTEM32\windows.storage.dll
0x00007ffd47ff0000 - 0x00007ffd48345000 	C:\WINDOWS\System32\combase.dll
0x00007ffd462a0000 - 0x00007ffd462cc000 	C:\WINDOWS\SYSTEM32\Wldp.dll
0x00007ffd47f40000 - 0x00007ffd47fed000 	C:\WINDOWS\System32\SHCORE.dll
0x00007ffd48520000 - 0x00007ffd48575000 	C:\WINDOWS\System32\shlwapi.dll
0x00007ffd46790000 - 0x00007ffd467af000 	C:\WINDOWS\SYSTEM32\profapi.dll
0x00007ffd26180000 - 0x00007ffd2619a000 	C:\Program Files\Android\Android Studio\jre\bin\net.dll
0x00007ffd3d190000 - 0x00007ffd3d298000 	C:\WINDOWS\SYSTEM32\WINHTTP.dll
0x00007ffd46000000 - 0x00007ffd4606a000 	C:\WINDOWS\system32\mswsock.dll
0x00007ffd26160000 - 0x00007ffd26174000 	C:\Program Files\Android\Android Studio\jre\bin\nio.dll
0x00007ffd3e8f0000 - 0x00007ffd3e917000 	C:\Users\muham\.gradle\native\8bec1ad78214c89d9ad589b4d07fe93259594b29d510b10fafb7a158f7737e5d\windows-amd64\native-platform.dll
0x00007ffcba5b0000 - 0x00007ffcba6ed000 	C:\Users\muham\.gradle\native\53dbd7edfb1c66fb8903c78663c9afc45aea4f116125fa6feffd364cf09443e8\windows-amd64\native-platform-file-events.dll
0x00007ffd165e0000 - 0x00007ffd165ea000 	C:\Program Files\Android\Android Studio\jre\bin\management.dll
0x00007ffd165d0000 - 0x00007ffd165dc000 	C:\Program Files\Android\Android Studio\jre\bin\management_ext.dll
0x00007ffd461f0000 - 0x00007ffd46208000 	C:\WINDOWS\SYSTEM32\CRYPTSP.dll
0x00007ffd45910000 - 0x00007ffd45944000 	C:\WINDOWS\system32\rsaenh.dll
0x00007ffd47150000 - 0x00007ffd47177000 	C:\WINDOWS\System32\bcrypt.dll
0x00007ffd46710000 - 0x00007ffd4673e000 	C:\WINDOWS\SYSTEM32\USERENV.dll
0x00007ffd46210000 - 0x00007ffd4621c000 	C:\WINDOWS\SYSTEM32\CRYPTBASE.dll
0x00007ffd45ca0000 - 0x00007ffd45cdb000 	C:\WINDOWS\SYSTEM32\IPHLPAPI.DLL
0x00007ffd490e0000 - 0x00007ffd490e8000 	C:\WINDOWS\System32\NSI.dll
0x00007ffd3ee70000 - 0x00007ffd3ee87000 	C:\WINDOWS\SYSTEM32\dhcpcsvc6.DLL
0x00007ffd3fc10000 - 0x00007ffd3fc2d000 	C:\WINDOWS\SYSTEM32\dhcpcsvc.DLL
0x00007ffd45cf0000 - 0x00007ffd45dbc000 	C:\WINDOWS\SYSTEM32\DNSAPI.dll

dbghelp: loaded successfully - version: 4.0.5 - missing functions: none
symbol engine: initialized successfully - sym options: 0x614 - pdb path: .;C:\Program Files\Android\Android Studio\jre\bin;C:\WINDOWS\SYSTEM32;C:\WINDOWS\WinSxS\amd64_microsoft.windows.common-controls_6595b64144ccf1df_6.0.19041.1110_none_60b5254171f9507e;C:\Program Files\Android\Android Studio\jre\bin\server;C:\Users\muham\.gradle\native\8bec1ad78214c89d9ad589b4d07fe93259594b29d510b10fafb7a158f7737e5d\windows-amd64;C:\Users\muham\.gradle\native\53dbd7edfb1c66fb8903c78663c9afc45aea4f116125fa6feffd364cf09443e8\windows-amd64

VM Arguments:
jvm_args: --add-opens=java.base/java.util=ALL-UNNAMED --add-opens=java.base/java.lang=ALL-UNNAMED --add-opens=java.base/java.lang.invoke=ALL-UNNAMED --add-opens=java.base/java.util=ALL-UNNAMED --add-opens=java.prefs/java.util.prefs=ALL-UNNAMED --add-opens=java.prefs/java.util.prefs=ALL-UNNAMED --add-opens=java.base/java.nio.charset=ALL-UNNAMED --add-opens=java.base/java.net=ALL-UNNAMED --add-opens=java.base/java.util.concurrent.atomic=ALL-UNNAMED -Xmx2048m -Dfile.encoding=UTF-8 -Duser.country=US -Duser.language=en -Duser.variant 
java_command: org.gradle.launcher.daemon.bootstrap.GradleDaemon 7.0.2
java_class_path (initial): C:\Users\muham\.gradle\wrapper\dists\gradle-7.0.2-bin\857tjihv64xamwrf0h14cai3r\gradle-7.0.2\lib\gradle-launcher-7.0.2.jar
Launcher Type: SUN_STANDARD

[Global flags]
     intx CICompilerCount                          = 4                                         {product} {ergonomic}
     uint ConcGCThreads                            = 2                                         {product} {ergonomic}
     uint G1ConcRefinementThreads                  = 8                                         {product} {ergonomic}
   size_t G1HeapRegionSize                         = 1048576                                   {product} {ergonomic}
    uintx GCDrainStackTargetSize                   = 64                                        {product} {ergonomic}
   size_t InitialHeapSize                          = 134217728                                 {product} {ergonomic}
   size_t MarkStackSize                            = 4194304                                   {product} {ergonomic}
   size_t MaxHeapSize                              = 2147483648                                {product} {command line}
   size_t MaxNewSize                               = 1287651328                                {product} {ergonomic}
   size_t MinHeapDeltaBytes                        = 1048576                                   {product} {ergonomic}
    uintx NonNMethodCodeHeapSize                   = 5836300                                {pd product} {ergonomic}
    uintx NonProfiledCodeHeapSize                  = 122910970                              {pd product} {ergonomic}
    uintx ProfiledCodeHeapSize                     = 122910970                              {pd product} {ergonomic}
    uintx ReservedCodeCacheSize                    = 251658240                              {pd product} {ergonomic}
     bool SegmentedCodeCache                       = true                                      {product} {ergonomic}
     bool UseCompressedClassPointers               = true                                 {lp64_product} {ergonomic}
     bool UseCompressedOops                        = true                                 {lp64_product} {ergonomic}
     bool UseG1GC                                  = true                                      {product} {ergonomic}
     bool UseLargePagesIndividualAllocation        = false                                  {pd product} {ergonomic}

Logging:
Log output configuration:
 #0: stdout all=warning uptime,level,tags
 #1: stderr all=off uptime,level,tags

Environment Variables:
PATH=C:\Program Files (x86)\Common Files\Oracle\Java\javapath;C:\WINDOWS\system32;C:\WINDOWS;C:\WINDOWS\System32\Wbem;C:\WINDOWS\System32\WindowsPowerShell\v1.0\;C:\WINDOWS\System32\OpenSSH\;C:\Program Files\Intel\WiFi\bin\;C:\Program Files\Common Files\Intel\WirelessCommon\;C:\Program Files (x86)\dotnet\;C:\Android;C:\Windows\System32;C:\Program Files\Dart\dart-sdk\bin;C:\Program Files\nodejs\;C:\Program Files (x86)\Intel\Intel(R) Management Engine Components\DAL;C:\Program Files\Intel\Intel(R) Management Engine Components\DAL;C:\Program Files\Git\cmd;C:\Users\muham\AppData\Local\Programs\Python\Python38-32\Scripts\;C:\Users\muham\AppData\Local\Programs\Python\Python38-32\;C:\Users\muham\AppData\Local\Microsoft\WindowsApps;C:\Users\muham\AppData\Local\Programs\Microsoft VS Code\bin;C:\Program Files\JetBrains\PyCharm Community Edition 2020.2\bin;;C:\Program Files (x86)\Nmap;C:\Windows\System32\WindowsPowerShell\v1.0;C:\Program Files\Dart\dart-sdk\lib;C:\Users\muham\flutter\bin;C:\Users\muham\AppData\Roaming\npm
USERNAME=muham
OS=Windows_NT
PROCESSOR_IDENTIFIER=Intel64 Family 6 Model 142 Stepping 10, GenuineIntel



---------------  S Y S T E M  ---------------

OS: Windows 10 , 64 bit Build 19041 (10.0.19041.1202)
OS uptime: 1 days 22:07 hours

CPU:total 8 (initial active 8) (4 cores per cpu, 2 threads per core) family 6 model 142 stepping 10 microcode 0xd6, cmov, cx8, fxsr, mmx, sse, sse2, sse3, ssse3, sse4.1, sse4.2, popcnt, avx, avx2, aes, clmul, erms, 3dnowpref, lzcnt, ht, tsc, tscinvbit, bmi1, bmi2, adx, fma

Memory: 4k page, system-wide physical 8092M (380M free)
TotalPageFile size 23278M (AvailPageFile size 5M)
current process WorkingSet (physical memory assigned to process): 341M, peak: 341M
current process commit charge ("private bytes"): 381M, peak: 382M

vm_info: OpenJDK 64-Bit Server VM (11.0.10+0-b96-7249189) for windows-amd64 JRE (11.0.10+0-b96-7249189), built on Mar 31 2021 21:44:00 by "builder" with MS VC++ 14.0 (VS2015)

END.
