#
# There is insufficient memory for the Java Runtime Environment to continue.
# Native memory allocation (malloc) failed to allocate 1593296 bytes for Chunk::new
# Possible reasons:
#   The system is out of physical RAM or swap space
#   The process is running with CompressedOops enabled, and the Java Heap may be blocking the growth of the native heap
# Possible solutions:
#   Reduce memory load on the system
#   Increase physical memory or swap space
#   Check if swap backing store is full
#   Decrease Java heap size (-Xmx/-Xms)
#   Decrease number of Java threads
#   Decrease Java thread stack sizes (-Xss)
#   Set larger code cache with -XX:ReservedCodeCacheSize=
#   JVM is running with Unscaled Compressed Oops mode in which the Java heap is
#     placed in the first 4GB address space. The Java Heap base address is the
#     maximum limit for the native heap growth. Please use -XX:HeapBaseMinAddress
#     to set the Java Heap base and to place the Java Heap above 4GB virtual address.
# This output file may be truncated or incomplete.
#
#  Out of Memory Error (./src/hotspot/share/memory/arena.cpp:197), pid=9604, tid=12852
#
# JRE version: OpenJDK Runtime Environment (11.0.10) (build 11.0.10+0-b96-7249189)
# Java VM: OpenJDK 64-Bit Server VM (11.0.10+0-b96-7249189, mixed mode, tiered, compressed oops, g1 gc, windows-amd64)
# No core dump will be written. Minidumps are not enabled by default on client versions of Windows
#

---------------  S U M M A R Y ------------

Command Line: --add-opens=java.base/java.util=ALL-UNNAMED --add-opens=java.base/java.lang=ALL-UNNAMED --add-opens=java.base/java.lang.invoke=ALL-UNNAMED --add-opens=java.base/java.util=ALL-UNNAMED --add-opens=java.prefs/java.util.prefs=ALL-UNNAMED --add-opens=java.prefs/java.util.prefs=ALL-UNNAMED --add-opens=java.base/java.nio.charset=ALL-UNNAMED --add-opens=java.base/java.net=ALL-UNNAMED --add-opens=java.base/java.util.concurrent.atomic=ALL-UNNAMED -Xmx2048m -Dfile.encoding=UTF-8 -Duser.country=US -Duser.language=en -Duser.variant org.gradle.launcher.daemon.bootstrap.GradleDaemon 7.0.2

Host: Intel(R) Core(TM) i5-8250U CPU @ 1.60GHz, 8 cores, 7G,  Windows 10 , 64 bit Build 19041 (10.0.19041.1202)
Time: Thu Oct 28 17:05:40 2021 Jerusalem Daylight Time elapsed time: 10.081813 seconds (0d 0h 0m 10s)

---------------  T H R E A D  ---------------

Current thread (0x000001ac5c88c800):  JavaThread "C2 CompilerThread1" daemon [_thread_in_native, id=12852, stack(0x0000003818a00000,0x0000003818b00000)]


Current CompileTask:
C2:  10081 6687   !   4       com.sun.beans.TypeResolver::resolve (261 bytes)

Stack: [0x0000003818a00000,0x0000003818b00000]
Native frames: (J=compiled Java code, j=interpreted, Vv=VM code, C=native code)
V  [jvm.dll+0x5ecfaa]
V  [jvm.dll+0x722bd5]
V  [jvm.dll+0x72412d]
V  [jvm.dll+0x7247e3]
V  [jvm.dll+0x242928]
V  [jvm.dll+0xbc4fc]
V  [jvm.dll+0xbca0c]
V  [jvm.dll+0x352d7d]
V  [jvm.dll+0x197e0c]
V  [jvm.dll+0x1fb70e]
V  [jvm.dll+0x1fa7f4]
V  [jvm.dll+0x18354c]
V  [jvm.dll+0x208ee7]
V  [jvm.dll+0x207731]
V  [jvm.dll+0x6eb1cf]
V  [jvm.dll+0x6e3d45]
V  [jvm.dll+0x5ebe96]
C  [ucrtbase.dll+0x21bb2]
C  [KERNEL32.DLL+0x17034]
C  [ntdll.dll+0x52651]


---------------  P R O C E S S  ---------------

Threads class SMR info:
_java_thread_list=0x000001ac5e9faf90, length=52, elements={
0x000001ac3cecc800, 0x000001ac59441800, 0x000001ac5944d000, 0x000001ac59dc2800,
0x000001ac5945e000, 0x000001ac5945f000, 0x000001ac59460800, 0x000001ac5946f800,
0x000001ac59474800, 0x000001ac59f0c000, 0x000001ac5b117800, 0x000001ac5a18d800,
0x000001ac5c058000, 0x000001ac5b854000, 0x000001ac5b523800, 0x000001ac5b32b800,
0x000001ac5b32c800, 0x000001ac5c1b5000, 0x000001ac5bebe000, 0x000001ac5c258000,
0x000001ac5c259800, 0x000001ac5c25a000, 0x000001ac5c254800, 0x000001ac5c88c800,
0x000001ac5c255800, 0x000001ac5c25b000, 0x000001ac5c256000, 0x000001ac5c257000,
0x000001ac5c258800, 0x000001ac5e008000, 0x000001ac5dea1000, 0x000001ac5dea2000,
0x000001ac5dea0000, 0x000001ac5dea2800, 0x000001ac5de9d000, 0x000001ac5de9e800,
0x000001ac5de9f800, 0x000001ac5e94a000, 0x000001ac5e948800, 0x000001ac5e947800,
0x000001ac5e94b000, 0x000001ac5e945800, 0x000001ac5e94c000, 0x000001ac5e949800,
0x000001ac5e947000, 0x000001ac5e946000, 0x000001ac5e94c800, 0x000001ac5e94d800,
0x000001ac5e954000, 0x000001ac5e952800, 0x000001ac5e953000, 0x000001ac5e94e800
}

Java Threads: ( => current thread )
  0x000001ac3cecc800 JavaThread "main" [_thread_blocked, id=4584, stack(0x0000003816400000,0x0000003816500000)]
  0x000001ac59441800 JavaThread "Reference Handler" daemon [_thread_blocked, id=7516, stack(0x0000003816b00000,0x0000003816c00000)]
  0x000001ac5944d000 JavaThread "Finalizer" daemon [_thread_blocked, id=12180, stack(0x0000003816c00000,0x0000003816d00000)]
  0x000001ac59dc2800 JavaThread "Signal Dispatcher" daemon [_thread_blocked, id=2252, stack(0x0000003816d00000,0x0000003816e00000)]
  0x000001ac5945e000 JavaThread "Attach Listener" daemon [_thread_blocked, id=8372, stack(0x0000003816e00000,0x0000003816f00000)]
  0x000001ac5945f000 JavaThread "Service Thread" daemon [_thread_blocked, id=16252, stack(0x0000003816f00000,0x0000003817000000)]
  0x000001ac59460800 JavaThread "C2 CompilerThread0" daemon [_thread_in_native, id=10068, stack(0x0000003817000000,0x0000003817100000)]
  0x000001ac5946f800 JavaThread "C1 CompilerThread0" daemon [_thread_blocked, id=6496, stack(0x0000003817100000,0x0000003817200000)]
  0x000001ac59474800 JavaThread "Sweeper thread" daemon [_thread_blocked, id=13508, stack(0x0000003817200000,0x0000003817300000)]
  0x000001ac59f0c000 JavaThread "Common-Cleaner" daemon [_thread_blocked, id=15904, stack(0x0000003817300000,0x0000003817400000)]
  0x000001ac5b117800 JavaThread "Daemon health stats" [_thread_blocked, id=16456, stack(0x0000003817800000,0x0000003817900000)]
  0x000001ac5a18d800 JavaThread "Incoming local TCP Connector on port 1046" [_thread_in_native, id=1588, stack(0x0000003817500000,0x0000003817600000)]
  0x000001ac5c058000 JavaThread "Daemon periodic checks" [_thread_blocked, id=17108, stack(0x0000003817900000,0x0000003817a00000)]
  0x000001ac5b854000 JavaThread "Daemon" [_thread_blocked, id=15692, stack(0x0000003817a00000,0x0000003817b00000)]
  0x000001ac5b523800 JavaThread "Handler for socket connection from /127.0.0.1:1046 to /127.0.0.1:1047" [_thread_in_native, id=11664, stack(0x0000003817b00000,0x0000003817c00000)]
  0x000001ac5b32b800 JavaThread "Cancel handler" [_thread_blocked, id=16676, stack(0x0000003817c00000,0x0000003817d00000)]
  0x000001ac5b32c800 JavaThread "Daemon worker" [_thread_in_vm, id=16208, stack(0x0000003817d00000,0x0000003817e00000)]
  0x000001ac5c1b5000 JavaThread "Asynchronous log dispatcher for DefaultDaemonConnection: socket connection from /127.0.0.1:1046 to /127.0.0.1:1047" [_thread_blocked, id=5172, stack(0x0000003817e00000,0x0000003817f00000)]
  0x000001ac5bebe000 JavaThread "Stdin handler" [_thread_blocked, id=12232, stack(0x0000003817f00000,0x0000003818000000)]
  0x000001ac5c258000 JavaThread "Daemon client event forwarder" [_thread_blocked, id=11136, stack(0x0000003818000000,0x0000003818100000)]
  0x000001ac5c259800 JavaThread "Cache worker for file hash cache (C:\Users\muham\.gradle\caches\7.0.2\fileHashes)" [_thread_blocked, id=13572, stack(0x0000003818600000,0x0000003818700000)]
  0x000001ac5c25a000 JavaThread "File lock request listener" [_thread_in_native, id=8472, stack(0x0000003818700000,0x0000003818800000)]
  0x000001ac5c254800 JavaThread "Cache worker for journal cache (C:\Users\muham\.gradle\caches\journal-1)" [_thread_blocked, id=5128, stack(0x0000003818900000,0x0000003818a00000)]
=>0x000001ac5c88c800 JavaThread "C2 CompilerThread1" daemon [_thread_in_native, id=12852, stack(0x0000003818a00000,0x0000003818b00000)]
  0x000001ac5c255800 JavaThread "Cache worker for file hash cache (C:\Users\muham\android development\DSCWorkShopTraning\task2\.gradle\7.0.2\fileHashes)" [_thread_blocked, id=12916, stack(0x0000003818b00000,0x0000003818c00000)]
  0x000001ac5c25b000 JavaThread "File watcher server" daemon [_thread_in_native, id=420, stack(0x0000003818c00000,0x0000003818d00000)]
  0x000001ac5c256000 JavaThread "File watcher consumer" daemon [_thread_blocked, id=7068, stack(0x0000003818d00000,0x0000003818e00000)]
  0x000001ac5c257000 JavaThread "Cache worker for checksums cache (C:\Users\muham\android development\DSCWorkShopTraning\task2\.gradle\checksums)" [_thread_blocked, id=1940, stack(0x0000003818e00000,0x0000003818f00000)]
  0x000001ac5c258800 JavaThread "Cache worker for cache directory md-supplier (C:\Users\muham\.gradle\caches\7.0.2\md-supplier)" [_thread_blocked, id=2984, stack(0x0000003818f00000,0x0000003819000000)]
  0x000001ac5e008000 JavaThread "C2 CompilerThread2" daemon [_thread_in_native, id=17856, stack(0x0000003819000000,0x0000003819100000)]
  0x000001ac5dea1000 JavaThread "Cache worker for cache directory md-rule (C:\Users\muham\.gradle\caches\7.0.2\md-rule)" [_thread_blocked, id=17436, stack(0x0000003819100000,0x0000003819200000)]
  0x000001ac5dea2000 JavaThread "Cache worker for execution history cache (C:\Users\muham\.gradle\caches\7.0.2\executionHistory)" [_thread_blocked, id=11788, stack(0x0000003819200000,0x0000003819300000)]
  0x000001ac5dea0000 JavaThread "jar transforms" [_thread_blocked, id=760, stack(0x0000003819300000,0x0000003819400000)]
  0x000001ac5dea2800 JavaThread "jar transforms Thread 2" [_thread_blocked, id=12080, stack(0x0000003819400000,0x0000003819500000)]
  0x000001ac5de9d000 JavaThread "Cache worker for file content cache (C:\Users\muham\.gradle\caches\7.0.2\fileContent)" [_thread_blocked, id=7996, stack(0x0000003819500000,0x0000003819600000)]
  0x000001ac5de9e800 JavaThread "Cache worker for dependencies-accessors (C:\Users\muham\android development\DSCWorkShopTraning\task2\.gradle\7.0.2\dependencies-accessors)" [_thread_blocked, id=1160, stack(0x0000003819600000,0x0000003819700000)]
  0x000001ac5de9f800 JavaThread "jar transforms Thread 3" [_thread_blocked, id=12448, stack(0x0000003819700000,0x0000003819800000)]
  0x000001ac5e94a000 JavaThread "Cache worker for Build Output Cleanup Cache (C:\Users\muham\android development\DSCWorkShopTraning\task2\.gradle\buildOutputCleanup)" [_thread_blocked, id=3104, stack(0x0000003819800000,0x0000003819900000)]
  0x000001ac5e948800 JavaThread "Build operations" [_thread_blocked, id=12816, stack(0x0000003819900000,0x0000003819a00000)]
  0x000001ac5e947800 JavaThread "Build operations Thread 2" [_thread_blocked, id=14096, stack(0x0000003819a00000,0x0000003819b00000)]
  0x000001ac5e94b000 JavaThread "Build operations Thread 3" [_thread_blocked, id=11744, stack(0x0000003819b00000,0x0000003819c00000)]
  0x000001ac5e945800 JavaThread "Build operations Thread 4" [_thread_blocked, id=9588, stack(0x0000003819c00000,0x0000003819d00000)]
  0x000001ac5e94c000 JavaThread "Build operations Thread 5" [_thread_blocked, id=14276, stack(0x0000003819d00000,0x0000003819e00000)]
  0x000001ac5e949800 JavaThread "Build operations Thread 6" [_thread_blocked, id=6844, stack(0x0000003819e00000,0x0000003819f00000)]
  0x000001ac5e947000 JavaThread "Build operations Thread 7" [_thread_blocked, id=10732, stack(0x0000003819f00000,0x000000381a000000)]
  0x000001ac5e946000 JavaThread "Build operations Thread 8" [_thread_blocked, id=15396, stack(0x000000381a000000,0x000000381a100000)]
  0x000001ac5e94c800 JavaThread "jar transforms Thread 4" [_thread_blocked, id=17912, stack(0x000000381a100000,0x000000381a200000)]
  0x000001ac5e94d800 JavaThread "jar transforms Thread 5" [_thread_blocked, id=14920, stack(0x000000381a200000,0x000000381a300000)]
  0x000001ac5e954000 JavaThread "jar transforms Thread 6" [_thread_blocked, id=7600, stack(0x000000381a300000,0x000000381a400000)]
  0x000001ac5e952800 JavaThread "jar transforms Thread 7" [_thread_blocked, id=11432, stack(0x000000381a400000,0x000000381a500000)]
  0x000001ac5e953000 JavaThread "jar transforms Thread 8" [_thread_blocked, id=18120, stack(0x000000381a500000,0x000000381a600000)]
  0x000001ac5e94e800 JavaThread "Memory manager" [_thread_blocked, id=8760, stack(0x000000381a600000,0x000000381a700000)]

Other Threads:
  0x000001ac5943f800 VMThread "VM Thread" [stack: 0x0000003816a00000,0x0000003816b00000] [id=11356]
  0x000001ac59f6b000 WatcherThread [stack: 0x0000003817400000,0x0000003817500000] [id=17772]
  0x000001ac3eff4000 GCTaskThread "GC Thread#0" [stack: 0x0000003816500000,0x0000003816600000] [id=6320]
  0x000001ac5a969000 GCTaskThread "GC Thread#1" [stack: 0x0000003817600000,0x0000003817700000] [id=7628]
  0x000001ac5ab5b000 GCTaskThread "GC Thread#2" [stack: 0x0000003817700000,0x0000003817800000] [id=16260]
  0x000001ac5c29b000 GCTaskThread "GC Thread#3" [stack: 0x0000003818100000,0x0000003818200000] [id=10548]
  0x000001ac5c25e800 GCTaskThread "GC Thread#4" [stack: 0x0000003818200000,0x0000003818300000] [id=16104]
  0x000001ac5abf8800 GCTaskThread "GC Thread#5" [stack: 0x0000003818300000,0x0000003818400000] [id=5704]
  0x000001ac5c2f1800 GCTaskThread "GC Thread#6" [stack: 0x0000003818400000,0x0000003818500000] [id=16388]
  0x000001ac5affd800 GCTaskThread "GC Thread#7" [stack: 0x0000003818500000,0x0000003818600000] [id=11528]
  0x000001ac3f027800 ConcurrentGCThread "G1 Main Marker" [stack: 0x0000003816600000,0x0000003816700000] [id=16160]
  0x000001ac3f028800 ConcurrentGCThread "G1 Conc#0" [stack: 0x0000003816700000,0x0000003816800000] [id=536]
  0x000001ac5c3a8800 ConcurrentGCThread "G1 Conc#1" [stack: 0x0000003818800000,0x0000003818900000] [id=13892]
  0x000001ac59290800 ConcurrentGCThread "G1 Refine#0" [stack: 0x0000003816800000,0x0000003816900000] [id=764]
  0x000001ac59291000 ConcurrentGCThread "G1 Young RemSet Sampling" [stack: 0x0000003816900000,0x0000003816a00000] [id=14264]

Threads with active compile tasks:
C2 CompilerThread0  10124 6786 %     4       org.gradle.internal.instantiation.generator.AbstractClassGenerator::inspectType @ 107 (560 bytes)
C2 CompilerThread1  10124 6687   !   4       com.sun.beans.TypeResolver::resolve (261 bytes)
C2 CompilerThread2  10124 6697       4       com.sun.beans.TypeResolver::resolve (37 bytes)

VM state:not at safepoint (normal execution)

VM Mutex/Monitor currently owned by a thread: None

Heap address: 0x0000000080000000, size: 2048 MB, Compressed Oops mode: 32-bit
Narrow klass base: 0x0000000000000000, Narrow klass shift: 3
Compressed class space size: 1073741824 Address: 0x0000000100000000

Heap:
 garbage-first heap   total 157696K, used 64345K [0x0000000080000000, 0x0000000100000000)
  region size 1024K, 9 young (9216K), 6 survivors (6144K)
 Metaspace       used 69033K, capacity 70703K, committed 70860K, reserved 1110016K
  class space    used 8715K, capacity 9314K, committed 9420K, reserved 1048576K
Heap Regions: E=young(eden), S=young(survivor), O=old, HS=humongous(starts), HC=humongous(continues), CS=collection set, F=free, A=archive, TAMS=top-at-mark-start (previous, next)
|   0|0x0000000080000000, 0x0000000080100000, 0x0000000080100000|100%| O|  |TAMS 0x0000000080100000, 0x0000000080000000| Untracked 
|   1|0x0000000080100000, 0x0000000080200000, 0x0000000080200000|100%| O|  |TAMS 0x0000000080200000, 0x0000000080100000| Untracked 
|   2|0x0000000080200000, 0x0000000080300000, 0x0000000080300000|100%| O|  |TAMS 0x0000000080300000, 0x0000000080200000| Untracked 
|   3|0x0000000080300000, 0x0000000080400000, 0x0000000080400000|100%|HS|  |TAMS 0x0000000080400000, 0x0000000080300000| Complete 
|   4|0x0000000080400000, 0x0000000080500000, 0x0000000080500000|100%|HC|  |TAMS 0x0000000080500000, 0x0000000080400000| Complete 
|   5|0x0000000080500000, 0x0000000080600000, 0x0000000080600000|100%|HC|  |TAMS 0x0000000080600000, 0x0000000080500000| Complete 
|   6|0x0000000080600000, 0x0000000080700000, 0x0000000080700000|100%| O|  |TAMS 0x0000000080700000, 0x0000000080600000| Untracked 
|   7|0x0000000080700000, 0x0000000080800000, 0x0000000080800000|100%| O|  |TAMS 0x0000000080800000, 0x0000000080700000| Untracked 
|   8|0x0000000080800000, 0x0000000080900000, 0x0000000080900000|100%| O|  |TAMS 0x0000000080900000, 0x0000000080800000| Untracked 
|   9|0x0000000080900000, 0x0000000080a00000, 0x0000000080a00000|100%| O|  |TAMS 0x0000000080a00000, 0x0000000080900000| Untracked 
|  10|0x0000000080a00000, 0x0000000080b00000, 0x0000000080b00000|100%| O|  |TAMS 0x0000000080b00000, 0x0000000080a00000| Untracked 
|  11|0x0000000080b00000, 0x0000000080c00000, 0x0000000080c00000|100%| O|  |TAMS 0x0000000080c00000, 0x0000000080b00000| Untracked 
|  12|0x0000000080c00000, 0x0000000080d00000, 0x0000000080d00000|100%| O|  |TAMS 0x0000000080d00000, 0x0000000080c00000| Untracked 
|  13|0x0000000080d00000, 0x0000000080e00000, 0x0000000080e00000|100%| O|  |TAMS 0x0000000080e00000, 0x0000000080d00000| Untracked 
|  14|0x0000000080e00000, 0x0000000080f00000, 0x0000000080f00000|100%| O|  |TAMS 0x0000000080f00000, 0x0000000080e00000| Untracked 
|  15|0x0000000080f00000, 0x0000000081000000, 0x0000000081000000|100%| O|  |TAMS 0x0000000081000000, 0x0000000080f00000| Untracked 
|  16|0x0000000081000000, 0x0000000081100000, 0x0000000081100000|100%|HS|  |TAMS 0x0000000081100000, 0x0000000081000000| Complete 
|  17|0x0000000081100000, 0x0000000081200000, 0x0000000081200000|100%| O|  |TAMS 0x0000000081200000, 0x0000000081100000| Untracked 
|  18|0x0000000081200000, 0x0000000081300000, 0x0000000081300000|100%| O|  |TAMS 0x0000000081300000, 0x0000000081200000| Untracked 
|  19|0x0000000081300000, 0x0000000081400000, 0x0000000081400000|100%| O|  |TAMS 0x0000000081400000, 0x0000000081300000| Untracked 
|  20|0x0000000081400000, 0x0000000081500000, 0x0000000081500000|100%| O|  |TAMS 0x0000000081500000, 0x0000000081400000| Untracked 
|  21|0x0000000081500000, 0x0000000081600000, 0x0000000081600000|100%| O|  |TAMS 0x0000000081600000, 0x0000000081500000| Untracked 
|  22|0x0000000081600000, 0x0000000081700000, 0x0000000081700000|100%| O|  |TAMS 0x0000000081700000, 0x0000000081600000| Untracked 
|  23|0x0000000081700000, 0x0000000081800000, 0x0000000081800000|100%| O|  |TAMS 0x0000000081800000, 0x0000000081700000| Untracked 
|  24|0x0000000081800000, 0x0000000081900000, 0x0000000081900000|100%| O|  |TAMS 0x0000000081900000, 0x0000000081800000| Untracked 
|  25|0x0000000081900000, 0x0000000081a00000, 0x0000000081a00000|100%| O|  |TAMS 0x0000000081a00000, 0x0000000081900000| Untracked 
|  26|0x0000000081a00000, 0x0000000081b00000, 0x0000000081b00000|100%| O|  |TAMS 0x0000000081b00000, 0x0000000081a00000| Untracked 
|  27|0x0000000081b00000, 0x0000000081c00000, 0x0000000081c00000|100%|HS|  |TAMS 0x0000000081c00000, 0x0000000081b00000| Complete 
|  28|0x0000000081c00000, 0x0000000081d00000, 0x0000000081d00000|100%|HS|  |TAMS 0x0000000081d00000, 0x0000000081c00000| Complete 
|  29|0x0000000081d00000, 0x0000000081e00000, 0x0000000081e00000|100%|HS|  |TAMS 0x0000000081e00000, 0x0000000081d00000| Complete 
|  30|0x0000000081e00000, 0x0000000081f00000, 0x0000000081f00000|100%|HC|  |TAMS 0x0000000081f00000, 0x0000000081e00000| Complete 
|  31|0x0000000081f00000, 0x0000000082000000, 0x0000000082000000|100%|HC|  |TAMS 0x0000000082000000, 0x0000000081f00000| Complete 
|  32|0x0000000082000000, 0x0000000082100000, 0x0000000082100000|100%|HS|  |TAMS 0x0000000082100000, 0x0000000082000000| Complete 
|  33|0x0000000082100000, 0x0000000082200000, 0x0000000082200000|100%|HC|  |TAMS 0x0000000082200000, 0x0000000082100000| Complete 
|  34|0x0000000082200000, 0x0000000082300000, 0x0000000082300000|100%| O|  |TAMS 0x0000000082300000, 0x0000000082200000| Untracked 
|  35|0x0000000082300000, 0x0000000082400000, 0x0000000082400000|100%| O|  |TAMS 0x0000000082400000, 0x0000000082300000| Untracked 
|  36|0x0000000082400000, 0x0000000082500000, 0x0000000082500000|100%| O|  |TAMS 0x0000000082500000, 0x0000000082400000| Untracked 
|  37|0x0000000082500000, 0x0000000082600000, 0x0000000082600000|100%| O|  |TAMS 0x0000000082600000, 0x0000000082500000| Untracked 
|  38|0x0000000082600000, 0x0000000082700000, 0x0000000082700000|100%| O|  |TAMS 0x0000000082700000, 0x0000000082600000| Untracked 
|  39|0x0000000082700000, 0x0000000082800000, 0x0000000082800000|100%| O|  |TAMS 0x0000000082800000, 0x0000000082700000| Untracked 
|  40|0x0000000082800000, 0x0000000082900000, 0x0000000082900000|100%| O|  |TAMS 0x0000000082900000, 0x0000000082800000| Untracked 
|  41|0x0000000082900000, 0x0000000082a00000, 0x0000000082a00000|100%| O|  |TAMS 0x0000000082a00000, 0x0000000082900000| Untracked 
|  42|0x0000000082a00000, 0x0000000082b00000, 0x0000000082b00000|100%| O|  |TAMS 0x0000000082b00000, 0x0000000082a00000| Untracked 
|  43|0x0000000082b00000, 0x0000000082c00000, 0x0000000082c00000|100%| O|  |TAMS 0x0000000082c00000, 0x0000000082b00000| Untracked 
|  44|0x0000000082c00000, 0x0000000082d00000, 0x0000000082d00000|100%| O|  |TAMS 0x0000000082d00000, 0x0000000082c00000| Untracked 
|  45|0x0000000082d00000, 0x0000000082e00000, 0x0000000082e00000|100%| O|  |TAMS 0x0000000082e00000, 0x0000000082d00000| Untracked 
|  46|0x0000000082e00000, 0x0000000082f00000, 0x0000000082f00000|100%| O|  |TAMS 0x0000000082f00000, 0x0000000082e00000| Untracked 
|  47|0x0000000082f00000, 0x0000000083000000, 0x0000000083000000|100%| O|  |TAMS 0x0000000083000000, 0x0000000082f00000| Untracked 
|  48|0x0000000083000000, 0x0000000083100000, 0x0000000083100000|100%| O|  |TAMS 0x0000000083098000, 0x0000000083000000| Untracked 
|  49|0x0000000083100000, 0x0000000083200000, 0x0000000083200000|100%| O|  |TAMS 0x0000000083100000, 0x0000000083100000| Untracked 
|  50|0x0000000083200000, 0x0000000083300000, 0x0000000083300000|100%| O|  |TAMS 0x0000000083200000, 0x0000000083200000| Untracked 
|  51|0x0000000083300000, 0x0000000083400000, 0x0000000083400000|100%| O|  |TAMS 0x0000000083300000, 0x0000000083300000| Untracked 
|  52|0x0000000083400000, 0x0000000083500000, 0x0000000083500000|100%| O|  |TAMS 0x0000000083400000, 0x0000000083400000| Untracked 
|  53|0x0000000083500000, 0x0000000083600000, 0x0000000083600000|100%| O|  |TAMS 0x0000000083500000, 0x0000000083500000| Untracked 
|  54|0x0000000083600000, 0x0000000083700000, 0x0000000083700000|100%| O|  |TAMS 0x0000000083600000, 0x0000000083600000| Untracked 
|  55|0x0000000083700000, 0x0000000083767400, 0x0000000083800000| 40%| O|  |TAMS 0x0000000083700000, 0x0000000083700000| Untracked 
|  56|0x0000000083800000, 0x0000000083800000, 0x0000000083900000|  0%| F|  |TAMS 0x0000000083800000, 0x0000000083800000| Untracked 
|  57|0x0000000083900000, 0x0000000083900000, 0x0000000083a00000|  0%| F|  |TAMS 0x0000000083900000, 0x0000000083900000| Untracked 
|  58|0x0000000083a00000, 0x0000000083a00000, 0x0000000083b00000|  0%| F|  |TAMS 0x0000000083a00000, 0x0000000083a00000| Untracked 
|  59|0x0000000083b00000, 0x0000000083b00000, 0x0000000083c00000|  0%| F|  |TAMS 0x0000000083b00000, 0x0000000083b00000| Untracked 
|  60|0x0000000083c00000, 0x0000000083c00000, 0x0000000083d00000|  0%| F|  |TAMS 0x0000000083c00000, 0x0000000083c00000| Untracked 
|  61|0x0000000083d00000, 0x0000000083d00000, 0x0000000083e00000|  0%| F|  |TAMS 0x0000000083d00000, 0x0000000083d00000| Untracked 
|  62|0x0000000083e00000, 0x0000000083e00000, 0x0000000083f00000|  0%| F|  |TAMS 0x0000000083e00000, 0x0000000083e00000| Untracked 
|  63|0x0000000083f00000, 0x0000000083f00000, 0x0000000084000000|  0%| F|  |TAMS 0x0000000083f00000, 0x0000000083f00000| Untracked 
|  64|0x0000000084000000, 0x0000000084000000, 0x0000000084100000|  0%| F|  |TAMS 0x0000000084000000, 0x0000000084000000| Untracked 
|  65|0x0000000084100000, 0x0000000084100000, 0x0000000084200000|  0%| F|  |TAMS 0x0000000084100000, 0x0000000084100000| Untracked 
|  66|0x0000000084200000, 0x0000000084200000, 0x0000000084300000|  0%| F|  |TAMS 0x0000000084200000, 0x0000000084200000| Untracked 
|  67|0x0000000084300000, 0x0000000084300000, 0x0000000084400000|  0%| F|  |TAMS 0x0000000084300000, 0x0000000084300000| Untracked 
|  68|0x0000000084400000, 0x0000000084400000, 0x0000000084500000|  0%| F|  |TAMS 0x0000000084400000, 0x0000000084400000| Untracked 
|  69|0x0000000084500000, 0x0000000084500000, 0x0000000084600000|  0%| F|  |TAMS 0x0000000084500000, 0x0000000084500000| Untracked 
|  70|0x0000000084600000, 0x0000000084600000, 0x0000000084700000|  0%| F|  |TAMS 0x0000000084600000, 0x0000000084600000| Untracked 
|  71|0x0000000084700000, 0x0000000084700000, 0x0000000084800000|  0%| F|  |TAMS 0x0000000084700000, 0x0000000084700000| Untracked 
|  72|0x0000000084800000, 0x0000000084800000, 0x0000000084900000|  0%| F|  |TAMS 0x0000000084800000, 0x0000000084800000| Untracked 
|  73|0x0000000084900000, 0x0000000084900000, 0x0000000084a00000|  0%| F|  |TAMS 0x0000000084900000, 0x0000000084900000| Untracked 
|  74|0x0000000084a00000, 0x0000000084a00000, 0x0000000084b00000|  0%| F|  |TAMS 0x0000000084a00000, 0x0000000084a00000| Untracked 
|  75|0x0000000084b00000, 0x0000000084b00000, 0x0000000084c00000|  0%| F|  |TAMS 0x0000000084b00000, 0x0000000084b00000| Untracked 
|  76|0x0000000084c00000, 0x0000000084c00000, 0x0000000084d00000|  0%| F|  |TAMS 0x0000000084c00000, 0x0000000084c00000| Untracked 
|  77|0x0000000084d00000, 0x0000000084d00000, 0x0000000084e00000|  0%| F|  |TAMS 0x0000000084d00000, 0x0000000084d00000| Untracked 
|  78|0x0000000084e00000, 0x0000000084e00000, 0x0000000084f00000|  0%| F|  |TAMS 0x0000000084e00000, 0x0000000084e00000| Untracked 
|  79|0x0000000084f00000, 0x0000000084f00000, 0x0000000085000000|  0%| F|  |TAMS 0x0000000084f00000, 0x0000000084f00000| Untracked 
|  80|0x0000000085000000, 0x000000008506f3a8, 0x0000000085100000| 43%| S|CS|TAMS 0x0000000085000000, 0x0000000085000000| Complete 
|  81|0x0000000085100000, 0x0000000085200000, 0x0000000085200000|100%| S|CS|TAMS 0x0000000085100000, 0x0000000085100000| Complete 
|  82|0x0000000085200000, 0x0000000085200000, 0x0000000085300000|  0%| F|  |TAMS 0x0000000085200000, 0x0000000085200000| Untracked 
|  83|0x0000000085300000, 0x0000000085300000, 0x0000000085400000|  0%| F|  |TAMS 0x0000000085300000, 0x0000000085300000| Untracked 
|  84|0x0000000085400000, 0x0000000085400000, 0x0000000085500000|  0%| F|  |TAMS 0x0000000085400000, 0x0000000085400000| Untracked 
|  85|0x0000000085500000, 0x0000000085500000, 0x0000000085600000|  0%| F|  |TAMS 0x0000000085500000, 0x0000000085500000| Untracked 
|  86|0x0000000085600000, 0x0000000085600000, 0x0000000085700000|  0%| F|  |TAMS 0x0000000085600000, 0x0000000085600000| Untracked 
|  87|0x0000000085700000, 0x0000000085700000, 0x0000000085800000|  0%| F|  |TAMS 0x0000000085700000, 0x0000000085700000| Untracked 
|  88|0x0000000085800000, 0x0000000085800000, 0x0000000085900000|  0%| F|  |TAMS 0x0000000085800000, 0x0000000085800000| Untracked 
|  89|0x0000000085900000, 0x0000000085900000, 0x0000000085a00000|  0%| F|  |TAMS 0x0000000085900000, 0x0000000085900000| Untracked 
|  90|0x0000000085a00000, 0x0000000085b00000, 0x0000000085b00000|100%| S|CS|TAMS 0x0000000085a00000, 0x0000000085a00000| Complete 
|  91|0x0000000085b00000, 0x0000000085c00000, 0x0000000085c00000|100%| S|CS|TAMS 0x0000000085b00000, 0x0000000085b00000| Complete 
|  92|0x0000000085c00000, 0x0000000085d00000, 0x0000000085d00000|100%| S|CS|TAMS 0x0000000085c00000, 0x0000000085c00000| Complete 
|  93|0x0000000085d00000, 0x0000000085e00000, 0x0000000085e00000|100%| S|CS|TAMS 0x0000000085d00000, 0x0000000085d00000| Complete 
|  94|0x0000000085e00000, 0x0000000085e00000, 0x0000000085f00000|  0%| F|  |TAMS 0x0000000085e00000, 0x0000000085e00000| Untracked 
|  95|0x0000000085f00000, 0x0000000085f00000, 0x0000000086000000|  0%| F|  |TAMS 0x0000000085f00000, 0x0000000085f00000| Untracked 
|  96|0x0000000086000000, 0x0000000086000000, 0x0000000086100000|  0%| F|  |TAMS 0x0000000086000000, 0x0000000086000000| Untracked 
|  97|0x0000000086100000, 0x0000000086100000, 0x0000000086200000|  0%| F|  |TAMS 0x0000000086100000, 0x0000000086100000| Untracked 
|  98|0x0000000086200000, 0x0000000086200000, 0x0000000086300000|  0%| F|  |TAMS 0x0000000086200000, 0x0000000086200000| Untracked 
|  99|0x0000000086300000, 0x0000000086300000, 0x0000000086400000|  0%| F|  |TAMS 0x0000000086300000, 0x0000000086300000| Untracked 
| 100|0x0000000086400000, 0x0000000086400000, 0x0000000086500000|  0%| F|  |TAMS 0x0000000086400000, 0x0000000086400000| Untracked 
| 101|0x0000000086500000, 0x0000000086500000, 0x0000000086600000|  0%| F|  |TAMS 0x0000000086500000, 0x0000000086500000| Untracked 
| 102|0x0000000086600000, 0x0000000086600000, 0x0000000086700000|  0%| F|  |TAMS 0x0000000086600000, 0x0000000086600000| Untracked 
| 103|0x0000000086700000, 0x0000000086700000, 0x0000000086800000|  0%| F|  |TAMS 0x0000000086700000, 0x0000000086700000| Untracked 
| 104|0x0000000086800000, 0x0000000086800000, 0x0000000086900000|  0%| F|  |TAMS 0x0000000086800000, 0x0000000086800000| Untracked 
| 105|0x0000000086900000, 0x0000000086900000, 0x0000000086a00000|  0%| F|  |TAMS 0x0000000086900000, 0x0000000086900000| Untracked 
| 106|0x0000000086a00000, 0x0000000086a00000, 0x0000000086b00000|  0%| F|  |TAMS 0x0000000086a00000, 0x0000000086a00000| Untracked 
| 107|0x0000000086b00000, 0x0000000086b00000, 0x0000000086c00000|  0%| F|  |TAMS 0x0000000086b00000, 0x0000000086b00000| Untracked 
| 108|0x0000000086c00000, 0x0000000086c00000, 0x0000000086d00000|  0%| F|  |TAMS 0x0000000086c00000, 0x0000000086c00000| Untracked 
| 109|0x0000000086d00000, 0x0000000086d00000, 0x0000000086e00000|  0%| F|  |TAMS 0x0000000086d00000, 0x0000000086d00000| Untracked 
| 110|0x0000000086e00000, 0x0000000086e00000, 0x0000000086f00000|  0%| F|  |TAMS 0x0000000086e00000, 0x0000000086e00000| Untracked 
| 111|0x0000000086f00000, 0x0000000086f00000, 0x0000000087000000|  0%| F|  |TAMS 0x0000000086f00000, 0x0000000086f00000| Untracked 
| 112|0x0000000087000000, 0x0000000087000000, 0x0000000087100000|  0%| F|  |TAMS 0x0000000087000000, 0x0000000087000000| Untracked 
| 113|0x0000000087100000, 0x0000000087100000, 0x0000000087200000|  0%| F|  |TAMS 0x0000000087100000, 0x0000000087100000| Untracked 
| 114|0x0000000087200000, 0x0000000087200000, 0x0000000087300000|  0%| F|  |TAMS 0x0000000087200000, 0x0000000087200000| Untracked 
| 115|0x0000000087300000, 0x0000000087300000, 0x0000000087400000|  0%| F|  |TAMS 0x0000000087300000, 0x0000000087300000| Untracked 
| 116|0x0000000087400000, 0x0000000087400000, 0x0000000087500000|  0%| F|  |TAMS 0x0000000087400000, 0x0000000087400000| Untracked 
| 117|0x0000000087500000, 0x0000000087500000, 0x0000000087600000|  0%| F|  |TAMS 0x0000000087500000, 0x0000000087500000| Untracked 
| 118|0x0000000087600000, 0x0000000087600000, 0x0000000087700000|  0%| F|  |TAMS 0x0000000087600000, 0x0000000087600000| Untracked 
| 119|0x0000000087700000, 0x0000000087700000, 0x0000000087800000|  0%| F|  |TAMS 0x0000000087700000, 0x0000000087700000| Untracked 
| 120|0x0000000087800000, 0x0000000087800000, 0x0000000087900000|  0%| F|  |TAMS 0x0000000087800000, 0x0000000087800000| Untracked 
| 121|0x0000000087900000, 0x0000000087900000, 0x0000000087a00000|  0%| F|  |TAMS 0x0000000087900000, 0x0000000087900000| Untracked 
| 122|0x0000000087a00000, 0x0000000087a00000, 0x0000000087b00000|  0%| F|  |TAMS 0x0000000087a00000, 0x0000000087a00000| Untracked 
| 123|0x0000000087b00000, 0x0000000087b00000, 0x0000000087c00000|  0%| F|  |TAMS 0x0000000087b00000, 0x0000000087b00000| Untracked 
| 124|0x0000000087c00000, 0x0000000087c00000, 0x0000000087d00000|  0%| F|  |TAMS 0x0000000087c00000, 0x0000000087c00000| Untracked 
| 125|0x0000000087d00000, 0x0000000087d00000, 0x0000000087e00000|  0%| F|  |TAMS 0x0000000087d00000, 0x0000000087d00000| Untracked 
| 126|0x0000000087e00000, 0x0000000087e00000, 0x0000000087f00000|  0%| F|  |TAMS 0x0000000087e00000, 0x0000000087e00000| Untracked 
| 127|0x0000000087f00000, 0x0000000087f00000, 0x0000000088000000|  0%| F|  |TAMS 0x0000000087f00000, 0x0000000087f00000| Untracked 
| 128|0x0000000088000000, 0x0000000088000000, 0x0000000088100000|  0%| F|  |TAMS 0x0000000088000000, 0x0000000088000000| Untracked 
| 129|0x0000000088100000, 0x0000000088100000, 0x0000000088200000|  0%| F|  |TAMS 0x0000000088100000, 0x0000000088100000| Untracked 
| 130|0x0000000088200000, 0x0000000088200000, 0x0000000088300000|  0%| F|  |TAMS 0x0000000088200000, 0x0000000088200000| Untracked 
| 131|0x0000000088300000, 0x0000000088300000, 0x0000000088400000|  0%| F|  |TAMS 0x0000000088300000, 0x0000000088300000| Untracked 
| 132|0x0000000088400000, 0x0000000088400000, 0x0000000088500000|  0%| F|  |TAMS 0x0000000088400000, 0x0000000088400000| Untracked 
| 133|0x0000000088500000, 0x0000000088500000, 0x0000000088600000|  0%| F|  |TAMS 0x0000000088500000, 0x0000000088500000| Untracked 
| 134|0x0000000088600000, 0x0000000088600000, 0x0000000088700000|  0%| F|  |TAMS 0x0000000088600000, 0x0000000088600000| Untracked 
| 135|0x0000000088700000, 0x0000000088700000, 0x0000000088800000|  0%| F|  |TAMS 0x0000000088700000, 0x0000000088700000| Untracked 
| 136|0x0000000088800000, 0x0000000088800000, 0x0000000088900000|  0%| F|  |TAMS 0x0000000088800000, 0x0000000088800000| Untracked 
| 137|0x0000000088900000, 0x0000000088900000, 0x0000000088a00000|  0%| F|  |TAMS 0x0000000088900000, 0x0000000088900000| Untracked 
| 138|0x0000000088a00000, 0x0000000088a00000, 0x0000000088b00000|  0%| F|  |TAMS 0x0000000088a00000, 0x0000000088a00000| Untracked 
| 139|0x0000000088b00000, 0x0000000088b00000, 0x0000000088c00000|  0%| F|  |TAMS 0x0000000088b00000, 0x0000000088b00000| Untracked 
| 140|0x0000000088c00000, 0x0000000088c00000, 0x0000000088d00000|  0%| F|  |TAMS 0x0000000088c00000, 0x0000000088c00000| Untracked 
| 141|0x0000000088d00000, 0x0000000088d00000, 0x0000000088e00000|  0%| F|  |TAMS 0x0000000088d00000, 0x0000000088d00000| Untracked 
| 142|0x0000000088e00000, 0x0000000088e00000, 0x0000000088f00000|  0%| F|  |TAMS 0x0000000088e00000, 0x0000000088e00000| Untracked 
| 143|0x0000000088f00000, 0x0000000088f00000, 0x0000000089000000|  0%| F|  |TAMS 0x0000000088f00000, 0x0000000088f00000| Untracked 
| 144|0x0000000089000000, 0x0000000089000000, 0x0000000089100000|  0%| F|  |TAMS 0x0000000089000000, 0x0000000089000000| Untracked 
| 145|0x0000000089100000, 0x0000000089100000, 0x0000000089200000|  0%| F|  |TAMS 0x0000000089100000, 0x0000000089100000| Untracked 
| 146|0x0000000089200000, 0x0000000089200000, 0x0000000089300000|  0%| F|  |TAMS 0x0000000089200000, 0x0000000089200000| Untracked 
| 147|0x0000000089300000, 0x0000000089300000, 0x0000000089400000|  0%| F|  |TAMS 0x0000000089300000, 0x0000000089300000| Untracked 
| 148|0x0000000089400000, 0x0000000089400000, 0x0000000089500000|  0%| F|  |TAMS 0x0000000089400000, 0x0000000089400000| Untracked 
| 149|0x0000000089500000, 0x0000000089500000, 0x0000000089600000|  0%| F|  |TAMS 0x0000000089500000, 0x0000000089500000| Untracked 
| 150|0x0000000089600000, 0x0000000089680800, 0x0000000089700000| 50%| E|  |TAMS 0x0000000089600000, 0x0000000089600000| Complete 
| 151|0x0000000089700000, 0x0000000089800000, 0x0000000089800000|100%| E|CS|TAMS 0x0000000089700000, 0x0000000089700000| Complete 
| 152|0x0000000089800000, 0x0000000089900000, 0x0000000089900000|100%| E|CS|TAMS 0x0000000089800000, 0x0000000089800000| Complete 
| 153|0x0000000089900000, 0x0000000089a00000, 0x0000000089a00000|100%| E|CS|TAMS 0x0000000089900000, 0x0000000089900000| Complete 

Card table byte_map: [0x000001ac52200000,0x000001ac52600000] _byte_map_base: 0x000001ac51e00000

Marking Bits (Prev, Next): (CMBitMap*) 0x000001ac3f01ea00, (CMBitMap*) 0x000001ac3f01e9c8
 Prev Bits: [0x000001ac54a00000, 0x000001ac56a00000)
 Next Bits: [0x000001ac52a00000, 0x000001ac54a00000)

Polling page: 0x000001ac3cf90000

Metaspace:

Usage:
  Non-class:     59.95 MB capacity,    58.94 MB ( 98%) used,   865.21 KB (  1%) free+waste,   174.00 KB ( <1%) overhead. 
      Class:      9.10 MB capacity,     8.52 MB ( 94%) used,   510.62 KB (  5%) free+waste,    80.56 KB ( <1%) overhead. 
       Both:     69.05 MB capacity,    67.45 MB ( 98%) used,     1.34 MB (  2%) free+waste,   254.56 KB ( <1%) overhead. 

Virtual space:
  Non-class space:       60.00 MB reserved,      60.00 MB (100%) committed 
      Class space:        1.00 GB reserved,       9.20 MB ( <1%) committed 
             Both:        1.06 GB reserved,      69.20 MB (  6%) committed 

Chunk freelists:
   Non-Class:  51.00 KB
       Class:  30.00 KB
        Both:  81.00 KB

MaxMetaspaceSize: 17179869184.00 GB
CompressedClassSpaceSize: 1.00 GB

CodeHeap 'non-profiled nmethods': size=120000Kb used=4088Kb max_used=4088Kb free=115911Kb
 bounds [0x000001ac4a5a0000, 0x000001ac4a9a0000, 0x000001ac51ad0000]
CodeHeap 'profiled nmethods': size=120000Kb used=14069Kb max_used=14069Kb free=105930Kb
 bounds [0x000001ac43070000, 0x000001ac43e30000, 0x000001ac4a5a0000]
CodeHeap 'non-nmethods': size=5760Kb used=2264Kb max_used=2302Kb free=3495Kb
 bounds [0x000001ac42ad0000, 0x000001ac42d40000, 0x000001ac43070000]
 total_blobs=7646 nmethods=6788 adapters=769
 compilation: enabled
              stopped_count=0, restarted_count=0
 full_count=0

Compilation events (20 events):
Event: 10.047 Thread 0x000001ac5946f800 6779       3       org.gradle.api.internal.artifacts.configurations.DefaultConfiguration$$Lambda$391/0x0000000100581040::get$Lambda (10 bytes)
Event: 10.047 Thread 0x000001ac5946f800 nmethod 6779 0x000001ac43e21e90 code [0x000001ac43e22060, 0x000001ac43e22318]
Event: 10.047 Thread 0x000001ac5946f800 6780       3       org.gradle.api.internal.artifacts.configurations.DefaultConfiguration$$Lambda$391/0x0000000100581040::<init> (15 bytes)
Event: 10.047 Thread 0x000001ac5946f800 nmethod 6780 0x000001ac43e22410 code [0x000001ac43e225c0, 0x000001ac43e227d8]
Event: 10.047 Thread 0x000001ac5946f800 6781       3       org.gradle.api.internal.DefaultDomainObjectSet::beforeCollectionChanges (13 bytes)
Event: 10.047 Thread 0x000001ac5946f800 nmethod 6781 0x000001ac43e22890 code [0x000001ac43e22a40, 0x000001ac43e22c48]
Event: 10.047 Thread 0x000001ac5946f800 6782       1       org.gradle.api.internal.artifacts.configurations.DefaultConfiguration::access$2300 (5 bytes)
Event: 10.048 Thread 0x000001ac5946f800 nmethod 6782 0x000001ac4a99c290 code [0x000001ac4a99c440, 0x000001ac4a99c4d8]
Event: 10.048 Thread 0x000001ac5946f800 6784       1       org.gradle.internal.typeconversion.TypeInfo::getTargetType (5 bytes)
Event: 10.048 Thread 0x000001ac5946f800 nmethod 6784 0x000001ac4a99c590 code [0x000001ac4a99c740, 0x000001ac4a99c7f8]
Event: 10.048 Thread 0x000001ac5946f800 6785       1       com.android.build.gradle.internal.services.ProjectServices::getObjectFactory (5 bytes)
Event: 10.048 Thread 0x000001ac5946f800 nmethod 6785 0x000001ac4a99c890 code [0x000001ac4a99ca40, 0x000001ac4a99caf8]
Event: 10.048 Thread 0x000001ac5946f800 6783       1       org.gradle.api.internal.artifacts.ivyservice.moduleconverter.DefaultRootComponentMetadataBuilder::getValidator (5 bytes)
Event: 10.048 Thread 0x000001ac5946f800 nmethod 6783 0x000001ac4a99cb90 code [0x000001ac4a99cd40, 0x000001ac4a99cdf8]
Event: 10.049 Thread 0x000001ac59460800 nmethod 6772 0x000001ac4a99ce90 code [0x000001ac4a99d060, 0x000001ac4a99d418]
Event: 10.049 Thread 0x000001ac59460800 6773       4       org.gradle.internal.instantiation.generator.AbstractClassGenerator::assertNotAbstract (61 bytes)
Event: 10.049 Thread 0x000001ac5946f800 6787       1       org.gradle.api.internal.tasks.properties.annotations.OutputPropertyRoleAnnotationHandler::getAnnotationTypes (5 bytes)
Event: 10.049 Thread 0x000001ac5946f800 nmethod 6787 0x000001ac4a99d910 code [0x000001ac4a99dac0, 0x000001ac4a99db78]
Event: 10.059 Thread 0x000001ac59460800 nmethod 6773 0x000001ac4a99dc10 code [0x000001ac4a99dda0, 0x000001ac4a99de78]
Event: 10.059 Thread 0x000001ac59460800 6786 %     4       org.gradle.internal.instantiation.generator.AbstractClassGenerator::inspectType @ 107 (560 bytes)

GC Heap History (20 events):
Event: 2.739 GC heap before
{Heap before GC invocations=1 (full 0):
 garbage-first heap   total 131072K, used 84667K [0x0000000080000000, 0x0000000100000000)
  region size 1024K, 76 young (77824K), 3 survivors (3072K)
 Metaspace       used 17749K, capacity 18219K, committed 18432K, reserved 1064960K
  class space    used 2103K, capacity 2238K, committed 2304K, reserved 1048576K
}
Event: 2.747 GC heap after
{Heap after GC invocations=2 (full 0):
 garbage-first heap   total 131072K, used 15713K [0x0000000080000000, 0x0000000100000000)
  region size 1024K, 10 young (10240K), 10 survivors (10240K)
 Metaspace       used 17749K, capacity 18219K, committed 18432K, reserved 1064960K
  class space    used 2103K, capacity 2238K, committed 2304K, reserved 1048576K
}
Event: 3.028 GC heap before
{Heap before GC invocations=2 (full 0):
 garbage-first heap   total 131072K, used 38241K [0x0000000080000000, 0x0000000100000000)
  region size 1024K, 33 young (33792K), 10 survivors (10240K)
 Metaspace       used 20626K, capacity 21118K, committed 21248K, reserved 1067008K
  class space    used 2522K, capacity 2720K, committed 2816K, reserved 1048576K
}
Event: 3.036 GC heap after
{Heap after GC invocations=3 (full 0):
 garbage-first heap   total 131072K, used 17203K [0x0000000080000000, 0x0000000100000000)
  region size 1024K, 1 young (1024K), 1 survivors (1024K)
 Metaspace       used 20626K, capacity 21118K, committed 21248K, reserved 1067008K
  class space    used 2522K, capacity 2720K, committed 2816K, reserved 1048576K
}
Event: 3.701 GC heap before
{Heap before GC invocations=4 (full 0):
 garbage-first heap   total 131072K, used 72499K [0x0000000080000000, 0x0000000100000000)
  region size 1024K, 56 young (57344K), 1 survivors (1024K)
 Metaspace       used 26106K, capacity 26749K, committed 27008K, reserved 1073152K
  class space    used 3425K, capacity 3666K, committed 3712K, reserved 1048576K
}
Event: 3.705 GC heap after
{Heap after GC invocations=5 (full 0):
 garbage-first heap   total 131072K, used 18796K [0x0000000080000000, 0x0000000100000000)
  region size 1024K, 3 young (3072K), 3 survivors (3072K)
 Metaspace       used 26106K, capacity 26749K, committed 27008K, reserved 1073152K
  class space    used 3425K, capacity 3666K, committed 3712K, reserved 1048576K
}
Event: 4.599 GC heap before
{Heap before GC invocations=5 (full 0):
 garbage-first heap   total 131072K, used 72044K [0x0000000080000000, 0x0000000100000000)
  region size 1024K, 57 young (58368K), 3 survivors (3072K)
 Metaspace       used 35033K, capacity 35830K, committed 35840K, reserved 1081344K
  class space    used 4539K, capacity 4864K, committed 4864K, reserved 1048576K
}
Event: 4.608 GC heap after
{Heap after GC invocations=6 (full 0):
 garbage-first heap   total 131072K, used 22239K [0x0000000080000000, 0x0000000100000000)
  region size 1024K, 6 young (6144K), 6 survivors (6144K)
 Metaspace       used 35033K, capacity 35830K, committed 35840K, reserved 1081344K
  class space    used 4539K, capacity 4864K, committed 4864K, reserved 1048576K
}
Event: 5.370 GC heap before
{Heap before GC invocations=7 (full 0):
 garbage-first heap   total 131072K, used 87775K [0x0000000080000000, 0x0000000100000000)
  region size 1024K, 67 young (68608K), 6 survivors (6144K)
 Metaspace       used 39523K, capacity 40497K, committed 40780K, reserved 1085440K
  class space    used 5053K, capacity 5391K, committed 5452K, reserved 1048576K
}
Event: 5.379 GC heap after
{Heap after GC invocations=8 (full 0):
 garbage-first heap   total 131072K, used 27308K [0x0000000080000000, 0x0000000100000000)
  region size 1024K, 9 young (9216K), 9 survivors (9216K)
 Metaspace       used 39523K, capacity 40497K, committed 40780K, reserved 1085440K
  class space    used 5053K, capacity 5391K, committed 5452K, reserved 1048576K
}
Event: 6.158 GC heap before
{Heap before GC invocations=8 (full 0):
 garbage-first heap   total 131072K, used 88748K [0x0000000080000000, 0x0000000100000000)
  region size 1024K, 69 young (70656K), 9 survivors (9216K)
 Metaspace       used 45103K, capacity 46240K, committed 46412K, reserved 1089536K
  class space    used 5796K, capacity 6193K, committed 6220K, reserved 1048576K
}
Event: 6.168 GC heap after
{Heap after GC invocations=9 (full 0):
 garbage-first heap   total 157696K, used 29195K [0x0000000080000000, 0x0000000100000000)
  region size 1024K, 3 young (3072K), 3 survivors (3072K)
 Metaspace       used 45103K, capacity 46240K, committed 46412K, reserved 1089536K
  class space    used 5796K, capacity 6193K, committed 6220K, reserved 1048576K
}
Event: 7.635 GC heap before
{Heap before GC invocations=9 (full 0):
 garbage-first heap   total 157696K, used 111115K [0x0000000080000000, 0x0000000100000000)
  region size 1024K, 76 young (77824K), 3 survivors (3072K)
 Metaspace       used 49390K, capacity 50700K, committed 50892K, reserved 1093632K
  class space    used 6315K, capacity 6762K, committed 6860K, reserved 1048576K
}
Event: 7.643 GC heap after
{Heap after GC invocations=10 (full 0):
 garbage-first heap   total 157696K, used 49040K [0x0000000080000000, 0x0000000100000000)
  region size 1024K, 10 young (10240K), 10 survivors (10240K)
 Metaspace       used 49390K, capacity 50700K, committed 50892K, reserved 1093632K
  class space    used 6315K, capacity 6762K, committed 6860K, reserved 1048576K
}
Event: 8.583 GC heap before
{Heap before GC invocations=10 (full 0):
 garbage-first heap   total 157696K, used 108432K [0x0000000080000000, 0x0000000100000000)
  region size 1024K, 69 young (70656K), 10 survivors (10240K)
 Metaspace       used 58727K, capacity 60173K, committed 60236K, reserved 1101824K
  class space    used 7421K, capacity 7955K, committed 8012K, reserved 1048576K
}
Event: 8.597 GC heap after
{Heap after GC invocations=11 (full 0):
 garbage-first heap   total 157696K, used 52552K [0x0000000080000000, 0x0000000100000000)
  region size 1024K, 3 young (3072K), 3 survivors (3072K)
 Metaspace       used 58727K, capacity 60173K, committed 60236K, reserved 1101824K
  class space    used 7421K, capacity 7955K, committed 8012K, reserved 1048576K
}
Event: 9.410 GC heap before
{Heap before GC invocations=12 (full 0):
 garbage-first heap   total 157696K, used 115016K [0x0000000080000000, 0x0000000100000000)
  region size 1024K, 64 young (65536K), 3 survivors (3072K)
 Metaspace       used 64878K, capacity 66438K, committed 66636K, reserved 1107968K
  class space    used 8186K, capacity 8751K, committed 8780K, reserved 1048576K
}
Event: 9.416 GC heap after
{Heap after GC invocations=13 (full 0):
 garbage-first heap   total 157696K, used 57002K [0x0000000080000000, 0x0000000100000000)
  region size 1024K, 8 young (8192K), 8 survivors (8192K)
 Metaspace       used 64878K, capacity 66438K, committed 66636K, reserved 1107968K
  class space    used 8186K, capacity 8751K, committed 8780K, reserved 1048576K
}
Event: 10.049 GC heap before
{Heap before GC invocations=13 (full 0):
 garbage-first heap   total 157696K, used 118442K [0x0000000080000000, 0x0000000100000000)
  region size 1024K, 68 young (69632K), 8 survivors (8192K)
 Metaspace       used 68700K, capacity 70383K, committed 70476K, reserved 1110016K
  class space    used 8665K, capacity 9250K, committed 9292K, reserved 1048576K
}
Event: 10.059 GC heap after
{Heap after GC invocations=14 (full 0):
 garbage-first heap   total 157696K, used 62297K [0x0000000080000000, 0x0000000100000000)
  region size 1024K, 6 young (6144K), 6 survivors (6144K)
 Metaspace       used 68700K, capacity 70383K, committed 70476K, reserved 1110016K
  class space    used 8665K, capacity 9250K, committed 9292K, reserved 1048576K
}

Deoptimization events (20 events):
Event: 9.805 Thread 0x000001ac5b32c800 Uncommon trap: trap_request=0xffffff4d fr.pc=0x000001ac4a865318 relative=0x0000000000001018
Event: 9.805 Thread 0x000001ac5b32c800 Uncommon trap: reason=unstable_if action=reinterpret pc=0x000001ac4a865318 method=org.codehaus.groovy.runtime.metaclass.MetaMethodIndex.isOverridden(Lgroovy/lang/MetaMethod;Lgroovy/lang/MetaMethod;)Z @ 33 c2
Event: 9.805 Thread 0x000001ac5b32c800 DEOPT PACKING pc=0x000001ac4a865318 sp=0x0000003817df4fe0
Event: 9.805 Thread 0x000001ac5b32c800 DEOPT UNPACKING pc=0x000001ac42af78af sp=0x0000003817df4f38 mode 2
Event: 9.807 Thread 0x000001ac5b32c800 Uncommon trap: trap_request=0xfffffff4 fr.pc=0x000001ac4a987388 relative=0x00000000000009c8
Event: 9.807 Thread 0x000001ac5b32c800 Uncommon trap: reason=null_check action=make_not_entrant pc=0x000001ac4a987388 method=com.sun.beans.introspect.MethodInfo$MethodOrder.compare(Ljava/lang/reflect/Method;Ljava/lang/reflect/Method;)I @ 145 c2
Event: 9.807 Thread 0x000001ac5b32c800 DEOPT PACKING pc=0x000001ac4a987388 sp=0x0000003817df2f50
Event: 9.807 Thread 0x000001ac5b32c800 DEOPT UNPACKING pc=0x000001ac42af78af sp=0x0000003817df2e80 mode 2
Event: 9.807 Thread 0x000001ac5b32c800 Uncommon trap: trap_request=0xfffffff4 fr.pc=0x000001ac4a98549c relative=0x000000000000097c
Event: 9.807 Thread 0x000001ac5b32c800 Uncommon trap: reason=null_check action=make_not_entrant pc=0x000001ac4a98549c method=com.sun.beans.introspect.MethodInfo$MethodOrder.compare(Ljava/lang/reflect/Method;Ljava/lang/reflect/Method;)I @ 145 c2
Event: 9.807 Thread 0x000001ac5b32c800 DEOPT PACKING pc=0x000001ac4a98549c sp=0x0000003817df2ec0
Event: 9.807 Thread 0x000001ac5b32c800 DEOPT UNPACKING pc=0x000001ac42af78af sp=0x0000003817df2e78 mode 2
Event: 9.815 Thread 0x000001ac5b32c800 Uncommon trap: trap_request=0xffffff4d fr.pc=0x000001ac4a982cec relative=0x000000000000066c
Event: 9.815 Thread 0x000001ac5b32c800 Uncommon trap: reason=unstable_if action=reinterpret pc=0x000001ac4a982cec method=groovy.lang.MetaClassImpl.filterPropertyMethod(Ljava/lang/Object;ZZ)Ljava/lang/Object; @ 72 c2
Event: 9.815 Thread 0x000001ac5b32c800 DEOPT PACKING pc=0x000001ac4a982cec sp=0x0000003817df4f70
Event: 9.815 Thread 0x000001ac5b32c800 DEOPT UNPACKING pc=0x000001ac42af78af sp=0x0000003817df4ee8 mode 2
Event: 10.026 Thread 0x000001ac5b32c800 Uncommon trap: trap_request=0xffffff4d fr.pc=0x000001ac4a8909d0 relative=0x00000000000000f0
Event: 10.026 Thread 0x000001ac5b32c800 Uncommon trap: reason=unstable_if action=reinterpret pc=0x000001ac4a8909d0 method=java.util.concurrent.ConcurrentHashMap.addCount(JI)V @ 110 c2
Event: 10.026 Thread 0x000001ac5b32c800 DEOPT PACKING pc=0x000001ac4a8909d0 sp=0x0000003817df8c00
Event: 10.026 Thread 0x000001ac5b32c800 DEOPT UNPACKING pc=0x000001ac42af78af sp=0x0000003817df8b38 mode 2

Classes redefined (0 events):
No events

Internal exceptions (20 events):
Event: 9.806 Thread 0x000001ac5b32c800 Exception <a 'java/lang/ClassNotFoundException'{0x00000000871c3248}: com/android/build/gradle/internal/dsl/BuildType_DecoratedBeanInfo> (0x00000000871c3248) thrown at [./src/hotspot/share/classfile/systemDictionary.cpp, line 231]
Event: 9.806 Thread 0x000001ac5b32c800 Exception <a 'java/lang/ClassNotFoundException'{0x00000000871dd8d0}: com/android/build/gradle/internal/dsl/BuildTypeBeanInfo> (0x00000000871dd8d0) thrown at [./src/hotspot/share/classfile/systemDictionary.cpp, line 231]
Event: 9.807 Thread 0x000001ac5b32c800 Exception <a 'java/lang/ClassNotFoundException'{0x00000000871f7260}: com/android/builder/core/AbstractBuildTypeBeanInfo> (0x00000000871f7260) thrown at [./src/hotspot/share/classfile/systemDictionary.cpp, line 231]
Event: 9.807 Thread 0x000001ac5b32c800 Exception <a 'java/lang/ClassNotFoundException'{0x0000000087011988}: com/android/builder/core/AbstractBuildTypeCustomizer> (0x0000000087011988) thrown at [./src/hotspot/share/classfile/systemDictionary.cpp, line 231]
Event: 9.809 Thread 0x000001ac5b32c800 Exception <a 'java/lang/ClassNotFoundException'{0x0000000087048560}: com/android/build/gradle/internal/dsl/BuildTypeCustomizer> (0x0000000087048560) thrown at [./src/hotspot/share/classfile/systemDictionary.cpp, line 231]
Event: 9.812 Thread 0x000001ac5b32c800 Exception <a 'java/lang/ClassNotFoundException'{0x00000000870d7158}: com/android/build/gradle/internal/dsl/BuildType_DecoratedCustomizer> (0x00000000870d7158) thrown at [./src/hotspot/share/classfile/systemDictionary.cpp, line 231]
Event: 9.817 Thread 0x000001ac5b32c800 Exception <a 'java/lang/ClassNotFoundException'{0x0000000086f9a5f0}: build_8kezdhjg3jtbhr1rrc87rnqxm$_run_closure1$_closure4BeanInfo> (0x0000000086f9a5f0) thrown at [./src/hotspot/share/classfile/systemDictionary.cpp, line 231]
Event: 9.817 Thread 0x000001ac5b32c800 Exception <a 'java/lang/ClassNotFoundException'{0x0000000086fabe98}: build_8kezdhjg3jtbhr1rrc87rnqxm$_run_closure1$_closure4Customizer> (0x0000000086fabe98) thrown at [./src/hotspot/share/classfile/systemDictionary.cpp, line 231]
Event: 9.819 Thread 0x000001ac5b32c800 Exception <a 'java/lang/ClassNotFoundException'{0x0000000086fd5c30}: build_8kezdhjg3jtbhr1rrc87rnqxm$_run_closure1BeanInfo> (0x0000000086fd5c30) thrown at [./src/hotspot/share/classfile/systemDictionary.cpp, line 231]
Event: 9.819 Thread 0x000001ac5b32c800 Exception <a 'java/lang/ClassNotFoundException'{0x0000000086fe6a10}: build_8kezdhjg3jtbhr1rrc87rnqxm$_run_closure1Customizer> (0x0000000086fe6a10) thrown at [./src/hotspot/share/classfile/systemDictionary.cpp, line 231]
Event: 9.825 Thread 0x000001ac5b32c800 Exception <a 'java/lang/ClassNotFoundException'{0x0000000086e49738}: org/gradle/api/JavaVersionBeanInfo> (0x0000000086e49738) thrown at [./src/hotspot/share/classfile/systemDictionary.cpp, line 231]
Event: 9.826 Thread 0x000001ac5b32c800 Exception <a 'java/lang/ClassNotFoundException'{0x0000000086e746d0}: org/gradle/api/JavaVersionCustomizer> (0x0000000086e746d0) thrown at [./src/hotspot/share/classfile/systemDictionary.cpp, line 231]
Event: 9.829 Thread 0x000001ac5b32c800 Exception <a 'java/lang/ClassNotFoundException'{0x0000000086ecb958}: com/android/build/gradle/internal/CompileOptions_DecoratedBeanInfo> (0x0000000086ecb958) thrown at [./src/hotspot/share/classfile/systemDictionary.cpp, line 231]
Event: 9.830 Thread 0x000001ac5b32c800 Exception <a 'java/lang/ClassNotFoundException'{0x0000000086ee4d50}: com/android/build/gradle/internal/CompileOptionsBeanInfo> (0x0000000086ee4d50) thrown at [./src/hotspot/share/classfile/systemDictionary.cpp, line 231]
Event: 9.830 Thread 0x000001ac5b32c800 Exception <a 'java/lang/ClassNotFoundException'{0x0000000086efea48}: com/android/build/gradle/internal/CompileOptionsCustomizer> (0x0000000086efea48) thrown at [./src/hotspot/share/classfile/systemDictionary.cpp, line 231]
Event: 9.831 Thread 0x000001ac5b32c800 Exception <a 'java/lang/ClassNotFoundException'{0x0000000086d25c10}: com/android/build/gradle/internal/CompileOptions_DecoratedCustomizer> (0x0000000086d25c10) thrown at [./src/hotspot/share/classfile/systemDictionary.cpp, line 231]
Event: 9.847 Thread 0x000001ac5b32c800 Exception <a 'java/lang/ClassNotFoundException'{0x0000000086c78e00}: org/jetbrains/kotlin/gradle/dsl/KotlinJvmOptionsImplBeanInfo> (0x0000000086c78e00) thrown at [./src/hotspot/share/classfile/systemDictionary.cpp, line 231]
Event: 9.847 Thread 0x000001ac5b32c800 Exception <a 'java/lang/ClassNotFoundException'{0x0000000086c935c8}: org/jetbrains/kotlin/gradle/dsl/KotlinJvmOptionsBaseBeanInfo> (0x0000000086c935c8) thrown at [./src/hotspot/share/classfile/systemDictionary.cpp, line 231]
Event: 9.848 Thread 0x000001ac5b32c800 Exception <a 'java/lang/ClassNotFoundException'{0x0000000086cadd50}: org/jetbrains/kotlin/gradle/dsl/KotlinJvmOptionsBaseCustomizer> (0x0000000086cadd50) thrown at [./src/hotspot/share/classfile/systemDictionary.cpp, line 231]
Event: 9.849 Thread 0x000001ac5b32c800 Exception <a 'java/lang/ClassNotFoundException'{0x0000000086ce25b0}: org/jetbrains/kotlin/gradle/dsl/KotlinJvmOptionsImplCustomizer> (0x0000000086ce25b0) thrown at [./src/hotspot/share/classfile/systemDictionary.cpp, line 231]

Events (20 events):
Event: 10.072 loading class com/android/build/api/component/analytics/AnalyticsEnabledApplicationVariant$userVisibleAndroidTest$2
Event: 10.072 loading class com/android/build/api/component/analytics/AnalyticsEnabledApplicationVariant$userVisibleAndroidTest$2 done
Event: 10.073 loading class com/android/build/api/component/analytics/AnalyticsEnabledApplicationVariant$generatesApk$2
Event: 10.073 loading class com/android/build/api/component/analytics/AnalyticsEnabledApplicationVariant$generatesApk$2 done
Event: 10.074 loading class com/android/build/gradle/internal/VariantManager$createVariantsFromCombination$2$variantExtensionConfig$1
Event: 10.074 loading class com/android/build/gradle/internal/VariantManager$createVariantsFromCombination$2$variantExtensionConfig$1 done
Event: 10.074 loading class com/android/build/api/variant/VariantExtensionConfig
Event: 10.074 loading class com/android/build/api/variant/VariantExtensionConfig done
Event: 10.075 loading class com/google/wireless/android/sdk/stats/ApiVersion$1
Event: 10.075 loading class com/google/wireless/android/sdk/stats/ApiVersion$1 done
Event: 10.076 loading class com/google/wireless/android/sdk/stats/ApiVersion$Builder
Event: 10.076 loading class com/google/wireless/android/sdk/stats/ApiVersion$Builder done
Event: 10.077 loading class com/android/builder/dexing/DexingTypeKt
Event: 10.077 loading class com/android/builder/dexing/DexingTypeKt done
Event: 10.078 loading class com/google/wireless/android/sdk/stats/GradleBuildVariant$DexBuilderTool
Event: 10.078 loading class com/google/wireless/android/sdk/stats/GradleBuildVariant$DexBuilderTool done
Event: 10.079 loading class com/google/wireless/android/sdk/stats/GradleBuildVariant$DexBuilderTool$1
Event: 10.079 loading class com/google/wireless/android/sdk/stats/GradleBuildVariant$DexBuilderTool$1 done
Event: 10.079 loading class com/google/wireless/android/sdk/stats/GradleBuildVariant$DexMergerTool
Event: 10.079 loading class com/google/wireless/android/sdk/stats/GradleBuildVariant$DexMergerTool done


Dynamic libraries:
0x00007ff6ef6a0000 - 0x00007ff6ef6aa000 	C:\Program Files\Android\Android Studio\jre\bin\java.exe
0x00007ffd49130000 - 0x00007ffd49325000 	C:\WINDOWS\SYSTEM32\ntdll.dll
0x00007ffd48df0000 - 0x00007ffd48eae000 	C:\WINDOWS\System32\KERNEL32.DLL
0x00007ffd46c40000 - 0x00007ffd46f09000 	C:\WINDOWS\System32\KERNELBASE.dll
0x00007ffd468e0000 - 0x00007ffd469e0000 	C:\WINDOWS\System32\ucrtbase.dll
0x00007ffd415e0000 - 0x00007ffd415f7000 	C:\Program Files\Android\Android Studio\jre\bin\VCRUNTIME140.dll
0x00007ffd3e8d0000 - 0x00007ffd3e8e9000 	C:\Program Files\Android\Android Studio\jre\bin\jli.dll
0x00007ffd48c40000 - 0x00007ffd48de1000 	C:\WINDOWS\System32\USER32.dll
0x00007ffd47070000 - 0x00007ffd47092000 	C:\WINDOWS\System32\win32u.dll
0x00007ffd47d50000 - 0x00007ffd47d7b000 	C:\WINDOWS\System32\GDI32.dll
0x00007ffd30480000 - 0x00007ffd3071a000 	C:\WINDOWS\WinSxS\amd64_microsoft.windows.common-controls_6595b64144ccf1df_6.0.19041.1110_none_60b5254171f9507e\COMCTL32.dll
0x00007ffd46b30000 - 0x00007ffd46c3b000 	C:\WINDOWS\System32\gdi32full.dll
0x00007ffd48350000 - 0x00007ffd483ee000 	C:\WINDOWS\System32\msvcrt.dll
0x00007ffd469e0000 - 0x00007ffd46a7d000 	C:\WINDOWS\System32\msvcp_win.dll
0x00007ffd48f10000 - 0x00007ffd48f40000 	C:\WINDOWS\System32\IMM32.DLL
0x00007ffd0c1b0000 - 0x00007ffd0c24d000 	C:\Program Files\Android\Android Studio\jre\bin\msvcp140.dll
0x00007ffcd81d0000 - 0x00007ffcd8c9f000 	C:\Program Files\Android\Android Studio\jre\bin\server\jvm.dll
0x00007ffd48fc0000 - 0x00007ffd4906c000 	C:\WINDOWS\System32\ADVAPI32.dll
0x00007ffd485e0000 - 0x00007ffd4867b000 	C:\WINDOWS\System32\sechost.dll
0x00007ffd483f0000 - 0x00007ffd4851a000 	C:\WINDOWS\System32\RPCRT4.dll
0x00007ffd47600000 - 0x00007ffd47608000 	C:\WINDOWS\System32\PSAPI.DLL
0x00007ffd2d8a0000 - 0x00007ffd2d8a9000 	C:\WINDOWS\SYSTEM32\WSOCK32.dll
0x00007ffd49070000 - 0x00007ffd490db000 	C:\WINDOWS\System32\WS2_32.dll
0x00007ffd2f6d0000 - 0x00007ffd2f6f7000 	C:\WINDOWS\SYSTEM32\WINMM.dll
0x00007ffd40670000 - 0x00007ffd4067a000 	C:\WINDOWS\SYSTEM32\VERSION.dll
0x00007ffd45120000 - 0x00007ffd45132000 	C:\WINDOWS\SYSTEM32\kernel.appcore.dll
0x00007ffd262c0000 - 0x00007ffd262d1000 	C:\Program Files\Android\Android Studio\jre\bin\verify.dll
0x00007ffd44640000 - 0x00007ffd44824000 	C:\WINDOWS\SYSTEM32\DBGHELP.DLL
0x00007ffd35610000 - 0x00007ffd3563c000 	C:\WINDOWS\SYSTEM32\dbgcore.DLL
0x00007ffd46850000 - 0x00007ffd468d3000 	C:\WINDOWS\System32\bcryptPrimitives.dll
0x00007ffd26290000 - 0x00007ffd262b9000 	C:\Program Files\Android\Android Studio\jre\bin\java.dll
0x00007ffd26280000 - 0x00007ffd2628b000 	C:\Program Files\Android\Android Studio\jre\bin\jimage.dll
0x00007ffd26260000 - 0x00007ffd26278000 	C:\Program Files\Android\Android Studio\jre\bin\zip.dll
0x00007ffd47610000 - 0x00007ffd47d4f000 	C:\WINDOWS\System32\SHELL32.dll
0x00007ffd44830000 - 0x00007ffd44fc0000 	C:\WINDOWS\SYSTEM32\windows.storage.dll
0x00007ffd47ff0000 - 0x00007ffd48345000 	C:\WINDOWS\System32\combase.dll
0x00007ffd462a0000 - 0x00007ffd462cc000 	C:\WINDOWS\SYSTEM32\Wldp.dll
0x00007ffd47f40000 - 0x00007ffd47fed000 	C:\WINDOWS\System32\SHCORE.dll
0x00007ffd48520000 - 0x00007ffd48575000 	C:\WINDOWS\System32\shlwapi.dll
0x00007ffd46790000 - 0x00007ffd467af000 	C:\WINDOWS\SYSTEM32\profapi.dll
0x00007ffd26180000 - 0x00007ffd2619a000 	C:\Program Files\Android\Android Studio\jre\bin\net.dll
0x00007ffd3d190000 - 0x00007ffd3d298000 	C:\WINDOWS\SYSTEM32\WINHTTP.dll
0x00007ffd46000000 - 0x00007ffd4606a000 	C:\WINDOWS\system32\mswsock.dll
0x00007ffd26160000 - 0x00007ffd26174000 	C:\Program Files\Android\Android Studio\jre\bin\nio.dll
0x00007ffd3e8f0000 - 0x00007ffd3e917000 	C:\Users\muham\.gradle\native\8bec1ad78214c89d9ad589b4d07fe93259594b29d510b10fafb7a158f7737e5d\windows-amd64\native-platform.dll
0x00007ffcba5b0000 - 0x00007ffcba6ed000 	C:\Users\muham\.gradle\native\53dbd7edfb1c66fb8903c78663c9afc45aea4f116125fa6feffd364cf09443e8\windows-amd64\native-platform-file-events.dll
0x00007ffd165e0000 - 0x00007ffd165ea000 	C:\Program Files\Android\Android Studio\jre\bin\management.dll
0x00007ffd165d0000 - 0x00007ffd165dc000 	C:\Program Files\Android\Android Studio\jre\bin\management_ext.dll
0x00007ffd461f0000 - 0x00007ffd46208000 	C:\WINDOWS\SYSTEM32\CRYPTSP.dll
0x00007ffd45910000 - 0x00007ffd45944000 	C:\WINDOWS\system32\rsaenh.dll
0x00007ffd47150000 - 0x00007ffd47177000 	C:\WINDOWS\System32\bcrypt.dll
0x00007ffd46710000 - 0x00007ffd4673e000 	C:\WINDOWS\SYSTEM32\USERENV.dll
0x00007ffd46210000 - 0x00007ffd4621c000 	C:\WINDOWS\SYSTEM32\CRYPTBASE.dll
0x00007ffd45ca0000 - 0x00007ffd45cdb000 	C:\WINDOWS\SYSTEM32\IPHLPAPI.DLL
0x00007ffd490e0000 - 0x00007ffd490e8000 	C:\WINDOWS\System32\NSI.dll
0x00007ffd3ee70000 - 0x00007ffd3ee87000 	C:\WINDOWS\SYSTEM32\dhcpcsvc6.DLL
0x00007ffd3fc10000 - 0x00007ffd3fc2d000 	C:\WINDOWS\SYSTEM32\dhcpcsvc.DLL
0x00007ffd45cf0000 - 0x00007ffd45dbc000 	C:\WINDOWS\SYSTEM32\DNSAPI.dll

dbghelp: loaded successfully - version: 4.0.5 - missing functions: none
symbol engine: initialized successfully - sym options: 0x614 - pdb path: .;C:\Program Files\Android\Android Studio\jre\bin;C:\WINDOWS\SYSTEM32;C:\WINDOWS\WinSxS\amd64_microsoft.windows.common-controls_6595b64144ccf1df_6.0.19041.1110_none_60b5254171f9507e;C:\Program Files\Android\Android Studio\jre\bin\server;C:\Users\muham\.gradle\native\8bec1ad78214c89d9ad589b4d07fe93259594b29d510b10fafb7a158f7737e5d\windows-amd64;C:\Users\muham\.gradle\native\53dbd7edfb1c66fb8903c78663c9afc45aea4f116125fa6feffd364cf09443e8\windows-amd64

VM Arguments:
jvm_args: --add-opens=java.base/java.util=ALL-UNNAMED --add-opens=java.base/java.lang=ALL-UNNAMED --add-opens=java.base/java.lang.invoke=ALL-UNNAMED --add-opens=java.base/java.util=ALL-UNNAMED --add-opens=java.prefs/java.util.prefs=ALL-UNNAMED --add-opens=java.prefs/java.util.prefs=ALL-UNNAMED --add-opens=java.base/java.nio.charset=ALL-UNNAMED --add-opens=java.base/java.net=ALL-UNNAMED --add-opens=java.base/java.util.concurrent.atomic=ALL-UNNAMED -Xmx2048m -Dfile.encoding=UTF-8 -Duser.country=US -Duser.language=en -Duser.variant 
java_command: org.gradle.launcher.daemon.bootstrap.GradleDaemon 7.0.2
java_class_path (initial): C:\Users\muham\.gradle\wrapper\dists\gradle-7.0.2-bin\857tjihv64xamwrf0h14cai3r\gradle-7.0.2\lib\gradle-launcher-7.0.2.jar
Launcher Type: SUN_STANDARD

[Global flags]
     intx CICompilerCount                          = 4                                         {product} {ergonomic}
     uint ConcGCThreads                            = 2                                         {product} {ergonomic}
     uint G1ConcRefinementThreads                  = 8                                         {product} {ergonomic}
   size_t G1HeapRegionSize                         = 1048576                                   {product} {ergonomic}
    uintx GCDrainStackTargetSize                   = 64                                        {product} {ergonomic}
   size_t InitialHeapSize                          = 134217728                                 {product} {ergonomic}
   size_t MarkStackSize                            = 4194304                                   {product} {ergonomic}
   size_t MaxHeapSize                              = 2147483648                                {product} {command line}
   size_t MaxNewSize                               = 1287651328                                {product} {ergonomic}
   size_t MinHeapDeltaBytes                        = 1048576                                   {product} {ergonomic}
    uintx NonNMethodCodeHeapSize                   = 5836300                                {pd product} {ergonomic}
    uintx NonProfiledCodeHeapSize                  = 122910970                              {pd product} {ergonomic}
    uintx ProfiledCodeHeapSize                     = 122910970                              {pd product} {ergonomic}
    uintx ReservedCodeCacheSize                    = 251658240                              {pd product} {ergonomic}
     bool SegmentedCodeCache                       = true                                      {product} {ergonomic}
     bool UseCompressedClassPointers               = true                                 {lp64_product} {ergonomic}
     bool UseCompressedOops                        = true                                 {lp64_product} {ergonomic}
     bool UseG1GC                                  = true                                      {product} {ergonomic}
     bool UseLargePagesIndividualAllocation        = false                                  {pd product} {ergonomic}

Logging:
Log output configuration:
 #0: stdout all=warning uptime,level,tags
 #1: stderr all=off uptime,level,tags

Environment Variables:
PATH=C:\Program Files (x86)\Common Files\Oracle\Java\javapath;C:\WINDOWS\system32;C:\WINDOWS;C:\WINDOWS\System32\Wbem;C:\WINDOWS\System32\WindowsPowerShell\v1.0\;C:\WINDOWS\System32\OpenSSH\;C:\Program Files\Intel\WiFi\bin\;C:\Program Files\Common Files\Intel\WirelessCommon\;C:\Program Files (x86)\dotnet\;C:\Android;C:\Windows\System32;C:\Program Files\Dart\dart-sdk\bin;C:\Program Files\nodejs\;C:\Program Files (x86)\Intel\Intel(R) Management Engine Components\DAL;C:\Program Files\Intel\Intel(R) Management Engine Components\DAL;C:\Program Files\Git\cmd;C:\Users\muham\AppData\Local\Programs\Python\Python38-32\Scripts\;C:\Users\muham\AppData\Local\Programs\Python\Python38-32\;C:\Users\muham\AppData\Local\Microsoft\WindowsApps;C:\Users\muham\AppData\Local\Programs\Microsoft VS Code\bin;C:\Program Files\JetBrains\PyCharm Community Edition 2020.2\bin;;C:\Program Files (x86)\Nmap;C:\Windows\System32\WindowsPowerShell\v1.0;C:\Program Files\Dart\dart-sdk\lib;C:\Users\muham\flutter\bin;C:\Users\muham\AppData\Roaming\npm
USERNAME=muham
OS=Windows_NT
PROCESSOR_IDENTIFIER=Intel64 Family 6 Model 142 Stepping 10, GenuineIntel



---------------  S Y S T E M  ---------------

OS: Windows 10 , 64 bit Build 19041 (10.0.19041.1202)
OS uptime: 1 days 22:04 hours

CPU:total 8 (initial active 8) (4 cores per cpu, 2 threads per core) family 6 model 142 stepping 10 microcode 0xd6, cmov, cx8, fxsr, mmx, sse, sse2, sse3, ssse3, sse4.1, sse4.2, popcnt, avx, avx2, aes, clmul, erms, 3dnowpref, lzcnt, ht, tsc, tscinvbit, bmi1, bmi2, adx, fma

Memory: 4k page, system-wide physical 8092M (509M free)
TotalPageFile size 23278M (AvailPageFile size 5M)
current process WorkingSet (physical memory assigned to process): 381M, peak: 381M
current process commit charge ("private bytes"): 421M, peak: 422M

vm_info: OpenJDK 64-Bit Server VM (11.0.10+0-b96-7249189) for windows-amd64 JRE (11.0.10+0-b96-7249189), built on Mar 31 2021 21:44:00 by "builder" with MS VC++ 14.0 (VS2015)

END.
