#
# There is insufficient memory for the Java Runtime Environment to continue.
# Native memory allocation (malloc) failed to allocate 1813136 bytes for Chunk::new
# Possible reasons:
#   The system is out of physical RAM or swap space
#   The process is running with CompressedOops enabled, and the Java Heap may be blocking the growth of the native heap
# Possible solutions:
#   Reduce memory load on the system
#   Increase physical memory or swap space
#   Check if swap backing store is full
#   Decrease Java heap size (-Xmx/-Xms)
#   Decrease number of Java threads
#   Decrease Java thread stack sizes (-Xss)
#   Set larger code cache with -XX:ReservedCodeCacheSize=
#   JVM is running with Unscaled Compressed Oops mode in which the Java heap is
#     placed in the first 4GB address space. The Java Heap base address is the
#     maximum limit for the native heap growth. Please use -XX:HeapBaseMinAddress
#     to set the Java Heap base and to place the Java Heap above 4GB virtual address.
# This output file may be truncated or incomplete.
#
#  Out of Memory Error (./src/hotspot/share/memory/arena.cpp:197), pid=15004, tid=17924
#
# JRE version: OpenJDK Runtime Environment (11.0.10) (build 11.0.10+0-b96-7249189)
# Java VM: OpenJDK 64-Bit Server VM (11.0.10+0-b96-7249189, mixed mode, tiered, compressed oops, g1 gc, windows-amd64)
# No core dump will be written. Minidumps are not enabled by default on client versions of Windows
#

---------------  S U M M A R Y ------------

Command Line: --add-opens=java.base/java.util=ALL-UNNAMED --add-opens=java.base/java.lang=ALL-UNNAMED --add-opens=java.base/java.lang.invoke=ALL-UNNAMED --add-opens=java.base/java.util=ALL-UNNAMED --add-opens=java.prefs/java.util.prefs=ALL-UNNAMED --add-opens=java.prefs/java.util.prefs=ALL-UNNAMED --add-opens=java.base/java.nio.charset=ALL-UNNAMED --add-opens=java.base/java.net=ALL-UNNAMED --add-opens=java.base/java.util.concurrent.atomic=ALL-UNNAMED -Xmx2048m -Dfile.encoding=UTF-8 -Duser.country=US -Duser.language=en -Duser.variant org.gradle.launcher.daemon.bootstrap.GradleDaemon 7.0.2

Host: Intel(R) Core(TM) i5-8250U CPU @ 1.60GHz, 8 cores, 7G,  Windows 10 , 64 bit Build 19041 (10.0.19041.1202)
Time: Thu Oct 28 17:13:44 2021 Jerusalem Daylight Time elapsed time: 3.378519 seconds (0d 0h 0m 3s)

---------------  T H R E A D  ---------------

Current thread (0x00000268cd459800):  JavaThread "C2 CompilerThread1" daemon [_thread_in_native, id=17924, stack(0x0000008a86c00000,0x0000008a86d00000)]


Current CompileTask:
C2:   3378 2236       4       java.net.URLClassLoader$1::run (5 bytes)

Stack: [0x0000008a86c00000,0x0000008a86d00000]
Native frames: (J=compiled Java code, j=interpreted, Vv=VM code, C=native code)
V  [jvm.dll+0x5ecfaa]
V  [jvm.dll+0x722bd5]
V  [jvm.dll+0x72412d]
V  [jvm.dll+0x7247e3]
V  [jvm.dll+0x242928]
V  [jvm.dll+0xbc4fc]
V  [jvm.dll+0xbca0c]
V  [jvm.dll+0x352d7d]
V  [jvm.dll+0x320ad3]
V  [jvm.dll+0x31ffca]
V  [jvm.dll+0x1fb602]
V  [jvm.dll+0x1fa7f4]
V  [jvm.dll+0x18354c]
V  [jvm.dll+0x208ee7]
V  [jvm.dll+0x207731]
V  [jvm.dll+0x6eb1cf]
V  [jvm.dll+0x6e3d45]
V  [jvm.dll+0x5ebe96]
C  [ucrtbase.dll+0x21bb2]
C  [KERNEL32.DLL+0x17034]
C  [ntdll.dll+0x52651]


---------------  P R O C E S S  ---------------

Threads class SMR info:
_java_thread_list=0x00000268d00183b0, length=30, elements={
0x00000268b04ff800, 0x00000268ca967000, 0x00000268ca968800, 0x00000268cb2e4800,
0x00000268cb2e6000, 0x00000268cb2e8000, 0x00000268cb2ec000, 0x00000268cb2f0800,
0x00000268ca985000, 0x00000268cb465800, 0x00000268cc8da800, 0x00000268cdc6d800,
0x00000268cb708800, 0x00000268cc388000, 0x00000268cca10000, 0x00000268cd917800,
0x00000268cd1ee000, 0x00000268cd218000, 0x00000268cbf76000, 0x00000268cbf77000,
0x00000268cbf77800, 0x00000268cbf75800, 0x00000268cd66c000, 0x00000268cd459800,
0x00000268cd66a000, 0x00000268cd66a800, 0x00000268cd66d000, 0x00000268cd667800,
0x00000268cd66b800, 0x00000268cd66e000
}

Java Threads: ( => current thread )
  0x00000268b04ff800 JavaThread "main" [_thread_blocked, id=4224, stack(0x0000008a84600000,0x0000008a84700000)]
  0x00000268ca967000 JavaThread "Reference Handler" daemon [_thread_blocked, id=13500, stack(0x0000008a84d00000,0x0000008a84e00000)]
  0x00000268ca968800 JavaThread "Finalizer" daemon [_thread_blocked, id=13388, stack(0x0000008a84e00000,0x0000008a84f00000)]
  0x00000268cb2e4800 JavaThread "Signal Dispatcher" daemon [_thread_blocked, id=15624, stack(0x0000008a84f00000,0x0000008a85000000)]
  0x00000268cb2e6000 JavaThread "Attach Listener" daemon [_thread_blocked, id=2776, stack(0x0000008a85000000,0x0000008a85100000)]
  0x00000268cb2e8000 JavaThread "Service Thread" daemon [_thread_blocked, id=12948, stack(0x0000008a85100000,0x0000008a85200000)]
  0x00000268cb2ec000 JavaThread "C2 CompilerThread0" daemon [_thread_in_native, id=6256, stack(0x0000008a85200000,0x0000008a85300000)]
  0x00000268cb2f0800 JavaThread "C1 CompilerThread0" daemon [_thread_blocked, id=5744, stack(0x0000008a85300000,0x0000008a85400000)]
  0x00000268ca985000 JavaThread "Sweeper thread" daemon [_thread_blocked, id=17864, stack(0x0000008a85400000,0x0000008a85500000)]
  0x00000268cb465800 JavaThread "Common-Cleaner" daemon [_thread_blocked, id=13984, stack(0x0000008a85500000,0x0000008a85600000)]
  0x00000268cc8da800 JavaThread "Daemon health stats" [_thread_blocked, id=7392, stack(0x0000008a85a00000,0x0000008a85b00000)]
  0x00000268cdc6d800 JavaThread "Incoming local TCP Connector on port 1026" [_thread_in_native, id=7564, stack(0x0000008a85700000,0x0000008a85800000)]
  0x00000268cb708800 JavaThread "Daemon periodic checks" [_thread_blocked, id=2380, stack(0x0000008a85b00000,0x0000008a85c00000)]
  0x00000268cc388000 JavaThread "Daemon" [_thread_blocked, id=12340, stack(0x0000008a85c00000,0x0000008a85d00000)]
  0x00000268cca10000 JavaThread "Handler for socket connection from /127.0.0.1:1026 to /127.0.0.1:1027" [_thread_in_native, id=17704, stack(0x0000008a85d00000,0x0000008a85e00000)]
  0x00000268cd917800 JavaThread "Cancel handler" [_thread_blocked, id=15096, stack(0x0000008a85e00000,0x0000008a85f00000)]
  0x00000268cd1ee000 JavaThread "Daemon worker" [_thread_in_native, id=16776, stack(0x0000008a85f00000,0x0000008a86000000)]
  0x00000268cd218000 JavaThread "Asynchronous log dispatcher for DefaultDaemonConnection: socket connection from /127.0.0.1:1026 to /127.0.0.1:1027" [_thread_blocked, id=16428, stack(0x0000008a86000000,0x0000008a86100000)]
  0x00000268cbf76000 JavaThread "Stdin handler" [_thread_blocked, id=14624, stack(0x0000008a86100000,0x0000008a86200000)]
  0x00000268cbf77000 JavaThread "Daemon client event forwarder" [_thread_blocked, id=17228, stack(0x0000008a86200000,0x0000008a86300000)]
  0x00000268cbf77800 JavaThread "Cache worker for file hash cache (C:\Users\muham\.gradle\caches\7.0.2\fileHashes)" [_thread_blocked, id=17192, stack(0x0000008a86800000,0x0000008a86900000)]
  0x00000268cbf75800 JavaThread "File lock request listener" [_thread_in_native, id=10804, stack(0x0000008a86900000,0x0000008a86a00000)]
  0x00000268cd66c000 JavaThread "Cache worker for journal cache (C:\Users\muham\.gradle\caches\journal-1)" [_thread_blocked, id=18376, stack(0x0000008a86b00000,0x0000008a86c00000)]
=>0x00000268cd459800 JavaThread "C2 CompilerThread1" daemon [_thread_in_native, id=17924, stack(0x0000008a86c00000,0x0000008a86d00000)]
  0x00000268cd66a000 JavaThread "Cache worker for file hash cache (C:\Users\muham\android development\DSCWorkShopTraning\task2\.gradle\7.0.2\fileHashes)" [_thread_blocked, id=14940, stack(0x0000008a86d00000,0x0000008a86e00000)]
  0x00000268cd66a800 JavaThread "File watcher server" daemon [_thread_in_native, id=7700, stack(0x0000008a86e00000,0x0000008a86f00000)]
  0x00000268cd66d000 JavaThread "File watcher consumer" daemon [_thread_blocked, id=11044, stack(0x0000008a86f00000,0x0000008a87000000)]
  0x00000268cd667800 JavaThread "Cache worker for checksums cache (C:\Users\muham\android development\DSCWorkShopTraning\task2\.gradle\checksums)" [_thread_blocked, id=4916, stack(0x0000008a87000000,0x0000008a87100000)]
  0x00000268cd66b800 JavaThread "Cache worker for cache directory md-supplier (C:\Users\muham\.gradle\caches\7.0.2\md-supplier)" [_thread_blocked, id=11968, stack(0x0000008a87100000,0x0000008a87200000)]
  0x00000268cd66e000 JavaThread "Cache worker for cache directory md-rule (C:\Users\muham\.gradle\caches\7.0.2\md-rule)" [_thread_blocked, id=16932, stack(0x0000008a87200000,0x0000008a87300000)]

Other Threads:
  0x00000268ca962800 VMThread "VM Thread" [stack: 0x0000008a84c00000,0x0000008a84d00000] [id=8960]
  0x00000268cb477800 WatcherThread [stack: 0x0000008a85600000,0x0000008a85700000] [id=18148]
  0x00000268b0517800 GCTaskThread "GC Thread#0" [stack: 0x0000008a84700000,0x0000008a84800000] [id=6356]
  0x00000268cbb7e000 GCTaskThread "GC Thread#1" [stack: 0x0000008a85800000,0x0000008a85900000] [id=4760]
  0x00000268cb6f4000 GCTaskThread "GC Thread#2" [stack: 0x0000008a85900000,0x0000008a85a00000] [id=8788]
  0x00000268ccbac000 GCTaskThread "GC Thread#3" [stack: 0x0000008a86300000,0x0000008a86400000] [id=17820]
  0x00000268cc071800 GCTaskThread "GC Thread#4" [stack: 0x0000008a86400000,0x0000008a86500000] [id=18344]
  0x00000268cbacb000 GCTaskThread "GC Thread#5" [stack: 0x0000008a86500000,0x0000008a86600000] [id=3900]
  0x00000268cbad1000 GCTaskThread "GC Thread#6" [stack: 0x0000008a86600000,0x0000008a86700000] [id=15852]
  0x00000268cbacb800 GCTaskThread "GC Thread#7" [stack: 0x0000008a86700000,0x0000008a86800000] [id=14212]
  0x00000268b0547000 ConcurrentGCThread "G1 Main Marker" [stack: 0x0000008a84800000,0x0000008a84900000] [id=8048]
  0x00000268b0548800 ConcurrentGCThread "G1 Conc#0" [stack: 0x0000008a84900000,0x0000008a84a00000] [id=7424]
  0x00000268cd147000 ConcurrentGCThread "G1 Conc#1" [stack: 0x0000008a86a00000,0x0000008a86b00000] [id=18412]
  0x00000268ca7b0800 ConcurrentGCThread "G1 Refine#0" [stack: 0x0000008a84a00000,0x0000008a84b00000] [id=1788]
  0x00000268ca7b1000 ConcurrentGCThread "G1 Young RemSet Sampling" [stack: 0x0000008a84b00000,0x0000008a84c00000] [id=14232]

Threads with active compile tasks:
C2 CompilerThread0   3416 2237   !   4       java.net.URLClassLoader$1::run (63 bytes)
C2 CompilerThread1   3416 2236       4       java.net.URLClassLoader$1::run (5 bytes)

VM state:not at safepoint (normal execution)

VM Mutex/Monitor currently owned by a thread: None

Heap address: 0x0000000080000000, size: 2048 MB, Compressed Oops mode: 32-bit
Narrow klass base: 0x0000000000000000, Narrow klass shift: 3
Compressed class space size: 1073741824 Address: 0x0000000100000000

Heap:
 garbage-first heap   total 131072K, used 49037K [0x0000000080000000, 0x0000000100000000)
  region size 1024K, 34 young (34816K), 3 survivors (3072K)
 Metaspace       used 28277K, capacity 28984K, committed 29184K, reserved 1075200K
  class space    used 3774K, capacity 4028K, committed 4096K, reserved 1048576K
Heap Regions: E=young(eden), S=young(survivor), O=old, HS=humongous(starts), HC=humongous(continues), CS=collection set, F=free, A=archive, TAMS=top-at-mark-start (previous, next)
|   0|0x0000000080000000, 0x0000000080100000, 0x0000000080100000|100%| O|  |TAMS 0x0000000080100000, 0x0000000080000000| Untracked 
|   1|0x0000000080100000, 0x0000000080200000, 0x0000000080200000|100%| O|  |TAMS 0x0000000080200000, 0x0000000080100000| Untracked 
|   2|0x0000000080200000, 0x0000000080300000, 0x0000000080300000|100%| O|  |TAMS 0x0000000080300000, 0x0000000080200000| Untracked 
|   3|0x0000000080300000, 0x0000000080400000, 0x0000000080400000|100%|HS|  |TAMS 0x0000000080400000, 0x0000000080300000| Complete 
|   4|0x0000000080400000, 0x0000000080500000, 0x0000000080500000|100%|HC|  |TAMS 0x0000000080500000, 0x0000000080400000| Complete 
|   5|0x0000000080500000, 0x0000000080600000, 0x0000000080600000|100%|HC|  |TAMS 0x0000000080600000, 0x0000000080500000| Complete 
|   6|0x0000000080600000, 0x0000000080700000, 0x0000000080700000|100%| O|  |TAMS 0x0000000080700000, 0x0000000080600000| Untracked 
|   7|0x0000000080700000, 0x0000000080800000, 0x0000000080800000|100%| O|  |TAMS 0x0000000080800000, 0x0000000080700000| Untracked 
|   8|0x0000000080800000, 0x0000000080900000, 0x0000000080900000|100%| O|  |TAMS 0x0000000080900000, 0x0000000080800000| Untracked 
|   9|0x0000000080900000, 0x0000000080a00000, 0x0000000080a00000|100%| O|  |TAMS 0x0000000080a00000, 0x0000000080900000| Untracked 
|  10|0x0000000080a00000, 0x0000000080b00000, 0x0000000080b00000|100%| O|  |TAMS 0x0000000080b00000, 0x0000000080a00000| Untracked 
|  11|0x0000000080b00000, 0x0000000080c00000, 0x0000000080c00000|100%| O|  |TAMS 0x0000000080c00000, 0x0000000080b00000| Untracked 
|  12|0x0000000080c00000, 0x0000000080d00000, 0x0000000080d00000|100%| O|  |TAMS 0x0000000080d00000, 0x0000000080c00000| Untracked 
|  13|0x0000000080d00000, 0x0000000080e00000, 0x0000000080e00000|100%| O|  |TAMS 0x0000000080e00000, 0x0000000080d00000| Untracked 
|  14|0x0000000080e00000, 0x0000000080f00000, 0x0000000080f00000|100%| O|  |TAMS 0x0000000080f00000, 0x0000000080e00000| Untracked 
|  15|0x0000000080f00000, 0x0000000080f67800, 0x0000000081000000| 40%| O|  |TAMS 0x0000000080f67800, 0x0000000080f00000| Untracked 
|  16|0x0000000081000000, 0x0000000081000000, 0x0000000081100000|  0%| F|  |TAMS 0x0000000081000000, 0x0000000081000000| Untracked 
|  17|0x0000000081100000, 0x0000000081100000, 0x0000000081200000|  0%| F|  |TAMS 0x0000000081100000, 0x0000000081100000| Untracked 
|  18|0x0000000081200000, 0x0000000081200000, 0x0000000081300000|  0%| F|  |TAMS 0x0000000081200000, 0x0000000081200000| Untracked 
|  19|0x0000000081300000, 0x0000000081300000, 0x0000000081400000|  0%| F|  |TAMS 0x0000000081300000, 0x0000000081300000| Untracked 
|  20|0x0000000081400000, 0x0000000081400000, 0x0000000081500000|  0%| F|  |TAMS 0x0000000081400000, 0x0000000081400000| Untracked 
|  21|0x0000000081500000, 0x0000000081500000, 0x0000000081600000|  0%| F|  |TAMS 0x0000000081500000, 0x0000000081500000| Untracked 
|  22|0x0000000081600000, 0x0000000081600000, 0x0000000081700000|  0%| F|  |TAMS 0x0000000081600000, 0x0000000081600000| Untracked 
|  23|0x0000000081700000, 0x0000000081700000, 0x0000000081800000|  0%| F|  |TAMS 0x0000000081700000, 0x0000000081700000| Untracked 
|  24|0x0000000081800000, 0x0000000081800000, 0x0000000081900000|  0%| F|  |TAMS 0x0000000081800000, 0x0000000081800000| Untracked 
|  25|0x0000000081900000, 0x0000000081900000, 0x0000000081a00000|  0%| F|  |TAMS 0x0000000081900000, 0x0000000081900000| Untracked 
|  26|0x0000000081a00000, 0x0000000081a00000, 0x0000000081b00000|  0%| F|  |TAMS 0x0000000081a00000, 0x0000000081a00000| Untracked 
|  27|0x0000000081b00000, 0x0000000081b00000, 0x0000000081c00000|  0%| F|  |TAMS 0x0000000081b00000, 0x0000000081b00000| Untracked 
|  28|0x0000000081c00000, 0x0000000081c00000, 0x0000000081d00000|  0%| F|  |TAMS 0x0000000081c00000, 0x0000000081c00000| Untracked 
|  29|0x0000000081d00000, 0x0000000081d00000, 0x0000000081e00000|  0%| F|  |TAMS 0x0000000081d00000, 0x0000000081d00000| Untracked 
|  30|0x0000000081e00000, 0x0000000081e00000, 0x0000000081f00000|  0%| F|  |TAMS 0x0000000081e00000, 0x0000000081e00000| Untracked 
|  31|0x0000000081f00000, 0x0000000081f00000, 0x0000000082000000|  0%| F|  |TAMS 0x0000000081f00000, 0x0000000081f00000| Untracked 
|  32|0x0000000082000000, 0x0000000082000000, 0x0000000082100000|  0%| F|  |TAMS 0x0000000082000000, 0x0000000082000000| Untracked 
|  33|0x0000000082100000, 0x0000000082100000, 0x0000000082200000|  0%| F|  |TAMS 0x0000000082100000, 0x0000000082100000| Untracked 
|  34|0x0000000082200000, 0x0000000082200000, 0x0000000082300000|  0%| F|  |TAMS 0x0000000082200000, 0x0000000082200000| Untracked 
|  35|0x0000000082300000, 0x0000000082300000, 0x0000000082400000|  0%| F|  |TAMS 0x0000000082300000, 0x0000000082300000| Untracked 
|  36|0x0000000082400000, 0x0000000082400000, 0x0000000082500000|  0%| F|  |TAMS 0x0000000082400000, 0x0000000082400000| Untracked 
|  37|0x0000000082500000, 0x0000000082500000, 0x0000000082600000|  0%| F|  |TAMS 0x0000000082500000, 0x0000000082500000| Untracked 
|  38|0x0000000082600000, 0x0000000082600000, 0x0000000082700000|  0%| F|  |TAMS 0x0000000082600000, 0x0000000082600000| Untracked 
|  39|0x0000000082700000, 0x0000000082700000, 0x0000000082800000|  0%| F|  |TAMS 0x0000000082700000, 0x0000000082700000| Untracked 
|  40|0x0000000082800000, 0x0000000082800000, 0x0000000082900000|  0%| F|  |TAMS 0x0000000082800000, 0x0000000082800000| Untracked 
|  41|0x0000000082900000, 0x0000000082900000, 0x0000000082a00000|  0%| F|  |TAMS 0x0000000082900000, 0x0000000082900000| Untracked 
|  42|0x0000000082a00000, 0x0000000082a00000, 0x0000000082b00000|  0%| F|  |TAMS 0x0000000082a00000, 0x0000000082a00000| Untracked 
|  43|0x0000000082b00000, 0x0000000082b00000, 0x0000000082c00000|  0%| F|  |TAMS 0x0000000082b00000, 0x0000000082b00000| Untracked 
|  44|0x0000000082c00000, 0x0000000082c00000, 0x0000000082d00000|  0%| F|  |TAMS 0x0000000082c00000, 0x0000000082c00000| Untracked 
|  45|0x0000000082d00000, 0x0000000082d00000, 0x0000000082e00000|  0%| F|  |TAMS 0x0000000082d00000, 0x0000000082d00000| Untracked 
|  46|0x0000000082e00000, 0x0000000082e00000, 0x0000000082f00000|  0%| F|  |TAMS 0x0000000082e00000, 0x0000000082e00000| Untracked 
|  47|0x0000000082f00000, 0x0000000082f00000, 0x0000000083000000|  0%| F|  |TAMS 0x0000000082f00000, 0x0000000082f00000| Untracked 
|  48|0x0000000083000000, 0x0000000083000000, 0x0000000083100000|  0%| F|  |TAMS 0x0000000083000000, 0x0000000083000000| Untracked 
|  49|0x0000000083100000, 0x0000000083100000, 0x0000000083200000|  0%| F|  |TAMS 0x0000000083100000, 0x0000000083100000| Untracked 
|  50|0x0000000083200000, 0x0000000083200000, 0x0000000083300000|  0%| F|  |TAMS 0x0000000083200000, 0x0000000083200000| Untracked 
|  51|0x0000000083300000, 0x0000000083300000, 0x0000000083400000|  0%| F|  |TAMS 0x0000000083300000, 0x0000000083300000| Untracked 
|  52|0x0000000083400000, 0x0000000083400000, 0x0000000083500000|  0%| F|  |TAMS 0x0000000083400000, 0x0000000083400000| Untracked 
|  53|0x0000000083500000, 0x0000000083500000, 0x0000000083600000|  0%| F|  |TAMS 0x0000000083500000, 0x0000000083500000| Untracked 
|  54|0x0000000083600000, 0x0000000083600000, 0x0000000083700000|  0%| F|  |TAMS 0x0000000083600000, 0x0000000083600000| Untracked 
|  55|0x0000000083700000, 0x0000000083700000, 0x0000000083800000|  0%| F|  |TAMS 0x0000000083700000, 0x0000000083700000| Untracked 
|  56|0x0000000083800000, 0x0000000083800000, 0x0000000083900000|  0%| F|  |TAMS 0x0000000083800000, 0x0000000083800000| Untracked 
|  57|0x0000000083900000, 0x0000000083900000, 0x0000000083a00000|  0%| F|  |TAMS 0x0000000083900000, 0x0000000083900000| Untracked 
|  58|0x0000000083a00000, 0x0000000083a00000, 0x0000000083b00000|  0%| F|  |TAMS 0x0000000083a00000, 0x0000000083a00000| Untracked 
|  59|0x0000000083b00000, 0x0000000083b00000, 0x0000000083c00000|  0%| F|  |TAMS 0x0000000083b00000, 0x0000000083b00000| Untracked 
|  60|0x0000000083c00000, 0x0000000083c00000, 0x0000000083d00000|  0%| F|  |TAMS 0x0000000083c00000, 0x0000000083c00000| Untracked 
|  61|0x0000000083d00000, 0x0000000083d00000, 0x0000000083e00000|  0%| F|  |TAMS 0x0000000083d00000, 0x0000000083d00000| Untracked 
|  62|0x0000000083e00000, 0x0000000083e00000, 0x0000000083f00000|  0%| F|  |TAMS 0x0000000083e00000, 0x0000000083e00000| Untracked 
|  63|0x0000000083f00000, 0x0000000083f00000, 0x0000000084000000|  0%| F|  |TAMS 0x0000000083f00000, 0x0000000083f00000| Untracked 
|  64|0x0000000084000000, 0x0000000084000000, 0x0000000084100000|  0%| F|  |TAMS 0x0000000084000000, 0x0000000084000000| Untracked 
|  65|0x0000000084100000, 0x0000000084100000, 0x0000000084200000|  0%| F|  |TAMS 0x0000000084100000, 0x0000000084100000| Untracked 
|  66|0x0000000084200000, 0x0000000084200000, 0x0000000084300000|  0%| F|  |TAMS 0x0000000084200000, 0x0000000084200000| Untracked 
|  67|0x0000000084300000, 0x0000000084300000, 0x0000000084400000|  0%| F|  |TAMS 0x0000000084300000, 0x0000000084300000| Untracked 
|  68|0x0000000084400000, 0x0000000084400000, 0x0000000084500000|  0%| F|  |TAMS 0x0000000084400000, 0x0000000084400000| Untracked 
|  69|0x0000000084500000, 0x0000000084500000, 0x0000000084600000|  0%| F|  |TAMS 0x0000000084500000, 0x0000000084500000| Untracked 
|  70|0x0000000084600000, 0x0000000084600000, 0x0000000084700000|  0%| F|  |TAMS 0x0000000084600000, 0x0000000084600000| Untracked 
|  71|0x0000000084700000, 0x0000000084700000, 0x0000000084800000|  0%| F|  |TAMS 0x0000000084700000, 0x0000000084700000| Untracked 
|  72|0x0000000084800000, 0x0000000084800000, 0x0000000084900000|  0%| F|  |TAMS 0x0000000084800000, 0x0000000084800000| Untracked 
|  73|0x0000000084900000, 0x0000000084900000, 0x0000000084a00000|  0%| F|  |TAMS 0x0000000084900000, 0x0000000084900000| Untracked 
|  74|0x0000000084a00000, 0x0000000084a00000, 0x0000000084b00000|  0%| F|  |TAMS 0x0000000084a00000, 0x0000000084a00000| Untracked 
|  75|0x0000000084b00000, 0x0000000084b7be10, 0x0000000084c00000| 48%| S|CS|TAMS 0x0000000084b00000, 0x0000000084b00000| Complete 
|  76|0x0000000084c00000, 0x0000000084d00000, 0x0000000084d00000|100%| S|CS|TAMS 0x0000000084c00000, 0x0000000084c00000| Complete 
|  77|0x0000000084d00000, 0x0000000084e00000, 0x0000000084e00000|100%| S|CS|TAMS 0x0000000084d00000, 0x0000000084d00000| Complete 
|  78|0x0000000084e00000, 0x0000000084e00000, 0x0000000084f00000|  0%| F|  |TAMS 0x0000000084e00000, 0x0000000084e00000| Untracked 
|  79|0x0000000084f00000, 0x0000000084f00000, 0x0000000085000000|  0%| F|  |TAMS 0x0000000084f00000, 0x0000000084f00000| Untracked 
|  80|0x0000000085000000, 0x0000000085000000, 0x0000000085100000|  0%| F|  |TAMS 0x0000000085000000, 0x0000000085000000| Untracked 
|  81|0x0000000085100000, 0x0000000085100000, 0x0000000085200000|  0%| F|  |TAMS 0x0000000085100000, 0x0000000085100000| Untracked 
|  82|0x0000000085200000, 0x0000000085200000, 0x0000000085300000|  0%| F|  |TAMS 0x0000000085200000, 0x0000000085200000| Untracked 
|  83|0x0000000085300000, 0x0000000085300000, 0x0000000085400000|  0%| F|  |TAMS 0x0000000085300000, 0x0000000085300000| Untracked 
|  84|0x0000000085400000, 0x0000000085400000, 0x0000000085500000|  0%| F|  |TAMS 0x0000000085400000, 0x0000000085400000| Untracked 
|  85|0x0000000085500000, 0x0000000085500000, 0x0000000085600000|  0%| F|  |TAMS 0x0000000085500000, 0x0000000085500000| Untracked 
|  86|0x0000000085600000, 0x0000000085600000, 0x0000000085700000|  0%| F|  |TAMS 0x0000000085600000, 0x0000000085600000| Untracked 
|  87|0x0000000085700000, 0x0000000085700000, 0x0000000085800000|  0%| F|  |TAMS 0x0000000085700000, 0x0000000085700000| Untracked 
|  88|0x0000000085800000, 0x0000000085800000, 0x0000000085900000|  0%| F|  |TAMS 0x0000000085800000, 0x0000000085800000| Untracked 
|  89|0x0000000085900000, 0x0000000085900000, 0x0000000085a00000|  0%| F|  |TAMS 0x0000000085900000, 0x0000000085900000| Untracked 
|  90|0x0000000085a00000, 0x0000000085a00000, 0x0000000085b00000|  0%| F|  |TAMS 0x0000000085a00000, 0x0000000085a00000| Untracked 
|  91|0x0000000085b00000, 0x0000000085b00000, 0x0000000085c00000|  0%| F|  |TAMS 0x0000000085b00000, 0x0000000085b00000| Untracked 
|  92|0x0000000085c00000, 0x0000000085c00000, 0x0000000085d00000|  0%| F|  |TAMS 0x0000000085c00000, 0x0000000085c00000| Untracked 
|  93|0x0000000085d00000, 0x0000000085d00000, 0x0000000085e00000|  0%| F|  |TAMS 0x0000000085d00000, 0x0000000085d00000| Untracked 
|  94|0x0000000085e00000, 0x0000000085e00000, 0x0000000085f00000|  0%| F|  |TAMS 0x0000000085e00000, 0x0000000085e00000| Untracked 
|  95|0x0000000085f00000, 0x0000000085f00000, 0x0000000086000000|  0%| F|  |TAMS 0x0000000085f00000, 0x0000000085f00000| Untracked 
|  96|0x0000000086000000, 0x0000000086000000, 0x0000000086100000|  0%| F|  |TAMS 0x0000000086000000, 0x0000000086000000| Untracked 
|  97|0x0000000086100000, 0x0000000086181c10, 0x0000000086200000| 50%| E|  |TAMS 0x0000000086100000, 0x0000000086100000| Complete 
|  98|0x0000000086200000, 0x0000000086300000, 0x0000000086300000|100%| E|CS|TAMS 0x0000000086200000, 0x0000000086200000| Complete 
|  99|0x0000000086300000, 0x0000000086400000, 0x0000000086400000|100%| E|CS|TAMS 0x0000000086300000, 0x0000000086300000| Complete 
| 100|0x0000000086400000, 0x0000000086500000, 0x0000000086500000|100%| E|CS|TAMS 0x0000000086400000, 0x0000000086400000| Complete 
| 101|0x0000000086500000, 0x0000000086600000, 0x0000000086600000|100%| E|CS|TAMS 0x0000000086500000, 0x0000000086500000| Complete 
| 102|0x0000000086600000, 0x0000000086700000, 0x0000000086700000|100%| E|CS|TAMS 0x0000000086600000, 0x0000000086600000| Complete 
| 103|0x0000000086700000, 0x0000000086800000, 0x0000000086800000|100%| E|CS|TAMS 0x0000000086700000, 0x0000000086700000| Complete 
| 104|0x0000000086800000, 0x0000000086900000, 0x0000000086900000|100%| E|CS|TAMS 0x0000000086800000, 0x0000000086800000| Complete 
| 105|0x0000000086900000, 0x0000000086a00000, 0x0000000086a00000|100%| E|CS|TAMS 0x0000000086900000, 0x0000000086900000| Complete 
| 106|0x0000000086a00000, 0x0000000086b00000, 0x0000000086b00000|100%| E|CS|TAMS 0x0000000086a00000, 0x0000000086a00000| Complete 
| 107|0x0000000086b00000, 0x0000000086c00000, 0x0000000086c00000|100%| E|CS|TAMS 0x0000000086b00000, 0x0000000086b00000| Complete 
| 108|0x0000000086c00000, 0x0000000086d00000, 0x0000000086d00000|100%| E|CS|TAMS 0x0000000086c00000, 0x0000000086c00000| Complete 
| 109|0x0000000086d00000, 0x0000000086e00000, 0x0000000086e00000|100%| E|CS|TAMS 0x0000000086d00000, 0x0000000086d00000| Complete 
| 110|0x0000000086e00000, 0x0000000086f00000, 0x0000000086f00000|100%| E|CS|TAMS 0x0000000086e00000, 0x0000000086e00000| Complete 
| 111|0x0000000086f00000, 0x0000000087000000, 0x0000000087000000|100%| E|CS|TAMS 0x0000000086f00000, 0x0000000086f00000| Complete 
| 112|0x0000000087000000, 0x0000000087100000, 0x0000000087100000|100%| E|CS|TAMS 0x0000000087000000, 0x0000000087000000| Complete 
| 113|0x0000000087100000, 0x0000000087200000, 0x0000000087200000|100%| E|CS|TAMS 0x0000000087100000, 0x0000000087100000| Complete 
| 114|0x0000000087200000, 0x0000000087300000, 0x0000000087300000|100%| E|CS|TAMS 0x0000000087200000, 0x0000000087200000| Complete 
| 115|0x0000000087300000, 0x0000000087400000, 0x0000000087400000|100%| E|CS|TAMS 0x0000000087300000, 0x0000000087300000| Complete 
| 116|0x0000000087400000, 0x0000000087500000, 0x0000000087500000|100%| E|CS|TAMS 0x0000000087400000, 0x0000000087400000| Complete 
| 117|0x0000000087500000, 0x0000000087600000, 0x0000000087600000|100%| E|CS|TAMS 0x0000000087500000, 0x0000000087500000| Complete 
| 118|0x0000000087600000, 0x0000000087700000, 0x0000000087700000|100%| E|CS|TAMS 0x0000000087600000, 0x0000000087600000| Complete 
| 119|0x0000000087700000, 0x0000000087800000, 0x0000000087800000|100%| E|CS|TAMS 0x0000000087700000, 0x0000000087700000| Complete 
| 120|0x0000000087800000, 0x0000000087900000, 0x0000000087900000|100%| E|CS|TAMS 0x0000000087800000, 0x0000000087800000| Complete 
| 121|0x0000000087900000, 0x0000000087a00000, 0x0000000087a00000|100%| E|CS|TAMS 0x0000000087900000, 0x0000000087900000| Complete 
| 122|0x0000000087a00000, 0x0000000087b00000, 0x0000000087b00000|100%| E|CS|TAMS 0x0000000087a00000, 0x0000000087a00000| Complete 
| 123|0x0000000087b00000, 0x0000000087c00000, 0x0000000087c00000|100%| E|CS|TAMS 0x0000000087b00000, 0x0000000087b00000| Complete 
| 124|0x0000000087c00000, 0x0000000087d00000, 0x0000000087d00000|100%| E|CS|TAMS 0x0000000087c00000, 0x0000000087c00000| Complete 
| 125|0x0000000087d00000, 0x0000000087e00000, 0x0000000087e00000|100%| E|CS|TAMS 0x0000000087d00000, 0x0000000087d00000| Complete 
| 126|0x0000000087e00000, 0x0000000087f00000, 0x0000000087f00000|100%| E|CS|TAMS 0x0000000087e00000, 0x0000000087e00000| Complete 
| 127|0x0000000087f00000, 0x0000000088000000, 0x0000000088000000|100%| E|CS|TAMS 0x0000000087f00000, 0x0000000087f00000| Complete 

Card table byte_map: [0x00000268c3720000,0x00000268c3b20000] _byte_map_base: 0x00000268c3320000

Marking Bits (Prev, Next): (CMBitMap*) 0x00000268b053e690, (CMBitMap*) 0x00000268b053e658
 Prev Bits: [0x00000268c5f20000, 0x00000268c7f20000)
 Next Bits: [0x00000268c3f20000, 0x00000268c5f20000)

Polling page: 0x00000268ae4a0000

Metaspace:

Usage:
  Non-class:     24.37 MB capacity,    23.95 MB ( 98%) used,   376.50 KB (  2%) free+waste,    56.94 KB ( <1%) overhead. 
      Class:      3.93 MB capacity,     3.69 MB ( 94%) used,   220.80 KB (  5%) free+waste,    28.88 KB ( <1%) overhead. 
       Both:     28.30 MB capacity,    27.64 MB ( 98%) used,   597.30 KB (  2%) free+waste,    85.81 KB ( <1%) overhead. 

Virtual space:
  Non-class space:       26.00 MB reserved,      24.50 MB ( 94%) committed 
      Class space:        1.00 GB reserved,       4.00 MB ( <1%) committed 
             Both:        1.03 GB reserved,      28.50 MB (  3%) committed 

Chunk freelists:
   Non-Class:  4.00 KB
       Class:  4.00 KB
        Both:  8.00 KB

MaxMetaspaceSize: 17179869184.00 GB
CompressedClassSpaceSize: 1.00 GB

CodeHeap 'non-profiled nmethods': size=120000Kb used=1116Kb max_used=1116Kb free=118883Kb
 bounds [0x00000268bbac0000, 0x00000268bbd30000, 0x00000268c2ff0000]
CodeHeap 'profiled nmethods': size=120000Kb used=5172Kb max_used=5172Kb free=114828Kb
 bounds [0x00000268b4590000, 0x00000268b4aa0000, 0x00000268bbac0000]
CodeHeap 'non-nmethods': size=5760Kb used=1162Kb max_used=1204Kb free=4597Kb
 bounds [0x00000268b3ff0000, 0x00000268b4260000, 0x00000268b4590000]
 total_blobs=2904 nmethods=2400 adapters=415
 compilation: enabled
              stopped_count=0, restarted_count=0
 full_count=0

Compilation events (20 events):
Event: 3.352 Thread 0x00000268cb2f0800 2367       3       org.objectweb.asm.SymbolTable$Entry::<init> (18 bytes)
Event: 3.352 Thread 0x00000268cb2f0800 nmethod 2367 0x00000268b4a79c90 code [0x00000268b4a79e40, 0x00000268b4a79fa8]
Event: 3.352 Thread 0x00000268cb2f0800 2369       3       java.lang.reflect.Constructor::copy (72 bytes)
Event: 3.352 Thread 0x00000268cb2f0800 nmethod 2369 0x00000268b4a7a090 code [0x00000268b4a7a260, 0x00000268b4a7a5f8]
Event: 3.352 Thread 0x00000268cb2f0800 2362       3       org.gradle.internal.instantiation.generator.AbstractClassGenerator$PropertyMetadata::isReadOnly (25 bytes)
Event: 3.352 Thread 0x00000268cb2f0800 nmethod 2362 0x00000268b4a7a710 code [0x00000268b4a7a8e0, 0x00000268b4a7ab48]
Event: 3.366 Thread 0x00000268cb2f0800 2370       3       org.gradle.internal.instantiation.generator.AbstractClassGenerator$PropertyMetadata::getType (34 bytes)
Event: 3.367 Thread 0x00000268cb2f0800 nmethod 2370 0x00000268b4a7ac10 code [0x00000268b4a7ae20, 0x00000268b4a7b3f8]
Event: 3.367 Thread 0x00000268cb2f0800 2373       3       org.objectweb.asm.Edge::<init> (20 bytes)
Event: 3.367 Thread 0x00000268cb2f0800 nmethod 2373 0x00000268b4a7b610 code [0x00000268b4a7b7c0, 0x00000268b4a7b9d8]
Event: 3.367 Thread 0x00000268cb2f0800 2371       3       org.objectweb.asm.MethodWriter::visitInsn (115 bytes)
Event: 3.368 Thread 0x00000268cb2f0800 nmethod 2371 0x00000268b4a7ba90 code [0x00000268b4a7bc80, 0x00000268b4a7c108]
Event: 3.368 Thread 0x00000268cb2f0800 2372       3       org.objectweb.asm.MethodWriter::addSuccessorToCurrentBasicBlock (24 bytes)
Event: 3.368 Thread 0x00000268cb2f0800 nmethod 2372 0x00000268b4a7c290 code [0x00000268b4a7c460, 0x00000268b4a7c798]
Event: 3.368 Thread 0x00000268cb2f0800 2376       3       org.objectweb.asm.MethodWriter::visitFrameStart (55 bytes)
Event: 3.368 Thread 0x00000268cb2f0800 nmethod 2376 0x00000268b4a7c910 code [0x00000268b4a7cae0, 0x00000268b4a7cdd8]
Event: 3.368 Thread 0x00000268cb2f0800 2375       3       org.objectweb.asm.Type::getDescriptor (93 bytes)
Event: 3.368 Thread 0x00000268cb2f0800 nmethod 2375 0x00000268b4a7cf10 code [0x00000268b4a7d1a0, 0x00000268b4a7db08]
Event: 3.368 Thread 0x00000268cb2f0800 2378       3       java.lang.Class::copyConstructors (38 bytes)
Event: 3.370 Thread 0x00000268cb2f0800 nmethod 2378 0x00000268b4a7de90 code [0x00000268b4a7e100, 0x00000268b4a7eb88]

GC Heap History (8 events):
Event: 0.642 GC heap before
{Heap before GC invocations=0 (full 0):
 garbage-first heap   total 131072K, used 29696K [0x0000000080000000, 0x0000000100000000)
  region size 1024K, 24 young (24576K), 0 survivors (0K)
 Metaspace       used 9796K, capacity 9986K, committed 10112K, reserved 1058816K
  class space    used 1022K, capacity 1102K, committed 1152K, reserved 1048576K
}
Event: 0.648 GC heap after
{Heap after GC invocations=1 (full 0):
 garbage-first heap   total 131072K, used 9056K [0x0000000080000000, 0x0000000100000000)
  region size 1024K, 3 young (3072K), 3 survivors (3072K)
 Metaspace       used 9796K, capacity 9986K, committed 10112K, reserved 1058816K
  class space    used 1022K, capacity 1102K, committed 1152K, reserved 1048576K
}
Event: 2.259 GC heap before
{Heap before GC invocations=1 (full 0):
 garbage-first heap   total 131072K, used 83808K [0x0000000080000000, 0x0000000100000000)
  region size 1024K, 76 young (77824K), 3 survivors (3072K)
 Metaspace       used 17746K, capacity 18219K, committed 18432K, reserved 1064960K
  class space    used 2104K, capacity 2238K, committed 2304K, reserved 1048576K
}
Event: 2.268 GC heap after
{Heap after GC invocations=2 (full 0):
 garbage-first heap   total 131072K, used 16203K [0x0000000080000000, 0x0000000100000000)
  region size 1024K, 10 young (10240K), 10 survivors (10240K)
 Metaspace       used 17746K, capacity 18219K, committed 18432K, reserved 1064960K
  class space    used 2104K, capacity 2238K, committed 2304K, reserved 1048576K
}
Event: 2.516 GC heap before
{Heap before GC invocations=2 (full 0):
 garbage-first heap   total 131072K, used 37707K [0x0000000080000000, 0x0000000100000000)
  region size 1024K, 32 young (32768K), 10 survivors (10240K)
 Metaspace       used 20606K, capacity 21118K, committed 21248K, reserved 1067008K
  class space    used 2520K, capacity 2720K, committed 2816K, reserved 1048576K
}
Event: 2.525 GC heap after
{Heap after GC invocations=3 (full 0):
 garbage-first heap   total 131072K, used 16623K [0x0000000080000000, 0x0000000100000000)
  region size 1024K, 1 young (1024K), 1 survivors (1024K)
 Metaspace       used 20606K, capacity 21118K, committed 21248K, reserved 1067008K
  class space    used 2520K, capacity 2720K, committed 2816K, reserved 1048576K
}
Event: 3.055 GC heap before
{Heap before GC invocations=4 (full 0):
 garbage-first heap   total 131072K, used 65775K [0x0000000080000000, 0x0000000100000000)
  region size 1024K, 50 young (51200K), 1 survivors (1024K)
 Metaspace       used 25707K, capacity 26354K, committed 26496K, reserved 1073152K
  class space    used 3364K, capacity 3598K, committed 3712K, reserved 1048576K
}
Event: 3.058 GC heap after
{Heap after GC invocations=5 (full 0):
 garbage-first heap   total 131072K, used 18317K [0x0000000080000000, 0x0000000100000000)
  region size 1024K, 3 young (3072K), 3 survivors (3072K)
 Metaspace       used 25707K, capacity 26354K, committed 26496K, reserved 1073152K
  class space    used 3364K, capacity 3598K, committed 3712K, reserved 1048576K
}

Deoptimization events (20 events):
Event: 3.019 Thread 0x00000268cd1ee000 Uncommon trap: trap_request=0xffffffde fr.pc=0x00000268bbba4da8 relative=0x00000000000002e8
Event: 3.019 Thread 0x00000268cd1ee000 Uncommon trap: reason=class_check action=maybe_recompile pc=0x00000268bbba4da8 method=java.util.Collections$SetFromMap.remove(Ljava/lang/Object;)Z @ 5 c2
Event: 3.019 Thread 0x00000268cd1ee000 DEOPT PACKING pc=0x00000268bbba4da8 sp=0x0000008a85ffc870
Event: 3.019 Thread 0x00000268cd1ee000 DEOPT UNPACKING pc=0x00000268b40178af sp=0x0000008a85ffc868 mode 2
Event: 3.038 Thread 0x00000268cd1ee000 Uncommon trap: trap_request=0xffffff4d fr.pc=0x00000268bbadbf68 relative=0x0000000000000048
Event: 3.038 Thread 0x00000268cd1ee000 Uncommon trap: reason=unstable_if action=reinterpret pc=0x00000268bbadbf68 method=java.net.URI.match(CJJ)Z @ 19 c2
Event: 3.038 Thread 0x00000268cd1ee000 DEOPT PACKING pc=0x00000268bbadbf68 sp=0x0000008a85ffb380
Event: 3.038 Thread 0x00000268cd1ee000 DEOPT UNPACKING pc=0x00000268b40178af sp=0x0000008a85ffb308 mode 2
Event: 3.038 Thread 0x00000268cd1ee000 Uncommon trap: trap_request=0xffffff4d fr.pc=0x00000268bbb114e4 relative=0x00000000000001a4
Event: 3.038 Thread 0x00000268cd1ee000 Uncommon trap: reason=unstable_if action=reinterpret pc=0x00000268bbb114e4 method=java.net.URI.match(CJJ)Z @ 19 c2
Event: 3.038 Thread 0x00000268cd1ee000 DEOPT PACKING pc=0x00000268bbb114e4 sp=0x0000008a85ffb2e0
Event: 3.038 Thread 0x00000268cd1ee000 DEOPT UNPACKING pc=0x00000268b40178af sp=0x0000008a85ffb1e0 mode 2
Event: 3.237 Thread 0x00000268cd1ee000 Uncommon trap: trap_request=0xffffff4d fr.pc=0x00000268bbbc4bcc relative=0x000000000000020c
Event: 3.237 Thread 0x00000268cd1ee000 Uncommon trap: reason=unstable_if action=reinterpret pc=0x00000268bbbc4bcc method=java.util.HashMap.hash(Ljava/lang/Object;)I @ 1 c2
Event: 3.237 Thread 0x00000268cd1ee000 DEOPT PACKING pc=0x00000268bbbc4bcc sp=0x0000008a85ff9680
Event: 3.237 Thread 0x00000268cd1ee000 DEOPT UNPACKING pc=0x00000268b40178af sp=0x0000008a85ff95b8 mode 2
Event: 3.237 Thread 0x00000268cd1ee000 Uncommon trap: trap_request=0xffffff4d fr.pc=0x00000268bbb8e5ac relative=0x000000000000008c
Event: 3.237 Thread 0x00000268cd1ee000 Uncommon trap: reason=unstable_if action=reinterpret pc=0x00000268bbb8e5ac method=java.util.HashMap.hash(Ljava/lang/Object;)I @ 1 c2
Event: 3.237 Thread 0x00000268cd1ee000 DEOPT PACKING pc=0x00000268bbb8e5ac sp=0x0000008a85ff9400
Event: 3.237 Thread 0x00000268cd1ee000 DEOPT UNPACKING pc=0x00000268b40178af sp=0x0000008a85ff9398 mode 2

Classes redefined (0 events):
No events

Internal exceptions (20 events):
Event: 2.540 Thread 0x00000268cd1ee000 Exception <a 'java/lang/NoSuchMethodError'{0x0000000087e54878}: 'void java.lang.invoke.DirectMethodHandle$Holder.invokeStatic(java.lang.Object, java.lang.Object, java.lang.Object, java.lang.Object, java.lang.Object)'> (0x0000000087e54878) thrown at [./src/hotspot/share/interpreter/linkResolver.cpp, line 773]
Event: 2.596 Thread 0x00000268cd1ee000 Exception <a 'java/lang/NoSuchMethodError'{0x0000000087908680}: 'void java.lang.invoke.DirectMethodHandle$Holder.invokeSpecial(java.lang.Object, java.lang.Object)'> (0x0000000087908680) thrown at [./src/hotspot/share/interpreter/linkResolver.cpp, line 773]
Event: 2.628 Thread 0x00000268cd1ee000 Exception <a 'java/lang/NoSuchMethodError'{0x0000000087743e40}: 'java.lang.Object java.lang.invoke.DirectMethodHandle$Holder.invokeSpecial(java.lang.Object, java.lang.Object, java.lang.Object, java.lang.Object, java.lang.Object, java.lang.Object, java.lang.Object, java.lang.Object, java.lang.Object)'> (0x0000000087743e40) thrown at [./src/hotspot/share/interpreter/linkResolver.cpp, line 773]
Event: 2.695 Thread 0x00000268cd1ee000 Exception <a 'java/lang/NoSuchMethodError'{0x0000000086eba648}: 'java.lang.Object java.lang.invoke.DirectMethodHandle$Holder.invokeVirtual(java.lang.Object, java.lang.Object, java.lang.Object, java.lang.Object)'> (0x0000000086eba648) thrown at [./src/hotspot/share/interpreter/linkResolver.cpp, line 773]
Event: 2.715 Thread 0x00000268cd1ee000 Exception <a 'java/lang/NoSuchMethodError'{0x0000000086b83bf0}: 'java.lang.Object java.lang.invoke.Invokers$Holder.invoker(java.lang.Object, java.lang.Object, java.lang.Object, java.lang.Object, java.lang.Object)'> (0x0000000086b83bf0) thrown at [./src/hotspot/share/interpreter/linkResolver.cpp, line 773]
Event: 2.779 Thread 0x00000268cd1ee000 Exception <a 'java/lang/NoSuchMethodError'{0x00000000866d2d38}: 'void java.lang.invoke.DirectMethodHandle$Holder.invokeSpecial(java.lang.Object, java.lang.Object, java.lang.Object, java.lang.Object, java.lang.Object, java.lang.Object)'> (0x00000000866d2d38) thrown at [./src/hotspot/share/interpreter/linkResolver.cpp, line 773]
Event: 2.788 Thread 0x00000268cd1ee000 Exception <a 'java/lang/NoSuchMethodError'{0x0000000086538ef8}: 'void java.lang.invoke.DirectMethodHandle$Holder.invokeSpecial(java.lang.Object, java.lang.Object, java.lang.Object, java.lang.Object, java.lang.Object, java.lang.Object, java.lang.Object)'> (0x0000000086538ef8) thrown at [./src/hotspot/share/interpreter/linkResolver.cpp, line 773]
Event: 2.789 Thread 0x00000268cd1ee000 Exception <a 'java/lang/NoSuchMethodError'{0x0000000086541400}: 'java.lang.Object java.lang.invoke.Invokers$Holder.linkToTargetMethod(java.lang.Object, java.lang.Object, java.lang.Object, java.lang.Object, java.lang.Object, java.lang.Object)'> (0x0000000086541400) thrown at [./src/hotspot/share/interpreter/linkResolver.cpp, line 773]
Event: 2.919 Thread 0x00000268cd1ee000 Exception <a 'java/lang/NoSuchMethodError'{0x000000008587b3b0}: 'void java.lang.invoke.DirectMethodHandle$Holder.invokeStaticInit(java.lang.Object, java.lang.Object)'> (0x000000008587b3b0) thrown at [./src/hotspot/share/interpreter/linkResolver.cpp, line 773]
Event: 3.010 Thread 0x00000268cd1ee000 Exception <a 'java/lang/NoSuchMethodError'{0x0000000085102478}: 'void java.lang.invoke.DirectMethodHandle$Holder.invokeStatic(java.lang.Object, java.lang.Object, java.lang.Object, java.lang.Object)'> (0x0000000085102478) thrown at [./src/hotspot/share/interpreter/linkResolver.cpp, line 773]
Event: 3.013 Thread 0x00000268cd1ee000 Exception <a 'java/lang/NoSuchMethodError'{0x0000000085115ef8}: 'int java.lang.invoke.DirectMethodHandle$Holder.invokeInterface(java.lang.Object, java.lang.Object)'> (0x0000000085115ef8) thrown at [./src/hotspot/share/interpreter/linkResolver.cpp, line 773]
Event: 3.120 Thread 0x00000268cd1ee000 Exception <a 'java/lang/NoSuchMethodError'{0x00000000878d4b50}: 'java.lang.Object java.lang.invoke.DirectMethodHandle$Holder.invokeSpecialIFC(java.lang.Object, java.lang.Object, java.lang.Object, java.lang.Object)'> (0x00000000878d4b50) thrown at [./src/hotspot/share/interpreter/linkResolver.cpp, line 773]
Event: 3.127 Thread 0x00000268cd1ee000 Exception <a 'java/lang/NoSuchMethodError'{0x00000000877af6f0}: 'java.lang.Object java.lang.invoke.DirectMethodHandle$Holder.invokeSpecial(java.lang.Object, java.lang.Object, java.lang.Object, java.lang.Object, java.lang.Object, java.lang.Object, java.lang.Object, java.lang.Object, java.lang.Object, java.lang.Object, java.lang.Object, java.lang.Object, java.lang.Object)'> (0x00000000877af6f0) thrown at [./src/hotspot/share/interpreter/linkResolver.cpp, line 773]
Event: 3.128 Thread 0x00000268cd1ee000 Exception <a 'java/lang/NoSuchMethodError'{0x00000000877c0978}: 'java.lang.Object java.lang.invoke.DirectMethodHandle$Holder.invokeSpecial(java.lang.Object, java.lang.Object, java.lang.Object, java.lang.Object, java.lang.Object, java.lang.Object, java.lang.Object, java.lang.Object, java.lang.Object, java.lang.Object, java.lang.Object, java.lang.Object)'> (0x00000000877c0978) thrown at [./src/hotspot/share/interpreter/linkResolver.cpp, line 773]
Event: 3.128 Thread 0x00000268cd1ee000 Exception <a 'java/lang/NoSuchMethodError'{0x00000000877c5aa0}: 'java.lang.Object java.lang.invoke.Invokers$Holder.linkToTargetMethod(java.lang.Object, java.lang.Object, java.lang.Object, java.lang.Object, java.lang.Object, java.lang.Object, java.lang.Object, java.lang.Object, java.lang.Object, java.lang.Object, java.lang.Object)'> (0x00000000877c5aa0) thrown at [./src/hotspot/share/interpreter/linkResolver.cpp, line 773]
Event: 3.137 Thread 0x00000268cd1ee000 Exception <a 'java/lang/NoSuchMethodError'{0x0000000087505930}: 'java.lang.Object java.lang.invoke.DirectMethodHandle$Holder.invokeSpecial(java.lang.Object, java.lang.Object, java.lang.Object, java.lang.Object, java.lang.Object, java.lang.Object, java.lang.Object, java.lang.Object, java.lang.Object, java.lang.Object, java.lang.Object, java.lang.Object, java.lang.Object, java.lang.Object)'> (0x0000000087505930) thrown at [./src/hotspot/share/interpreter/linkResolver.cpp, line 773]
Event: 3.138 Thread 0x00000268cd1ee000 Exception <a 'java/lang/NoSuchMethodError'{0x0000000087516f28}: 'java.lang.Object java.lang.invoke.Invokers$Holder.linkToTargetMethod(java.lang.Object, java.lang.Object, java.lang.Object, java.lang.Object, java.lang.Object, java.lang.Object, java.lang.Object, java.lang.Object, java.lang.Object, java.lang.Object, java.lang.Object, java.lang.Object)'> (0x0000000087516f28) thrown at [./src/hotspot/share/interpreter/linkResolver.cpp, line 773]
Event: 3.142 Thread 0x00000268cd1ee000 Exception <a 'java/lang/NoSuchMethodError'{0x00000000875a7df0}: 'java.lang.Object java.lang.invoke.DirectMethodHandle$Holder.invokeStaticInit(java.lang.Object, java.lang.Object, java.lang.Object, java.lang.Object)'> (0x00000000875a7df0) thrown at [./src/hotspot/share/interpreter/linkResolver.cpp, line 773]
Event: 3.237 Thread 0x00000268cd1ee000 Implicit null exception at 0x00000268bbbc49f5 to 0x00000268bbbc4bbc
Event: 3.237 Thread 0x00000268cd1ee000 Implicit null exception at 0x00000268bbb8e52f to 0x00000268bbb8e59d

Events (20 events):
Event: 3.370 loading class org/gradle/api/internal/artifacts/DefaultGlobalDependencyResolutionRules
Event: 3.370 loading class org/gradle/api/internal/artifacts/DefaultGlobalDependencyResolutionRules done
Event: 3.370 loading class org/gradle/api/internal/artifacts/DefaultGlobalDependencyResolutionRules$CompositeDependencySubstitutionRules
Event: 3.370 loading class org/gradle/api/internal/artifacts/DefaultGlobalDependencyResolutionRules$CompositeDependencySubstitutionRules done
Event: 3.371 loading class org/gradle/api/internal/artifacts/ivyservice/resolveengine/store/StoreSet
Event: 3.371 loading class org/gradle/api/internal/artifacts/ivyservice/resolveengine/store/StoreSet done
Event: 3.372 loading class org/gradle/api/internal/attributes/DefaultAttributesSchema
Event: 3.372 loading class org/gradle/api/internal/attributes/DefaultAttributesSchema done
Event: 3.373 loading class org/gradle/internal/component/model/ComponentAttributeMatcher
Event: 3.373 loading class org/gradle/internal/component/model/ComponentAttributeMatcher done
Event: 3.375 loading class org/gradle/internal/component/model/AttributeMatcher
Event: 3.375 loading class org/gradle/internal/component/model/AttributeMatcher done
Event: 3.375 loading class org/gradle/internal/component/model/AttributeSelectionSchema
Event: 3.375 loading class org/gradle/internal/component/model/AttributeSelectionSchema done
Event: 3.376 loading class org/gradle/api/attributes/AttributeMatchingStrategy
Event: 3.376 loading class org/gradle/api/attributes/AttributeMatchingStrategy done
Event: 3.376 loading class org/gradle/api/internal/attributes/AttributeDescriber
Event: 3.376 loading class org/gradle/api/internal/attributes/AttributeDescriber done
Event: 3.376 loading class org/gradle/api/internal/attributes/DefaultAttributesSchema$DefaultAttributeMatcher
Event: 3.376 loading class org/gradle/api/internal/attributes/DefaultAttributesSchema$DefaultAttributeMatcher done


Dynamic libraries:
0x00007ff6ef6a0000 - 0x00007ff6ef6aa000 	C:\Program Files\Android\Android Studio\jre\bin\java.exe
0x00007ffd49130000 - 0x00007ffd49325000 	C:\WINDOWS\SYSTEM32\ntdll.dll
0x00007ffd48df0000 - 0x00007ffd48eae000 	C:\WINDOWS\System32\KERNEL32.DLL
0x00007ffd46c40000 - 0x00007ffd46f09000 	C:\WINDOWS\System32\KERNELBASE.dll
0x00007ffd468e0000 - 0x00007ffd469e0000 	C:\WINDOWS\System32\ucrtbase.dll
0x00007ffd3e8d0000 - 0x00007ffd3e8e9000 	C:\Program Files\Android\Android Studio\jre\bin\jli.dll
0x00007ffd415e0000 - 0x00007ffd415f7000 	C:\Program Files\Android\Android Studio\jre\bin\VCRUNTIME140.dll
0x00007ffd48c40000 - 0x00007ffd48de1000 	C:\WINDOWS\System32\USER32.dll
0x00007ffd30480000 - 0x00007ffd3071a000 	C:\WINDOWS\WinSxS\amd64_microsoft.windows.common-controls_6595b64144ccf1df_6.0.19041.1110_none_60b5254171f9507e\COMCTL32.dll
0x00007ffd47070000 - 0x00007ffd47092000 	C:\WINDOWS\System32\win32u.dll
0x00007ffd47d50000 - 0x00007ffd47d7b000 	C:\WINDOWS\System32\GDI32.dll
0x00007ffd48350000 - 0x00007ffd483ee000 	C:\WINDOWS\System32\msvcrt.dll
0x00007ffd46b30000 - 0x00007ffd46c3b000 	C:\WINDOWS\System32\gdi32full.dll
0x00007ffd469e0000 - 0x00007ffd46a7d000 	C:\WINDOWS\System32\msvcp_win.dll
0x00007ffd48f10000 - 0x00007ffd48f40000 	C:\WINDOWS\System32\IMM32.DLL
0x00007ffd0c1b0000 - 0x00007ffd0c24d000 	C:\Program Files\Android\Android Studio\jre\bin\msvcp140.dll
0x00007ffcd81d0000 - 0x00007ffcd8c9f000 	C:\Program Files\Android\Android Studio\jre\bin\server\jvm.dll
0x00007ffd48fc0000 - 0x00007ffd4906c000 	C:\WINDOWS\System32\ADVAPI32.dll
0x00007ffd485e0000 - 0x00007ffd4867b000 	C:\WINDOWS\System32\sechost.dll
0x00007ffd483f0000 - 0x00007ffd4851a000 	C:\WINDOWS\System32\RPCRT4.dll
0x00007ffd47600000 - 0x00007ffd47608000 	C:\WINDOWS\System32\PSAPI.DLL
0x00007ffd2d8a0000 - 0x00007ffd2d8a9000 	C:\WINDOWS\SYSTEM32\WSOCK32.dll
0x00007ffd2f6d0000 - 0x00007ffd2f6f7000 	C:\WINDOWS\SYSTEM32\WINMM.dll
0x00007ffd40670000 - 0x00007ffd4067a000 	C:\WINDOWS\SYSTEM32\VERSION.dll
0x00007ffd49070000 - 0x00007ffd490db000 	C:\WINDOWS\System32\WS2_32.dll
0x00007ffd45120000 - 0x00007ffd45132000 	C:\WINDOWS\SYSTEM32\kernel.appcore.dll
0x00007ffd262c0000 - 0x00007ffd262d1000 	C:\Program Files\Android\Android Studio\jre\bin\verify.dll
0x00007ffd44640000 - 0x00007ffd44824000 	C:\WINDOWS\SYSTEM32\DBGHELP.DLL
0x00007ffd35610000 - 0x00007ffd3563c000 	C:\WINDOWS\SYSTEM32\dbgcore.DLL
0x00007ffd46850000 - 0x00007ffd468d3000 	C:\WINDOWS\System32\bcryptPrimitives.dll
0x00007ffd26290000 - 0x00007ffd262b9000 	C:\Program Files\Android\Android Studio\jre\bin\java.dll
0x00007ffd26280000 - 0x00007ffd2628b000 	C:\Program Files\Android\Android Studio\jre\bin\jimage.dll
0x00007ffd26260000 - 0x00007ffd26278000 	C:\Program Files\Android\Android Studio\jre\bin\zip.dll
0x00007ffd47610000 - 0x00007ffd47d4f000 	C:\WINDOWS\System32\SHELL32.dll
0x00007ffd44830000 - 0x00007ffd44fc0000 	C:\WINDOWS\SYSTEM32\windows.storage.dll
0x00007ffd47ff0000 - 0x00007ffd48345000 	C:\WINDOWS\System32\combase.dll
0x00007ffd462a0000 - 0x00007ffd462cc000 	C:\WINDOWS\SYSTEM32\Wldp.dll
0x00007ffd47f40000 - 0x00007ffd47fed000 	C:\WINDOWS\System32\SHCORE.dll
0x00007ffd48520000 - 0x00007ffd48575000 	C:\WINDOWS\System32\shlwapi.dll
0x00007ffd46790000 - 0x00007ffd467af000 	C:\WINDOWS\SYSTEM32\profapi.dll
0x00007ffd26180000 - 0x00007ffd2619a000 	C:\Program Files\Android\Android Studio\jre\bin\net.dll
0x00007ffd3d190000 - 0x00007ffd3d298000 	C:\WINDOWS\SYSTEM32\WINHTTP.dll
0x00007ffd46000000 - 0x00007ffd4606a000 	C:\WINDOWS\system32\mswsock.dll
0x00007ffd26160000 - 0x00007ffd26174000 	C:\Program Files\Android\Android Studio\jre\bin\nio.dll
0x00007ffd3e8f0000 - 0x00007ffd3e917000 	C:\Users\muham\.gradle\native\8bec1ad78214c89d9ad589b4d07fe93259594b29d510b10fafb7a158f7737e5d\windows-amd64\native-platform.dll
0x00007ffcba5b0000 - 0x00007ffcba6ed000 	C:\Users\muham\.gradle\native\53dbd7edfb1c66fb8903c78663c9afc45aea4f116125fa6feffd364cf09443e8\windows-amd64\native-platform-file-events.dll
0x00007ffd165e0000 - 0x00007ffd165ea000 	C:\Program Files\Android\Android Studio\jre\bin\management.dll
0x00007ffd165d0000 - 0x00007ffd165dc000 	C:\Program Files\Android\Android Studio\jre\bin\management_ext.dll
0x00007ffd461f0000 - 0x00007ffd46208000 	C:\WINDOWS\SYSTEM32\CRYPTSP.dll
0x00007ffd45910000 - 0x00007ffd45944000 	C:\WINDOWS\system32\rsaenh.dll
0x00007ffd47150000 - 0x00007ffd47177000 	C:\WINDOWS\System32\bcrypt.dll
0x00007ffd46710000 - 0x00007ffd4673e000 	C:\WINDOWS\SYSTEM32\USERENV.dll
0x00007ffd46210000 - 0x00007ffd4621c000 	C:\WINDOWS\SYSTEM32\CRYPTBASE.dll
0x00007ffd45ca0000 - 0x00007ffd45cdb000 	C:\WINDOWS\SYSTEM32\IPHLPAPI.DLL
0x00007ffd490e0000 - 0x00007ffd490e8000 	C:\WINDOWS\System32\NSI.dll
0x00007ffd3ee70000 - 0x00007ffd3ee87000 	C:\WINDOWS\SYSTEM32\dhcpcsvc6.DLL
0x00007ffd3fc10000 - 0x00007ffd3fc2d000 	C:\WINDOWS\SYSTEM32\dhcpcsvc.DLL
0x00007ffd45cf0000 - 0x00007ffd45dbc000 	C:\WINDOWS\SYSTEM32\DNSAPI.dll

dbghelp: loaded successfully - version: 4.0.5 - missing functions: none
symbol engine: initialized successfully - sym options: 0x614 - pdb path: .;C:\Program Files\Android\Android Studio\jre\bin;C:\WINDOWS\SYSTEM32;C:\WINDOWS\WinSxS\amd64_microsoft.windows.common-controls_6595b64144ccf1df_6.0.19041.1110_none_60b5254171f9507e;C:\Program Files\Android\Android Studio\jre\bin\server;C:\Users\muham\.gradle\native\8bec1ad78214c89d9ad589b4d07fe93259594b29d510b10fafb7a158f7737e5d\windows-amd64;C:\Users\muham\.gradle\native\53dbd7edfb1c66fb8903c78663c9afc45aea4f116125fa6feffd364cf09443e8\windows-amd64

VM Arguments:
jvm_args: --add-opens=java.base/java.util=ALL-UNNAMED --add-opens=java.base/java.lang=ALL-UNNAMED --add-opens=java.base/java.lang.invoke=ALL-UNNAMED --add-opens=java.base/java.util=ALL-UNNAMED --add-opens=java.prefs/java.util.prefs=ALL-UNNAMED --add-opens=java.prefs/java.util.prefs=ALL-UNNAMED --add-opens=java.base/java.nio.charset=ALL-UNNAMED --add-opens=java.base/java.net=ALL-UNNAMED --add-opens=java.base/java.util.concurrent.atomic=ALL-UNNAMED -Xmx2048m -Dfile.encoding=UTF-8 -Duser.country=US -Duser.language=en -Duser.variant 
java_command: org.gradle.launcher.daemon.bootstrap.GradleDaemon 7.0.2
java_class_path (initial): C:\Users\muham\.gradle\wrapper\dists\gradle-7.0.2-bin\857tjihv64xamwrf0h14cai3r\gradle-7.0.2\lib\gradle-launcher-7.0.2.jar
Launcher Type: SUN_STANDARD

[Global flags]
     intx CICompilerCount                          = 4                                         {product} {ergonomic}
     uint ConcGCThreads                            = 2                                         {product} {ergonomic}
     uint G1ConcRefinementThreads                  = 8                                         {product} {ergonomic}
   size_t G1HeapRegionSize                         = 1048576                                   {product} {ergonomic}
    uintx GCDrainStackTargetSize                   = 64                                        {product} {ergonomic}
   size_t InitialHeapSize                          = 134217728                                 {product} {ergonomic}
   size_t MarkStackSize                            = 4194304                                   {product} {ergonomic}
   size_t MaxHeapSize                              = 2147483648                                {product} {command line}
   size_t MaxNewSize                               = 1287651328                                {product} {ergonomic}
   size_t MinHeapDeltaBytes                        = 1048576                                   {product} {ergonomic}
    uintx NonNMethodCodeHeapSize                   = 5836300                                {pd product} {ergonomic}
    uintx NonProfiledCodeHeapSize                  = 122910970                              {pd product} {ergonomic}
    uintx ProfiledCodeHeapSize                     = 122910970                              {pd product} {ergonomic}
    uintx ReservedCodeCacheSize                    = 251658240                              {pd product} {ergonomic}
     bool SegmentedCodeCache                       = true                                      {product} {ergonomic}
     bool UseCompressedClassPointers               = true                                 {lp64_product} {ergonomic}
     bool UseCompressedOops                        = true                                 {lp64_product} {ergonomic}
     bool UseG1GC                                  = true                                      {product} {ergonomic}
     bool UseLargePagesIndividualAllocation        = false                                  {pd product} {ergonomic}

Logging:
Log output configuration:
 #0: stdout all=warning uptime,level,tags
 #1: stderr all=off uptime,level,tags

Environment Variables:
PATH=C:\Program Files (x86)\Common Files\Oracle\Java\javapath;C:\WINDOWS\system32;C:\WINDOWS;C:\WINDOWS\System32\Wbem;C:\WINDOWS\System32\WindowsPowerShell\v1.0\;C:\WINDOWS\System32\OpenSSH\;C:\Program Files\Intel\WiFi\bin\;C:\Program Files\Common Files\Intel\WirelessCommon\;C:\Program Files (x86)\dotnet\;C:\Android;C:\Windows\System32;C:\Program Files\Dart\dart-sdk\bin;C:\Program Files\nodejs\;C:\Program Files (x86)\Intel\Intel(R) Management Engine Components\DAL;C:\Program Files\Intel\Intel(R) Management Engine Components\DAL;C:\Program Files\Git\cmd;C:\Users\muham\AppData\Local\Programs\Python\Python38-32\Scripts\;C:\Users\muham\AppData\Local\Programs\Python\Python38-32\;C:\Users\muham\AppData\Local\Microsoft\WindowsApps;C:\Users\muham\AppData\Local\Programs\Microsoft VS Code\bin;C:\Program Files\JetBrains\PyCharm Community Edition 2020.2\bin;;C:\Program Files (x86)\Nmap;C:\Windows\System32\WindowsPowerShell\v1.0;C:\Program Files\Dart\dart-sdk\lib;C:\Users\muham\flutter\bin;C:\Users\muham\AppData\Roaming\npm
USERNAME=muham
OS=Windows_NT
PROCESSOR_IDENTIFIER=Intel64 Family 6 Model 142 Stepping 10, GenuineIntel



---------------  S Y S T E M  ---------------

OS: Windows 10 , 64 bit Build 19041 (10.0.19041.1202)
OS uptime: 1 days 22:12 hours

CPU:total 8 (initial active 8) (4 cores per cpu, 2 threads per core) family 6 model 142 stepping 10 microcode 0xd6, cmov, cx8, fxsr, mmx, sse, sse2, sse3, ssse3, sse4.1, sse4.2, popcnt, avx, avx2, aes, clmul, erms, 3dnowpref, lzcnt, ht, tsc, tscinvbit, bmi1, bmi2, adx, fma

Memory: 4k page, system-wide physical 8092M (434M free)
TotalPageFile size 23278M (AvailPageFile size 6M)
current process WorkingSet (physical memory assigned to process): 228M, peak: 228M
current process commit charge ("private bytes"): 298M, peak: 299M

vm_info: OpenJDK 64-Bit Server VM (11.0.10+0-b96-7249189) for windows-amd64 JRE (11.0.10+0-b96-7249189), built on Mar 31 2021 21:44:00 by "builder" with MS VC++ 14.0 (VS2015)

END.
