#
# There is insufficient memory for the Java Runtime Environment to continue.
# Native memory allocation (malloc) failed to allocate 2006896 bytes for Chunk::new
# Possible reasons:
#   The system is out of physical RAM or swap space
#   The process is running with CompressedOops enabled, and the Java Heap may be blocking the growth of the native heap
# Possible solutions:
#   Reduce memory load on the system
#   Increase physical memory or swap space
#   Check if swap backing store is full
#   Decrease Java heap size (-Xmx/-Xms)
#   Decrease number of Java threads
#   Decrease Java thread stack sizes (-Xss)
#   Set larger code cache with -XX:ReservedCodeCacheSize=
#   JVM is running with Unscaled Compressed Oops mode in which the Java heap is
#     placed in the first 4GB address space. The Java Heap base address is the
#     maximum limit for the native heap growth. Please use -XX:HeapBaseMinAddress
#     to set the Java Heap base and to place the Java Heap above 4GB virtual address.
# This output file may be truncated or incomplete.
#
#  Out of Memory Error (./src/hotspot/share/memory/arena.cpp:197), pid=18352, tid=6728
#
# JRE version: OpenJDK Runtime Environment (11.0.10) (build 11.0.10+0-b96-7249189)
# Java VM: OpenJDK 64-Bit Server VM (11.0.10+0-b96-7249189, mixed mode, tiered, compressed oops, g1 gc, windows-amd64)
# No core dump will be written. Minidumps are not enabled by default on client versions of Windows
#

---------------  S U M M A R Y ------------

Command Line: --add-opens=java.base/java.util=ALL-UNNAMED --add-opens=java.base/java.lang=ALL-UNNAMED --add-opens=java.base/java.lang.invoke=ALL-UNNAMED --add-opens=java.base/java.util=ALL-UNNAMED --add-opens=java.prefs/java.util.prefs=ALL-UNNAMED --add-opens=java.prefs/java.util.prefs=ALL-UNNAMED --add-opens=java.base/java.nio.charset=ALL-UNNAMED --add-opens=java.base/java.net=ALL-UNNAMED --add-opens=java.base/java.util.concurrent.atomic=ALL-UNNAMED -Xmx2048m -Dfile.encoding=UTF-8 -Duser.country=US -Duser.language=en -Duser.variant org.gradle.launcher.daemon.bootstrap.GradleDaemon 7.0.2

Host: Intel(R) Core(TM) i5-8250U CPU @ 1.60GHz, 8 cores, 7G,  Windows 10 , 64 bit Build 19041 (10.0.19041.1202)
Time: Thu Oct 28 17:16:10 2021 Jerusalem Daylight Time elapsed time: 8.186622 seconds (0d 0h 0m 8s)

---------------  T H R E A D  ---------------

Current thread (0x0000014fd0ca9000):  JavaThread "C2 CompilerThread2" daemon [_thread_in_native, id=6728, stack(0x000000377d400000,0x000000377d500000)]


Current CompileTask:
C2:   8186 6494       4       org.objectweb.asm.Frame::execute (2318 bytes)

Stack: [0x000000377d400000,0x000000377d500000]
Native frames: (J=compiled Java code, j=interpreted, Vv=VM code, C=native code)
V  [jvm.dll+0x5ecfaa]
V  [jvm.dll+0x722bd5]
V  [jvm.dll+0x72412d]
V  [jvm.dll+0x7247e3]
V  [jvm.dll+0x242928]
V  [jvm.dll+0xbc4fc]
V  [jvm.dll+0xbca0c]
V  [jvm.dll+0x352d7d]
V  [jvm.dll+0x320ad3]
V  [jvm.dll+0x31ffca]
V  [jvm.dll+0x1fb602]
V  [jvm.dll+0x1fa7f4]
V  [jvm.dll+0x18354c]
V  [jvm.dll+0x208ee7]
V  [jvm.dll+0x207731]
V  [jvm.dll+0x6eb1cf]
V  [jvm.dll+0x6e3d45]
V  [jvm.dll+0x5ebe96]
C  [ucrtbase.dll+0x21bb2]
C  [KERNEL32.DLL+0x17034]
C  [ntdll.dll+0x52651]


---------------  P R O C E S S  ---------------

Threads class SMR info:
_java_thread_list=0x0000014fd2669230, length=51, elements={
0x0000014fb1e7d000, 0x0000014fce2ae800, 0x0000014fce2be800, 0x0000014fceb24000,
0x0000014fceb27000, 0x0000014fceb28000, 0x0000014fceb2b000, 0x0000014fceb2c800,
0x0000014fceb3a000, 0x0000014fceca1000, 0x0000014fceca1800, 0x0000014fceca0000,
0x0000014fceca2800, 0x0000014fceca3000, 0x0000014fceca4000, 0x0000014fcec9e800,
0x0000014fceca5000, 0x0000014fcec9f000, 0x0000014fd0e95000, 0x0000014fd0e92800,
0x0000014fd0e92000, 0x0000014fd0e99000, 0x0000014fd0e93800, 0x0000014fcfcc2000,
0x0000014fd0e97800, 0x0000014fd0e96000, 0x0000014fd0e96800, 0x0000014fd0e98800,
0x0000014fd0e9a000, 0x0000014fd0e94000, 0x0000014fd0e9e000, 0x0000014fd0ea0800,
0x0000014fd0e9b000, 0x0000014fd0e9f000, 0x0000014fd0e9f800, 0x0000014fd0ca9000,
0x0000014fd0e9b800, 0x0000014fd0e9c800, 0x0000014fd0e9d000, 0x0000014fd5644800,
0x0000014fd5646800, 0x0000014fd5649800, 0x0000014fd5644000, 0x0000014fd564a800,
0x0000014fd564b000, 0x0000014fd564c000, 0x0000014fd564d000, 0x0000014fd5652800,
0x0000014fd564e800, 0x0000014fd5650000, 0x0000014fd5651000
}

Java Threads: ( => current thread )
  0x0000014fb1e7d000 JavaThread "main" [_thread_blocked, id=1680, stack(0x000000377a200000,0x000000377a300000)]
  0x0000014fce2ae800 JavaThread "Reference Handler" daemon [_thread_blocked, id=5800, stack(0x000000377a900000,0x000000377aa00000)]
  0x0000014fce2be800 JavaThread "Finalizer" daemon [_thread_blocked, id=956, stack(0x000000377aa00000,0x000000377ab00000)]
  0x0000014fceb24000 JavaThread "Signal Dispatcher" daemon [_thread_blocked, id=7548, stack(0x000000377ab00000,0x000000377ac00000)]
  0x0000014fceb27000 JavaThread "Attach Listener" daemon [_thread_blocked, id=13000, stack(0x000000377ac00000,0x000000377ad00000)]
  0x0000014fceb28000 JavaThread "Service Thread" daemon [_thread_blocked, id=2704, stack(0x000000377ad00000,0x000000377ae00000)]
  0x0000014fceb2b000 JavaThread "C2 CompilerThread0" daemon [_thread_blocked, id=15236, stack(0x000000377ae00000,0x000000377af00000)]
  0x0000014fceb2c800 JavaThread "C1 CompilerThread0" daemon [_thread_blocked, id=4028, stack(0x000000377af00000,0x000000377b000000)]
  0x0000014fceb3a000 JavaThread "Sweeper thread" daemon [_thread_blocked, id=13152, stack(0x000000377b000000,0x000000377b100000)]
  0x0000014fceca1000 JavaThread "Common-Cleaner" daemon [_thread_blocked, id=16136, stack(0x000000377b100000,0x000000377b200000)]
  0x0000014fceca1800 JavaThread "Daemon health stats" [_thread_blocked, id=2464, stack(0x000000377b700000,0x000000377b800000)]
  0x0000014fceca0000 JavaThread "Incoming local TCP Connector on port 31388" [_thread_in_native, id=9636, stack(0x000000377b300000,0x000000377b400000)]
  0x0000014fceca2800 JavaThread "Daemon periodic checks" [_thread_blocked, id=15388, stack(0x000000377b600000,0x000000377b700000)]
  0x0000014fceca3000 JavaThread "Daemon" [_thread_blocked, id=10852, stack(0x000000377b800000,0x000000377b900000)]
  0x0000014fceca4000 JavaThread "Handler for socket connection from /127.0.0.1:31388 to /127.0.0.1:31389" [_thread_in_native, id=12640, stack(0x000000377b900000,0x000000377ba00000)]
  0x0000014fcec9e800 JavaThread "Cancel handler" [_thread_blocked, id=9004, stack(0x000000377ba00000,0x000000377bb00000)]
  0x0000014fceca5000 JavaThread "Daemon worker" [_thread_in_vm, id=8084, stack(0x000000377bb00000,0x000000377bc00000)]
  0x0000014fcec9f000 JavaThread "Asynchronous log dispatcher for DefaultDaemonConnection: socket connection from /127.0.0.1:31388 to /127.0.0.1:31389" [_thread_blocked, id=7088, stack(0x000000377bc00000,0x000000377bd00000)]
  0x0000014fd0e95000 JavaThread "Stdin handler" [_thread_blocked, id=7248, stack(0x000000377bd00000,0x000000377be00000)]
  0x0000014fd0e92800 JavaThread "Daemon client event forwarder" [_thread_blocked, id=2508, stack(0x000000377be00000,0x000000377bf00000)]
  0x0000014fd0e92000 JavaThread "Cache worker for file hash cache (C:\Users\muham\.gradle\caches\7.0.2\fileHashes)" [_thread_blocked, id=9660, stack(0x000000377c400000,0x000000377c500000)]
  0x0000014fd0e99000 JavaThread "File lock request listener" [_thread_in_native, id=14864, stack(0x000000377c500000,0x000000377c600000)]
  0x0000014fd0e93800 JavaThread "Cache worker for journal cache (C:\Users\muham\.gradle\caches\journal-1)" [_thread_blocked, id=16592, stack(0x000000377c700000,0x000000377c800000)]
  0x0000014fcfcc2000 JavaThread "C2 CompilerThread1" daemon [_thread_blocked, id=16692, stack(0x000000377c800000,0x000000377c900000)]
  0x0000014fd0e97800 JavaThread "Cache worker for file hash cache (C:\Users\muham\android development\DSCWorkShopTraning\task2\.gradle\7.0.2\fileHashes)" [_thread_blocked, id=5016, stack(0x000000377c900000,0x000000377ca00000)]
  0x0000014fd0e96000 JavaThread "File watcher server" daemon [_thread_in_native, id=11312, stack(0x000000377ca00000,0x000000377cb00000)]
  0x0000014fd0e96800 JavaThread "File watcher consumer" daemon [_thread_blocked, id=11676, stack(0x000000377cb00000,0x000000377cc00000)]
  0x0000014fd0e98800 JavaThread "jar transforms" [_thread_blocked, id=15028, stack(0x000000377cc00000,0x000000377cd00000)]
  0x0000014fd0e9a000 JavaThread "jar transforms Thread 2" [_thread_blocked, id=12936, stack(0x000000377cd00000,0x000000377ce00000)]
  0x0000014fd0e94000 JavaThread "jar transforms Thread 3" [_thread_blocked, id=7104, stack(0x000000377ce00000,0x000000377cf00000)]
  0x0000014fd0e9e000 JavaThread "jar transforms Thread 4" [_thread_blocked, id=3804, stack(0x000000377cf00000,0x000000377d000000)]
  0x0000014fd0ea0800 JavaThread "jar transforms Thread 5" [_thread_blocked, id=1228, stack(0x000000377d000000,0x000000377d100000)]
  0x0000014fd0e9b000 JavaThread "jar transforms Thread 6" [_thread_blocked, id=7140, stack(0x000000377d100000,0x000000377d200000)]
  0x0000014fd0e9f000 JavaThread "jar transforms Thread 7" [_thread_blocked, id=17620, stack(0x000000377d200000,0x000000377d300000)]
  0x0000014fd0e9f800 JavaThread "jar transforms Thread 8" [_thread_blocked, id=11928, stack(0x000000377d300000,0x000000377d400000)]
=>0x0000014fd0ca9000 JavaThread "C2 CompilerThread2" daemon [_thread_in_native, id=6728, stack(0x000000377d400000,0x000000377d500000)]
  0x0000014fd0e9b800 JavaThread "Cache worker for checksums cache (C:\Users\muham\android development\DSCWorkShopTraning\task2\.gradle\checksums)" [_thread_blocked, id=10312, stack(0x000000377d500000,0x000000377d600000)]
  0x0000014fd0e9c800 JavaThread "Cache worker for cache directory md-supplier (C:\Users\muham\.gradle\caches\7.0.2\md-supplier)" [_thread_blocked, id=16512, stack(0x000000377d600000,0x000000377d700000)]
  0x0000014fd0e9d000 JavaThread "Cache worker for cache directory md-rule (C:\Users\muham\.gradle\caches\7.0.2\md-rule)" [_thread_blocked, id=9732, stack(0x000000377d700000,0x000000377d800000)]
  0x0000014fd5644800 JavaThread "Cache worker for execution history cache (C:\Users\muham\.gradle\caches\7.0.2\executionHistory)" [_thread_blocked, id=18088, stack(0x000000377d800000,0x000000377d900000)]
  0x0000014fd5646800 JavaThread "Cache worker for file content cache (C:\Users\muham\.gradle\caches\7.0.2\fileContent)" [_thread_blocked, id=12716, stack(0x000000377d900000,0x000000377da00000)]
  0x0000014fd5649800 JavaThread "Cache worker for dependencies-accessors (C:\Users\muham\android development\DSCWorkShopTraning\task2\.gradle\7.0.2\dependencies-accessors)" [_thread_blocked, id=17348, stack(0x000000377da00000,0x000000377db00000)]
  0x0000014fd5644000 JavaThread "Cache worker for Build Output Cleanup Cache (C:\Users\muham\android development\DSCWorkShopTraning\task2\.gradle\buildOutputCleanup)" [_thread_blocked, id=3068, stack(0x000000377db00000,0x000000377dc00000)]
  0x0000014fd564a800 JavaThread "Build operations" [_thread_blocked, id=10792, stack(0x000000377dc00000,0x000000377dd00000)]
  0x0000014fd564b000 JavaThread "Build operations Thread 2" [_thread_blocked, id=4408, stack(0x000000377dd00000,0x000000377de00000)]
  0x0000014fd564c000 JavaThread "Build operations Thread 3" [_thread_blocked, id=10420, stack(0x000000377de00000,0x000000377df00000)]
  0x0000014fd564d000 JavaThread "Build operations Thread 4" [_thread_blocked, id=6064, stack(0x000000377df00000,0x000000377e000000)]
  0x0000014fd5652800 JavaThread "Build operations Thread 5" [_thread_blocked, id=15484, stack(0x000000377e000000,0x000000377e100000)]
  0x0000014fd564e800 JavaThread "Build operations Thread 6" [_thread_blocked, id=14748, stack(0x000000377e100000,0x000000377e200000)]
  0x0000014fd5650000 JavaThread "Build operations Thread 7" [_thread_blocked, id=16312, stack(0x000000377e200000,0x000000377e300000)]
  0x0000014fd5651000 JavaThread "Build operations Thread 8" [_thread_blocked, id=18096, stack(0x000000377e300000,0x000000377e400000)]

Other Threads:
  0x0000014fcead5800 VMThread "VM Thread" [stack: 0x000000377a800000,0x000000377a900000] [id=2812]
  0x0000014fcecc3000 WatcherThread [stack: 0x000000377b200000,0x000000377b300000] [id=17260]
  0x0000014fb1e96800 GCTaskThread "GC Thread#0" [stack: 0x000000377a300000,0x000000377a400000] [id=12632]
  0x0000014fcf502000 GCTaskThread "GC Thread#1" [stack: 0x000000377b400000,0x000000377b500000] [id=14672]
  0x0000014fcf23e800 GCTaskThread "GC Thread#2" [stack: 0x000000377b500000,0x000000377b600000] [id=15084]
  0x0000014fced6b800 GCTaskThread "GC Thread#3" [stack: 0x000000377bf00000,0x000000377c000000] [id=10748]
  0x0000014fd197e800 GCTaskThread "GC Thread#4" [stack: 0x000000377c000000,0x000000377c100000] [id=3308]
  0x0000014fd0efd800 GCTaskThread "GC Thread#5" [stack: 0x000000377c100000,0x000000377c200000] [id=8604]
  0x0000014fd0fd1800 GCTaskThread "GC Thread#6" [stack: 0x000000377c200000,0x000000377c300000] [id=17640]
  0x0000014fd06cc800 GCTaskThread "GC Thread#7" [stack: 0x000000377c300000,0x000000377c400000] [id=6844]
  0x0000014fb1ec6800 ConcurrentGCThread "G1 Main Marker" [stack: 0x000000377a400000,0x000000377a500000] [id=5172]
  0x0000014fb1ec8800 ConcurrentGCThread "G1 Conc#0" [stack: 0x000000377a500000,0x000000377a600000] [id=1940]
  0x0000014fd0eae000 ConcurrentGCThread "G1 Conc#1" [stack: 0x000000377c600000,0x000000377c700000] [id=13892]
  0x0000014fb1f5e000 ConcurrentGCThread "G1 Refine#0" [stack: 0x000000377a600000,0x000000377a700000] [id=17856]
  0x0000014fce102800 ConcurrentGCThread "G1 Young RemSet Sampling" [stack: 0x000000377a700000,0x000000377a800000] [id=7068]

Threads with active compile tasks:
C2 CompilerThread2   8209 6494       4       org.objectweb.asm.Frame::execute (2318 bytes)

VM state:not at safepoint (normal execution)

VM Mutex/Monitor currently owned by a thread: None

Heap address: 0x0000000080000000, size: 2048 MB, Compressed Oops mode: 32-bit
Narrow klass base: 0x0000000000000000, Narrow klass shift: 3
Compressed class space size: 1073741824 Address: 0x0000000100000000

Heap:
 garbage-first heap   total 189440K, used 95851K [0x0000000080000000, 0x0000000100000000)
  region size 1024K, 21 young (21504K), 3 survivors (3072K)
 Metaspace       used 61510K, capacity 63266K, committed 63360K, reserved 1103872K
  class space    used 7898K, capacity 8490K, committed 8576K, reserved 1048576K
Heap Regions: E=young(eden), S=young(survivor), O=old, HS=humongous(starts), HC=humongous(continues), CS=collection set, F=free, A=archive, TAMS=top-at-mark-start (previous, next)
|   0|0x0000000080000000, 0x0000000080100000, 0x0000000080100000|100%| O|  |TAMS 0x0000000080100000, 0x0000000080000000| Untracked 
|   1|0x0000000080100000, 0x0000000080200000, 0x0000000080200000|100%| O|  |TAMS 0x0000000080200000, 0x0000000080100000| Untracked 
|   2|0x0000000080200000, 0x0000000080300000, 0x0000000080300000|100%| O|  |TAMS 0x0000000080300000, 0x0000000080200000| Untracked 
|   3|0x0000000080300000, 0x0000000080400000, 0x0000000080400000|100%|HS|  |TAMS 0x0000000080400000, 0x0000000080300000| Complete 
|   4|0x0000000080400000, 0x0000000080500000, 0x0000000080500000|100%|HC|  |TAMS 0x0000000080500000, 0x0000000080400000| Complete 
|   5|0x0000000080500000, 0x0000000080600000, 0x0000000080600000|100%|HC|  |TAMS 0x0000000080600000, 0x0000000080500000| Complete 
|   6|0x0000000080600000, 0x0000000080700000, 0x0000000080700000|100%| O|  |TAMS 0x0000000080700000, 0x0000000080600000| Untracked 
|   7|0x0000000080700000, 0x0000000080800000, 0x0000000080800000|100%| O|  |TAMS 0x0000000080800000, 0x0000000080700000| Untracked 
|   8|0x0000000080800000, 0x0000000080900000, 0x0000000080900000|100%| O|  |TAMS 0x0000000080900000, 0x0000000080800000| Untracked 
|   9|0x0000000080900000, 0x0000000080a00000, 0x0000000080a00000|100%| O|  |TAMS 0x0000000080a00000, 0x0000000080900000| Untracked 
|  10|0x0000000080a00000, 0x0000000080b00000, 0x0000000080b00000|100%| O|  |TAMS 0x0000000080b00000, 0x0000000080a00000| Untracked 
|  11|0x0000000080b00000, 0x0000000080c00000, 0x0000000080c00000|100%| O|  |TAMS 0x0000000080c00000, 0x0000000080b00000| Untracked 
|  12|0x0000000080c00000, 0x0000000080d00000, 0x0000000080d00000|100%| O|  |TAMS 0x0000000080d00000, 0x0000000080c00000| Untracked 
|  13|0x0000000080d00000, 0x0000000080e00000, 0x0000000080e00000|100%| O|  |TAMS 0x0000000080e00000, 0x0000000080d00000| Untracked 
|  14|0x0000000080e00000, 0x0000000080f00000, 0x0000000080f00000|100%| O|  |TAMS 0x0000000080f00000, 0x0000000080e00000| Untracked 
|  15|0x0000000080f00000, 0x0000000081000000, 0x0000000081000000|100%| O|  |TAMS 0x0000000081000000, 0x0000000080f00000| Untracked 
|  16|0x0000000081000000, 0x0000000081100000, 0x0000000081100000|100%|HS|  |TAMS 0x0000000081100000, 0x0000000081000000| Complete 
|  17|0x0000000081100000, 0x0000000081200000, 0x0000000081200000|100%|HC|  |TAMS 0x0000000081200000, 0x0000000081100000| Complete 
|  18|0x0000000081200000, 0x0000000081300000, 0x0000000081300000|100%|HS|  |TAMS 0x0000000081300000, 0x0000000081200000| Complete 
|  19|0x0000000081300000, 0x0000000081400000, 0x0000000081400000|100%|HC|  |TAMS 0x0000000081400000, 0x0000000081300000| Complete 
|  20|0x0000000081400000, 0x0000000081500000, 0x0000000081500000|100%|HC|  |TAMS 0x0000000081500000, 0x0000000081400000| Complete 
|  21|0x0000000081500000, 0x0000000081600000, 0x0000000081600000|100%|HS|  |TAMS 0x0000000081600000, 0x0000000081500000| Complete 
|  22|0x0000000081600000, 0x0000000081700000, 0x0000000081700000|100%|HC|  |TAMS 0x0000000081700000, 0x0000000081600000| Complete 
|  23|0x0000000081700000, 0x0000000081800000, 0x0000000081800000|100%|HC|  |TAMS 0x0000000081800000, 0x0000000081700000| Complete 
|  24|0x0000000081800000, 0x0000000081900000, 0x0000000081900000|100%|HC|  |TAMS 0x0000000081900000, 0x0000000081800000| Complete 
|  25|0x0000000081900000, 0x0000000081a00000, 0x0000000081a00000|100%|HC|  |TAMS 0x0000000081a00000, 0x0000000081900000| Complete 
|  26|0x0000000081a00000, 0x0000000081b00000, 0x0000000081b00000|100%| O|  |TAMS 0x0000000081b00000, 0x0000000081a00000| Untracked 
|  27|0x0000000081b00000, 0x0000000081c00000, 0x0000000081c00000|100%| O|  |TAMS 0x0000000081c00000, 0x0000000081b00000| Untracked 
|  28|0x0000000081c00000, 0x0000000081d00000, 0x0000000081d00000|100%| O|  |TAMS 0x0000000081d00000, 0x0000000081c00000| Untracked 
|  29|0x0000000081d00000, 0x0000000081e00000, 0x0000000081e00000|100%| O|  |TAMS 0x0000000081e00000, 0x0000000081d00000| Untracked 
|  30|0x0000000081e00000, 0x0000000081f00000, 0x0000000081f00000|100%|HS|  |TAMS 0x0000000081e00000, 0x0000000081e00000| Complete 
|  31|0x0000000081f00000, 0x0000000082000000, 0x0000000082000000|100%|HC|  |TAMS 0x0000000081f00000, 0x0000000081f00000| Complete 
|  32|0x0000000082000000, 0x0000000082100000, 0x0000000082100000|100%|HC|  |TAMS 0x0000000082000000, 0x0000000082000000| Complete 
|  33|0x0000000082100000, 0x0000000082200000, 0x0000000082200000|100%| O|  |TAMS 0x0000000082200000, 0x0000000082100000| Untracked 
|  34|0x0000000082200000, 0x0000000082300000, 0x0000000082300000|100%| O|  |TAMS 0x0000000082300000, 0x0000000082200000| Untracked 
|  35|0x0000000082300000, 0x0000000082400000, 0x0000000082400000|100%| O|  |TAMS 0x0000000082400000, 0x0000000082300000| Untracked 
|  36|0x0000000082400000, 0x0000000082500000, 0x0000000082500000|100%| O|  |TAMS 0x0000000082460800, 0x0000000082400000| Untracked 
|  37|0x0000000082500000, 0x0000000082600000, 0x0000000082600000|100%|HS|  |TAMS 0x0000000082500000, 0x0000000082500000| Complete 
|  38|0x0000000082600000, 0x0000000082700000, 0x0000000082700000|100%|HC|  |TAMS 0x0000000082600000, 0x0000000082600000| Complete 
|  39|0x0000000082700000, 0x0000000082800000, 0x0000000082800000|100%|HC|  |TAMS 0x0000000082700000, 0x0000000082700000| Complete 
|  40|0x0000000082800000, 0x0000000082900000, 0x0000000082900000|100%|HC|  |TAMS 0x0000000082800000, 0x0000000082800000| Complete 
|  41|0x0000000082900000, 0x0000000082a00000, 0x0000000082a00000|100%|HC|  |TAMS 0x0000000082900000, 0x0000000082900000| Complete 
|  42|0x0000000082a00000, 0x0000000082b00000, 0x0000000082b00000|100%| O|  |TAMS 0x0000000082a00000, 0x0000000082a00000| Untracked 
|  43|0x0000000082b00000, 0x0000000082c00000, 0x0000000082c00000|100%|HS|  |TAMS 0x0000000082b00000, 0x0000000082b00000| Complete 
|  44|0x0000000082c00000, 0x0000000082d00000, 0x0000000082d00000|100%| O|  |TAMS 0x0000000082c00000, 0x0000000082c00000| Untracked 
|  45|0x0000000082d00000, 0x0000000082e00000, 0x0000000082e00000|100%| O|  |TAMS 0x0000000082d00000, 0x0000000082d00000| Untracked 
|  46|0x0000000082e00000, 0x0000000082f00000, 0x0000000082f00000|100%| O|  |TAMS 0x0000000082e00000, 0x0000000082e00000| Untracked 
|  47|0x0000000082f00000, 0x0000000083000000, 0x0000000083000000|100%| O|  |TAMS 0x0000000082f00000, 0x0000000082f00000| Untracked 
|  48|0x0000000083000000, 0x0000000083100000, 0x0000000083100000|100%| O|  |TAMS 0x0000000083000000, 0x0000000083000000| Untracked 
|  49|0x0000000083100000, 0x0000000083200000, 0x0000000083200000|100%| O|  |TAMS 0x0000000083100000, 0x0000000083100000| Untracked 
|  50|0x0000000083200000, 0x0000000083300000, 0x0000000083300000|100%| O|  |TAMS 0x0000000083200000, 0x0000000083200000| Untracked 
|  51|0x0000000083300000, 0x0000000083400000, 0x0000000083400000|100%| O|  |TAMS 0x0000000083300000, 0x0000000083300000| Untracked 
|  52|0x0000000083400000, 0x0000000083500000, 0x0000000083500000|100%|HS|  |TAMS 0x0000000083400000, 0x0000000083400000| Complete 
|  53|0x0000000083500000, 0x0000000083600000, 0x0000000083600000|100%|HS|  |TAMS 0x0000000083500000, 0x0000000083500000| Complete 
|  54|0x0000000083600000, 0x0000000083700000, 0x0000000083700000|100%|HS|  |TAMS 0x0000000083600000, 0x0000000083600000| Complete 
|  55|0x0000000083700000, 0x0000000083800000, 0x0000000083800000|100%|HC|  |TAMS 0x0000000083700000, 0x0000000083700000| Complete 
|  56|0x0000000083800000, 0x0000000083900000, 0x0000000083900000|100%|HC|  |TAMS 0x0000000083800000, 0x0000000083800000| Complete 
|  57|0x0000000083900000, 0x0000000083a00000, 0x0000000083a00000|100%|HS|  |TAMS 0x0000000083900000, 0x0000000083900000| Complete 
|  58|0x0000000083a00000, 0x0000000083b00000, 0x0000000083b00000|100%|HC|  |TAMS 0x0000000083a00000, 0x0000000083a00000| Complete 
|  59|0x0000000083b00000, 0x0000000083c00000, 0x0000000083c00000|100%| O|  |TAMS 0x0000000083b00000, 0x0000000083b00000| Untracked 
|  60|0x0000000083c00000, 0x0000000083d00000, 0x0000000083d00000|100%| O|  |TAMS 0x0000000083c00000, 0x0000000083c00000| Untracked 
|  61|0x0000000083d00000, 0x0000000083e00000, 0x0000000083e00000|100%| O|  |TAMS 0x0000000083d00000, 0x0000000083d00000| Untracked 
|  62|0x0000000083e00000, 0x0000000083f00000, 0x0000000083f00000|100%| O|  |TAMS 0x0000000083e00000, 0x0000000083e00000| Untracked 
|  63|0x0000000083f00000, 0x0000000084000000, 0x0000000084000000|100%| O|  |TAMS 0x0000000083f00000, 0x0000000083f00000| Untracked 
|  64|0x0000000084000000, 0x0000000084100000, 0x0000000084100000|100%| O|  |TAMS 0x0000000084000000, 0x0000000084000000| Untracked 
|  65|0x0000000084100000, 0x0000000084200000, 0x0000000084200000|100%| O|  |TAMS 0x0000000084100000, 0x0000000084100000| Untracked 
|  66|0x0000000084200000, 0x0000000084300000, 0x0000000084300000|100%| O|  |TAMS 0x0000000084200000, 0x0000000084200000| Untracked 
|  67|0x0000000084300000, 0x0000000084400000, 0x0000000084400000|100%| O|  |TAMS 0x0000000084300000, 0x0000000084300000| Untracked 
|  68|0x0000000084400000, 0x0000000084500000, 0x0000000084500000|100%| O|  |TAMS 0x0000000084400000, 0x0000000084400000| Untracked 
|  69|0x0000000084500000, 0x0000000084600000, 0x0000000084600000|100%| O|  |TAMS 0x0000000084500000, 0x0000000084500000| Untracked 
|  70|0x0000000084600000, 0x0000000084700000, 0x0000000084700000|100%| O|  |TAMS 0x0000000084600000, 0x0000000084600000| Untracked 
|  71|0x0000000084700000, 0x0000000084800000, 0x0000000084800000|100%| O|  |TAMS 0x0000000084700000, 0x0000000084700000| Untracked 
|  72|0x0000000084800000, 0x0000000084900000, 0x0000000084900000|100%| O|  |TAMS 0x0000000084800000, 0x0000000084800000| Untracked 
|  73|0x0000000084900000, 0x0000000084a00000, 0x0000000084a00000|100%| O|  |TAMS 0x0000000084900000, 0x0000000084900000| Untracked 
|  74|0x0000000084a00000, 0x0000000084a00000, 0x0000000084b00000|  0%| F|  |TAMS 0x0000000084a00000, 0x0000000084a00000| Untracked 
|  75|0x0000000084b00000, 0x0000000084b00000, 0x0000000084c00000|  0%| F|  |TAMS 0x0000000084b00000, 0x0000000084b00000| Untracked 
|  76|0x0000000084c00000, 0x0000000084c00000, 0x0000000084d00000|  0%| F|  |TAMS 0x0000000084c00000, 0x0000000084c00000| Untracked 
|  77|0x0000000084d00000, 0x0000000084d00000, 0x0000000084e00000|  0%| F|  |TAMS 0x0000000084d00000, 0x0000000084d00000| Untracked 
|  78|0x0000000084e00000, 0x0000000084e00000, 0x0000000084f00000|  0%| F|  |TAMS 0x0000000084e00000, 0x0000000084e00000| Untracked 
|  79|0x0000000084f00000, 0x0000000084f00000, 0x0000000085000000|  0%| F|  |TAMS 0x0000000084f00000, 0x0000000084f00000| Untracked 
|  80|0x0000000085000000, 0x0000000085000000, 0x0000000085100000|  0%| F|  |TAMS 0x0000000085000000, 0x0000000085000000| Untracked 
|  81|0x0000000085100000, 0x0000000085100000, 0x0000000085200000|  0%| F|  |TAMS 0x0000000085100000, 0x0000000085100000| Untracked 
|  82|0x0000000085200000, 0x0000000085200000, 0x0000000085300000|  0%| F|  |TAMS 0x0000000085200000, 0x0000000085200000| Untracked 
|  83|0x0000000085300000, 0x0000000085300000, 0x0000000085400000|  0%| F|  |TAMS 0x0000000085300000, 0x0000000085300000| Untracked 
|  84|0x0000000085400000, 0x0000000085400000, 0x0000000085500000|  0%| F|  |TAMS 0x0000000085400000, 0x0000000085400000| Untracked 
|  85|0x0000000085500000, 0x0000000085500000, 0x0000000085600000|  0%| F|  |TAMS 0x0000000085500000, 0x0000000085500000| Untracked 
|  86|0x0000000085600000, 0x0000000085600000, 0x0000000085700000|  0%| F|  |TAMS 0x0000000085600000, 0x0000000085600000| Untracked 
|  87|0x0000000085700000, 0x0000000085700000, 0x0000000085800000|  0%| F|  |TAMS 0x0000000085700000, 0x0000000085700000| Untracked 
|  88|0x0000000085800000, 0x0000000085800000, 0x0000000085900000|  0%| F|  |TAMS 0x0000000085800000, 0x0000000085800000| Untracked 
|  89|0x0000000085900000, 0x0000000085900000, 0x0000000085a00000|  0%| F|  |TAMS 0x0000000085900000, 0x0000000085900000| Untracked 
|  90|0x0000000085a00000, 0x0000000085a00000, 0x0000000085b00000|  0%| F|  |TAMS 0x0000000085a00000, 0x0000000085a00000| Untracked 
|  91|0x0000000085b00000, 0x0000000085b00000, 0x0000000085c00000|  0%| F|  |TAMS 0x0000000085b00000, 0x0000000085b00000| Untracked 
|  92|0x0000000085c00000, 0x0000000085c00000, 0x0000000085d00000|  0%| F|  |TAMS 0x0000000085c00000, 0x0000000085c00000| Untracked 
|  93|0x0000000085d00000, 0x0000000085d00000, 0x0000000085e00000|  0%| F|  |TAMS 0x0000000085d00000, 0x0000000085d00000| Untracked 
|  94|0x0000000085e00000, 0x0000000085e00000, 0x0000000085f00000|  0%| F|  |TAMS 0x0000000085e00000, 0x0000000085e00000| Untracked 
|  95|0x0000000085f00000, 0x0000000085f00000, 0x0000000086000000|  0%| F|  |TAMS 0x0000000085f00000, 0x0000000085f00000| Untracked 
|  96|0x0000000086000000, 0x0000000086000000, 0x0000000086100000|  0%| F|  |TAMS 0x0000000086000000, 0x0000000086000000| Untracked 
|  97|0x0000000086100000, 0x0000000086100000, 0x0000000086200000|  0%| F|  |TAMS 0x0000000086100000, 0x0000000086100000| Untracked 
|  98|0x0000000086200000, 0x0000000086200000, 0x0000000086300000|  0%| F|  |TAMS 0x0000000086200000, 0x0000000086200000| Untracked 
|  99|0x0000000086300000, 0x0000000086300000, 0x0000000086400000|  0%| F|  |TAMS 0x0000000086300000, 0x0000000086300000| Untracked 
| 100|0x0000000086400000, 0x0000000086400000, 0x0000000086500000|  0%| F|  |TAMS 0x0000000086400000, 0x0000000086400000| Untracked 
| 101|0x0000000086500000, 0x0000000086500000, 0x0000000086600000|  0%| F|  |TAMS 0x0000000086500000, 0x0000000086500000| Untracked 
| 102|0x0000000086600000, 0x0000000086600000, 0x0000000086700000|  0%| F|  |TAMS 0x0000000086600000, 0x0000000086600000| Untracked 
| 103|0x0000000086700000, 0x0000000086700000, 0x0000000086800000|  0%| F|  |TAMS 0x0000000086700000, 0x0000000086700000| Untracked 
| 104|0x0000000086800000, 0x0000000086800000, 0x0000000086900000|  0%| F|  |TAMS 0x0000000086800000, 0x0000000086800000| Untracked 
| 105|0x0000000086900000, 0x0000000086900000, 0x0000000086a00000|  0%| F|  |TAMS 0x0000000086900000, 0x0000000086900000| Untracked 
| 106|0x0000000086a00000, 0x0000000086a00000, 0x0000000086b00000|  0%| F|  |TAMS 0x0000000086a00000, 0x0000000086a00000| Untracked 
| 107|0x0000000086b00000, 0x0000000086b9add0, 0x0000000086c00000| 60%| S|CS|TAMS 0x0000000086b00000, 0x0000000086b00000| Complete 
| 108|0x0000000086c00000, 0x0000000086d00000, 0x0000000086d00000|100%| S|CS|TAMS 0x0000000086c00000, 0x0000000086c00000| Complete 
| 109|0x0000000086d00000, 0x0000000086e00000, 0x0000000086e00000|100%| S|CS|TAMS 0x0000000086d00000, 0x0000000086d00000| Complete 
| 110|0x0000000086e00000, 0x0000000086e00000, 0x0000000086f00000|  0%| F|  |TAMS 0x0000000086e00000, 0x0000000086e00000| Untracked 
| 111|0x0000000086f00000, 0x0000000086f00000, 0x0000000087000000|  0%| F|  |TAMS 0x0000000086f00000, 0x0000000086f00000| Untracked 
| 112|0x0000000087000000, 0x0000000087000000, 0x0000000087100000|  0%| F|  |TAMS 0x0000000087000000, 0x0000000087000000| Untracked 
| 113|0x0000000087100000, 0x0000000087100000, 0x0000000087200000|  0%| F|  |TAMS 0x0000000087100000, 0x0000000087100000| Untracked 
| 114|0x0000000087200000, 0x0000000087200000, 0x0000000087300000|  0%| F|  |TAMS 0x0000000087200000, 0x0000000087200000| Untracked 
| 115|0x0000000087300000, 0x0000000087300000, 0x0000000087400000|  0%| F|  |TAMS 0x0000000087300000, 0x0000000087300000| Untracked 
| 116|0x0000000087400000, 0x0000000087400000, 0x0000000087500000|  0%| F|  |TAMS 0x0000000087400000, 0x0000000087400000| Untracked 
| 117|0x0000000087500000, 0x0000000087500000, 0x0000000087600000|  0%| F|  |TAMS 0x0000000087500000, 0x0000000087500000| Untracked 
| 118|0x0000000087600000, 0x0000000087600000, 0x0000000087700000|  0%| F|  |TAMS 0x0000000087600000, 0x0000000087600000| Untracked 
| 119|0x0000000087700000, 0x0000000087700000, 0x0000000087800000|  0%| F|  |TAMS 0x0000000087700000, 0x0000000087700000| Untracked 
| 120|0x0000000087800000, 0x0000000087800000, 0x0000000087900000|  0%| F|  |TAMS 0x0000000087800000, 0x0000000087800000| Untracked 
| 121|0x0000000087900000, 0x0000000087900000, 0x0000000087a00000|  0%| F|  |TAMS 0x0000000087900000, 0x0000000087900000| Untracked 
| 122|0x0000000087a00000, 0x0000000087a00000, 0x0000000087b00000|  0%| F|  |TAMS 0x0000000087a00000, 0x0000000087a00000| Untracked 
| 123|0x0000000087b00000, 0x0000000087b00000, 0x0000000087c00000|  0%| F|  |TAMS 0x0000000087b00000, 0x0000000087b00000| Untracked 
| 124|0x0000000087c00000, 0x0000000087c00000, 0x0000000087d00000|  0%| F|  |TAMS 0x0000000087c00000, 0x0000000087c00000| Untracked 
| 125|0x0000000087d00000, 0x0000000087d00000, 0x0000000087e00000|  0%| F|  |TAMS 0x0000000087d00000, 0x0000000087d00000| Untracked 
| 126|0x0000000087e00000, 0x0000000087e00000, 0x0000000087f00000|  0%| F|  |TAMS 0x0000000087e00000, 0x0000000087e00000| Untracked 
| 127|0x0000000087f00000, 0x0000000087f00000, 0x0000000088000000|  0%| F|  |TAMS 0x0000000087f00000, 0x0000000087f00000| Untracked 
| 128|0x0000000088000000, 0x0000000088000000, 0x0000000088100000|  0%| F|  |TAMS 0x0000000088000000, 0x0000000088000000| Untracked 
| 129|0x0000000088100000, 0x0000000088100000, 0x0000000088200000|  0%| F|  |TAMS 0x0000000088100000, 0x0000000088100000| Untracked 
| 130|0x0000000088200000, 0x0000000088200000, 0x0000000088300000|  0%| F|  |TAMS 0x0000000088200000, 0x0000000088200000| Untracked 
| 131|0x0000000088300000, 0x0000000088300000, 0x0000000088400000|  0%| F|  |TAMS 0x0000000088300000, 0x0000000088300000| Untracked 
| 132|0x0000000088400000, 0x0000000088400000, 0x0000000088500000|  0%| F|  |TAMS 0x0000000088400000, 0x0000000088400000| Untracked 
| 133|0x0000000088500000, 0x0000000088500000, 0x0000000088600000|  0%| F|  |TAMS 0x0000000088500000, 0x0000000088500000| Untracked 
| 134|0x0000000088600000, 0x0000000088600000, 0x0000000088700000|  0%| F|  |TAMS 0x0000000088600000, 0x0000000088600000| Untracked 
| 135|0x0000000088700000, 0x0000000088700000, 0x0000000088800000|  0%| F|  |TAMS 0x0000000088700000, 0x0000000088700000| Untracked 
| 136|0x0000000088800000, 0x0000000088800000, 0x0000000088900000|  0%| F|  |TAMS 0x0000000088800000, 0x0000000088800000| Untracked 
| 137|0x0000000088900000, 0x0000000088900000, 0x0000000088a00000|  0%| F|  |TAMS 0x0000000088900000, 0x0000000088900000| Untracked 
| 138|0x0000000088a00000, 0x0000000088a00000, 0x0000000088b00000|  0%| F|  |TAMS 0x0000000088a00000, 0x0000000088a00000| Untracked 
| 139|0x0000000088b00000, 0x0000000088b00000, 0x0000000088c00000|  0%| F|  |TAMS 0x0000000088b00000, 0x0000000088b00000| Untracked 
| 140|0x0000000088c00000, 0x0000000088c00000, 0x0000000088d00000|  0%| F|  |TAMS 0x0000000088c00000, 0x0000000088c00000| Untracked 
| 141|0x0000000088d00000, 0x0000000088d00000, 0x0000000088e00000|  0%| F|  |TAMS 0x0000000088d00000, 0x0000000088d00000| Untracked 
| 142|0x0000000088e00000, 0x0000000088e00000, 0x0000000088f00000|  0%| F|  |TAMS 0x0000000088e00000, 0x0000000088e00000| Untracked 
| 143|0x0000000088f00000, 0x0000000088f00000, 0x0000000089000000|  0%| F|  |TAMS 0x0000000088f00000, 0x0000000088f00000| Untracked 
| 144|0x0000000089000000, 0x0000000089000000, 0x0000000089100000|  0%| F|  |TAMS 0x0000000089000000, 0x0000000089000000| Untracked 
| 145|0x0000000089100000, 0x0000000089100000, 0x0000000089200000|  0%| F|  |TAMS 0x0000000089100000, 0x0000000089100000| Untracked 
| 146|0x0000000089200000, 0x0000000089200000, 0x0000000089300000|  0%| F|  |TAMS 0x0000000089200000, 0x0000000089200000| Untracked 
| 147|0x0000000089300000, 0x0000000089300000, 0x0000000089400000|  0%| F|  |TAMS 0x0000000089300000, 0x0000000089300000| Untracked 
| 148|0x0000000089400000, 0x0000000089400000, 0x0000000089500000|  0%| F|  |TAMS 0x0000000089400000, 0x0000000089400000| Untracked 
| 149|0x0000000089500000, 0x0000000089500000, 0x0000000089600000|  0%| F|  |TAMS 0x0000000089500000, 0x0000000089500000| Untracked 
| 150|0x0000000089600000, 0x0000000089600000, 0x0000000089700000|  0%| F|  |TAMS 0x0000000089600000, 0x0000000089600000| Untracked 
| 151|0x0000000089700000, 0x0000000089700000, 0x0000000089800000|  0%| F|  |TAMS 0x0000000089700000, 0x0000000089700000| Untracked 
| 152|0x0000000089800000, 0x0000000089800000, 0x0000000089900000|  0%| F|  |TAMS 0x0000000089800000, 0x0000000089800000| Untracked 
| 153|0x0000000089900000, 0x0000000089900000, 0x0000000089a00000|  0%| F|  |TAMS 0x0000000089900000, 0x0000000089900000| Untracked 
| 154|0x0000000089a00000, 0x0000000089a00000, 0x0000000089b00000|  0%| F|  |TAMS 0x0000000089a00000, 0x0000000089a00000| Untracked 
| 155|0x0000000089b00000, 0x0000000089b00000, 0x0000000089c00000|  0%| F|  |TAMS 0x0000000089b00000, 0x0000000089b00000| Untracked 
| 156|0x0000000089c00000, 0x0000000089c00000, 0x0000000089d00000|  0%| F|  |TAMS 0x0000000089c00000, 0x0000000089c00000| Untracked 
| 157|0x0000000089d00000, 0x0000000089d00000, 0x0000000089e00000|  0%| F|  |TAMS 0x0000000089d00000, 0x0000000089d00000| Untracked 
| 158|0x0000000089e00000, 0x0000000089e00000, 0x0000000089f00000|  0%| F|  |TAMS 0x0000000089e00000, 0x0000000089e00000| Untracked 
| 159|0x0000000089f00000, 0x0000000089f00000, 0x000000008a000000|  0%| F|  |TAMS 0x0000000089f00000, 0x0000000089f00000| Untracked 
| 160|0x000000008a000000, 0x000000008a000000, 0x000000008a100000|  0%| F|  |TAMS 0x000000008a000000, 0x000000008a000000| Untracked 
| 161|0x000000008a100000, 0x000000008a100000, 0x000000008a200000|  0%| F|  |TAMS 0x000000008a100000, 0x000000008a100000| Untracked 
| 162|0x000000008a200000, 0x000000008a200000, 0x000000008a300000|  0%| F|  |TAMS 0x000000008a200000, 0x000000008a200000| Untracked 
| 163|0x000000008a300000, 0x000000008a300000, 0x000000008a400000|  0%| F|  |TAMS 0x000000008a300000, 0x000000008a300000| Untracked 
| 164|0x000000008a400000, 0x000000008a400000, 0x000000008a500000|  0%| F|  |TAMS 0x000000008a400000, 0x000000008a400000| Untracked 
| 165|0x000000008a500000, 0x000000008a500000, 0x000000008a600000|  0%| F|  |TAMS 0x000000008a500000, 0x000000008a500000| Untracked 
| 166|0x000000008a600000, 0x000000008a600000, 0x000000008a700000|  0%| F|  |TAMS 0x000000008a600000, 0x000000008a600000| Untracked 
| 167|0x000000008a700000, 0x000000008a800000, 0x000000008a800000|100%| E|  |TAMS 0x000000008a700000, 0x000000008a700000| Complete 
| 168|0x000000008a800000, 0x000000008a900000, 0x000000008a900000|100%| E|CS|TAMS 0x000000008a800000, 0x000000008a800000| Complete 
| 169|0x000000008a900000, 0x000000008aa00000, 0x000000008aa00000|100%| E|CS|TAMS 0x000000008a900000, 0x000000008a900000| Complete 
| 170|0x000000008aa00000, 0x000000008ab00000, 0x000000008ab00000|100%| E|CS|TAMS 0x000000008aa00000, 0x000000008aa00000| Complete 
| 171|0x000000008ab00000, 0x000000008ac00000, 0x000000008ac00000|100%| E|CS|TAMS 0x000000008ab00000, 0x000000008ab00000| Complete 
| 172|0x000000008ac00000, 0x000000008ad00000, 0x000000008ad00000|100%| E|CS|TAMS 0x000000008ac00000, 0x000000008ac00000| Complete 
| 173|0x000000008ad00000, 0x000000008ae00000, 0x000000008ae00000|100%| E|CS|TAMS 0x000000008ad00000, 0x000000008ad00000| Complete 
| 174|0x000000008ae00000, 0x000000008af00000, 0x000000008af00000|100%| E|CS|TAMS 0x000000008ae00000, 0x000000008ae00000| Complete 
| 175|0x000000008af00000, 0x000000008b000000, 0x000000008b000000|100%| E|CS|TAMS 0x000000008af00000, 0x000000008af00000| Complete 
| 176|0x000000008b000000, 0x000000008b100000, 0x000000008b100000|100%| E|CS|TAMS 0x000000008b000000, 0x000000008b000000| Complete 
| 177|0x000000008b100000, 0x000000008b200000, 0x000000008b200000|100%| E|CS|TAMS 0x000000008b100000, 0x000000008b100000| Complete 
| 178|0x000000008b200000, 0x000000008b300000, 0x000000008b300000|100%| E|CS|TAMS 0x000000008b200000, 0x000000008b200000| Complete 
| 179|0x000000008b300000, 0x000000008b400000, 0x000000008b400000|100%| E|CS|TAMS 0x000000008b300000, 0x000000008b300000| Complete 
| 180|0x000000008b400000, 0x000000008b500000, 0x000000008b500000|100%| E|CS|TAMS 0x000000008b400000, 0x000000008b400000| Complete 
| 181|0x000000008b500000, 0x000000008b600000, 0x000000008b600000|100%| E|CS|TAMS 0x000000008b500000, 0x000000008b500000| Complete 
| 182|0x000000008b600000, 0x000000008b700000, 0x000000008b700000|100%| E|CS|TAMS 0x000000008b600000, 0x000000008b600000| Complete 
| 183|0x000000008b700000, 0x000000008b800000, 0x000000008b800000|100%| E|CS|TAMS 0x000000008b700000, 0x000000008b700000| Complete 
| 184|0x000000008b800000, 0x000000008b900000, 0x000000008b900000|100%| E|CS|TAMS 0x000000008b800000, 0x000000008b800000| Complete 

Card table byte_map: [0x0000014fc6fb0000,0x0000014fc73b0000] _byte_map_base: 0x0000014fc6bb0000

Marking Bits (Prev, Next): (CMBitMap*) 0x0000014fb1ebd800, (CMBitMap*) 0x0000014fb1ebd7c8
 Prev Bits: [0x0000014fc97b0000, 0x0000014fcb7b0000)
 Next Bits: [0x0000014fc77b0000, 0x0000014fc97b0000)

Polling page: 0x0000014fb1f60000

Metaspace:

Usage:
  Non-class:     53.56 MB capacity,    52.42 MB ( 98%) used,  1000.26 KB (  2%) free+waste,   163.44 KB ( <1%) overhead. 
      Class:      8.29 MB capacity,     7.72 MB ( 93%) used,   508.87 KB (  6%) free+waste,    77.81 KB ( <1%) overhead. 
       Both:     61.85 MB capacity,    60.14 MB ( 97%) used,     1.47 MB (  2%) free+waste,   241.25 KB ( <1%) overhead. 

Virtual space:
  Non-class space:       54.00 MB reserved,      53.75 MB (>99%) committed 
      Class space:        1.00 GB reserved,       8.38 MB ( <1%) committed 
             Both:        1.05 GB reserved,      62.13 MB (  6%) committed 

Chunk freelists:
   Non-Class:  6.00 KB
       Class:  20.00 KB
        Both:  26.00 KB

MaxMetaspaceSize: 17179869184.00 GB
CompressedClassSpaceSize: 1.00 GB

CodeHeap 'non-profiled nmethods': size=120000Kb used=3756Kb max_used=3756Kb free=116243Kb
 bounds [0x0000014fbec10000, 0x0000014fbefc0000, 0x0000014fc6140000]
CodeHeap 'profiled nmethods': size=120000Kb used=12920Kb max_used=12920Kb free=107079Kb
 bounds [0x0000014fb76e0000, 0x0000014fb8380000, 0x0000014fbec10000]
CodeHeap 'non-nmethods': size=5760Kb used=2251Kb max_used=2303Kb free=3508Kb
 bounds [0x0000014fb7140000, 0x0000014fb73b0000, 0x0000014fb76e0000]
 total_blobs=7279 nmethods=6441 adapters=749
 compilation: enabled
              stopped_count=0, restarted_count=0
 full_count=0

Compilation events (20 events):
Event: 8.079 Thread 0x0000014fceb2c800 nmethod 6491 0x0000014fb8379090 code [0x0000014fb8379240, 0x0000014fb8379498]
Event: 8.087 Thread 0x0000014fceb2b000 6492       4       org.objectweb.asm.SymbolTable::addConstantUtf8Reference (101 bytes)
Event: 8.088 Thread 0x0000014fceb2c800 6493       3       org.objectweb.asm.Type::getDescriptor (18 bytes)
Event: 8.088 Thread 0x0000014fd0ca9000 6494       4       org.objectweb.asm.Frame::execute (2318 bytes)
Event: 8.088 Thread 0x0000014fcfcc2000 6496       4       org.objectweb.asm.ByteVector::putInt (74 bytes)
Event: 8.088 Thread 0x0000014fceb2c800 nmethod 6493 0x0000014fb8379590 code [0x0000014fb83797c0, 0x0000014fb8379dd8]
Event: 8.088 Thread 0x0000014fceb2c800 6495       1       org.gradle.internal.instantiation.generator.AbstractClassGenerator$MethodMetadata::getGenericReturnType (5 bytes)
Event: 8.088 Thread 0x0000014fceb2c800 nmethod 6495 0x0000014fbefb7110 code [0x0000014fbefb72c0, 0x0000014fbefb7378]
Event: 8.089 Thread 0x0000014fcfcc2000 nmethod 6496 0x0000014fbefb7410 code [0x0000014fbefb75c0, 0x0000014fbefb7768]
Event: 8.108 Thread 0x0000014fceb2c800 6497       3       com.google.common.collect.ImmutableMap$Builder::build (21 bytes)
Event: 8.108 Thread 0x0000014fceb2c800 nmethod 6497 0x0000014fb837a010 code [0x0000014fb837a1e0, 0x0000014fb837a3d8]
Event: 8.108 Thread 0x0000014fceb2c800 6498       3       com.google.common.collect.ImmutableMap$Builder::sortEntries (156 bytes)
Event: 8.108 Thread 0x0000014fcfcc2000 6499       4       org.gradle.internal.instantiation.generator.AbstractClassGenerator$DisabledAnnotationValidator::validateMethod (68 bytes)
Event: 8.110 Thread 0x0000014fceb2c800 nmethod 6498 0x0000014fb837a490 code [0x0000014fb837a7c0, 0x0000014fb837bf58]
Event: 8.111 Thread 0x0000014fcfcc2000 nmethod 6499 0x0000014fbefb7890 code [0x0000014fbefb7a60, 0x0000014fbefb7c98]
Event: 8.111 Thread 0x0000014fcfcc2000 6500       4       org.objectweb.asm.Frame::merge (322 bytes)
Event: 8.113 Thread 0x0000014fcfcc2000 nmethod 6500 0x0000014fbefb7f10 code [0x0000014fbefb80c0, 0x0000014fbefb8308]
Event: 8.133 Thread 0x0000014fceb2c800 6501   !   3       org.gradle.launcher.daemon.server.exec.DaemonConnectionBackedEventConsumer$ForwardEvents::getNextEvent (27 bytes)
Event: 8.133 Thread 0x0000014fceb2c800 nmethod 6501 0x0000014fb837c690 code [0x0000014fb837c860, 0x0000014fb837caa8]
Event: 8.147 Thread 0x0000014fceb2b000 nmethod 6492 0x0000014fbefb8510 code [0x0000014fbefb8760, 0x0000014fbefba608]

GC Heap History (20 events):
Event: 2.370 GC heap before
{Heap before GC invocations=2 (full 0):
 garbage-first heap   total 131072K, used 36252K [0x0000000080000000, 0x0000000100000000)
  region size 1024K, 32 young (32768K), 10 survivors (10240K)
 Metaspace       used 20574K, capacity 21085K, committed 21248K, reserved 1067008K
  class space    used 2513K, capacity 2699K, committed 2816K, reserved 1048576K
}
Event: 2.377 GC heap after
{Heap after GC invocations=3 (full 0):
 garbage-first heap   total 131072K, used 16920K [0x0000000080000000, 0x0000000100000000)
  region size 1024K, 1 young (1024K), 1 survivors (1024K)
 Metaspace       used 20574K, capacity 21085K, committed 21248K, reserved 1067008K
  class space    used 2513K, capacity 2699K, committed 2816K, reserved 1048576K
}
Event: 3.024 GC heap before
{Heap before GC invocations=4 (full 0):
 garbage-first heap   total 131072K, used 75288K [0x0000000080000000, 0x0000000100000000)
  region size 1024K, 54 young (55296K), 1 survivors (1024K)
 Metaspace       used 26062K, capacity 26787K, committed 27008K, reserved 1073152K
  class space    used 3419K, capacity 3686K, committed 3712K, reserved 1048576K
}
Event: 3.028 GC heap after
{Heap after GC invocations=5 (full 0):
 garbage-first heap   total 131072K, used 25321K [0x0000000080000000, 0x0000000100000000)
  region size 1024K, 5 young (5120K), 5 survivors (5120K)
 Metaspace       used 26062K, capacity 26787K, committed 27008K, reserved 1073152K
  class space    used 3419K, capacity 3686K, committed 3712K, reserved 1048576K
}
Event: 3.737 GC heap before
{Heap before GC invocations=5 (full 0):
 garbage-first heap   total 131072K, used 85737K [0x0000000080000000, 0x0000000100000000)
  region size 1024K, 60 young (61440K), 5 survivors (5120K)
 Metaspace       used 32567K, capacity 33457K, committed 33664K, reserved 1079296K
  class space    used 4367K, capacity 4676K, committed 4736K, reserved 1048576K
}
Event: 3.742 GC heap after
{Heap after GC invocations=6 (full 0):
 garbage-first heap   total 131072K, used 34231K [0x0000000080000000, 0x0000000100000000)
  region size 1024K, 8 young (8192K), 8 survivors (8192K)
 Metaspace       used 32567K, capacity 33457K, committed 33664K, reserved 1079296K
  class space    used 4367K, capacity 4676K, committed 4736K, reserved 1048576K
}
Event: 3.892 GC heap before
{Heap before GC invocations=6 (full 0):
 garbage-first heap   total 131072K, used 41399K [0x0000000080000000, 0x0000000100000000)
  region size 1024K, 16 young (16384K), 8 survivors (8192K)
 Metaspace       used 34840K, capacity 35726K, committed 35840K, reserved 1081344K
  class space    used 4555K, capacity 4899K, committed 4992K, reserved 1048576K
}
Event: 3.901 GC heap after
{Heap after GC invocations=7 (full 0):
 garbage-first heap   total 131072K, used 35652K [0x0000000080000000, 0x0000000100000000)
  region size 1024K, 6 young (6144K), 6 survivors (6144K)
 Metaspace       used 34840K, capacity 35726K, committed 35840K, reserved 1081344K
  class space    used 4555K, capacity 4899K, committed 4992K, reserved 1048576K
}
Event: 4.427 GC heap before
{Heap before GC invocations=8 (full 0):
 garbage-first heap   total 131072K, used 81732K [0x0000000080000000, 0x0000000100000000)
  region size 1024K, 49 young (50176K), 6 survivors (6144K)
 Metaspace       used 39420K, capacity 40474K, committed 40576K, reserved 1085440K
  class space    used 5032K, capacity 5433K, committed 5504K, reserved 1048576K
}
Event: 4.439 GC heap after
{Heap after GC invocations=9 (full 0):
 garbage-first heap   total 131072K, used 39184K [0x0000000080000000, 0x0000000100000000)
  region size 1024K, 5 young (5120K), 5 survivors (5120K)
 Metaspace       used 39420K, capacity 40474K, committed 40576K, reserved 1085440K
  class space    used 5032K, capacity 5433K, committed 5504K, reserved 1048576K
}
Event: 5.051 GC heap before
{Heap before GC invocations=10 (full 0):
 garbage-first heap   total 131072K, used 92432K [0x0000000080000000, 0x0000000100000000)
  region size 1024K, 50 young (51200K), 5 survivors (5120K)
 Metaspace       used 42573K, capacity 43843K, committed 44160K, reserved 1087488K
  class space    used 5479K, capacity 5912K, committed 6016K, reserved 1048576K
}
Event: 5.058 GC heap after
{Heap after GC invocations=11 (full 0):
 garbage-first heap   total 157696K, used 51142K [0x0000000080000000, 0x0000000100000000)
  region size 1024K, 7 young (7168K), 7 survivors (7168K)
 Metaspace       used 42573K, capacity 43843K, committed 44160K, reserved 1087488K
  class space    used 5479K, capacity 5912K, committed 6016K, reserved 1048576K
}
Event: 5.684 GC heap before
{Heap before GC invocations=11 (full 0):
 garbage-first heap   total 157696K, used 106438K [0x0000000080000000, 0x0000000100000000)
  region size 1024K, 61 young (62464K), 7 survivors (7168K)
 Metaspace       used 46284K, capacity 47543K, committed 47616K, reserved 1091584K
  class space    used 5893K, capacity 6330K, committed 6400K, reserved 1048576K
}
Event: 5.694 GC heap after
{Heap after GC invocations=12 (full 0):
 garbage-first heap   total 157696K, used 55469K [0x0000000080000000, 0x0000000100000000)
  region size 1024K, 5 young (5120K), 5 survivors (5120K)
 Metaspace       used 46284K, capacity 47543K, committed 47616K, reserved 1091584K
  class space    used 5893K, capacity 6330K, committed 6400K, reserved 1048576K
}
Event: 6.386 GC heap before
{Heap before GC invocations=12 (full 0):
 garbage-first heap   total 157696K, used 109741K [0x0000000080000000, 0x0000000100000000)
  region size 1024K, 58 young (59392K), 5 survivors (5120K)
 Metaspace       used 49413K, capacity 50978K, committed 51200K, reserved 1093632K
  class space    used 6336K, capacity 6833K, committed 6912K, reserved 1048576K
}
Event: 6.395 GC heap after
{Heap after GC invocations=13 (full 0):
 garbage-first heap   total 157696K, used 58096K [0x0000000080000000, 0x0000000100000000)
  region size 1024K, 7 young (7168K), 7 survivors (7168K)
 Metaspace       used 49413K, capacity 50978K, committed 51200K, reserved 1093632K
  class space    used 6336K, capacity 6833K, committed 6912K, reserved 1048576K
}
Event: 7.137 GC heap before
{Heap before GC invocations=13 (full 0):
 garbage-first heap   total 157696K, used 121584K [0x0000000080000000, 0x0000000100000000)
  region size 1024K, 62 young (63488K), 7 survivors (7168K)
 Metaspace       used 52692K, capacity 54199K, committed 54528K, reserved 1095680K
  class space    used 6845K, capacity 7348K, committed 7424K, reserved 1048576K
}
Event: 7.147 GC heap after
{Heap after GC invocations=14 (full 0):
 garbage-first heap   total 157696K, used 75424K [0x0000000080000000, 0x0000000100000000)
  region size 1024K, 8 young (8192K), 8 survivors (8192K)
 Metaspace       used 52692K, capacity 54199K, committed 54528K, reserved 1095680K
  class space    used 6845K, capacity 7348K, committed 7424K, reserved 1048576K
}
Event: 7.901 GC heap before
{Heap before GC invocations=14 (full 0):
 garbage-first heap   total 157696K, used 120480K [0x0000000080000000, 0x0000000100000000)
  region size 1024K, 52 young (53248K), 8 survivors (8192K)
 Metaspace       used 58641K, capacity 60308K, committed 60416K, reserved 1101824K
  class space    used 7570K, capacity 8122K, committed 8192K, reserved 1048576K
}
Event: 7.909 GC heap after
{Heap after GC invocations=15 (full 0):
 garbage-first heap   total 189440K, used 78443K [0x0000000080000000, 0x0000000100000000)
  region size 1024K, 3 young (3072K), 3 survivors (3072K)
 Metaspace       used 58641K, capacity 60308K, committed 60416K, reserved 1101824K
  class space    used 7570K, capacity 8122K, committed 8192K, reserved 1048576K
}

Deoptimization events (20 events):
Event: 7.607 Thread 0x0000014fceca5000 Uncommon trap: trap_request=0xffffff45 fr.pc=0x0000014fbedc6f00 relative=0x0000000000000d40
Event: 7.607 Thread 0x0000014fceca5000 Uncommon trap: reason=unstable_fused_if action=reinterpret pc=0x0000014fbedc6f00 method=org.objectweb.asm.ByteVector.putUTF8(Ljava/lang/String;)Lorg/objectweb/asm/ByteVector; @ 93 c2
Event: 7.607 Thread 0x0000014fceca5000 DEOPT PACKING pc=0x0000014fbedc6f00 sp=0x000000377bbf7ef0
Event: 7.607 Thread 0x0000014fceca5000 DEOPT UNPACKING pc=0x0000014fb71678af sp=0x000000377bbf7e48 mode 2
Event: 7.608 Thread 0x0000014fceca5000 Uncommon trap: trap_request=0xffffffdc fr.pc=0x0000014fbef7f3ec relative=0x00000000000002ac
Event: 7.608 Thread 0x0000014fceca5000 Uncommon trap: reason=class_check action=make_not_entrant pc=0x0000014fbef7f3ec method=java.util.ArrayList.toArray([Ljava/lang/Object;)[Ljava/lang/Object; @ 21 c2
Event: 7.608 Thread 0x0000014fceca5000 DEOPT PACKING pc=0x0000014fbef7f3ec sp=0x000000377bbf8170
Event: 7.608 Thread 0x0000014fceca5000 DEOPT UNPACKING pc=0x0000014fb71678af sp=0x000000377bbf8140 mode 2
Event: 7.637 Thread 0x0000014fceca5000 Uncommon trap: trap_request=0xffffff45 fr.pc=0x0000014fbed544ec relative=0x000000000000020c
Event: 7.637 Thread 0x0000014fceca5000 Uncommon trap: reason=unstable_fused_if action=reinterpret pc=0x0000014fbed544ec method=org.objectweb.asm.ByteVector.putUTF8(Ljava/lang/String;)Lorg/objectweb/asm/ByteVector; @ 93 c2
Event: 7.637 Thread 0x0000014fceca5000 DEOPT PACKING pc=0x0000014fbed544ec sp=0x000000377bbf8220
Event: 7.637 Thread 0x0000014fceca5000 DEOPT UNPACKING pc=0x0000014fb71678af sp=0x000000377bbf81a0 mode 2
Event: 7.909 Thread 0x0000014fceca1000 Uncommon trap: trap_request=0xffffff6e fr.pc=0x0000014fbed616ec relative=0x000000000000052c
Event: 7.909 Thread 0x0000014fceca1000 Uncommon trap: reason=speculate_class_check action=maybe_recompile pc=0x0000014fbed616ec method=jdk.internal.ref.PhantomCleanable.clean()V @ 12 c2
Event: 7.909 Thread 0x0000014fceca1000 DEOPT PACKING pc=0x0000014fbed616ec sp=0x000000377b1ff140
Event: 7.909 Thread 0x0000014fceca1000 DEOPT UNPACKING pc=0x0000014fb71678af sp=0x000000377b1ff120 mode 2
Event: 8.078 Thread 0x0000014fceca5000 Uncommon trap: trap_request=0xffffff4d fr.pc=0x0000014fbeefa420 relative=0x0000000000000420
Event: 8.078 Thread 0x0000014fceca5000 Uncommon trap: reason=unstable_if action=reinterpret pc=0x0000014fbeefa420 method=org.gradle.internal.instantiation.generator.AbstractClassGenerator$InjectionAnnotationValidator.validateMethod(Ljava/lang/reflect/Method;Lorg/gradle/internal/reflect/Propert
Event: 8.078 Thread 0x0000014fceca5000 DEOPT PACKING pc=0x0000014fbeefa420 sp=0x000000377bbf7e80
Event: 8.078 Thread 0x0000014fceca5000 DEOPT UNPACKING pc=0x0000014fb71678af sp=0x000000377bbf7e48 mode 2

Classes redefined (0 events):
No events

Internal exceptions (20 events):
Event: 6.675 Thread 0x0000014fceca5000 Exception <a 'java/lang/ClassNotFoundException'{0x000000008868f630}: org/gradle/api/DefaultTaskBeanInfo> (0x000000008868f630) thrown at [./src/hotspot/share/classfile/systemDictionary.cpp, line 231]
Event: 6.677 Thread 0x0000014fceca5000 Exception <a 'java/lang/ClassNotFoundException'{0x00000000886bc218}: org/gradle/api/internal/AbstractTaskBeanInfo> (0x00000000886bc218) thrown at [./src/hotspot/share/classfile/systemDictionary.cpp, line 231]
Event: 6.678 Thread 0x0000014fceca5000 Exception <a 'java/lang/ClassNotFoundException'{0x00000000886e8dc0}: org/gradle/api/internal/AbstractTaskCustomizer> (0x00000000886e8dc0) thrown at [./src/hotspot/share/classfile/systemDictionary.cpp, line 231]
Event: 6.682 Thread 0x0000014fceca5000 Exception <a 'java/lang/ClassNotFoundException'{0x000000008855a320}: org/gradle/api/DefaultTaskCustomizer> (0x000000008855a320) thrown at [./src/hotspot/share/classfile/systemDictionary.cpp, line 231]
Event: 6.686 Thread 0x0000014fceca5000 Exception <a 'java/lang/ClassNotFoundException'{0x00000000885db038}: org/gradle/api/internal/ConventionTaskCustomizer> (0x00000000885db038) thrown at [./src/hotspot/share/classfile/systemDictionary.cpp, line 231]
Event: 6.688 Thread 0x0000014fceca5000 Exception <a 'java/lang/ClassNotFoundException'{0x0000000088413420}: org/gradle/api/tasks/DeleteCustomizer> (0x0000000088413420) thrown at [./src/hotspot/share/classfile/systemDictionary.cpp, line 231]
Event: 6.690 Thread 0x0000014fceca5000 Exception <a 'java/lang/ClassNotFoundException'{0x0000000088452660}: org/gradle/api/tasks/Delete_DecoratedCustomizer> (0x0000000088452660) thrown at [./src/hotspot/share/classfile/systemDictionary.cpp, line 231]
Event: 6.731 Thread 0x0000014fceca5000 Exception <a 'java/lang/NoSuchMethodError'{0x0000000088229e08}: 'void java.lang.invoke.DirectMethodHandle$Holder.invokeVirtual(java.lang.Object, java.lang.Object)'> (0x0000000088229e08) thrown at [./src/hotspot/share/interpreter/linkResolver.cpp, line 773]
Event: 7.195 Thread 0x0000014fceca5000 Exception <a 'java/lang/NoSuchMethodError'{0x00000000898ff778}: 'void java.lang.invoke.DirectMethodHandle$Holder.invokeSpecialIFC(java.lang.Object, java.lang.Object, java.lang.Object)'> (0x00000000898ff778) thrown at [./src/hotspot/share/interpreter/linkResolver.cpp, line 773]
Event: 7.291 Thread 0x0000014fceca5000 Exception <a 'java/lang/NoSuchMethodError'{0x00000000892179f0}: 'int java.lang.invoke.DirectMethodHandle$Holder.invokeStatic(java.lang.Object, int, java.lang.Object, java.lang.Object)'> (0x00000000892179f0) thrown at [./src/hotspot/share/interpreter/linkResolver.cpp, line 773]
Event: 7.417 Thread 0x0000014fceca5000 Exception <a 'java/lang/ClassNotFoundException'{0x0000000088dc2738}: build_8kezdhjg3jtbhr1rrc87rnqxmBeanInfo> (0x0000000088dc2738) thrown at [./src/hotspot/share/classfile/systemDictionary.cpp, line 231]
Event: 7.417 Thread 0x0000014fceca5000 Exception <a 'java/lang/ClassNotFoundException'{0x0000000088dcd660}: build_8kezdhjg3jtbhr1rrc87rnqxmCustomizer> (0x0000000088dcd660) thrown at [./src/hotspot/share/classfile/systemDictionary.cpp, line 231]
Event: 7.426 Thread 0x0000014fceca5000 Exception <a 'java/lang/ClassNotFoundException'{0x0000000088c52898}: org/gradle/plugin/use/internal/PluginRequestCollector$PluginDependenciesSpecImplBeanInfo> (0x0000000088c52898) thrown at [./src/hotspot/share/classfile/systemDictionary.cpp, line 231]
Event: 7.426 Thread 0x0000014fceca5000 Exception <a 'java/lang/ClassNotFoundException'{0x0000000088c809d8}: org/gradle/plugin/use/internal/PluginRequestCollector$PluginDependenciesSpecImplCustomizer> (0x0000000088c809d8) thrown at [./src/hotspot/share/classfile/systemDictionary.cpp, line 231]
Event: 7.595 Thread 0x0000014fceca5000 Exception <a 'java/lang/NoSuchMethodError'{0x0000000088095438}: 'java.lang.Object java.lang.invoke.DirectMethodHandle$Holder.invokeStatic(java.lang.Object, java.lang.Object, java.lang.Object, java.lang.Object, int)'> (0x0000000088095438) thrown at [./src/hotspot/share/interpreter/linkResolver.cpp, line 773]
Event: 7.595 Thread 0x0000014fceca5000 Exception <a 'java/lang/NoSuchMethodError'{0x0000000088099e30}: 'java.lang.Object java.lang.invoke.DirectMethodHandle$Holder.invokeSpecial(java.lang.Object, java.lang.Object, java.lang.Object, java.lang.Object, java.lang.Object, int)'> (0x0000000088099e30) thrown at [./src/hotspot/share/interpreter/linkResolver.cpp, line 773]
Event: 7.596 Thread 0x0000014fceca5000 Exception <a 'java/lang/NoSuchMethodError'{0x000000008809e470}: 'java.lang.Object java.lang.invoke.Invokers$Holder.linkToTargetMethod(java.lang.Object, java.lang.Object, java.lang.Object, int, java.lang.Object)'> (0x000000008809e470) thrown at [./src/hotspot/share/interpreter/linkResolver.cpp, line 773]
Event: 7.828 Thread 0x0000014fceca5000 Exception <a 'java/lang/NoSuchMethodError'{0x0000000087120570}: 'java.lang.Object java.lang.invoke.DirectMethodHandle$Holder.invokeSpecial(java.lang.Object, java.lang.Object, int, int, java.lang.Object, java.lang.Object, java.lang.Object)'> (0x0000000087120570) thrown at [./src/hotspot/share/interpreter/linkResolver.cpp, line 773]
Event: 7.829 Thread 0x0000014fceca5000 Exception <a 'java/lang/NoSuchMethodError'{0x0000000087124af0}: 'java.lang.Object java.lang.invoke.DelegatingMethodHandle$Holder.reinvoke_L(java.lang.Object, int, int, java.lang.Object, java.lang.Object, java.lang.Object)'> (0x0000000087124af0) thrown at [./src/hotspot/share/interpreter/linkResolver.cpp, line 773]
Event: 8.067 Thread 0x0000014fceca5000 Exception <a 'java/lang/NoSuchMethodError'{0x000000008b01d220}: 'int java.lang.invoke.DirectMethodHandle$Holder.invokeInterface(java.lang.Object, java.lang.Object, java.lang.Object, java.lang.Object)'> (0x000000008b01d220) thrown at [./src/hotspot/share/interpreter/linkResolver.cpp, line 773]

Events (20 events):
Event: 8.173 loading class com/google/common/cache/LocalCache$EntryFactory$6
Event: 8.173 loading class com/google/common/cache/LocalCache$EntryFactory$6 done
Event: 8.173 loading class com/google/common/cache/LocalCache$EntryFactory$7
Event: 8.173 loading class com/google/common/cache/LocalCache$EntryFactory$7 done
Event: 8.174 loading class com/google/common/cache/LocalCache$EntryFactory$8
Event: 8.174 loading class com/google/common/cache/LocalCache$EntryFactory$8 done
Event: 8.174 loading class com/google/common/cache/LocalCache$Segment
Event: 8.174 loading class com/google/common/cache/LocalCache$Segment done
Event: 8.178 loading class com/google/wireless/android/sdk/stats/JavaProcessStatsOrBuilder
Event: 8.178 loading class com/google/wireless/android/sdk/stats/JavaProcessStatsOrBuilder done
Event: 8.179 loading class com/google/wireless/android/sdk/stats/GradleBuildMemorySample$1
Event: 8.179 loading class com/google/wireless/android/sdk/stats/GradleBuildMemorySample$1 done
Event: 8.180 loading class com/google/wireless/android/sdk/stats/GradleBuildMemorySample$Builder
Event: 8.180 loading class com/google/wireless/android/sdk/stats/GradleBuildMemorySample$Builder done
Event: 8.182 loading class com/google/wireless/android/sdk/stats/JavaProcessStats
Event: 8.182 loading class com/google/wireless/android/sdk/stats/JavaProcessStats done
Event: 8.183 loading class com/android/tools/analytics/CommonMetricsData
Event: 8.183 loading class com/android/tools/analytics/CommonMetricsData done
Event: 8.184 loading class com/android/tools/analytics/HostData
Event: 8.184 loading class com/android/tools/analytics/HostData done


Dynamic libraries:
0x00007ff6ef6a0000 - 0x00007ff6ef6aa000 	C:\Program Files\Android\Android Studio\jre\bin\java.exe
0x00007ffd49130000 - 0x00007ffd49325000 	C:\WINDOWS\SYSTEM32\ntdll.dll
0x00007ffd48df0000 - 0x00007ffd48eae000 	C:\WINDOWS\System32\KERNEL32.DLL
0x00007ffd46c40000 - 0x00007ffd46f09000 	C:\WINDOWS\System32\KERNELBASE.dll
0x00007ffd468e0000 - 0x00007ffd469e0000 	C:\WINDOWS\System32\ucrtbase.dll
0x00007ffd3e8d0000 - 0x00007ffd3e8e9000 	C:\Program Files\Android\Android Studio\jre\bin\jli.dll
0x00007ffd415e0000 - 0x00007ffd415f7000 	C:\Program Files\Android\Android Studio\jre\bin\VCRUNTIME140.dll
0x00007ffd48c40000 - 0x00007ffd48de1000 	C:\WINDOWS\System32\USER32.dll
0x00007ffd47070000 - 0x00007ffd47092000 	C:\WINDOWS\System32\win32u.dll
0x00007ffd30480000 - 0x00007ffd3071a000 	C:\WINDOWS\WinSxS\amd64_microsoft.windows.common-controls_6595b64144ccf1df_6.0.19041.1110_none_60b5254171f9507e\COMCTL32.dll
0x00007ffd47d50000 - 0x00007ffd47d7b000 	C:\WINDOWS\System32\GDI32.dll
0x00007ffd46b30000 - 0x00007ffd46c3b000 	C:\WINDOWS\System32\gdi32full.dll
0x00007ffd48350000 - 0x00007ffd483ee000 	C:\WINDOWS\System32\msvcrt.dll
0x00007ffd469e0000 - 0x00007ffd46a7d000 	C:\WINDOWS\System32\msvcp_win.dll
0x00007ffd48f10000 - 0x00007ffd48f40000 	C:\WINDOWS\System32\IMM32.DLL
0x00007ffd0c1b0000 - 0x00007ffd0c24d000 	C:\Program Files\Android\Android Studio\jre\bin\msvcp140.dll
0x00007ffcd81d0000 - 0x00007ffcd8c9f000 	C:\Program Files\Android\Android Studio\jre\bin\server\jvm.dll
0x00007ffd48fc0000 - 0x00007ffd4906c000 	C:\WINDOWS\System32\ADVAPI32.dll
0x00007ffd485e0000 - 0x00007ffd4867b000 	C:\WINDOWS\System32\sechost.dll
0x00007ffd483f0000 - 0x00007ffd4851a000 	C:\WINDOWS\System32\RPCRT4.dll
0x00007ffd47600000 - 0x00007ffd47608000 	C:\WINDOWS\System32\PSAPI.DLL
0x00007ffd2d8a0000 - 0x00007ffd2d8a9000 	C:\WINDOWS\SYSTEM32\WSOCK32.dll
0x00007ffd40670000 - 0x00007ffd4067a000 	C:\WINDOWS\SYSTEM32\VERSION.dll
0x00007ffd49070000 - 0x00007ffd490db000 	C:\WINDOWS\System32\WS2_32.dll
0x00007ffd2f6d0000 - 0x00007ffd2f6f7000 	C:\WINDOWS\SYSTEM32\WINMM.dll
0x00007ffd45120000 - 0x00007ffd45132000 	C:\WINDOWS\SYSTEM32\kernel.appcore.dll
0x00007ffd262c0000 - 0x00007ffd262d1000 	C:\Program Files\Android\Android Studio\jre\bin\verify.dll
0x00007ffd44640000 - 0x00007ffd44824000 	C:\WINDOWS\SYSTEM32\DBGHELP.DLL
0x00007ffd35610000 - 0x00007ffd3563c000 	C:\WINDOWS\SYSTEM32\dbgcore.DLL
0x00007ffd46850000 - 0x00007ffd468d3000 	C:\WINDOWS\System32\bcryptPrimitives.dll
0x00007ffd26290000 - 0x00007ffd262b9000 	C:\Program Files\Android\Android Studio\jre\bin\java.dll
0x00007ffd26280000 - 0x00007ffd2628b000 	C:\Program Files\Android\Android Studio\jre\bin\jimage.dll
0x00007ffd26260000 - 0x00007ffd26278000 	C:\Program Files\Android\Android Studio\jre\bin\zip.dll
0x00007ffd47610000 - 0x00007ffd47d4f000 	C:\WINDOWS\System32\SHELL32.dll
0x00007ffd44830000 - 0x00007ffd44fc0000 	C:\WINDOWS\SYSTEM32\windows.storage.dll
0x00007ffd47ff0000 - 0x00007ffd48345000 	C:\WINDOWS\System32\combase.dll
0x00007ffd462a0000 - 0x00007ffd462cc000 	C:\WINDOWS\SYSTEM32\Wldp.dll
0x00007ffd47f40000 - 0x00007ffd47fed000 	C:\WINDOWS\System32\SHCORE.dll
0x00007ffd48520000 - 0x00007ffd48575000 	C:\WINDOWS\System32\shlwapi.dll
0x00007ffd46790000 - 0x00007ffd467af000 	C:\WINDOWS\SYSTEM32\profapi.dll
0x00007ffd26180000 - 0x00007ffd2619a000 	C:\Program Files\Android\Android Studio\jre\bin\net.dll
0x00007ffd3d190000 - 0x00007ffd3d298000 	C:\WINDOWS\SYSTEM32\WINHTTP.dll
0x00007ffd46000000 - 0x00007ffd4606a000 	C:\WINDOWS\system32\mswsock.dll
0x00007ffd26160000 - 0x00007ffd26174000 	C:\Program Files\Android\Android Studio\jre\bin\nio.dll
0x00007ffd3e8f0000 - 0x00007ffd3e917000 	C:\Users\muham\.gradle\native\8bec1ad78214c89d9ad589b4d07fe93259594b29d510b10fafb7a158f7737e5d\windows-amd64\native-platform.dll
0x00007ffcba5b0000 - 0x00007ffcba6ed000 	C:\Users\muham\.gradle\native\53dbd7edfb1c66fb8903c78663c9afc45aea4f116125fa6feffd364cf09443e8\windows-amd64\native-platform-file-events.dll
0x00007ffd165e0000 - 0x00007ffd165ea000 	C:\Program Files\Android\Android Studio\jre\bin\management.dll
0x00007ffd165d0000 - 0x00007ffd165dc000 	C:\Program Files\Android\Android Studio\jre\bin\management_ext.dll
0x00007ffd461f0000 - 0x00007ffd46208000 	C:\WINDOWS\SYSTEM32\CRYPTSP.dll
0x00007ffd45910000 - 0x00007ffd45944000 	C:\WINDOWS\system32\rsaenh.dll
0x00007ffd47150000 - 0x00007ffd47177000 	C:\WINDOWS\System32\bcrypt.dll
0x00007ffd46710000 - 0x00007ffd4673e000 	C:\WINDOWS\SYSTEM32\USERENV.dll
0x00007ffd46210000 - 0x00007ffd4621c000 	C:\WINDOWS\SYSTEM32\CRYPTBASE.dll
0x00007ffd45ca0000 - 0x00007ffd45cdb000 	C:\WINDOWS\SYSTEM32\IPHLPAPI.DLL
0x00007ffd490e0000 - 0x00007ffd490e8000 	C:\WINDOWS\System32\NSI.dll
0x00007ffd3ee70000 - 0x00007ffd3ee87000 	C:\WINDOWS\SYSTEM32\dhcpcsvc6.DLL
0x00007ffd3fc10000 - 0x00007ffd3fc2d000 	C:\WINDOWS\SYSTEM32\dhcpcsvc.DLL
0x00007ffd45cf0000 - 0x00007ffd45dbc000 	C:\WINDOWS\SYSTEM32\DNSAPI.dll

dbghelp: loaded successfully - version: 4.0.5 - missing functions: none
symbol engine: initialized successfully - sym options: 0x614 - pdb path: .;C:\Program Files\Android\Android Studio\jre\bin;C:\WINDOWS\SYSTEM32;C:\WINDOWS\WinSxS\amd64_microsoft.windows.common-controls_6595b64144ccf1df_6.0.19041.1110_none_60b5254171f9507e;C:\Program Files\Android\Android Studio\jre\bin\server;C:\Users\muham\.gradle\native\8bec1ad78214c89d9ad589b4d07fe93259594b29d510b10fafb7a158f7737e5d\windows-amd64;C:\Users\muham\.gradle\native\53dbd7edfb1c66fb8903c78663c9afc45aea4f116125fa6feffd364cf09443e8\windows-amd64

VM Arguments:
jvm_args: --add-opens=java.base/java.util=ALL-UNNAMED --add-opens=java.base/java.lang=ALL-UNNAMED --add-opens=java.base/java.lang.invoke=ALL-UNNAMED --add-opens=java.base/java.util=ALL-UNNAMED --add-opens=java.prefs/java.util.prefs=ALL-UNNAMED --add-opens=java.prefs/java.util.prefs=ALL-UNNAMED --add-opens=java.base/java.nio.charset=ALL-UNNAMED --add-opens=java.base/java.net=ALL-UNNAMED --add-opens=java.base/java.util.concurrent.atomic=ALL-UNNAMED -Xmx2048m -Dfile.encoding=UTF-8 -Duser.country=US -Duser.language=en -Duser.variant 
java_command: org.gradle.launcher.daemon.bootstrap.GradleDaemon 7.0.2
java_class_path (initial): C:\Users\muham\.gradle\wrapper\dists\gradle-7.0.2-bin\857tjihv64xamwrf0h14cai3r\gradle-7.0.2\lib\gradle-launcher-7.0.2.jar
Launcher Type: SUN_STANDARD

[Global flags]
     intx CICompilerCount                          = 4                                         {product} {ergonomic}
     uint ConcGCThreads                            = 2                                         {product} {ergonomic}
     uint G1ConcRefinementThreads                  = 8                                         {product} {ergonomic}
   size_t G1HeapRegionSize                         = 1048576                                   {product} {ergonomic}
    uintx GCDrainStackTargetSize                   = 64                                        {product} {ergonomic}
   size_t InitialHeapSize                          = 134217728                                 {product} {ergonomic}
   size_t MarkStackSize                            = 4194304                                   {product} {ergonomic}
   size_t MaxHeapSize                              = 2147483648                                {product} {command line}
   size_t MaxNewSize                               = 1287651328                                {product} {ergonomic}
   size_t MinHeapDeltaBytes                        = 1048576                                   {product} {ergonomic}
    uintx NonNMethodCodeHeapSize                   = 5836300                                {pd product} {ergonomic}
    uintx NonProfiledCodeHeapSize                  = 122910970                              {pd product} {ergonomic}
    uintx ProfiledCodeHeapSize                     = 122910970                              {pd product} {ergonomic}
    uintx ReservedCodeCacheSize                    = 251658240                              {pd product} {ergonomic}
     bool SegmentedCodeCache                       = true                                      {product} {ergonomic}
     bool UseCompressedClassPointers               = true                                 {lp64_product} {ergonomic}
     bool UseCompressedOops                        = true                                 {lp64_product} {ergonomic}
     bool UseG1GC                                  = true                                      {product} {ergonomic}
     bool UseLargePagesIndividualAllocation        = false                                  {pd product} {ergonomic}

Logging:
Log output configuration:
 #0: stdout all=warning uptime,level,tags
 #1: stderr all=off uptime,level,tags

Environment Variables:
PATH=C:\Program Files (x86)\Common Files\Oracle\Java\javapath;C:\WINDOWS\system32;C:\WINDOWS;C:\WINDOWS\System32\Wbem;C:\WINDOWS\System32\WindowsPowerShell\v1.0\;C:\WINDOWS\System32\OpenSSH\;C:\Program Files\Intel\WiFi\bin\;C:\Program Files\Common Files\Intel\WirelessCommon\;C:\Program Files (x86)\dotnet\;C:\Android;C:\Windows\System32;C:\Program Files\Dart\dart-sdk\bin;C:\Program Files\nodejs\;C:\Program Files (x86)\Intel\Intel(R) Management Engine Components\DAL;C:\Program Files\Intel\Intel(R) Management Engine Components\DAL;C:\Program Files\Git\cmd;C:\Users\muham\AppData\Local\Programs\Python\Python38-32\Scripts\;C:\Users\muham\AppData\Local\Programs\Python\Python38-32\;C:\Users\muham\AppData\Local\Microsoft\WindowsApps;C:\Users\muham\AppData\Local\Programs\Microsoft VS Code\bin;C:\Program Files\JetBrains\PyCharm Community Edition 2020.2\bin;;C:\Program Files (x86)\Nmap;C:\Windows\System32\WindowsPowerShell\v1.0;C:\Program Files\Dart\dart-sdk\lib;C:\Users\muham\flutter\bin;C:\Users\muham\AppData\Roaming\npm
USERNAME=muham
OS=Windows_NT
PROCESSOR_IDENTIFIER=Intel64 Family 6 Model 142 Stepping 10, GenuineIntel



---------------  S Y S T E M  ---------------

OS: Windows 10 , 64 bit Build 19041 (10.0.19041.1202)
OS uptime: 1 days 22:14 hours

CPU:total 8 (initial active 8) (4 cores per cpu, 2 threads per core) family 6 model 142 stepping 10 microcode 0xd6, cmov, cx8, fxsr, mmx, sse, sse2, sse3, ssse3, sse4.1, sse4.2, popcnt, avx, avx2, aes, clmul, erms, 3dnowpref, lzcnt, ht, tsc, tscinvbit, bmi1, bmi2, adx, fma

Memory: 4k page, system-wide physical 8092M (489M free)
TotalPageFile size 23278M (AvailPageFile size 6M)
current process WorkingSet (physical memory assigned to process): 386M, peak: 386M
current process commit charge ("private bytes"): 438M, peak: 439M

vm_info: OpenJDK 64-Bit Server VM (11.0.10+0-b96-7249189) for windows-amd64 JRE (11.0.10+0-b96-7249189), built on Mar 31 2021 21:44:00 by "builder" with MS VC++ 14.0 (VS2015)

END.
