#
# There is insufficient memory for the Java Runtime Environment to continue.
# Native memory allocation (malloc) failed to allocate 1308656 bytes for Chunk::new
# Possible reasons:
#   The system is out of physical RAM or swap space
#   The process is running with CompressedOops enabled, and the Java Heap may be blocking the growth of the native heap
# Possible solutions:
#   Reduce memory load on the system
#   Increase physical memory or swap space
#   Check if swap backing store is full
#   Decrease Java heap size (-Xmx/-Xms)
#   Decrease number of Java threads
#   Decrease Java thread stack sizes (-Xss)
#   Set larger code cache with -XX:ReservedCodeCacheSize=
#   JVM is running with Unscaled Compressed Oops mode in which the Java heap is
#     placed in the first 4GB address space. The Java Heap base address is the
#     maximum limit for the native heap growth. Please use -XX:HeapBaseMinAddress
#     to set the Java Heap base and to place the Java Heap above 4GB virtual address.
# This output file may be truncated or incomplete.
#
#  Out of Memory Error (./src/hotspot/share/memory/arena.cpp:197), pid=10636, tid=7744
#
# JRE version: OpenJDK Runtime Environment (11.0.10) (build 11.0.10+0-b96-7249189)
# Java VM: OpenJDK 64-Bit Server VM (11.0.10+0-b96-7249189, mixed mode, tiered, compressed oops, g1 gc, windows-amd64)
# No core dump will be written. Minidumps are not enabled by default on client versions of Windows
#

---------------  S U M M A R Y ------------

Command Line: --add-opens=java.base/java.util=ALL-UNNAMED --add-opens=java.base/java.lang=ALL-UNNAMED --add-opens=java.base/java.lang.invoke=ALL-UNNAMED --add-opens=java.base/java.util=ALL-UNNAMED --add-opens=java.prefs/java.util.prefs=ALL-UNNAMED --add-opens=java.prefs/java.util.prefs=ALL-UNNAMED --add-opens=java.base/java.nio.charset=ALL-UNNAMED --add-opens=java.base/java.net=ALL-UNNAMED --add-opens=java.base/java.util.concurrent.atomic=ALL-UNNAMED -Xmx2048m -Dfile.encoding=UTF-8 -Duser.country=US -Duser.language=en -Duser.variant org.gradle.launcher.daemon.bootstrap.GradleDaemon 7.0.2

Host: Intel(R) Core(TM) i5-8250U CPU @ 1.60GHz, 8 cores, 7G,  Windows 10 , 64 bit Build 19041 (10.0.19041.1202)
Time: Thu Oct 28 17:09:27 2021 Jerusalem Daylight Time elapsed time: 7.691104 seconds (0d 0h 0m 7s)

---------------  T H R E A D  ---------------

Current thread (0x000001f373167000):  JavaThread "C2 CompilerThread2" daemon [_thread_in_native, id=7744, stack(0x00000058b3c00000,0x00000058b3d00000)]


Current CompileTask:
C2:   7691 6423       4       org.objectweb.asm.SymbolTable::addConstantMemberReference (147 bytes)

Stack: [0x00000058b3c00000,0x00000058b3d00000]
Native frames: (J=compiled Java code, j=interpreted, Vv=VM code, C=native code)
V  [jvm.dll+0x5ecfaa]
V  [jvm.dll+0x722bd5]
V  [jvm.dll+0x72412d]
V  [jvm.dll+0x7247e3]
V  [jvm.dll+0x242928]
V  [jvm.dll+0xbc4fc]
V  [jvm.dll+0xbca0c]
V  [jvm.dll+0x352d7d]
V  [jvm.dll+0x320ad3]
V  [jvm.dll+0x31ffca]
V  [jvm.dll+0x1fb602]
V  [jvm.dll+0x1fa7f4]
V  [jvm.dll+0x18354c]
V  [jvm.dll+0x208ee7]
V  [jvm.dll+0x207731]
V  [jvm.dll+0x6eb1cf]
V  [jvm.dll+0x6e3d45]
V  [jvm.dll+0x5ebe96]
C  [ucrtbase.dll+0x21bb2]
C  [KERNEL32.DLL+0x17034]
C  [ntdll.dll+0x52651]


---------------  P R O C E S S  ---------------

Threads class SMR info:
_java_thread_list=0x000001f374c66360, length=51, elements={
0x000001f3528ae000, 0x000001f36ecc3000, 0x000001f36ecce800, 0x000001f36f652800,
0x000001f36ecde000, 0x000001f36ece0000, 0x000001f36ece3000, 0x000001f36ece4800,
0x000001f36ece9800, 0x000001f36f7b7000, 0x000001f3706b0800, 0x000001f37195a800,
0x000001f37195d800, 0x000001f37195c000, 0x000001f37195b000, 0x000001f37195e800,
0x000001f371960000, 0x000001f37195f000, 0x000001f371961000, 0x000001f37195c800,
0x000001f371b57800, 0x000001f371b58800, 0x000001f371b59000, 0x000001f3719f5000,
0x000001f371b55000, 0x000001f371b54800, 0x000001f371b5a000, 0x000001f371b5b800,
0x000001f371b5b000, 0x000001f371b56000, 0x000001f371b5c800, 0x000001f371b56800,
0x000001f371b5e000, 0x000001f371b5d800, 0x000001f373167000, 0x000001f371b63000,
0x000001f371b62000, 0x000001f371b5f800, 0x000001f371b5f000, 0x000001f371b60800,
0x000001f374949800, 0x000001f37494a800, 0x000001f374948000, 0x000001f37494e800,
0x000001f37494c000, 0x000001f374949000, 0x000001f374951000, 0x000001f374952800,
0x000001f37494f800, 0x000001f37494e000, 0x000001f37494d000
}

Java Threads: ( => current thread )
  0x000001f3528ae000 JavaThread "main" [_thread_blocked, id=16624, stack(0x00000058b0b00000,0x00000058b0c00000)]
  0x000001f36ecc3000 JavaThread "Reference Handler" daemon [_thread_blocked, id=16824, stack(0x00000058b1200000,0x00000058b1300000)]
  0x000001f36ecce800 JavaThread "Finalizer" daemon [_thread_blocked, id=1752, stack(0x00000058b1300000,0x00000058b1400000)]
  0x000001f36f652800 JavaThread "Signal Dispatcher" daemon [_thread_blocked, id=2664, stack(0x00000058b1400000,0x00000058b1500000)]
  0x000001f36ecde000 JavaThread "Attach Listener" daemon [_thread_blocked, id=16076, stack(0x00000058b1500000,0x00000058b1600000)]
  0x000001f36ece0000 JavaThread "Service Thread" daemon [_thread_blocked, id=9292, stack(0x00000058b1600000,0x00000058b1700000)]
  0x000001f36ece3000 JavaThread "C2 CompilerThread0" daemon [_thread_blocked, id=10200, stack(0x00000058b1700000,0x00000058b1800000)]
  0x000001f36ece4800 JavaThread "C1 CompilerThread0" daemon [_thread_blocked, id=14280, stack(0x00000058b1800000,0x00000058b1900000)]
  0x000001f36ece9800 JavaThread "Sweeper thread" daemon [_thread_blocked, id=8992, stack(0x00000058b1900000,0x00000058b1a00000)]
  0x000001f36f7b7000 JavaThread "Common-Cleaner" daemon [_thread_blocked, id=3392, stack(0x00000058b1a00000,0x00000058b1b00000)]
  0x000001f3706b0800 JavaThread "Daemon health stats" [_thread_blocked, id=14680, stack(0x00000058b2000000,0x00000058b2100000)]
  0x000001f37195a800 JavaThread "Incoming local TCP Connector on port 1070" [_thread_in_native, id=15880, stack(0x00000058b1c00000,0x00000058b1d00000)]
  0x000001f37195d800 JavaThread "Daemon periodic checks" [_thread_blocked, id=7776, stack(0x00000058b1f00000,0x00000058b2000000)]
  0x000001f37195c000 JavaThread "Daemon" [_thread_blocked, id=13248, stack(0x00000058b2100000,0x00000058b2200000)]
  0x000001f37195b000 JavaThread "Handler for socket connection from /127.0.0.1:1070 to /127.0.0.1:1071" [_thread_in_native, id=10064, stack(0x00000058b2200000,0x00000058b2300000)]
  0x000001f37195e800 JavaThread "Cancel handler" [_thread_blocked, id=7508, stack(0x00000058b2300000,0x00000058b2400000)]
  0x000001f371960000 JavaThread "Daemon worker" [_thread_in_vm, id=7916, stack(0x00000058b2400000,0x00000058b2500000)]
  0x000001f37195f000 JavaThread "Asynchronous log dispatcher for DefaultDaemonConnection: socket connection from /127.0.0.1:1070 to /127.0.0.1:1071" [_thread_blocked, id=13588, stack(0x00000058b2500000,0x00000058b2600000)]
  0x000001f371961000 JavaThread "Stdin handler" [_thread_blocked, id=5316, stack(0x00000058b2600000,0x00000058b2700000)]
  0x000001f37195c800 JavaThread "Daemon client event forwarder" [_thread_blocked, id=15516, stack(0x00000058b2700000,0x00000058b2800000)]
  0x000001f371b57800 JavaThread "Cache worker for file hash cache (C:\Users\muham\.gradle\caches\7.0.2\fileHashes)" [_thread_blocked, id=5784, stack(0x00000058b2d00000,0x00000058b2e00000)]
  0x000001f371b58800 JavaThread "File lock request listener" [_thread_in_native, id=7788, stack(0x00000058b2e00000,0x00000058b2f00000)]
  0x000001f371b59000 JavaThread "Cache worker for journal cache (C:\Users\muham\.gradle\caches\journal-1)" [_thread_blocked, id=2412, stack(0x00000058b3000000,0x00000058b3100000)]
  0x000001f3719f5000 JavaThread "C2 CompilerThread1" daemon [_thread_blocked, id=13412, stack(0x00000058b3100000,0x00000058b3200000)]
  0x000001f371b55000 JavaThread "Cache worker for file hash cache (C:\Users\muham\android development\DSCWorkShopTraning\task2\.gradle\7.0.2\fileHashes)" [_thread_blocked, id=3088, stack(0x00000058b3200000,0x00000058b3300000)]
  0x000001f371b54800 JavaThread "File watcher server" daemon [_thread_in_native, id=13368, stack(0x00000058b3300000,0x00000058b3400000)]
  0x000001f371b5a000 JavaThread "File watcher consumer" daemon [_thread_blocked, id=8812, stack(0x00000058b3400000,0x00000058b3500000)]
  0x000001f371b5b800 JavaThread "jar transforms" [_thread_blocked, id=17120, stack(0x00000058b3500000,0x00000058b3600000)]
  0x000001f371b5b000 JavaThread "jar transforms Thread 2" [_thread_blocked, id=8160, stack(0x00000058b3600000,0x00000058b3700000)]
  0x000001f371b56000 JavaThread "jar transforms Thread 3" [_thread_blocked, id=15164, stack(0x00000058b3700000,0x00000058b3800000)]
  0x000001f371b5c800 JavaThread "jar transforms Thread 4" [_thread_blocked, id=7344, stack(0x00000058b3800000,0x00000058b3900000)]
  0x000001f371b56800 JavaThread "jar transforms Thread 5" [_thread_blocked, id=2240, stack(0x00000058b3900000,0x00000058b3a00000)]
  0x000001f371b5e000 JavaThread "jar transforms Thread 6" [_thread_blocked, id=12904, stack(0x00000058b3a00000,0x00000058b3b00000)]
  0x000001f371b5d800 JavaThread "jar transforms Thread 7" [_thread_blocked, id=15092, stack(0x00000058b3b00000,0x00000058b3c00000)]
=>0x000001f373167000 JavaThread "C2 CompilerThread2" daemon [_thread_in_native, id=7744, stack(0x00000058b3c00000,0x00000058b3d00000)]
  0x000001f371b63000 JavaThread "jar transforms Thread 8" [_thread_blocked, id=16868, stack(0x00000058b3d00000,0x00000058b3e00000)]
  0x000001f371b62000 JavaThread "Cache worker for checksums cache (C:\Users\muham\android development\DSCWorkShopTraning\task2\.gradle\checksums)" [_thread_blocked, id=16900, stack(0x00000058b3e00000,0x00000058b3f00000)]
  0x000001f371b5f800 JavaThread "Cache worker for cache directory md-supplier (C:\Users\muham\.gradle\caches\7.0.2\md-supplier)" [_thread_blocked, id=444, stack(0x00000058b3f00000,0x00000058b4000000)]
  0x000001f371b5f000 JavaThread "Cache worker for cache directory md-rule (C:\Users\muham\.gradle\caches\7.0.2\md-rule)" [_thread_blocked, id=9908, stack(0x00000058b4000000,0x00000058b4100000)]
  0x000001f371b60800 JavaThread "Cache worker for execution history cache (C:\Users\muham\.gradle\caches\7.0.2\executionHistory)" [_thread_blocked, id=12976, stack(0x00000058b4100000,0x00000058b4200000)]
  0x000001f374949800 JavaThread "Cache worker for file content cache (C:\Users\muham\.gradle\caches\7.0.2\fileContent)" [_thread_blocked, id=2324, stack(0x00000058b4200000,0x00000058b4300000)]
  0x000001f37494a800 JavaThread "Cache worker for dependencies-accessors (C:\Users\muham\android development\DSCWorkShopTraning\task2\.gradle\7.0.2\dependencies-accessors)" [_thread_blocked, id=11456, stack(0x00000058b4300000,0x00000058b4400000)]
  0x000001f374948000 JavaThread "Cache worker for Build Output Cleanup Cache (C:\Users\muham\android development\DSCWorkShopTraning\task2\.gradle\buildOutputCleanup)" [_thread_blocked, id=10364, stack(0x00000058b4400000,0x00000058b4500000)]
  0x000001f37494e800 JavaThread "Build operations" [_thread_blocked, id=15248, stack(0x00000058b4500000,0x00000058b4600000)]
  0x000001f37494c000 JavaThread "Build operations Thread 2" [_thread_blocked, id=3472, stack(0x00000058b4600000,0x00000058b4700000)]
  0x000001f374949000 JavaThread "Build operations Thread 3" [_thread_blocked, id=17236, stack(0x00000058b4700000,0x00000058b4800000)]
  0x000001f374951000 JavaThread "Build operations Thread 4" [_thread_blocked, id=15600, stack(0x00000058b4800000,0x00000058b4900000)]
  0x000001f374952800 JavaThread "Build operations Thread 5" [_thread_blocked, id=5740, stack(0x00000058b4900000,0x00000058b4a00000)]
  0x000001f37494f800 JavaThread "Build operations Thread 6" [_thread_blocked, id=3728, stack(0x00000058b4a00000,0x00000058b4b00000)]
  0x000001f37494e000 JavaThread "Build operations Thread 7" [_thread_blocked, id=8168, stack(0x00000058b4b00000,0x00000058b4c00000)]
  0x000001f37494d000 JavaThread "Build operations Thread 8" [_thread_blocked, id=11396, stack(0x00000058b4c00000,0x00000058b4d00000)]

Other Threads:
  0x000001f36ecc1000 VMThread "VM Thread" [stack: 0x00000058b1100000,0x00000058b1200000] [id=12428]
  0x000001f36f7c2000 WatcherThread [stack: 0x00000058b1b00000,0x00000058b1c00000] [id=15008]
  0x000001f3528c8800 GCTaskThread "GC Thread#0" [stack: 0x00000058b0c00000,0x00000058b0d00000] [id=17968]
  0x000001f36fc67000 GCTaskThread "GC Thread#1" [stack: 0x00000058b1d00000,0x00000058b1e00000] [id=17536]
  0x000001f370443800 GCTaskThread "GC Thread#2" [stack: 0x00000058b1e00000,0x00000058b1f00000] [id=3712]
  0x000001f3707d1800 GCTaskThread "GC Thread#3" [stack: 0x00000058b2800000,0x00000058b2900000] [id=2492]
  0x000001f370dc5800 GCTaskThread "GC Thread#4" [stack: 0x00000058b2900000,0x00000058b2a00000] [id=7736]
  0x000001f372c05000 GCTaskThread "GC Thread#5" [stack: 0x00000058b2a00000,0x00000058b2b00000] [id=17068]
  0x000001f370e78800 GCTaskThread "GC Thread#6" [stack: 0x00000058b2b00000,0x00000058b2c00000] [id=7224]
  0x000001f3716c4000 GCTaskThread "GC Thread#7" [stack: 0x00000058b2c00000,0x00000058b2d00000] [id=12172]
  0x000001f3528f8800 ConcurrentGCThread "G1 Main Marker" [stack: 0x00000058b0d00000,0x00000058b0e00000] [id=5968]
  0x000001f3528fa000 ConcurrentGCThread "G1 Conc#0" [stack: 0x00000058b0e00000,0x00000058b0f00000] [id=16828]
  0x000001f37194e000 ConcurrentGCThread "G1 Conc#1" [stack: 0x00000058b2f00000,0x00000058b3000000] [id=3848]
  0x000001f35298d800 ConcurrentGCThread "G1 Refine#0" [stack: 0x00000058b0f00000,0x00000058b1000000] [id=1416]
  0x000001f36eb10800 ConcurrentGCThread "G1 Young RemSet Sampling" [stack: 0x00000058b1000000,0x00000058b1100000] [id=17880]

Threads with active compile tasks:
C2 CompilerThread2   7713 6423       4       org.objectweb.asm.SymbolTable::addConstantMemberReference (147 bytes)

VM state:not at safepoint (normal execution)

VM Mutex/Monitor currently owned by a thread: None

Heap address: 0x0000000080000000, size: 2048 MB, Compressed Oops mode: 32-bit
Narrow klass base: 0x0000000000000000, Narrow klass shift: 3
Compressed class space size: 1073741824 Address: 0x0000000100000000

Heap:
 garbage-first heap   total 157696K, used 110293K [0x0000000080000000, 0x0000000100000000)
  region size 1024K, 35 young (35840K), 3 survivors (3072K)
 Metaspace       used 61209K, capacity 62959K, committed 63104K, reserved 1103872K
  class space    used 7877K, capacity 8496K, committed 8576K, reserved 1048576K
Heap Regions: E=young(eden), S=young(survivor), O=old, HS=humongous(starts), HC=humongous(continues), CS=collection set, F=free, A=archive, TAMS=top-at-mark-start (previous, next)
|   0|0x0000000080000000, 0x0000000080100000, 0x0000000080100000|100%| O|  |TAMS 0x0000000080100000, 0x0000000080000000| Untracked 
|   1|0x0000000080100000, 0x0000000080200000, 0x0000000080200000|100%| O|  |TAMS 0x0000000080200000, 0x0000000080100000| Untracked 
|   2|0x0000000080200000, 0x0000000080300000, 0x0000000080300000|100%| O|  |TAMS 0x0000000080300000, 0x0000000080200000| Untracked 
|   3|0x0000000080300000, 0x0000000080400000, 0x0000000080400000|100%|HS|  |TAMS 0x0000000080400000, 0x0000000080300000| Complete 
|   4|0x0000000080400000, 0x0000000080500000, 0x0000000080500000|100%|HC|  |TAMS 0x0000000080500000, 0x0000000080400000| Complete 
|   5|0x0000000080500000, 0x0000000080600000, 0x0000000080600000|100%|HC|  |TAMS 0x0000000080600000, 0x0000000080500000| Complete 
|   6|0x0000000080600000, 0x0000000080700000, 0x0000000080700000|100%| O|  |TAMS 0x0000000080700000, 0x0000000080600000| Untracked 
|   7|0x0000000080700000, 0x0000000080800000, 0x0000000080800000|100%| O|  |TAMS 0x0000000080800000, 0x0000000080700000| Untracked 
|   8|0x0000000080800000, 0x0000000080900000, 0x0000000080900000|100%| O|  |TAMS 0x0000000080900000, 0x0000000080800000| Untracked 
|   9|0x0000000080900000, 0x0000000080a00000, 0x0000000080a00000|100%| O|  |TAMS 0x0000000080a00000, 0x0000000080900000| Untracked 
|  10|0x0000000080a00000, 0x0000000080b00000, 0x0000000080b00000|100%| O|  |TAMS 0x0000000080b00000, 0x0000000080a00000| Untracked 
|  11|0x0000000080b00000, 0x0000000080c00000, 0x0000000080c00000|100%| O|  |TAMS 0x0000000080c00000, 0x0000000080b00000| Untracked 
|  12|0x0000000080c00000, 0x0000000080d00000, 0x0000000080d00000|100%| O|  |TAMS 0x0000000080d00000, 0x0000000080c00000| Untracked 
|  13|0x0000000080d00000, 0x0000000080e00000, 0x0000000080e00000|100%| O|  |TAMS 0x0000000080e00000, 0x0000000080d00000| Untracked 
|  14|0x0000000080e00000, 0x0000000080f00000, 0x0000000080f00000|100%| O|  |TAMS 0x0000000080f00000, 0x0000000080e00000| Untracked 
|  15|0x0000000080f00000, 0x0000000081000000, 0x0000000081000000|100%| O|  |TAMS 0x0000000081000000, 0x0000000080f00000| Untracked 
|  16|0x0000000081000000, 0x0000000081100000, 0x0000000081100000|100%|HS|  |TAMS 0x0000000081100000, 0x0000000081000000| Complete 
|  17|0x0000000081100000, 0x0000000081200000, 0x0000000081200000|100%|HC|  |TAMS 0x0000000081200000, 0x0000000081100000| Complete 
|  18|0x0000000081200000, 0x0000000081300000, 0x0000000081300000|100%|HS|  |TAMS 0x0000000081300000, 0x0000000081200000| Complete 
|  19|0x0000000081300000, 0x0000000081400000, 0x0000000081400000|100%|HC|  |TAMS 0x0000000081400000, 0x0000000081300000| Complete 
|  20|0x0000000081400000, 0x0000000081500000, 0x0000000081500000|100%|HC|  |TAMS 0x0000000081500000, 0x0000000081400000| Complete 
|  21|0x0000000081500000, 0x0000000081600000, 0x0000000081600000|100%|HS|  |TAMS 0x0000000081600000, 0x0000000081500000| Complete 
|  22|0x0000000081600000, 0x0000000081700000, 0x0000000081700000|100%|HC|  |TAMS 0x0000000081700000, 0x0000000081600000| Complete 
|  23|0x0000000081700000, 0x0000000081800000, 0x0000000081800000|100%|HC|  |TAMS 0x0000000081800000, 0x0000000081700000| Complete 
|  24|0x0000000081800000, 0x0000000081900000, 0x0000000081900000|100%|HC|  |TAMS 0x0000000081900000, 0x0000000081800000| Complete 
|  25|0x0000000081900000, 0x0000000081a00000, 0x0000000081a00000|100%|HC|  |TAMS 0x0000000081a00000, 0x0000000081900000| Complete 
|  26|0x0000000081a00000, 0x0000000081b00000, 0x0000000081b00000|100%| O|  |TAMS 0x0000000081b00000, 0x0000000081a00000| Untracked 
|  27|0x0000000081b00000, 0x0000000081c00000, 0x0000000081c00000|100%| O|  |TAMS 0x0000000081c00000, 0x0000000081b00000| Untracked 
|  28|0x0000000081c00000, 0x0000000081d00000, 0x0000000081d00000|100%| O|  |TAMS 0x0000000081d00000, 0x0000000081c00000| Untracked 
|  29|0x0000000081d00000, 0x0000000081e00000, 0x0000000081e00000|100%| O|  |TAMS 0x0000000081e00000, 0x0000000081d00000| Untracked 
|  30|0x0000000081e00000, 0x0000000081f00000, 0x0000000081f00000|100%| O|  |TAMS 0x0000000081f00000, 0x0000000081e00000| Untracked 
|  31|0x0000000081f00000, 0x0000000082000000, 0x0000000082000000|100%| O|  |TAMS 0x0000000082000000, 0x0000000081f00000| Untracked 
|  32|0x0000000082000000, 0x0000000082100000, 0x0000000082100000|100%| O|  |TAMS 0x000000008209c800, 0x0000000082000000| Untracked 
|  33|0x0000000082100000, 0x0000000082200000, 0x0000000082200000|100%|HS|  |TAMS 0x0000000082100000, 0x0000000082100000| Complete 
|  34|0x0000000082200000, 0x0000000082300000, 0x0000000082300000|100%|HC|  |TAMS 0x0000000082200000, 0x0000000082200000| Complete 
|  35|0x0000000082300000, 0x0000000082400000, 0x0000000082400000|100%|HC|  |TAMS 0x0000000082300000, 0x0000000082300000| Complete 
|  36|0x0000000082400000, 0x0000000082500000, 0x0000000082500000|100%|HC|  |TAMS 0x0000000082400000, 0x0000000082400000| Complete 
|  37|0x0000000082500000, 0x0000000082600000, 0x0000000082600000|100%|HC|  |TAMS 0x0000000082500000, 0x0000000082500000| Complete 
|  38|0x0000000082600000, 0x0000000082700000, 0x0000000082700000|100%|HS|  |TAMS 0x0000000082600000, 0x0000000082600000| Complete 
|  39|0x0000000082700000, 0x0000000082800000, 0x0000000082800000|100%|HC|  |TAMS 0x0000000082700000, 0x0000000082700000| Complete 
|  40|0x0000000082800000, 0x0000000082900000, 0x0000000082900000|100%|HC|  |TAMS 0x0000000082800000, 0x0000000082800000| Complete 
|  41|0x0000000082900000, 0x0000000082a00000, 0x0000000082a00000|100%| O|  |TAMS 0x0000000082900000, 0x0000000082900000| Untracked 
|  42|0x0000000082a00000, 0x0000000082b00000, 0x0000000082b00000|100%| O|  |TAMS 0x0000000082a00000, 0x0000000082a00000| Untracked 
|  43|0x0000000082b00000, 0x0000000082c00000, 0x0000000082c00000|100%| O|  |TAMS 0x0000000082b00000, 0x0000000082b00000| Untracked 
|  44|0x0000000082c00000, 0x0000000082d00000, 0x0000000082d00000|100%| O|  |TAMS 0x0000000082c00000, 0x0000000082c00000| Untracked 
|  45|0x0000000082d00000, 0x0000000082e00000, 0x0000000082e00000|100%| O|  |TAMS 0x0000000082d00000, 0x0000000082d00000| Untracked 
|  46|0x0000000082e00000, 0x0000000082f00000, 0x0000000082f00000|100%| O|  |TAMS 0x0000000082e00000, 0x0000000082e00000| Untracked 
|  47|0x0000000082f00000, 0x0000000083000000, 0x0000000083000000|100%| O|  |TAMS 0x0000000082f00000, 0x0000000082f00000| Untracked 
|  48|0x0000000083000000, 0x0000000083100000, 0x0000000083100000|100%| O|  |TAMS 0x0000000083000000, 0x0000000083000000| Untracked 
|  49|0x0000000083100000, 0x0000000083200000, 0x0000000083200000|100%| O|  |TAMS 0x0000000083100000, 0x0000000083100000| Untracked 
|  50|0x0000000083200000, 0x0000000083300000, 0x0000000083300000|100%| O|  |TAMS 0x0000000083200000, 0x0000000083200000| Untracked 
|  51|0x0000000083300000, 0x0000000083400000, 0x0000000083400000|100%| O|  |TAMS 0x0000000083300000, 0x0000000083300000| Untracked 
|  52|0x0000000083400000, 0x0000000083500000, 0x0000000083500000|100%| O|  |TAMS 0x0000000083400000, 0x0000000083400000| Untracked 
|  53|0x0000000083500000, 0x0000000083600000, 0x0000000083600000|100%| O|  |TAMS 0x0000000083500000, 0x0000000083500000| Untracked 
|  54|0x0000000083600000, 0x0000000083700000, 0x0000000083700000|100%|HS|  |TAMS 0x0000000083600000, 0x0000000083600000| Complete 
|  55|0x0000000083700000, 0x0000000083800000, 0x0000000083800000|100%|HS|  |TAMS 0x0000000083700000, 0x0000000083700000| Complete 
|  56|0x0000000083800000, 0x0000000083900000, 0x0000000083900000|100%|HS|  |TAMS 0x0000000083800000, 0x0000000083800000| Complete 
|  57|0x0000000083900000, 0x0000000083a00000, 0x0000000083a00000|100%|HS|  |TAMS 0x0000000083900000, 0x0000000083900000| Complete 
|  58|0x0000000083a00000, 0x0000000083b00000, 0x0000000083b00000|100%|HC|  |TAMS 0x0000000083a00000, 0x0000000083a00000| Complete 
|  59|0x0000000083b00000, 0x0000000083c00000, 0x0000000083c00000|100%|HC|  |TAMS 0x0000000083b00000, 0x0000000083b00000| Complete 
|  60|0x0000000083c00000, 0x0000000083d00000, 0x0000000083d00000|100%|HS|  |TAMS 0x0000000083c00000, 0x0000000083c00000| Complete 
|  61|0x0000000083d00000, 0x0000000083e00000, 0x0000000083e00000|100%|HC|  |TAMS 0x0000000083d00000, 0x0000000083d00000| Complete 
|  62|0x0000000083e00000, 0x0000000083f00000, 0x0000000083f00000|100%| O|  |TAMS 0x0000000083e00000, 0x0000000083e00000| Untracked 
|  63|0x0000000083f00000, 0x0000000084000000, 0x0000000084000000|100%| O|  |TAMS 0x0000000083f00000, 0x0000000083f00000| Untracked 
|  64|0x0000000084000000, 0x0000000084100000, 0x0000000084100000|100%| O|  |TAMS 0x0000000084000000, 0x0000000084000000| Untracked 
|  65|0x0000000084100000, 0x0000000084200000, 0x0000000084200000|100%| O|  |TAMS 0x0000000084100000, 0x0000000084100000| Untracked 
|  66|0x0000000084200000, 0x0000000084300000, 0x0000000084300000|100%| O|  |TAMS 0x0000000084200000, 0x0000000084200000| Untracked 
|  67|0x0000000084300000, 0x0000000084400000, 0x0000000084400000|100%| O|  |TAMS 0x0000000084300000, 0x0000000084300000| Untracked 
|  68|0x0000000084400000, 0x0000000084500000, 0x0000000084500000|100%| O|  |TAMS 0x0000000084400000, 0x0000000084400000| Untracked 
|  69|0x0000000084500000, 0x0000000084600000, 0x0000000084600000|100%| O|  |TAMS 0x0000000084500000, 0x0000000084500000| Untracked 
|  70|0x0000000084600000, 0x0000000084700000, 0x0000000084700000|100%| O|  |TAMS 0x0000000084600000, 0x0000000084600000| Untracked 
|  71|0x0000000084700000, 0x0000000084800000, 0x0000000084800000|100%| O|  |TAMS 0x0000000084700000, 0x0000000084700000| Untracked 
|  72|0x0000000084800000, 0x0000000084900000, 0x0000000084900000|100%| O|  |TAMS 0x0000000084800000, 0x0000000084800000| Untracked 
|  73|0x0000000084900000, 0x0000000084a00000, 0x0000000084a00000|100%| O|  |TAMS 0x0000000084900000, 0x0000000084900000| Untracked 
|  74|0x0000000084a00000, 0x0000000084a40a00, 0x0000000084b00000| 25%| O|  |TAMS 0x0000000084a00000, 0x0000000084a00000| Untracked 
|  75|0x0000000084b00000, 0x0000000084b00000, 0x0000000084c00000|  0%| F|  |TAMS 0x0000000084b00000, 0x0000000084b00000| Untracked 
|  76|0x0000000084c00000, 0x0000000084c00000, 0x0000000084d00000|  0%| F|  |TAMS 0x0000000084c00000, 0x0000000084c00000| Untracked 
|  77|0x0000000084d00000, 0x0000000084d00000, 0x0000000084e00000|  0%| F|  |TAMS 0x0000000084d00000, 0x0000000084d00000| Untracked 
|  78|0x0000000084e00000, 0x0000000084e00000, 0x0000000084f00000|  0%| F|  |TAMS 0x0000000084e00000, 0x0000000084e00000| Untracked 
|  79|0x0000000084f00000, 0x0000000084f00000, 0x0000000085000000|  0%| F|  |TAMS 0x0000000084f00000, 0x0000000084f00000| Untracked 
|  80|0x0000000085000000, 0x0000000085000000, 0x0000000085100000|  0%| F|  |TAMS 0x0000000085000000, 0x0000000085000000| Untracked 
|  81|0x0000000085100000, 0x0000000085100000, 0x0000000085200000|  0%| F|  |TAMS 0x0000000085100000, 0x0000000085100000| Untracked 
|  82|0x0000000085200000, 0x0000000085200000, 0x0000000085300000|  0%| F|  |TAMS 0x0000000085200000, 0x0000000085200000| Untracked 
|  83|0x0000000085300000, 0x0000000085300000, 0x0000000085400000|  0%| F|  |TAMS 0x0000000085300000, 0x0000000085300000| Untracked 
|  84|0x0000000085400000, 0x0000000085400000, 0x0000000085500000|  0%| F|  |TAMS 0x0000000085400000, 0x0000000085400000| Untracked 
|  85|0x0000000085500000, 0x0000000085500000, 0x0000000085600000|  0%| F|  |TAMS 0x0000000085500000, 0x0000000085500000| Untracked 
|  86|0x0000000085600000, 0x0000000085600000, 0x0000000085700000|  0%| F|  |TAMS 0x0000000085600000, 0x0000000085600000| Untracked 
|  87|0x0000000085700000, 0x0000000085700000, 0x0000000085800000|  0%| F|  |TAMS 0x0000000085700000, 0x0000000085700000| Untracked 
|  88|0x0000000085800000, 0x0000000085800000, 0x0000000085900000|  0%| F|  |TAMS 0x0000000085800000, 0x0000000085800000| Untracked 
|  89|0x0000000085900000, 0x0000000085900000, 0x0000000085a00000|  0%| F|  |TAMS 0x0000000085900000, 0x0000000085900000| Untracked 
|  90|0x0000000085a00000, 0x0000000085a00000, 0x0000000085b00000|  0%| F|  |TAMS 0x0000000085a00000, 0x0000000085a00000| Untracked 
|  91|0x0000000085b00000, 0x0000000085b00000, 0x0000000085c00000|  0%| F|  |TAMS 0x0000000085b00000, 0x0000000085b00000| Untracked 
|  92|0x0000000085c00000, 0x0000000085c00000, 0x0000000085d00000|  0%| F|  |TAMS 0x0000000085c00000, 0x0000000085c00000| Untracked 
|  93|0x0000000085d00000, 0x0000000085d00000, 0x0000000085e00000|  0%| F|  |TAMS 0x0000000085d00000, 0x0000000085d00000| Untracked 
|  94|0x0000000085e00000, 0x0000000085e00000, 0x0000000085f00000|  0%| F|  |TAMS 0x0000000085e00000, 0x0000000085e00000| Untracked 
|  95|0x0000000085f00000, 0x0000000085f00000, 0x0000000086000000|  0%| F|  |TAMS 0x0000000085f00000, 0x0000000085f00000| Untracked 
|  96|0x0000000086000000, 0x0000000086000000, 0x0000000086100000|  0%| F|  |TAMS 0x0000000086000000, 0x0000000086000000| Untracked 
|  97|0x0000000086100000, 0x0000000086100000, 0x0000000086200000|  0%| F|  |TAMS 0x0000000086100000, 0x0000000086100000| Untracked 
|  98|0x0000000086200000, 0x0000000086200000, 0x0000000086300000|  0%| F|  |TAMS 0x0000000086200000, 0x0000000086200000| Untracked 
|  99|0x0000000086300000, 0x0000000086300000, 0x0000000086400000|  0%| F|  |TAMS 0x0000000086300000, 0x0000000086300000| Untracked 
| 100|0x0000000086400000, 0x0000000086400000, 0x0000000086500000|  0%| F|  |TAMS 0x0000000086400000, 0x0000000086400000| Untracked 
| 101|0x0000000086500000, 0x0000000086500000, 0x0000000086600000|  0%| F|  |TAMS 0x0000000086500000, 0x0000000086500000| Untracked 
| 102|0x0000000086600000, 0x0000000086600000, 0x0000000086700000|  0%| F|  |TAMS 0x0000000086600000, 0x0000000086600000| Untracked 
| 103|0x0000000086700000, 0x0000000086700000, 0x0000000086800000|  0%| F|  |TAMS 0x0000000086700000, 0x0000000086700000| Untracked 
| 104|0x0000000086800000, 0x0000000086800000, 0x0000000086900000|  0%| F|  |TAMS 0x0000000086800000, 0x0000000086800000| Untracked 
| 105|0x0000000086900000, 0x0000000086900000, 0x0000000086a00000|  0%| F|  |TAMS 0x0000000086900000, 0x0000000086900000| Untracked 
| 106|0x0000000086a00000, 0x0000000086a00000, 0x0000000086b00000|  0%| F|  |TAMS 0x0000000086a00000, 0x0000000086a00000| Untracked 
| 107|0x0000000086b00000, 0x0000000086b00000, 0x0000000086c00000|  0%| F|  |TAMS 0x0000000086b00000, 0x0000000086b00000| Untracked 
| 108|0x0000000086c00000, 0x0000000086c00000, 0x0000000086d00000|  0%| F|  |TAMS 0x0000000086c00000, 0x0000000086c00000| Untracked 
| 109|0x0000000086d00000, 0x0000000086d00000, 0x0000000086e00000|  0%| F|  |TAMS 0x0000000086d00000, 0x0000000086d00000| Untracked 
| 110|0x0000000086e00000, 0x0000000086e74d60, 0x0000000086f00000| 45%| S|CS|TAMS 0x0000000086e00000, 0x0000000086e00000| Complete 
| 111|0x0000000086f00000, 0x0000000087000000, 0x0000000087000000|100%| S|CS|TAMS 0x0000000086f00000, 0x0000000086f00000| Complete 
| 112|0x0000000087000000, 0x0000000087100000, 0x0000000087100000|100%| S|CS|TAMS 0x0000000087000000, 0x0000000087000000| Complete 
| 113|0x0000000087100000, 0x0000000087100000, 0x0000000087200000|  0%| F|  |TAMS 0x0000000087100000, 0x0000000087100000| Untracked 
| 114|0x0000000087200000, 0x0000000087200000, 0x0000000087300000|  0%| F|  |TAMS 0x0000000087200000, 0x0000000087200000| Untracked 
| 115|0x0000000087300000, 0x0000000087300000, 0x0000000087400000|  0%| F|  |TAMS 0x0000000087300000, 0x0000000087300000| Untracked 
| 116|0x0000000087400000, 0x0000000087400000, 0x0000000087500000|  0%| F|  |TAMS 0x0000000087400000, 0x0000000087400000| Untracked 
| 117|0x0000000087500000, 0x0000000087500000, 0x0000000087600000|  0%| F|  |TAMS 0x0000000087500000, 0x0000000087500000| Untracked 
| 118|0x0000000087600000, 0x0000000087600000, 0x0000000087700000|  0%| F|  |TAMS 0x0000000087600000, 0x0000000087600000| Untracked 
| 119|0x0000000087700000, 0x0000000087700000, 0x0000000087800000|  0%| F|  |TAMS 0x0000000087700000, 0x0000000087700000| Untracked 
| 120|0x0000000087800000, 0x0000000087800000, 0x0000000087900000|  0%| F|  |TAMS 0x0000000087800000, 0x0000000087800000| Untracked 
| 121|0x0000000087900000, 0x0000000087985cb8, 0x0000000087a00000| 52%| E|  |TAMS 0x0000000087900000, 0x0000000087900000| Complete 
| 122|0x0000000087a00000, 0x0000000087b00000, 0x0000000087b00000|100%| E|CS|TAMS 0x0000000087a00000, 0x0000000087a00000| Complete 
| 123|0x0000000087b00000, 0x0000000087c00000, 0x0000000087c00000|100%| E|CS|TAMS 0x0000000087b00000, 0x0000000087b00000| Complete 
| 124|0x0000000087c00000, 0x0000000087d00000, 0x0000000087d00000|100%| E|CS|TAMS 0x0000000087c00000, 0x0000000087c00000| Complete 
| 125|0x0000000087d00000, 0x0000000087e00000, 0x0000000087e00000|100%| E|CS|TAMS 0x0000000087d00000, 0x0000000087d00000| Complete 
| 126|0x0000000087e00000, 0x0000000087f00000, 0x0000000087f00000|100%| E|CS|TAMS 0x0000000087e00000, 0x0000000087e00000| Complete 
| 127|0x0000000087f00000, 0x0000000088000000, 0x0000000088000000|100%| E|CS|TAMS 0x0000000087f00000, 0x0000000087f00000| Complete 
| 128|0x0000000088000000, 0x0000000088100000, 0x0000000088100000|100%| E|CS|TAMS 0x0000000088000000, 0x0000000088000000| Complete 
| 129|0x0000000088100000, 0x0000000088200000, 0x0000000088200000|100%| E|CS|TAMS 0x0000000088100000, 0x0000000088100000| Complete 
| 130|0x0000000088200000, 0x0000000088300000, 0x0000000088300000|100%| E|CS|TAMS 0x0000000088200000, 0x0000000088200000| Complete 
| 131|0x0000000088300000, 0x0000000088400000, 0x0000000088400000|100%| E|CS|TAMS 0x0000000088300000, 0x0000000088300000| Complete 
| 132|0x0000000088400000, 0x0000000088500000, 0x0000000088500000|100%| E|CS|TAMS 0x0000000088400000, 0x0000000088400000| Complete 
| 133|0x0000000088500000, 0x0000000088600000, 0x0000000088600000|100%| E|CS|TAMS 0x0000000088500000, 0x0000000088500000| Complete 
| 134|0x0000000088600000, 0x0000000088700000, 0x0000000088700000|100%| E|CS|TAMS 0x0000000088600000, 0x0000000088600000| Complete 
| 135|0x0000000088700000, 0x0000000088800000, 0x0000000088800000|100%| E|CS|TAMS 0x0000000088700000, 0x0000000088700000| Complete 
| 136|0x0000000088800000, 0x0000000088900000, 0x0000000088900000|100%| E|CS|TAMS 0x0000000088800000, 0x0000000088800000| Complete 
| 137|0x0000000088900000, 0x0000000088a00000, 0x0000000088a00000|100%| E|CS|TAMS 0x0000000088900000, 0x0000000088900000| Complete 
| 138|0x0000000088a00000, 0x0000000088b00000, 0x0000000088b00000|100%| E|CS|TAMS 0x0000000088a00000, 0x0000000088a00000| Complete 
| 139|0x0000000088b00000, 0x0000000088c00000, 0x0000000088c00000|100%| E|CS|TAMS 0x0000000088b00000, 0x0000000088b00000| Complete 
| 140|0x0000000088c00000, 0x0000000088d00000, 0x0000000088d00000|100%| E|CS|TAMS 0x0000000088c00000, 0x0000000088c00000| Complete 
| 141|0x0000000088d00000, 0x0000000088e00000, 0x0000000088e00000|100%| E|CS|TAMS 0x0000000088d00000, 0x0000000088d00000| Complete 
| 142|0x0000000088e00000, 0x0000000088f00000, 0x0000000088f00000|100%| E|CS|TAMS 0x0000000088e00000, 0x0000000088e00000| Complete 
| 143|0x0000000088f00000, 0x0000000089000000, 0x0000000089000000|100%| E|CS|TAMS 0x0000000088f00000, 0x0000000088f00000| Complete 
| 144|0x0000000089000000, 0x0000000089100000, 0x0000000089100000|100%| E|CS|TAMS 0x0000000089000000, 0x0000000089000000| Complete 
| 145|0x0000000089100000, 0x0000000089200000, 0x0000000089200000|100%| E|CS|TAMS 0x0000000089100000, 0x0000000089100000| Complete 
| 146|0x0000000089200000, 0x0000000089300000, 0x0000000089300000|100%| E|CS|TAMS 0x0000000089200000, 0x0000000089200000| Complete 
| 147|0x0000000089300000, 0x0000000089400000, 0x0000000089400000|100%| E|CS|TAMS 0x0000000089300000, 0x0000000089300000| Complete 
| 148|0x0000000089400000, 0x0000000089500000, 0x0000000089500000|100%| E|CS|TAMS 0x0000000089400000, 0x0000000089400000| Complete 
| 149|0x0000000089500000, 0x0000000089600000, 0x0000000089600000|100%| E|CS|TAMS 0x0000000089500000, 0x0000000089500000| Complete 
| 150|0x0000000089600000, 0x0000000089700000, 0x0000000089700000|100%| E|CS|TAMS 0x0000000089600000, 0x0000000089600000| Complete 
| 151|0x0000000089700000, 0x0000000089800000, 0x0000000089800000|100%| E|CS|TAMS 0x0000000089700000, 0x0000000089700000| Complete 
| 152|0x0000000089800000, 0x0000000089900000, 0x0000000089900000|100%| E|CS|TAMS 0x0000000089800000, 0x0000000089800000| Complete 
| 153|0x0000000089900000, 0x0000000089a00000, 0x0000000089a00000|100%| E|CS|TAMS 0x0000000089900000, 0x0000000089900000| Complete 

Card table byte_map: [0x000001f3679f0000,0x000001f367df0000] _byte_map_base: 0x000001f3675f0000

Marking Bits (Prev, Next): (CMBitMap*) 0x000001f3528ef9d0, (CMBitMap*) 0x000001f3528ef998
 Prev Bits: [0x000001f36a1f0000, 0x000001f36c1f0000)
 Next Bits: [0x000001f3681f0000, 0x000001f36a1f0000)

Polling page: 0x000001f352990000

Metaspace:

Usage:
  Non-class:     53.32 MB capacity,    52.15 MB ( 98%) used,     1.01 MB (  2%) free+waste,   163.75 KB ( <1%) overhead. 
      Class:      8.30 MB capacity,     7.70 MB ( 93%) used,   532.97 KB (  6%) free+waste,    78.19 KB ( <1%) overhead. 
       Both:     61.61 MB capacity,    59.85 MB ( 97%) used,     1.53 MB (  2%) free+waste,   241.94 KB ( <1%) overhead. 

Virtual space:
  Non-class space:       54.00 MB reserved,      53.50 MB (>99%) committed 
      Class space:        1.00 GB reserved,       8.38 MB ( <1%) committed 
             Both:        1.05 GB reserved,      61.88 MB (  6%) committed 

Chunk freelists:
   Non-Class:  61.00 KB
       Class:  14.00 KB
        Both:  75.00 KB

MaxMetaspaceSize: 17179869184.00 GB
CompressedClassSpaceSize: 1.00 GB

CodeHeap 'non-profiled nmethods': size=120000Kb used=3693Kb max_used=3693Kb free=116306Kb
 bounds [0x000001f35f640000, 0x000001f35f9e0000, 0x000001f366b70000]
CodeHeap 'profiled nmethods': size=120000Kb used=12882Kb max_used=12882Kb free=107117Kb
 bounds [0x000001f358110000, 0x000001f358db0000, 0x000001f35f640000]
CodeHeap 'non-nmethods': size=5760Kb used=2250Kb max_used=2301Kb free=3509Kb
 bounds [0x000001f357b70000, 0x000001f357de0000, 0x000001f358110000]
 total_blobs=7255 nmethods=6417 adapters=749
 compilation: enabled
              stopped_count=0, restarted_count=0
 full_count=0

Compilation events (20 events):
Event: 7.621 Thread 0x000001f36ece4800 nmethod 6436 0x000001f358d9cc10 code [0x000001f358d9ce00, 0x000001f358d9d2c8]
Event: 7.621 Thread 0x000001f36ece4800 6438       3       java.lang.invoke.MethodType::methodType (14 bytes)
Event: 7.621 Thread 0x000001f36ece4800 nmethod 6438 0x000001f358d9d490 code [0x000001f358d9d660, 0x000001f358d9d988]
Event: 7.627 Thread 0x000001f3719f5000 nmethod 6434 0x000001f35f9d9110 code [0x000001f35f9d9340, 0x000001f35f9d9cf0]
Event: 7.640 Thread 0x000001f36ece4800 6440       3       com.google.common.collect.ImmutableMap$Builder::<init> (25 bytes)
Event: 7.640 Thread 0x000001f36ece4800 nmethod 6440 0x000001f358d9da90 code [0x000001f358d9dc40, 0x000001f358d9de98]
Event: 7.640 Thread 0x000001f36ece4800 6442       3       org.objectweb.asm.SymbolTable::addConstantIntegerOrFloat (100 bytes)
Event: 7.641 Thread 0x000001f36ece4800 nmethod 6442 0x000001f358d9df90 code [0x000001f358d9e1c0, 0x000001f358d9e778]
Event: 7.641 Thread 0x000001f36ece4800 6441       3       org.objectweb.asm.SymbolTable::addConstantInteger (7 bytes)
Event: 7.641 Thread 0x000001f36ece4800 nmethod 6441 0x000001f358d9ea90 code [0x000001f358d9ec40, 0x000001f358d9ed68]
Event: 7.648 Thread 0x000001f36ece4800 6443       3       sun.reflect.annotation.AnnotationParser::parseMemberValue (162 bytes)
Event: 7.649 Thread 0x000001f36ece4800 nmethod 6443 0x000001f358d9ee10 code [0x000001f358d9f160, 0x000001f358da03d8]
Event: 7.649 Thread 0x000001f36ece4800 6444       3       org.objectweb.asm.Type::getDescriptor (18 bytes)
Event: 7.650 Thread 0x000001f36ece4800 nmethod 6444 0x000001f358da0a10 code [0x000001f358da0c40, 0x000001f358da1258]
Event: 7.650 Thread 0x000001f36ece4800 6445       1       org.gradle.internal.instantiation.generator.AbstractClassGenerator$MethodMetadata::getGenericReturnType (5 bytes)
Event: 7.650 Thread 0x000001f36ece4800 nmethod 6445 0x000001f35f9da690 code [0x000001f35f9da840, 0x000001f35f9da8f8]
Event: 7.661 Thread 0x000001f36ece4800 6446       3       com.google.common.collect.ImmutableMap$Builder::build (21 bytes)
Event: 7.662 Thread 0x000001f36ece4800 nmethod 6446 0x000001f358da1490 code [0x000001f358da1660, 0x000001f358da1858]
Event: 7.662 Thread 0x000001f36ece4800 6447       3       com.google.common.collect.ImmutableMap$Builder::sortEntries (156 bytes)
Event: 7.663 Thread 0x000001f36ece4800 nmethod 6447 0x000001f358da1910 code [0x000001f358da1c40, 0x000001f358da33d8]

GC Heap History (20 events):
Event: 2.120 GC heap before
{Heap before GC invocations=2 (full 0):
 garbage-first heap   total 131072K, used 36723K [0x0000000080000000, 0x0000000100000000)
  region size 1024K, 32 young (32768K), 10 survivors (10240K)
 Metaspace       used 20563K, capacity 21117K, committed 21248K, reserved 1067008K
  class space    used 2514K, capacity 2731K, committed 2816K, reserved 1048576K
}
Event: 2.127 GC heap after
{Heap after GC invocations=3 (full 0):
 garbage-first heap   total 131072K, used 17120K [0x0000000080000000, 0x0000000100000000)
  region size 1024K, 1 young (1024K), 1 survivors (1024K)
 Metaspace       used 20563K, capacity 21117K, committed 21248K, reserved 1067008K
  class space    used 2514K, capacity 2731K, committed 2816K, reserved 1048576K
}
Event: 2.606 GC heap before
{Heap before GC invocations=4 (full 0):
 garbage-first heap   total 131072K, used 67296K [0x0000000080000000, 0x0000000100000000)
  region size 1024K, 50 young (51200K), 1 survivors (1024K)
 Metaspace       used 25894K, capacity 26500K, committed 26752K, reserved 1073152K
  class space    used 3397K, capacity 3637K, committed 3712K, reserved 1048576K
}
Event: 2.609 GC heap after
{Heap after GC invocations=5 (full 0):
 garbage-first heap   total 131072K, used 18846K [0x0000000080000000, 0x0000000100000000)
  region size 1024K, 3 young (3072K), 3 survivors (3072K)
 Metaspace       used 25894K, capacity 26500K, committed 26752K, reserved 1073152K
  class space    used 3397K, capacity 3637K, committed 3712K, reserved 1048576K
}
Event: 3.294 GC heap before
{Heap before GC invocations=5 (full 0):
 garbage-first heap   total 131072K, used 83358K [0x0000000080000000, 0x0000000100000000)
  region size 1024K, 57 young (58368K), 3 survivors (3072K)
 Metaspace       used 30926K, capacity 31760K, committed 32000K, reserved 1077248K
  class space    used 4182K, capacity 4493K, committed 4608K, reserved 1048576K
}
Event: 3.298 GC heap after
{Heap after GC invocations=6 (full 0):
 garbage-first heap   total 131072K, used 33640K [0x0000000080000000, 0x0000000100000000)
  region size 1024K, 7 young (7168K), 7 survivors (7168K)
 Metaspace       used 30926K, capacity 31760K, committed 32000K, reserved 1077248K
  class space    used 4182K, capacity 4493K, committed 4608K, reserved 1048576K
}
Event: 3.557 GC heap before
{Heap before GC invocations=6 (full 0):
 garbage-first heap   total 131072K, used 45928K [0x0000000080000000, 0x0000000100000000)
  region size 1024K, 20 young (20480K), 7 survivors (7168K)
 Metaspace       used 34832K, capacity 35726K, committed 35840K, reserved 1081344K
  class space    used 4560K, capacity 4899K, committed 4992K, reserved 1048576K
}
Event: 3.572 GC heap after
{Heap after GC invocations=7 (full 0):
 garbage-first heap   total 131072K, used 35722K [0x0000000080000000, 0x0000000100000000)
  region size 1024K, 3 young (3072K), 3 survivors (3072K)
 Metaspace       used 34832K, capacity 35726K, committed 35840K, reserved 1081344K
  class space    used 4560K, capacity 4899K, committed 4992K, reserved 1048576K
}
Event: 4.107 GC heap before
{Heap before GC invocations=8 (full 0):
 garbage-first heap   total 131072K, used 78730K [0x0000000080000000, 0x0000000100000000)
  region size 1024K, 43 young (44032K), 3 survivors (3072K)
 Metaspace       used 39105K, capacity 40070K, committed 40192K, reserved 1083392K
  class space    used 4983K, capacity 5363K, committed 5376K, reserved 1048576K
}
Event: 4.115 GC heap after
{Heap after GC invocations=9 (full 0):
 garbage-first heap   total 131072K, used 38981K [0x0000000080000000, 0x0000000100000000)
  region size 1024K, 6 young (6144K), 6 survivors (6144K)
 Metaspace       used 39105K, capacity 40070K, committed 40192K, reserved 1083392K
  class space    used 4983K, capacity 5363K, committed 5376K, reserved 1048576K
}
Event: 4.637 GC heap before
{Heap before GC invocations=10 (full 0):
 garbage-first heap   total 131072K, used 90181K [0x0000000080000000, 0x0000000100000000)
  region size 1024K, 48 young (49152K), 6 survivors (6144K)
 Metaspace       used 42254K, capacity 43462K, committed 43520K, reserved 1087488K
  class space    used 5445K, capacity 5869K, committed 5888K, reserved 1048576K
}
Event: 4.644 GC heap after
{Heap after GC invocations=11 (full 0):
 garbage-first heap   total 157696K, used 51261K [0x0000000080000000, 0x0000000100000000)
  region size 1024K, 5 young (5120K), 5 survivors (5120K)
 Metaspace       used 42254K, capacity 43462K, committed 43520K, reserved 1087488K
  class space    used 5445K, capacity 5869K, committed 5888K, reserved 1048576K
}
Event: 5.177 GC heap before
{Heap before GC invocations=11 (full 0):
 garbage-first heap   total 157696K, used 103485K [0x0000000080000000, 0x0000000100000000)
  region size 1024K, 55 young (56320K), 5 survivors (5120K)
 Metaspace       used 45640K, capacity 46869K, committed 46976K, reserved 1089536K
  class space    used 5800K, capacity 6235K, committed 6272K, reserved 1048576K
}
Event: 5.182 GC heap after
{Heap after GC invocations=12 (full 0):
 garbage-first heap   total 157696K, used 55175K [0x0000000080000000, 0x0000000100000000)
  region size 1024K, 5 young (5120K), 5 survivors (5120K)
 Metaspace       used 45640K, capacity 46869K, committed 46976K, reserved 1089536K
  class space    used 5800K, capacity 6235K, committed 6272K, reserved 1048576K
}
Event: 5.742 GC heap before
{Heap before GC invocations=12 (full 0):
 garbage-first heap   total 157696K, used 107399K [0x0000000080000000, 0x0000000100000000)
  region size 1024K, 56 young (57344K), 5 survivors (5120K)
 Metaspace       used 48928K, capacity 50388K, committed 50688K, reserved 1093632K
  class space    used 6290K, capacity 6788K, committed 6912K, reserved 1048576K
}
Event: 5.749 GC heap after
{Heap after GC invocations=13 (full 0):
 garbage-first heap   total 157696K, used 58287K [0x0000000080000000, 0x0000000100000000)
  region size 1024K, 3 young (3072K), 3 survivors (3072K)
 Metaspace       used 48928K, capacity 50388K, committed 50688K, reserved 1093632K
  class space    used 6290K, capacity 6788K, committed 6912K, reserved 1048576K
}
Event: 6.617 GC heap before
{Heap before GC invocations=13 (full 0):
 garbage-first heap   total 157696K, used 121775K [0x0000000080000000, 0x0000000100000000)
  region size 1024K, 57 young (58368K), 3 survivors (3072K)
 Metaspace       used 52572K, capacity 54090K, committed 54272K, reserved 1095680K
  class space    used 6848K, capacity 7356K, committed 7424K, reserved 1048576K
}
Event: 6.626 GC heap after
{Heap after GC invocations=14 (full 0):
 garbage-first heap   total 157696K, used 75957K [0x0000000080000000, 0x0000000100000000)
  region size 1024K, 8 young (8192K), 8 survivors (8192K)
 Metaspace       used 52572K, capacity 54090K, committed 54272K, reserved 1095680K
  class space    used 6848K, capacity 7356K, committed 7424K, reserved 1048576K
}
Event: 7.283 GC heap before
{Heap before GC invocations=14 (full 0):
 garbage-first heap   total 157696K, used 117941K [0x0000000080000000, 0x0000000100000000)
  region size 1024K, 49 young (50176K), 8 survivors (8192K)
 Metaspace       used 56516K, capacity 58209K, committed 58368K, reserved 1099776K
  class space    used 7308K, capacity 7894K, committed 7936K, reserved 1048576K
}
Event: 7.291 GC heap after
{Heap after GC invocations=15 (full 0):
 garbage-first heap   total 157696K, used 78549K [0x0000000080000000, 0x0000000100000000)
  region size 1024K, 3 young (3072K), 3 survivors (3072K)
 Metaspace       used 56516K, capacity 58209K, committed 58368K, reserved 1099776K
  class space    used 7308K, capacity 7894K, committed 7936K, reserved 1048576K
}

Deoptimization events (20 events):
Event: 7.081 Thread 0x000001f371960000 Uncommon trap: trap_request=0xffffffc6 fr.pc=0x000001f35f7452a8 relative=0x0000000000000248
Event: 7.081 Thread 0x000001f371960000 Uncommon trap: reason=bimorphic_or_optimized_type_check action=maybe_recompile pc=0x000001f35f7452a8 method=com.google.common.base.CharMatcher.indexIn(Ljava/lang/CharSequence;I)I @ 31 c2
Event: 7.081 Thread 0x000001f371960000 DEOPT PACKING pc=0x000001f35f7452a8 sp=0x00000058b24f9c30
Event: 7.081 Thread 0x000001f371960000 DEOPT UNPACKING pc=0x000001f357b978af sp=0x00000058b24f9bd8 mode 2
Event: 7.227 Thread 0x000001f371960000 Uncommon trap: trap_request=0xffffff4d fr.pc=0x000001f35f718cf4 relative=0x0000000000000054
Event: 7.227 Thread 0x000001f371960000 Uncommon trap: reason=unstable_if action=reinterpret pc=0x000001f35f718cf4 method=java.util.regex.Pattern.has(I)Z @ 6 c2
Event: 7.227 Thread 0x000001f371960000 DEOPT PACKING pc=0x000001f35f718cf4 sp=0x00000058b24f62e0
Event: 7.227 Thread 0x000001f371960000 DEOPT UNPACKING pc=0x000001f357b978af sp=0x00000058b24f6270 mode 2
Event: 7.247 Thread 0x000001f371960000 Uncommon trap: trap_request=0xffffff45 fr.pc=0x000001f35f7f7324 relative=0x0000000000000d64
Event: 7.247 Thread 0x000001f371960000 Uncommon trap: reason=unstable_fused_if action=reinterpret pc=0x000001f35f7f7324 method=org.objectweb.asm.ByteVector.putUTF8(Ljava/lang/String;)Lorg/objectweb/asm/ByteVector; @ 93 c2
Event: 7.247 Thread 0x000001f371960000 DEOPT PACKING pc=0x000001f35f7f7324 sp=0x00000058b24f7cc0
Event: 7.247 Thread 0x000001f371960000 DEOPT UNPACKING pc=0x000001f357b978af sp=0x00000058b24f7c18 mode 2
Event: 7.247 Thread 0x000001f371960000 Uncommon trap: trap_request=0xffffffdc fr.pc=0x000001f35f9b46ec relative=0x00000000000002ac
Event: 7.247 Thread 0x000001f371960000 Uncommon trap: reason=class_check action=make_not_entrant pc=0x000001f35f9b46ec method=java.util.ArrayList.toArray([Ljava/lang/Object;)[Ljava/lang/Object; @ 21 c2
Event: 7.247 Thread 0x000001f371960000 DEOPT PACKING pc=0x000001f35f9b46ec sp=0x00000058b24f7f40
Event: 7.247 Thread 0x000001f371960000 DEOPT UNPACKING pc=0x000001f357b978af sp=0x00000058b24f7f10 mode 2
Event: 7.273 Thread 0x000001f371960000 Uncommon trap: trap_request=0xffffff45 fr.pc=0x000001f35f77e074 relative=0x0000000000000214
Event: 7.274 Thread 0x000001f371960000 Uncommon trap: reason=unstable_fused_if action=reinterpret pc=0x000001f35f77e074 method=org.objectweb.asm.ByteVector.putUTF8(Ljava/lang/String;)Lorg/objectweb/asm/ByteVector; @ 93 c2
Event: 7.274 Thread 0x000001f371960000 DEOPT PACKING pc=0x000001f35f77e074 sp=0x00000058b24f8030
Event: 7.274 Thread 0x000001f371960000 DEOPT UNPACKING pc=0x000001f357b978af sp=0x00000058b24f7fb0 mode 2

Classes redefined (0 events):
No events

Internal exceptions (20 events):
Event: 6.195 Thread 0x000001f371960000 Exception <a 'java/lang/ClassNotFoundException'{0x0000000087bee990}: org/gradle/api/DefaultTaskBeanInfo> (0x0000000087bee990) thrown at [./src/hotspot/share/classfile/systemDictionary.cpp, line 231]
Event: 6.196 Thread 0x000001f371960000 Exception <a 'java/lang/ClassNotFoundException'{0x0000000087a1ba38}: org/gradle/api/internal/AbstractTaskBeanInfo> (0x0000000087a1ba38) thrown at [./src/hotspot/share/classfile/systemDictionary.cpp, line 231]
Event: 6.197 Thread 0x000001f371960000 Exception <a 'java/lang/ClassNotFoundException'{0x0000000087a485e0}: org/gradle/api/internal/AbstractTaskCustomizer> (0x0000000087a485e0) thrown at [./src/hotspot/share/classfile/systemDictionary.cpp, line 231]
Event: 6.200 Thread 0x000001f371960000 Exception <a 'java/lang/ClassNotFoundException'{0x0000000087ab98f0}: org/gradle/api/DefaultTaskCustomizer> (0x0000000087ab98f0) thrown at [./src/hotspot/share/classfile/systemDictionary.cpp, line 231]
Event: 6.203 Thread 0x000001f371960000 Exception <a 'java/lang/ClassNotFoundException'{0x000000008793a878}: org/gradle/api/internal/ConventionTaskCustomizer> (0x000000008793a878) thrown at [./src/hotspot/share/classfile/systemDictionary.cpp, line 231]
Event: 6.205 Thread 0x000001f371960000 Exception <a 'java/lang/ClassNotFoundException'{0x00000000879727c0}: org/gradle/api/tasks/DeleteCustomizer> (0x00000000879727c0) thrown at [./src/hotspot/share/classfile/systemDictionary.cpp, line 231]
Event: 6.208 Thread 0x000001f371960000 Exception <a 'java/lang/ClassNotFoundException'{0x00000000879b1c80}: org/gradle/api/tasks/Delete_DecoratedCustomizer> (0x00000000879b1c80) thrown at [./src/hotspot/share/classfile/systemDictionary.cpp, line 231]
Event: 6.254 Thread 0x000001f371960000 Exception <a 'java/lang/NoSuchMethodError'{0x00000000877808f0}: 'void java.lang.invoke.DirectMethodHandle$Holder.invokeVirtual(java.lang.Object, java.lang.Object)'> (0x00000000877808f0) thrown at [./src/hotspot/share/interpreter/linkResolver.cpp, line 773]
Event: 6.799 Thread 0x000001f371960000 Exception <a 'java/lang/NoSuchMethodError'{0x0000000088b5ba38}: 'void java.lang.invoke.DirectMethodHandle$Holder.invokeSpecialIFC(java.lang.Object, java.lang.Object, java.lang.Object)'> (0x0000000088b5ba38) thrown at [./src/hotspot/share/interpreter/linkResolver.cpp, line 773]
Event: 6.932 Thread 0x000001f371960000 Exception <a 'java/lang/NoSuchMethodError'{0x00000000886605b8}: 'int java.lang.invoke.DirectMethodHandle$Holder.invokeStatic(java.lang.Object, int, java.lang.Object, java.lang.Object)'> (0x00000000886605b8) thrown at [./src/hotspot/share/interpreter/linkResolver.cpp, line 773]
Event: 7.066 Thread 0x000001f371960000 Exception <a 'java/lang/ClassNotFoundException'{0x00000000881f7608}: build_8kezdhjg3jtbhr1rrc87rnqxmBeanInfo> (0x00000000881f7608) thrown at [./src/hotspot/share/classfile/systemDictionary.cpp, line 231]
Event: 7.067 Thread 0x000001f371960000 Exception <a 'java/lang/ClassNotFoundException'{0x0000000088017190}: build_8kezdhjg3jtbhr1rrc87rnqxmCustomizer> (0x0000000088017190) thrown at [./src/hotspot/share/classfile/systemDictionary.cpp, line 231]
Event: 7.077 Thread 0x000001f371960000 Exception <a 'java/lang/ClassNotFoundException'{0x000000008809c128}: org/gradle/plugin/use/internal/PluginRequestCollector$PluginDependenciesSpecImplBeanInfo> (0x000000008809c128) thrown at [./src/hotspot/share/classfile/systemDictionary.cpp, line 231]
Event: 7.077 Thread 0x000001f371960000 Exception <a 'java/lang/ClassNotFoundException'{0x00000000880c9fd8}: org/gradle/plugin/use/internal/PluginRequestCollector$PluginDependenciesSpecImplCustomizer> (0x00000000880c9fd8) thrown at [./src/hotspot/share/classfile/systemDictionary.cpp, line 231]
Event: 7.238 Thread 0x000001f371960000 Exception <a 'java/lang/NoSuchMethodError'{0x00000000874dacd8}: 'java.lang.Object java.lang.invoke.DirectMethodHandle$Holder.invokeStatic(java.lang.Object, java.lang.Object, java.lang.Object, java.lang.Object, int)'> (0x00000000874dacd8) thrown at [./src/hotspot/share/interpreter/linkResolver.cpp, line 773]
Event: 7.238 Thread 0x000001f371960000 Exception <a 'java/lang/NoSuchMethodError'{0x00000000874df6d0}: 'java.lang.Object java.lang.invoke.DirectMethodHandle$Holder.invokeSpecial(java.lang.Object, java.lang.Object, java.lang.Object, java.lang.Object, java.lang.Object, int)'> (0x00000000874df6d0) thrown at [./src/hotspot/share/interpreter/linkResolver.cpp, line 773]
Event: 7.239 Thread 0x000001f371960000 Exception <a 'java/lang/NoSuchMethodError'{0x00000000874e3d10}: 'java.lang.Object java.lang.invoke.Invokers$Holder.linkToTargetMethod(java.lang.Object, java.lang.Object, java.lang.Object, int, java.lang.Object)'> (0x00000000874e3d10) thrown at [./src/hotspot/share/interpreter/linkResolver.cpp, line 773]
Event: 7.451 Thread 0x000001f371960000 Exception <a 'java/lang/NoSuchMethodError'{0x0000000088e6d548}: 'java.lang.Object java.lang.invoke.DirectMethodHandle$Holder.invokeSpecial(java.lang.Object, java.lang.Object, int, int, java.lang.Object, java.lang.Object, java.lang.Object)'> (0x0000000088e6d548) thrown at [./src/hotspot/share/interpreter/linkResolver.cpp, line 773]
Event: 7.451 Thread 0x000001f371960000 Exception <a 'java/lang/NoSuchMethodError'{0x0000000088e71ac8}: 'java.lang.Object java.lang.invoke.DelegatingMethodHandle$Holder.reinvoke_L(java.lang.Object, int, int, java.lang.Object, java.lang.Object, java.lang.Object)'> (0x0000000088e71ac8) thrown at [./src/hotspot/share/interpreter/linkResolver.cpp, line 773]
Event: 7.627 Thread 0x000001f371960000 Exception <a 'java/lang/NoSuchMethodError'{0x0000000088260ca8}: 'int java.lang.invoke.DirectMethodHandle$Holder.invokeInterface(java.lang.Object, java.lang.Object, java.lang.Object, java.lang.Object)'> (0x0000000088260ca8) thrown at [./src/hotspot/share/interpreter/linkResolver.cpp, line 773]

Events (20 events):
Event: 7.684 loading class com/google/wireless/android/sdk/stats/GradleBuildMemorySample
Event: 7.684 loading class com/google/wireless/android/sdk/stats/GradleBuildMemorySample done
Event: 7.685 loading class com/google/wireless/android/sdk/stats/GradleBuildMemorySampleOrBuilder
Event: 7.685 loading class com/google/wireless/android/sdk/stats/GradleBuildMemorySampleOrBuilder done
Event: 7.685 loading class com/google/wireless/android/sdk/stats/InstantRunStatus
Event: 7.685 loading class com/google/wireless/android/sdk/stats/InstantRunStatus done
Event: 7.686 loading class com/google/wireless/android/sdk/stats/GradleBuildProject
Event: 7.686 loading class com/google/wireless/android/sdk/stats/GradleBuildProject done
Event: 7.687 loading class com/google/wireless/android/sdk/stats/GradleBuildProfileSpan
Event: 7.687 loading class com/google/wireless/android/sdk/stats/GradleBuildProfileSpan done
Event: 7.687 loading class com/google/wireless/android/sdk/stats/GradleBuildProfileSpanOrBuilder
Event: 7.687 loading class com/google/wireless/android/sdk/stats/GradleBuildProfileSpanOrBuilder done
Event: 7.688 loading class com/android/builder/profile/NameAnonymizer
Event: 7.688 loading class com/android/builder/profile/NameAnonymizer done
Event: 7.689 loading class com/google/common/cache/CacheLoader
Event: 7.689 loading class com/google/common/cache/CacheLoader done
Event: 7.689 loading class com/android/builder/profile/NameAnonymizer$ProjectCacheLoader
Event: 7.689 loading class com/android/builder/profile/NameAnonymizer$ProjectCacheLoader done
Event: 7.689 loading class com/google/common/cache/CacheBuilder
Event: 7.689 loading class com/google/common/cache/CacheBuilder done


Dynamic libraries:
0x00007ff6ef6a0000 - 0x00007ff6ef6aa000 	C:\Program Files\Android\Android Studio\jre\bin\java.exe
0x00007ffd49130000 - 0x00007ffd49325000 	C:\WINDOWS\SYSTEM32\ntdll.dll
0x00007ffd48df0000 - 0x00007ffd48eae000 	C:\WINDOWS\System32\KERNEL32.DLL
0x00007ffd46c40000 - 0x00007ffd46f09000 	C:\WINDOWS\System32\KERNELBASE.dll
0x00007ffd468e0000 - 0x00007ffd469e0000 	C:\WINDOWS\System32\ucrtbase.dll
0x00007ffd3e8d0000 - 0x00007ffd3e8e9000 	C:\Program Files\Android\Android Studio\jre\bin\jli.dll
0x00007ffd415e0000 - 0x00007ffd415f7000 	C:\Program Files\Android\Android Studio\jre\bin\VCRUNTIME140.dll
0x00007ffd48c40000 - 0x00007ffd48de1000 	C:\WINDOWS\System32\USER32.dll
0x00007ffd30480000 - 0x00007ffd3071a000 	C:\WINDOWS\WinSxS\amd64_microsoft.windows.common-controls_6595b64144ccf1df_6.0.19041.1110_none_60b5254171f9507e\COMCTL32.dll
0x00007ffd47070000 - 0x00007ffd47092000 	C:\WINDOWS\System32\win32u.dll
0x00007ffd47d50000 - 0x00007ffd47d7b000 	C:\WINDOWS\System32\GDI32.dll
0x00007ffd48350000 - 0x00007ffd483ee000 	C:\WINDOWS\System32\msvcrt.dll
0x00007ffd46b30000 - 0x00007ffd46c3b000 	C:\WINDOWS\System32\gdi32full.dll
0x00007ffd469e0000 - 0x00007ffd46a7d000 	C:\WINDOWS\System32\msvcp_win.dll
0x00007ffd48f10000 - 0x00007ffd48f40000 	C:\WINDOWS\System32\IMM32.DLL
0x00007ffd0c1b0000 - 0x00007ffd0c24d000 	C:\Program Files\Android\Android Studio\jre\bin\msvcp140.dll
0x00007ffcd81d0000 - 0x00007ffcd8c9f000 	C:\Program Files\Android\Android Studio\jre\bin\server\jvm.dll
0x00007ffd48fc0000 - 0x00007ffd4906c000 	C:\WINDOWS\System32\ADVAPI32.dll
0x00007ffd485e0000 - 0x00007ffd4867b000 	C:\WINDOWS\System32\sechost.dll
0x00007ffd483f0000 - 0x00007ffd4851a000 	C:\WINDOWS\System32\RPCRT4.dll
0x00007ffd47600000 - 0x00007ffd47608000 	C:\WINDOWS\System32\PSAPI.DLL
0x00007ffd2d8a0000 - 0x00007ffd2d8a9000 	C:\WINDOWS\SYSTEM32\WSOCK32.dll
0x00007ffd40670000 - 0x00007ffd4067a000 	C:\WINDOWS\SYSTEM32\VERSION.dll
0x00007ffd49070000 - 0x00007ffd490db000 	C:\WINDOWS\System32\WS2_32.dll
0x00007ffd2f6d0000 - 0x00007ffd2f6f7000 	C:\WINDOWS\SYSTEM32\WINMM.dll
0x00007ffd45120000 - 0x00007ffd45132000 	C:\WINDOWS\SYSTEM32\kernel.appcore.dll
0x00007ffd262c0000 - 0x00007ffd262d1000 	C:\Program Files\Android\Android Studio\jre\bin\verify.dll
0x00007ffd44640000 - 0x00007ffd44824000 	C:\WINDOWS\SYSTEM32\DBGHELP.DLL
0x00007ffd35610000 - 0x00007ffd3563c000 	C:\WINDOWS\SYSTEM32\dbgcore.DLL
0x00007ffd46850000 - 0x00007ffd468d3000 	C:\WINDOWS\System32\bcryptPrimitives.dll
0x00007ffd26290000 - 0x00007ffd262b9000 	C:\Program Files\Android\Android Studio\jre\bin\java.dll
0x00007ffd26280000 - 0x00007ffd2628b000 	C:\Program Files\Android\Android Studio\jre\bin\jimage.dll
0x00007ffd26260000 - 0x00007ffd26278000 	C:\Program Files\Android\Android Studio\jre\bin\zip.dll
0x00007ffd47610000 - 0x00007ffd47d4f000 	C:\WINDOWS\System32\SHELL32.dll
0x00007ffd44830000 - 0x00007ffd44fc0000 	C:\WINDOWS\SYSTEM32\windows.storage.dll
0x00007ffd47ff0000 - 0x00007ffd48345000 	C:\WINDOWS\System32\combase.dll
0x00007ffd462a0000 - 0x00007ffd462cc000 	C:\WINDOWS\SYSTEM32\Wldp.dll
0x00007ffd47f40000 - 0x00007ffd47fed000 	C:\WINDOWS\System32\SHCORE.dll
0x00007ffd48520000 - 0x00007ffd48575000 	C:\WINDOWS\System32\shlwapi.dll
0x00007ffd46790000 - 0x00007ffd467af000 	C:\WINDOWS\SYSTEM32\profapi.dll
0x00007ffd26180000 - 0x00007ffd2619a000 	C:\Program Files\Android\Android Studio\jre\bin\net.dll
0x00007ffd3d190000 - 0x00007ffd3d298000 	C:\WINDOWS\SYSTEM32\WINHTTP.dll
0x00007ffd46000000 - 0x00007ffd4606a000 	C:\WINDOWS\system32\mswsock.dll
0x00007ffd26160000 - 0x00007ffd26174000 	C:\Program Files\Android\Android Studio\jre\bin\nio.dll
0x00007ffd3e8f0000 - 0x00007ffd3e917000 	C:\Users\muham\.gradle\native\8bec1ad78214c89d9ad589b4d07fe93259594b29d510b10fafb7a158f7737e5d\windows-amd64\native-platform.dll
0x00007ffcba5b0000 - 0x00007ffcba6ed000 	C:\Users\muham\.gradle\native\53dbd7edfb1c66fb8903c78663c9afc45aea4f116125fa6feffd364cf09443e8\windows-amd64\native-platform-file-events.dll
0x00007ffd165e0000 - 0x00007ffd165ea000 	C:\Program Files\Android\Android Studio\jre\bin\management.dll
0x00007ffd165d0000 - 0x00007ffd165dc000 	C:\Program Files\Android\Android Studio\jre\bin\management_ext.dll
0x00007ffd461f0000 - 0x00007ffd46208000 	C:\WINDOWS\SYSTEM32\CRYPTSP.dll
0x00007ffd45910000 - 0x00007ffd45944000 	C:\WINDOWS\system32\rsaenh.dll
0x00007ffd47150000 - 0x00007ffd47177000 	C:\WINDOWS\System32\bcrypt.dll
0x00007ffd46710000 - 0x00007ffd4673e000 	C:\WINDOWS\SYSTEM32\USERENV.dll
0x00007ffd46210000 - 0x00007ffd4621c000 	C:\WINDOWS\SYSTEM32\CRYPTBASE.dll
0x00007ffd45ca0000 - 0x00007ffd45cdb000 	C:\WINDOWS\SYSTEM32\IPHLPAPI.DLL
0x00007ffd490e0000 - 0x00007ffd490e8000 	C:\WINDOWS\System32\NSI.dll
0x00007ffd3ee70000 - 0x00007ffd3ee87000 	C:\WINDOWS\SYSTEM32\dhcpcsvc6.DLL
0x00007ffd3fc10000 - 0x00007ffd3fc2d000 	C:\WINDOWS\SYSTEM32\dhcpcsvc.DLL
0x00007ffd45cf0000 - 0x00007ffd45dbc000 	C:\WINDOWS\SYSTEM32\DNSAPI.dll

dbghelp: loaded successfully - version: 4.0.5 - missing functions: none
symbol engine: initialized successfully - sym options: 0x614 - pdb path: .;C:\Program Files\Android\Android Studio\jre\bin;C:\WINDOWS\SYSTEM32;C:\WINDOWS\WinSxS\amd64_microsoft.windows.common-controls_6595b64144ccf1df_6.0.19041.1110_none_60b5254171f9507e;C:\Program Files\Android\Android Studio\jre\bin\server;C:\Users\muham\.gradle\native\8bec1ad78214c89d9ad589b4d07fe93259594b29d510b10fafb7a158f7737e5d\windows-amd64;C:\Users\muham\.gradle\native\53dbd7edfb1c66fb8903c78663c9afc45aea4f116125fa6feffd364cf09443e8\windows-amd64

VM Arguments:
jvm_args: --add-opens=java.base/java.util=ALL-UNNAMED --add-opens=java.base/java.lang=ALL-UNNAMED --add-opens=java.base/java.lang.invoke=ALL-UNNAMED --add-opens=java.base/java.util=ALL-UNNAMED --add-opens=java.prefs/java.util.prefs=ALL-UNNAMED --add-opens=java.prefs/java.util.prefs=ALL-UNNAMED --add-opens=java.base/java.nio.charset=ALL-UNNAMED --add-opens=java.base/java.net=ALL-UNNAMED --add-opens=java.base/java.util.concurrent.atomic=ALL-UNNAMED -Xmx2048m -Dfile.encoding=UTF-8 -Duser.country=US -Duser.language=en -Duser.variant 
java_command: org.gradle.launcher.daemon.bootstrap.GradleDaemon 7.0.2
java_class_path (initial): C:\Users\muham\.gradle\wrapper\dists\gradle-7.0.2-bin\857tjihv64xamwrf0h14cai3r\gradle-7.0.2\lib\gradle-launcher-7.0.2.jar
Launcher Type: SUN_STANDARD

[Global flags]
     intx CICompilerCount                          = 4                                         {product} {ergonomic}
     uint ConcGCThreads                            = 2                                         {product} {ergonomic}
     uint G1ConcRefinementThreads                  = 8                                         {product} {ergonomic}
   size_t G1HeapRegionSize                         = 1048576                                   {product} {ergonomic}
    uintx GCDrainStackTargetSize                   = 64                                        {product} {ergonomic}
   size_t InitialHeapSize                          = 134217728                                 {product} {ergonomic}
   size_t MarkStackSize                            = 4194304                                   {product} {ergonomic}
   size_t MaxHeapSize                              = 2147483648                                {product} {command line}
   size_t MaxNewSize                               = 1287651328                                {product} {ergonomic}
   size_t MinHeapDeltaBytes                        = 1048576                                   {product} {ergonomic}
    uintx NonNMethodCodeHeapSize                   = 5836300                                {pd product} {ergonomic}
    uintx NonProfiledCodeHeapSize                  = 122910970                              {pd product} {ergonomic}
    uintx ProfiledCodeHeapSize                     = 122910970                              {pd product} {ergonomic}
    uintx ReservedCodeCacheSize                    = 251658240                              {pd product} {ergonomic}
     bool SegmentedCodeCache                       = true                                      {product} {ergonomic}
     bool UseCompressedClassPointers               = true                                 {lp64_product} {ergonomic}
     bool UseCompressedOops                        = true                                 {lp64_product} {ergonomic}
     bool UseG1GC                                  = true                                      {product} {ergonomic}
     bool UseLargePagesIndividualAllocation        = false                                  {pd product} {ergonomic}

Logging:
Log output configuration:
 #0: stdout all=warning uptime,level,tags
 #1: stderr all=off uptime,level,tags

Environment Variables:
PATH=C:\Program Files (x86)\Common Files\Oracle\Java\javapath;C:\WINDOWS\system32;C:\WINDOWS;C:\WINDOWS\System32\Wbem;C:\WINDOWS\System32\WindowsPowerShell\v1.0\;C:\WINDOWS\System32\OpenSSH\;C:\Program Files\Intel\WiFi\bin\;C:\Program Files\Common Files\Intel\WirelessCommon\;C:\Program Files (x86)\dotnet\;C:\Android;C:\Windows\System32;C:\Program Files\Dart\dart-sdk\bin;C:\Program Files\nodejs\;C:\Program Files (x86)\Intel\Intel(R) Management Engine Components\DAL;C:\Program Files\Intel\Intel(R) Management Engine Components\DAL;C:\Program Files\Git\cmd;C:\Users\muham\AppData\Local\Programs\Python\Python38-32\Scripts\;C:\Users\muham\AppData\Local\Programs\Python\Python38-32\;C:\Users\muham\AppData\Local\Microsoft\WindowsApps;C:\Users\muham\AppData\Local\Programs\Microsoft VS Code\bin;C:\Program Files\JetBrains\PyCharm Community Edition 2020.2\bin;;C:\Program Files (x86)\Nmap;C:\Windows\System32\WindowsPowerShell\v1.0;C:\Program Files\Dart\dart-sdk\lib;C:\Users\muham\flutter\bin;C:\Users\muham\AppData\Roaming\npm
USERNAME=muham
OS=Windows_NT
PROCESSOR_IDENTIFIER=Intel64 Family 6 Model 142 Stepping 10, GenuineIntel



---------------  S Y S T E M  ---------------

OS: Windows 10 , 64 bit Build 19041 (10.0.19041.1202)
OS uptime: 1 days 22:07 hours

CPU:total 8 (initial active 8) (4 cores per cpu, 2 threads per core) family 6 model 142 stepping 10 microcode 0xd6, cmov, cx8, fxsr, mmx, sse, sse2, sse3, ssse3, sse4.1, sse4.2, popcnt, avx, avx2, aes, clmul, erms, 3dnowpref, lzcnt, ht, tsc, tscinvbit, bmi1, bmi2, adx, fma

Memory: 4k page, system-wide physical 8092M (472M free)
TotalPageFile size 23278M (AvailPageFile size 6M)
current process WorkingSet (physical memory assigned to process): 370M, peak: 370M
current process commit charge ("private bytes"): 409M, peak: 409M

vm_info: OpenJDK 64-Bit Server VM (11.0.10+0-b96-7249189) for windows-amd64 JRE (11.0.10+0-b96-7249189), built on Mar 31 2021 21:44:00 by "builder" with MS VC++ 14.0 (VS2015)

END.
