#
# There is insufficient memory for the Java Runtime Environment to continue.
# Native memory allocation (mmap) failed to map 65011712 bytes for Failed to commit area from 0x000000008de00000 to 0x0000000091c00000 of length 65011712.
# Possible reasons:
#   The system is out of physical RAM or swap space
#   The process is running with CompressedOops enabled, and the Java Heap may be blocking the growth of the native heap
# Possible solutions:
#   Reduce memory load on the system
#   Increase physical memory or swap space
#   Check if swap backing store is full
#   Decrease Java heap size (-Xmx/-Xms)
#   Decrease number of Java threads
#   Decrease Java thread stack sizes (-Xss)
#   Set larger code cache with -XX:ReservedCodeCacheSize=
#   JVM is running with Unscaled Compressed Oops mode in which the Java heap is
#     placed in the first 4GB address space. The Java Heap base address is the
#     maximum limit for the native heap growth. Please use -XX:HeapBaseMinAddress
#     to set the Java Heap base and to place the Java Heap above 4GB virtual address.
# This output file may be truncated or incomplete.
#
#  Out of Memory Error (./src/hotspot/os/windows/os_windows.cpp:3301), pid=12640, tid=10628
#
# JRE version: OpenJDK Runtime Environment (11.0.10) (build 11.0.10+0-b96-7249189)
# Java VM: OpenJDK 64-Bit Server VM (11.0.10+0-b96-7249189, mixed mode, tiered, compressed oops, g1 gc, windows-amd64)
# No core dump will be written. Minidumps are not enabled by default on client versions of Windows
#

---------------  S U M M A R Y ------------

Command Line: --add-opens=java.base/java.util=ALL-UNNAMED --add-opens=java.base/java.lang=ALL-UNNAMED --add-opens=java.base/java.lang.invoke=ALL-UNNAMED --add-opens=java.base/java.util=ALL-UNNAMED --add-opens=java.prefs/java.util.prefs=ALL-UNNAMED --add-opens=java.prefs/java.util.prefs=ALL-UNNAMED --add-opens=java.base/java.nio.charset=ALL-UNNAMED --add-opens=java.base/java.net=ALL-UNNAMED --add-opens=java.base/java.util.concurrent.atomic=ALL-UNNAMED -Xmx2048m -Dfile.encoding=UTF-8 -Duser.country=US -Duser.language=en -Duser.variant org.gradle.launcher.daemon.bootstrap.GradleDaemon 7.0.2

Host: Intel(R) Core(TM) i5-8250U CPU @ 1.60GHz, 8 cores, 7G,  Windows 10 , 64 bit Build 19041 (10.0.19041.1202)
Time: Thu Oct 28 17:06:19 2021 Jerusalem Daylight Time elapsed time: 17.471848 seconds (0d 0h 0m 17s)

---------------  T H R E A D  ---------------

Current thread (0x0000020b1bf8e800):  VMThread "VM Thread" [stack: 0x0000006868500000,0x0000006868600000] [id=10628]

Stack: [0x0000006868500000,0x0000006868600000]
[error occurred during error reporting (printing stack bounds), id 0xc0000005, EXCEPTION_ACCESS_VIOLATION (0xc0000005) at pc=0x0000020b04e40f2d]

Native frames: (J=compiled Java code, j=interpreted, Vv=VM code, C=native code)
V  [jvm.dll+0x5ecfaa]
V  [jvm.dll+0x722bd5]
V  [jvm.dll+0x72412d]
V  [jvm.dll+0x724745]
V  [jvm.dll+0x7246fb]
V  [jvm.dll+0x5ec348]
V  [jvm.dll+0x5ecad8]
C  [ntdll.dll+0xa20cf]
C  [ntdll.dll+0x51454]
C  [ntdll.dll+0xa0bfe]
C  0x0000020b04e40f2d

VM_Operation (0x000000686cffcc10): G1CollectForAllocation, mode: safepoint, requested by thread 0x0000020b24e9f800


---------------  P R O C E S S  ---------------

Threads class SMR info:
_java_thread_list=0x0000020b200b2830, length=79, elements={
0x0000020b7f6fd800, 0x0000020b1bf95000, 0x0000020b1bf9e000, 0x0000020b1bfab800,
0x0000020b1bfac800, 0x0000020b1bfae800, 0x0000020b1bfb2800, 0x0000020b1bfbd800,
0x0000020b1bfbf000, 0x0000020b1ca8d000, 0x0000020b1e403000, 0x0000020b1cc9d800,
0x0000020b1caad800, 0x0000020b1e75d000, 0x0000020b1f3a7000, 0x0000020b1f00f800,
0x0000020b1eaa6000, 0x0000020b1eb0a000, 0x0000020b1e3ff000, 0x0000020b1e400000,
0x0000020b1e3fd800, 0x0000020b1e3fe000, 0x0000020b1fd44800, 0x0000020b1f4fd800,
0x0000020b1feb2000, 0x0000020b1fd45800, 0x0000020b1fd47000, 0x0000020b1fd43800,
0x0000020b1fd47800, 0x0000020b1fd43000, 0x0000020b1fd42000, 0x0000020b1fd48800,
0x0000020b1fd4a000, 0x0000020b1fd4c000, 0x0000020b1fd46000, 0x0000020b1fd50800,
0x0000020b1fd4f000, 0x0000020b1fd50000, 0x0000020b20612000, 0x0000020b20614000,
0x0000020b20615800, 0x0000020b20610000, 0x0000020b20613000, 0x0000020b20614800,
0x0000020b20616800, 0x0000020b20610800, 0x0000020b20617000, 0x0000020b20611800,
0x0000020b2061c000, 0x0000020b2061d000, 0x0000020b20619800, 0x0000020b2061a800,
0x0000020b2061d800, 0x0000020b2061e800, 0x0000020b20619000, 0x0000020b24e9b800,
0x0000020b24e9a800, 0x0000020b24ea1000, 0x0000020b24ea2000, 0x0000020b24e9d000,
0x0000020b24e9c800, 0x0000020b24ea0800, 0x0000020b24ea3000, 0x0000020b24ea3800,
0x0000020b24e9e000, 0x0000020b24e9f800, 0x0000020b24ea4800, 0x0000020b24e9e800,
0x0000020b24ea7800, 0x0000020b24ea9800, 0x0000020b24ea5000, 0x0000020b24ea6000,
0x0000020b24ea7000, 0x0000020b24ea8800, 0x0000020b23933000, 0x0000020b2392f000,
0x0000020b23932000, 0x0000020b23933800, 0x0000020b2392e000
}

Java Threads: ( => current thread )
  0x0000020b7f6fd800 JavaThread "main" [_thread_blocked, id=14768, stack(0x0000006867f00000,0x0000006868000000)]
  0x0000020b1bf95000 JavaThread "Reference Handler" daemon [_thread_blocked, id=13940, stack(0x0000006868600000,0x0000006868700000)]
  0x0000020b1bf9e000 JavaThread "Finalizer" daemon [_thread_blocked, id=16656, stack(0x0000006868700000,0x0000006868800000)]
  0x0000020b1bfab800 JavaThread "Signal Dispatcher" daemon [_thread_blocked, id=4412, stack(0x0000006868800000,0x0000006868900000)]
  0x0000020b1bfac800 JavaThread "Attach Listener" daemon [_thread_blocked, id=13400, stack(0x0000006868900000,0x0000006868a00000)]
  0x0000020b1bfae800 JavaThread "Service Thread" daemon [_thread_blocked, id=17060, stack(0x0000006868a00000,0x0000006868b00000)]
  0x0000020b1bfb2800 JavaThread "C2 CompilerThread0" daemon [_thread_blocked, id=956, stack(0x0000006868b00000,0x0000006868c00000)]
  0x0000020b1bfbd800 JavaThread "C1 CompilerThread0" daemon [_thread_blocked, id=17468, stack(0x0000006868c00000,0x0000006868d00000)]
  0x0000020b1bfbf000 JavaThread "Sweeper thread" daemon [_thread_blocked, id=8228, stack(0x0000006868d00000,0x0000006868e00000)]
  0x0000020b1ca8d000 JavaThread "Common-Cleaner" daemon [_thread_blocked, id=1720, stack(0x0000006868e00000,0x0000006868f00000)]
  0x0000020b1e403000 JavaThread "Daemon health stats" [_thread_blocked, id=17932, stack(0x0000006869400000,0x0000006869500000)]
  0x0000020b1cc9d800 JavaThread "Incoming local TCP Connector on port 1067" [_thread_in_native, id=10332, stack(0x0000006869000000,0x0000006869100000)]
  0x0000020b1caad800 JavaThread "Daemon periodic checks" [_thread_blocked, id=16672, stack(0x0000006869100000,0x0000006869200000)]
  0x0000020b1e75d000 JavaThread "Daemon" [_thread_blocked, id=16432, stack(0x0000006869500000,0x0000006869600000)]
  0x0000020b1f3a7000 JavaThread "Handler for socket connection from /127.0.0.1:1067 to /127.0.0.1:1068" [_thread_in_native, id=10172, stack(0x0000006869600000,0x0000006869700000)]
  0x0000020b1f00f800 JavaThread "Cancel handler" [_thread_blocked, id=4660, stack(0x0000006869700000,0x0000006869800000)]
  0x0000020b1eaa6000 JavaThread "Daemon worker" [_thread_blocked, id=15068, stack(0x0000006869800000,0x0000006869900000)]
  0x0000020b1eb0a000 JavaThread "Asynchronous log dispatcher for DefaultDaemonConnection: socket connection from /127.0.0.1:1067 to /127.0.0.1:1068" [_thread_blocked, id=15028, stack(0x0000006869900000,0x0000006869a00000)]
  0x0000020b1e3ff000 JavaThread "Stdin handler" [_thread_blocked, id=14632, stack(0x0000006869a00000,0x0000006869b00000)]
  0x0000020b1e400000 JavaThread "Daemon client event forwarder" [_thread_blocked, id=7548, stack(0x0000006869b00000,0x0000006869c00000)]
  0x0000020b1e3fd800 JavaThread "Cache worker for file hash cache (C:\Users\muham\.gradle\caches\7.0.2\fileHashes)" [_thread_blocked, id=6672, stack(0x000000686a100000,0x000000686a200000)]
  0x0000020b1e3fe000 JavaThread "File lock request listener" [_thread_in_native, id=8216, stack(0x000000686a200000,0x000000686a300000)]
  0x0000020b1fd44800 JavaThread "Cache worker for journal cache (C:\Users\muham\.gradle\caches\journal-1)" [_thread_blocked, id=11676, stack(0x000000686a400000,0x000000686a500000)]
  0x0000020b1f4fd800 JavaThread "C2 CompilerThread1" daemon [_thread_in_native, id=5016, stack(0x000000686a500000,0x000000686a600000)]
  0x0000020b1feb2000 JavaThread "C2 CompilerThread2" daemon [_thread_in_native, id=7580, stack(0x000000686a600000,0x000000686a700000)]
  0x0000020b1fd45800 JavaThread "Cache worker for file hash cache (C:\Users\muham\android development\DSCWorkShopTraning\task2\.gradle\7.0.2\fileHashes)" [_thread_blocked, id=3552, stack(0x000000686a700000,0x000000686a800000)]
  0x0000020b1fd47000 JavaThread "File watcher server" daemon [_thread_blocked, id=17884, stack(0x000000686a800000,0x000000686a900000)]
  0x0000020b1fd43800 JavaThread "File watcher consumer" daemon [_thread_blocked, id=3704, stack(0x000000686a900000,0x000000686aa00000)]
  0x0000020b1fd47800 JavaThread "Cache worker for checksums cache (C:\Users\muham\android development\DSCWorkShopTraning\task2\.gradle\checksums)" [_thread_blocked, id=13000, stack(0x000000686aa00000,0x000000686ab00000)]
  0x0000020b1fd43000 JavaThread "Cache worker for cache directory md-supplier (C:\Users\muham\.gradle\caches\7.0.2\md-supplier)" [_thread_blocked, id=12036, stack(0x000000686ab00000,0x000000686ac00000)]
  0x0000020b1fd42000 JavaThread "Cache worker for cache directory md-rule (C:\Users\muham\.gradle\caches\7.0.2\md-rule)" [_thread_blocked, id=12688, stack(0x000000686ac00000,0x000000686ad00000)]
  0x0000020b1fd48800 JavaThread "Cache worker for execution history cache (C:\Users\muham\.gradle\caches\7.0.2\executionHistory)" [_thread_blocked, id=16636, stack(0x000000686ad00000,0x000000686ae00000)]
  0x0000020b1fd4a000 JavaThread "jar transforms" [_thread_blocked, id=15412, stack(0x000000686ae00000,0x000000686af00000)]
  0x0000020b1fd4c000 JavaThread "jar transforms Thread 2" [_thread_blocked, id=13064, stack(0x000000686af00000,0x000000686b000000)]
  0x0000020b1fd46000 JavaThread "Cache worker for file content cache (C:\Users\muham\.gradle\caches\7.0.2\fileContent)" [_thread_blocked, id=13304, stack(0x000000686b000000,0x000000686b100000)]
  0x0000020b1fd50800 JavaThread "Cache worker for dependencies-accessors (C:\Users\muham\android development\DSCWorkShopTraning\task2\.gradle\7.0.2\dependencies-accessors)" [_thread_blocked, id=8072, stack(0x000000686b100000,0x000000686b200000)]
  0x0000020b1fd4f000 JavaThread "jar transforms Thread 3" [_thread_blocked, id=3548, stack(0x000000686b200000,0x000000686b300000)]
  0x0000020b1fd50000 JavaThread "Cache worker for Build Output Cleanup Cache (C:\Users\muham\android development\DSCWorkShopTraning\task2\.gradle\buildOutputCleanup)" [_thread_blocked, id=6352, stack(0x000000686b300000,0x000000686b400000)]
  0x0000020b20612000 JavaThread "Build operations" [_thread_blocked, id=12000, stack(0x000000686b400000,0x000000686b500000)]
  0x0000020b20614000 JavaThread "Build operations Thread 2" [_thread_blocked, id=13280, stack(0x000000686b500000,0x000000686b600000)]
  0x0000020b20615800 JavaThread "Build operations Thread 3" [_thread_blocked, id=1228, stack(0x000000686b600000,0x000000686b700000)]
  0x0000020b20610000 JavaThread "Build operations Thread 4" [_thread_blocked, id=17620, stack(0x000000686b700000,0x000000686b800000)]
  0x0000020b20613000 JavaThread "Build operations Thread 5" [_thread_blocked, id=7140, stack(0x000000686b800000,0x000000686b900000)]
  0x0000020b20614800 JavaThread "Build operations Thread 6" [_thread_blocked, id=1716, stack(0x000000686b900000,0x000000686ba00000)]
  0x0000020b20616800 JavaThread "Build operations Thread 7" [_thread_blocked, id=11928, stack(0x000000686ba00000,0x000000686bb00000)]
  0x0000020b20610800 JavaThread "Build operations Thread 8" [_thread_blocked, id=6728, stack(0x000000686bb00000,0x000000686bc00000)]
  0x0000020b20617000 JavaThread "jar transforms Thread 4" [_thread_blocked, id=16512, stack(0x000000686bc00000,0x000000686bd00000)]
  0x0000020b20611800 JavaThread "jar transforms Thread 5" [_thread_blocked, id=10312, stack(0x000000686bd00000,0x000000686be00000)]
  0x0000020b2061c000 JavaThread "jar transforms Thread 6" [_thread_blocked, id=9732, stack(0x000000686be00000,0x000000686bf00000)]
  0x0000020b2061d000 JavaThread "jar transforms Thread 7" [_thread_blocked, id=18088, stack(0x000000686bf00000,0x000000686c000000)]
  0x0000020b20619800 JavaThread "jar transforms Thread 8" [_thread_blocked, id=12716, stack(0x000000686c000000,0x000000686c100000)]
  0x0000020b2061a800 JavaThread "Memory manager" [_thread_blocked, id=17348, stack(0x000000686c100000,0x000000686c200000)]
  0x0000020b2061d800 JavaThread "build event listener" [_thread_blocked, id=3068, stack(0x000000686c200000,0x000000686c300000)]
  0x0000020b2061e800 JavaThread "pool-3-thread-1" [_thread_blocked, id=6388, stack(0x000000686c300000,0x000000686c400000)]
  0x0000020b20619000 JavaThread "build event listener" [_thread_blocked, id=7732, stack(0x000000686c400000,0x000000686c500000)]
  0x0000020b24e9b800 JavaThread "Execution worker for ':'" [_thread_blocked, id=17812, stack(0x000000686c500000,0x000000686c600000)]
  0x0000020b24e9a800 JavaThread "Execution worker for ':' Thread 2" [_thread_blocked, id=10272, stack(0x000000686c600000,0x000000686c700000)]
  0x0000020b24ea1000 JavaThread "Execution worker for ':' Thread 3" [_thread_blocked, id=16940, stack(0x000000686c700000,0x000000686c800000)]
  0x0000020b24ea2000 JavaThread "Execution worker for ':' Thread 4" [_thread_blocked, id=12924, stack(0x000000686c800000,0x000000686c900000)]
  0x0000020b24e9d000 JavaThread "Execution worker for ':' Thread 5" [_thread_blocked, id=13912, stack(0x000000686c900000,0x000000686ca00000)]
  0x0000020b24e9c800 JavaThread "Execution worker for ':' Thread 6" [_thread_blocked, id=10792, stack(0x000000686ca00000,0x000000686cb00000)]
  0x0000020b24ea0800 JavaThread "Execution worker for ':' Thread 7" [_thread_blocked, id=4740, stack(0x000000686cb00000,0x000000686cc00000)]
  0x0000020b24ea3000 JavaThread "Cache worker for execution history cache (C:\Users\muham\android development\DSCWorkShopTraning\task2\.gradle\7.0.2\executionHistory)" [_thread_blocked, id=8212, stack(0x000000686cc00000,0x000000686cd00000)]
  0x0000020b24ea3800 JavaThread "WorkerExecutor Queue" [_thread_blocked, id=11240, stack(0x000000686cd00000,0x000000686ce00000)]
  0x0000020b24e9e000 JavaThread "WorkerExecutor Queue Thread 2" [_thread_blocked, id=4408, stack(0x000000686ce00000,0x000000686cf00000)]
  0x0000020b24e9f800 JavaThread "WorkerExecutor Queue Thread 3" [_thread_blocked, id=4912, stack(0x000000686cf00000,0x000000686d000000)]
  0x0000020b24ea4800 JavaThread "WorkerExecutor Queue Thread 4" [_thread_blocked, id=9424, stack(0x000000686d000000,0x000000686d100000)]
  0x0000020b24e9e800 JavaThread "WorkerExecutor Queue Thread 5" [_thread_blocked, id=1412, stack(0x000000686d100000,0x000000686d200000)]
  0x0000020b24ea7800 JavaThread "pool-4-thread-1" [_thread_blocked, id=8556, stack(0x000000686d200000,0x000000686d300000)]
  0x0000020b24ea9800 JavaThread "stderr" [_thread_in_native, id=548, stack(0x000000686d300000,0x000000686d400000)]
  0x0000020b24ea5000 JavaThread "stdout" [_thread_in_native, id=12016, stack(0x000000686d400000,0x000000686d500000)]
  0x0000020b24ea6000 JavaThread "ForkJoinPool-1-worker-3" daemon [_thread_blocked, id=10420, stack(0x000000686d500000,0x000000686d600000)]
  0x0000020b24ea7000 JavaThread "ForkJoinPool-1-worker-5" daemon [_thread_blocked, id=16152, stack(0x000000686d600000,0x000000686d700000)]
  0x0000020b24ea8800 JavaThread "ForkJoinPool-1-worker-7" daemon [_thread_blocked, id=9344, stack(0x000000686d700000,0x000000686d800000)]
  0x0000020b23933000 JavaThread "ForkJoinPool-1-worker-9" daemon [_thread_blocked, id=11712, stack(0x000000686d800000,0x000000686d900000)]
  0x0000020b2392f000 JavaThread "ForkJoinPool-1-worker-11" daemon [_thread_blocked, id=16936, stack(0x000000686d900000,0x000000686da00000)]
  0x0000020b23932000 JavaThread "ForkJoinPool-1-worker-13" daemon [_thread_blocked, id=15484, stack(0x000000686da00000,0x000000686db00000)]
  0x0000020b23933800 JavaThread "ForkJoinPool-1-worker-15" daemon [_thread_blocked, id=5240, stack(0x000000686db00000,0x000000686dc00000)]
  0x0000020b2392e000 JavaThread "ForkJoinPool-1-worker-1" daemon [_thread_blocked, id=2736, stack(0x000000686dc00000,0x000000686dd00000)]

Other Threads:
=>0x0000020b1bf8e800 VMThread "VM Thread" [stack: 0x0000006868500000,0x0000006868600000] [id=10628]
  0x0000020b1cacf000 WatcherThread [stack: 0x0000006868f00000,0x0000006869000000] [id=16292]
  0x0000020b7f716000 GCTaskThread "GC Thread#0" [stack: 0x0000006868000000,0x0000006868100000] [id=2000]
  0x0000020b1d161800 GCTaskThread "GC Thread#1" [stack: 0x0000006869200000,0x0000006869300000] [id=8924]
  0x0000020b1ce0d000 GCTaskThread "GC Thread#2" [stack: 0x0000006869300000,0x0000006869400000] [id=12552]
  0x0000020b1fa76800 GCTaskThread "GC Thread#3" [stack: 0x0000006869c00000,0x0000006869d00000] [id=12524]
  0x0000020b1fb29000 GCTaskThread "GC Thread#4" [stack: 0x0000006869d00000,0x0000006869e00000] [id=15536]
  0x0000020b1f908800 GCTaskThread "GC Thread#5" [stack: 0x0000006869e00000,0x0000006869f00000] [id=16708]
  0x0000020b1f366000 GCTaskThread "GC Thread#6" [stack: 0x0000006869f00000,0x000000686a000000] [id=3416]
  0x0000020b1f22e800 GCTaskThread "GC Thread#7" [stack: 0x000000686a000000,0x000000686a100000] [id=15572]
  0x0000020b7f747000 ConcurrentGCThread "G1 Main Marker" [stack: 0x0000006868100000,0x0000006868200000] [id=14208]
  0x0000020b7f748000 ConcurrentGCThread "G1 Conc#0" [stack: 0x0000006868200000,0x0000006868300000] [id=4108]
  0x0000020b1ec63800 ConcurrentGCThread "G1 Conc#1" [stack: 0x000000686a300000,0x000000686a400000] [id=5264]
  0x0000020b1bde0800 ConcurrentGCThread "G1 Refine#0" [stack: 0x0000006868300000,0x0000006868400000] [id=17796]
  0x0000020b20440000 ConcurrentGCThread "G1 Refine#1" [stack: 0x000000686dd00000,0x000000686de00000] [id=17432]
  0x0000020b20441800 ConcurrentGCThread "G1 Refine#2" [stack: 0x000000686de00000,0x000000686df00000] [id=16312]
  0x0000020b20446800 ConcurrentGCThread "G1 Refine#3" [stack: 0x000000686df00000,0x000000686e000000] [id=3816]
  0x0000020b20441000 ConcurrentGCThread "G1 Refine#4" [stack: 0x000000686e000000,0x000000686e100000] [id=18096]
  0x0000020b20444800 ConcurrentGCThread "G1 Refine#5" [stack: 0x000000686e100000,0x000000686e200000] [id=17824]
  0x0000020b20442000 ConcurrentGCThread "G1 Refine#6" [stack: 0x000000686e200000,0x000000686e300000] [id=3036]
  0x0000020b1bde1000 ConcurrentGCThread "G1 Young RemSet Sampling" [stack: 0x0000006868400000,0x0000006868500000] [id=16116]

Threads with active compile tasks:
C2 CompilerThread0  17495 12171       4       java.util.IdentityHashMap::containsKey (55 bytes)
C2 CompilerThread1  17495 11369 %     4       com.android.tools.r8.dex.j::a @ 315 (1038 bytes)
C2 CompilerThread2  17495 11437       4       com.android.tools.r8.dex.j::e (654 bytes)

VM state:at safepoint (normal execution)

VM Mutex/Monitor currently owned by a thread:  ([mutex/lock_event])
[0x0000020b7f6faef0] Threads_lock - owner thread: 0x0000020b1bf8e800
[0x0000020b7f6f9360] Heap_lock - owner thread: 0x0000020b24e9f800

Heap address: 0x0000000080000000, size: 2048 MB, Compressed Oops mode: 32-bit
Narrow klass base: 0x0000000000000000, Narrow klass shift: 3
Compressed class space size: 1073741824 Address: 0x0000000100000000

Heap:
 garbage-first heap   total 290816K, used 172139K [0x0000000080000000, 0x0000000100000000)
  region size 1024K, 3 young (3072K), 3 survivors (3072K)
 Metaspace       used 100554K, capacity 103113K, committed 103244K, reserved 1138688K
  class space    used 13100K, capacity 14053K, committed 14156K, reserved 1048576K
Heap Regions: E=young(eden), S=young(survivor), O=old, HS=humongous(starts), HC=humongous(continues), CS=collection set, F=free, A=archive, TAMS=top-at-mark-start (previous, next)
|   0|0x0000000080000000, 0x0000000080100000, 0x0000000080100000|100%| O|  |TAMS 0x0000000080100000, 0x0000000080000000| Untracked 
|   1|0x0000000080100000, 0x0000000080200000, 0x0000000080200000|100%| O|  |TAMS 0x0000000080200000, 0x0000000080100000| Untracked 
|   2|0x0000000080200000, 0x0000000080300000, 0x0000000080300000|100%| O|  |TAMS 0x0000000080300000, 0x0000000080200000| Untracked 
|   3|0x0000000080300000, 0x0000000080400000, 0x0000000080400000|100%|HS|  |TAMS 0x0000000080400000, 0x0000000080300000| Complete 
|   4|0x0000000080400000, 0x0000000080500000, 0x0000000080500000|100%|HC|  |TAMS 0x0000000080500000, 0x0000000080400000| Complete 
|   5|0x0000000080500000, 0x0000000080600000, 0x0000000080600000|100%|HC|  |TAMS 0x0000000080600000, 0x0000000080500000| Complete 
|   6|0x0000000080600000, 0x0000000080700000, 0x0000000080700000|100%| O|  |TAMS 0x0000000080700000, 0x0000000080600000| Untracked 
|   7|0x0000000080700000, 0x0000000080800000, 0x0000000080800000|100%| O|  |TAMS 0x0000000080800000, 0x0000000080700000| Untracked 
|   8|0x0000000080800000, 0x0000000080900000, 0x0000000080900000|100%| O|  |TAMS 0x0000000080900000, 0x0000000080800000| Untracked 
|   9|0x0000000080900000, 0x0000000080a00000, 0x0000000080a00000|100%| O|  |TAMS 0x0000000080a00000, 0x0000000080900000| Untracked 
|  10|0x0000000080a00000, 0x0000000080b00000, 0x0000000080b00000|100%| O|  |TAMS 0x0000000080b00000, 0x0000000080a00000| Untracked 
|  11|0x0000000080b00000, 0x0000000080c00000, 0x0000000080c00000|100%| O|  |TAMS 0x0000000080c00000, 0x0000000080b00000| Untracked 
|  12|0x0000000080c00000, 0x0000000080d00000, 0x0000000080d00000|100%| O|  |TAMS 0x0000000080d00000, 0x0000000080c00000| Untracked 
|  13|0x0000000080d00000, 0x0000000080e00000, 0x0000000080e00000|100%| O|  |TAMS 0x0000000080e00000, 0x0000000080d00000| Untracked 
|  14|0x0000000080e00000, 0x0000000080f00000, 0x0000000080f00000|100%| O|  |TAMS 0x0000000080f00000, 0x0000000080e00000| Untracked 
|  15|0x0000000080f00000, 0x0000000081000000, 0x0000000081000000|100%| O|  |TAMS 0x0000000081000000, 0x0000000080f00000| Untracked 
|  16|0x0000000081000000, 0x0000000081100000, 0x0000000081100000|100%| O|  |TAMS 0x0000000081100000, 0x0000000081000000| Untracked 
|  17|0x0000000081100000, 0x0000000081200000, 0x0000000081200000|100%| O|  |TAMS 0x0000000081200000, 0x0000000081100000| Untracked 
|  18|0x0000000081200000, 0x0000000081300000, 0x0000000081300000|100%| O|  |TAMS 0x0000000081300000, 0x0000000081200000| Untracked 
|  19|0x0000000081300000, 0x0000000081400000, 0x0000000081400000|100%|HS|  |TAMS 0x0000000081400000, 0x0000000081300000| Complete 
|  20|0x0000000081400000, 0x0000000081500000, 0x0000000081500000|100%| O|  |TAMS 0x0000000081500000, 0x0000000081400000| Untracked 
|  21|0x0000000081500000, 0x0000000081600000, 0x0000000081600000|100%| O|  |TAMS 0x0000000081600000, 0x0000000081500000| Untracked 
|  22|0x0000000081600000, 0x0000000081700000, 0x0000000081700000|100%| O|  |TAMS 0x0000000081700000, 0x0000000081600000| Untracked 
|  23|0x0000000081700000, 0x0000000081800000, 0x0000000081800000|100%|HS|  |TAMS 0x0000000081800000, 0x0000000081700000| Complete 
|  24|0x0000000081800000, 0x0000000081900000, 0x0000000081900000|100%|HS|  |TAMS 0x0000000081900000, 0x0000000081800000| Complete 
|  25|0x0000000081900000, 0x0000000081a00000, 0x0000000081a00000|100%|HS|  |TAMS 0x0000000081a00000, 0x0000000081900000| Complete 
|  26|0x0000000081a00000, 0x0000000081b00000, 0x0000000081b00000|100%|HC|  |TAMS 0x0000000081b00000, 0x0000000081a00000| Complete 
|  27|0x0000000081b00000, 0x0000000081c00000, 0x0000000081c00000|100%|HC|  |TAMS 0x0000000081c00000, 0x0000000081b00000| Complete 
|  28|0x0000000081c00000, 0x0000000081d00000, 0x0000000081d00000|100%|HS|  |TAMS 0x0000000081d00000, 0x0000000081c00000| Complete 
|  29|0x0000000081d00000, 0x0000000081e00000, 0x0000000081e00000|100%|HC|  |TAMS 0x0000000081e00000, 0x0000000081d00000| Complete 
|  30|0x0000000081e00000, 0x0000000081f00000, 0x0000000081f00000|100%| O|  |TAMS 0x0000000081f00000, 0x0000000081e00000| Untracked 
|  31|0x0000000081f00000, 0x0000000082000000, 0x0000000082000000|100%| O|  |TAMS 0x0000000082000000, 0x0000000081f00000| Untracked 
|  32|0x0000000082000000, 0x0000000082100000, 0x0000000082100000|100%| O|  |TAMS 0x0000000082100000, 0x0000000082000000| Untracked 
|  33|0x0000000082100000, 0x0000000082200000, 0x0000000082200000|100%| O|  |TAMS 0x0000000082200000, 0x0000000082100000| Untracked 
|  34|0x0000000082200000, 0x0000000082300000, 0x0000000082300000|100%| O|  |TAMS 0x0000000082300000, 0x0000000082200000| Untracked 
|  35|0x0000000082300000, 0x0000000082400000, 0x0000000082400000|100%| O|  |TAMS 0x0000000082400000, 0x0000000082300000| Untracked 
|  36|0x0000000082400000, 0x0000000082500000, 0x0000000082500000|100%| O|  |TAMS 0x0000000082500000, 0x0000000082400000| Untracked 
|  37|0x0000000082500000, 0x0000000082600000, 0x0000000082600000|100%| O|  |TAMS 0x0000000082600000, 0x0000000082500000| Untracked 
|  38|0x0000000082600000, 0x0000000082700000, 0x0000000082700000|100%| O|  |TAMS 0x0000000082700000, 0x0000000082600000| Untracked 
|  39|0x0000000082700000, 0x0000000082800000, 0x0000000082800000|100%| O|  |TAMS 0x0000000082800000, 0x0000000082700000| Untracked 
|  40|0x0000000082800000, 0x0000000082900000, 0x0000000082900000|100%| O|  |TAMS 0x0000000082900000, 0x0000000082800000| Untracked 
|  41|0x0000000082900000, 0x0000000082a00000, 0x0000000082a00000|100%| O|  |TAMS 0x0000000082a00000, 0x0000000082900000| Untracked 
|  42|0x0000000082a00000, 0x0000000082b00000, 0x0000000082b00000|100%| O|  |TAMS 0x0000000082b00000, 0x0000000082a00000| Untracked 
|  43|0x0000000082b00000, 0x0000000082c00000, 0x0000000082c00000|100%| O|  |TAMS 0x0000000082c00000, 0x0000000082b00000| Untracked 
|  44|0x0000000082c00000, 0x0000000082d00000, 0x0000000082d00000|100%| O|  |TAMS 0x0000000082d00000, 0x0000000082c00000| Untracked 
|  45|0x0000000082d00000, 0x0000000082e00000, 0x0000000082e00000|100%| O|  |TAMS 0x0000000082e00000, 0x0000000082d00000| Untracked 
|  46|0x0000000082e00000, 0x0000000082f00000, 0x0000000082f00000|100%| O|  |TAMS 0x0000000082f00000, 0x0000000082e00000| Untracked 
|  47|0x0000000082f00000, 0x0000000083000000, 0x0000000083000000|100%| O|  |TAMS 0x0000000083000000, 0x0000000082f00000| Untracked 
|  48|0x0000000083000000, 0x0000000083100000, 0x0000000083100000|100%| O|  |TAMS 0x0000000083100000, 0x0000000083000000| Untracked 
|  49|0x0000000083100000, 0x0000000083200000, 0x0000000083200000|100%| O|  |TAMS 0x0000000083200000, 0x0000000083100000| Untracked 
|  50|0x0000000083200000, 0x0000000083300000, 0x0000000083300000|100%| O|  |TAMS 0x0000000083300000, 0x0000000083200000| Untracked 
|  51|0x0000000083300000, 0x0000000083400000, 0x0000000083400000|100%| O|  |TAMS 0x0000000083400000, 0x0000000083300000| Untracked 
|  52|0x0000000083400000, 0x0000000083500000, 0x0000000083500000|100%| O|  |TAMS 0x0000000083500000, 0x0000000083400000| Untracked 
|  53|0x0000000083500000, 0x0000000083600000, 0x0000000083600000|100%| O|  |TAMS 0x0000000083600000, 0x0000000083500000| Untracked 
|  54|0x0000000083600000, 0x0000000083700000, 0x0000000083700000|100%| O|  |TAMS 0x0000000083700000, 0x0000000083600000| Untracked 
|  55|0x0000000083700000, 0x0000000083800000, 0x0000000083800000|100%| O|  |TAMS 0x0000000083800000, 0x0000000083700000| Untracked 
|  56|0x0000000083800000, 0x0000000083900000, 0x0000000083900000|100%| O|  |TAMS 0x0000000083900000, 0x0000000083800000| Untracked 
|  57|0x0000000083900000, 0x0000000083a00000, 0x0000000083a00000|100%| O|  |TAMS 0x0000000083a00000, 0x0000000083900000| Untracked 
|  58|0x0000000083a00000, 0x0000000083b00000, 0x0000000083b00000|100%| O|  |TAMS 0x0000000083b00000, 0x0000000083a00000| Untracked 
|  59|0x0000000083b00000, 0x0000000083c00000, 0x0000000083c00000|100%| O|  |TAMS 0x0000000083c00000, 0x0000000083b00000| Untracked 
|  60|0x0000000083c00000, 0x0000000083d00000, 0x0000000083d00000|100%| O|  |TAMS 0x0000000083d00000, 0x0000000083c00000| Untracked 
|  61|0x0000000083d00000, 0x0000000083e00000, 0x0000000083e00000|100%| O|  |TAMS 0x0000000083e00000, 0x0000000083d00000| Untracked 
|  62|0x0000000083e00000, 0x0000000083f00000, 0x0000000083f00000|100%| O|  |TAMS 0x0000000083f00000, 0x0000000083e00000| Untracked 
|  63|0x0000000083f00000, 0x0000000084000000, 0x0000000084000000|100%| O|  |TAMS 0x0000000084000000, 0x0000000083f00000| Untracked 
|  64|0x0000000084000000, 0x0000000084100000, 0x0000000084100000|100%| O|  |TAMS 0x0000000084100000, 0x0000000084000000| Untracked 
|  65|0x0000000084100000, 0x0000000084200000, 0x0000000084200000|100%| O|  |TAMS 0x0000000084200000, 0x0000000084100000| Untracked 
|  66|0x0000000084200000, 0x0000000084300000, 0x0000000084300000|100%| O|  |TAMS 0x0000000084300000, 0x0000000084200000| Untracked 
|  67|0x0000000084300000, 0x0000000084400000, 0x0000000084400000|100%| O|  |TAMS 0x0000000084400000, 0x0000000084300000| Untracked 
|  68|0x0000000084400000, 0x0000000084500000, 0x0000000084500000|100%| O|  |TAMS 0x0000000084500000, 0x0000000084400000| Untracked 
|  69|0x0000000084500000, 0x0000000084600000, 0x0000000084600000|100%| O|  |TAMS 0x0000000084600000, 0x0000000084500000| Untracked 
|  70|0x0000000084600000, 0x0000000084700000, 0x0000000084700000|100%| O|  |TAMS 0x0000000084700000, 0x0000000084600000| Untracked 
|  71|0x0000000084700000, 0x0000000084800000, 0x0000000084800000|100%|HS|  |TAMS 0x0000000084800000, 0x0000000084700000| Complete 
|  72|0x0000000084800000, 0x0000000084900000, 0x0000000084900000|100%|HC|  |TAMS 0x0000000084900000, 0x0000000084800000| Complete 
|  73|0x0000000084900000, 0x0000000084a00000, 0x0000000084a00000|100%|HS|  |TAMS 0x0000000084a00000, 0x0000000084900000| Complete 
|  74|0x0000000084a00000, 0x0000000084b00000, 0x0000000084b00000|100%|HS|  |TAMS 0x0000000084b00000, 0x0000000084a00000| Complete 
|  75|0x0000000084b00000, 0x0000000084c00000, 0x0000000084c00000|100%|HS|  |TAMS 0x0000000084c00000, 0x0000000084b00000| Complete 
|  76|0x0000000084c00000, 0x0000000084d00000, 0x0000000084d00000|100%|HC|  |TAMS 0x0000000084d00000, 0x0000000084c00000| Complete 
|  77|0x0000000084d00000, 0x0000000084e00000, 0x0000000084e00000|100%|HC|  |TAMS 0x0000000084e00000, 0x0000000084d00000| Complete 
|  78|0x0000000084e00000, 0x0000000084f00000, 0x0000000084f00000|100%|HS|  |TAMS 0x0000000084f00000, 0x0000000084e00000| Complete 
|  79|0x0000000084f00000, 0x0000000085000000, 0x0000000085000000|100%|HS|  |TAMS 0x0000000085000000, 0x0000000084f00000| Complete 
|  80|0x0000000085000000, 0x0000000085100000, 0x0000000085100000|100%|HS|  |TAMS 0x0000000085100000, 0x0000000085000000| Complete 
|  81|0x0000000085100000, 0x0000000085200000, 0x0000000085200000|100%| O|  |TAMS 0x0000000085200000, 0x0000000085100000| Untracked 
|  82|0x0000000085200000, 0x0000000085300000, 0x0000000085300000|100%| O|  |TAMS 0x0000000085300000, 0x0000000085200000| Untracked 
|  83|0x0000000085300000, 0x0000000085400000, 0x0000000085400000|100%| O|  |TAMS 0x0000000085400000, 0x0000000085300000| Untracked 
|  84|0x0000000085400000, 0x0000000085500000, 0x0000000085500000|100%| O|  |TAMS 0x0000000085500000, 0x0000000085400000| Untracked 
|  85|0x0000000085500000, 0x0000000085600000, 0x0000000085600000|100%| O|  |TAMS 0x0000000085600000, 0x0000000085500000| Untracked 
|  86|0x0000000085600000, 0x0000000085700000, 0x0000000085700000|100%| O|  |TAMS 0x0000000085700000, 0x0000000085600000| Untracked 
|  87|0x0000000085700000, 0x0000000085800000, 0x0000000085800000|100%|HS|  |TAMS 0x0000000085800000, 0x0000000085700000| Complete 
|  88|0x0000000085800000, 0x0000000085900000, 0x0000000085900000|100%|HC|  |TAMS 0x0000000085900000, 0x0000000085800000| Complete 
|  89|0x0000000085900000, 0x0000000085a00000, 0x0000000085a00000|100%|HS|  |TAMS 0x0000000085a00000, 0x0000000085900000| Complete 
|  90|0x0000000085a00000, 0x0000000085b00000, 0x0000000085b00000|100%| O|  |TAMS 0x0000000085b00000, 0x0000000085a00000| Untracked 
|  91|0x0000000085b00000, 0x0000000085c00000, 0x0000000085c00000|100%|HS|  |TAMS 0x0000000085c00000, 0x0000000085b00000| Complete 
|  92|0x0000000085c00000, 0x0000000085d00000, 0x0000000085d00000|100%| O|  |TAMS 0x0000000085d00000, 0x0000000085c00000| Untracked 
|  93|0x0000000085d00000, 0x0000000085e00000, 0x0000000085e00000|100%| O|  |TAMS 0x0000000085e00000, 0x0000000085d00000| Untracked 
|  94|0x0000000085e00000, 0x0000000085f00000, 0x0000000085f00000|100%| O|  |TAMS 0x0000000085f00000, 0x0000000085e00000| Untracked 
|  95|0x0000000085f00000, 0x0000000086000000, 0x0000000086000000|100%|HS|  |TAMS 0x0000000086000000, 0x0000000085f00000| Complete 
|  96|0x0000000086000000, 0x0000000086100000, 0x0000000086100000|100%|HC|  |TAMS 0x0000000086100000, 0x0000000086000000| Complete 
|  97|0x0000000086100000, 0x0000000086200000, 0x0000000086200000|100%|HC|  |TAMS 0x0000000086200000, 0x0000000086100000| Complete 
|  98|0x0000000086200000, 0x0000000086300000, 0x0000000086300000|100%| O|  |TAMS 0x0000000086300000, 0x0000000086200000| Untracked 
|  99|0x0000000086300000, 0x0000000086400000, 0x0000000086400000|100%| O|  |TAMS 0x0000000086400000, 0x0000000086300000| Untracked 
| 100|0x0000000086400000, 0x0000000086500000, 0x0000000086500000|100%| O|  |TAMS 0x0000000086500000, 0x0000000086400000| Untracked 
| 101|0x0000000086500000, 0x0000000086600000, 0x0000000086600000|100%| O|  |TAMS 0x0000000086600000, 0x0000000086500000| Untracked 
| 102|0x0000000086600000, 0x0000000086700000, 0x0000000086700000|100%| O|  |TAMS 0x0000000086700000, 0x0000000086600000| Untracked 
| 103|0x0000000086700000, 0x0000000086800000, 0x0000000086800000|100%| O|  |TAMS 0x0000000086800000, 0x0000000086700000| Untracked 
| 104|0x0000000086800000, 0x0000000086900000, 0x0000000086900000|100%| O|  |TAMS 0x0000000086900000, 0x0000000086800000| Untracked 
| 105|0x0000000086900000, 0x0000000086a00000, 0x0000000086a00000|100%| O|  |TAMS 0x0000000086a00000, 0x0000000086900000| Untracked 
| 106|0x0000000086a00000, 0x0000000086b00000, 0x0000000086b00000|100%| O|  |TAMS 0x0000000086b00000, 0x0000000086a00000| Untracked 
| 107|0x0000000086b00000, 0x0000000086c00000, 0x0000000086c00000|100%| O|  |TAMS 0x0000000086c00000, 0x0000000086b00000| Untracked 
| 108|0x0000000086c00000, 0x0000000086d00000, 0x0000000086d00000|100%| O|  |TAMS 0x0000000086d00000, 0x0000000086c00000| Untracked 
| 109|0x0000000086d00000, 0x0000000086e00000, 0x0000000086e00000|100%| O|  |TAMS 0x0000000086e00000, 0x0000000086d00000| Untracked 
| 110|0x0000000086e00000, 0x0000000086f00000, 0x0000000086f00000|100%| O|  |TAMS 0x0000000086f00000, 0x0000000086e00000| Untracked 
| 111|0x0000000086f00000, 0x0000000087000000, 0x0000000087000000|100%| O|  |TAMS 0x0000000087000000, 0x0000000086f00000| Untracked 
| 112|0x0000000087000000, 0x0000000087100000, 0x0000000087100000|100%| O|  |TAMS 0x0000000087100000, 0x0000000087000000| Untracked 
| 113|0x0000000087100000, 0x0000000087200000, 0x0000000087200000|100%| O|  |TAMS 0x0000000087200000, 0x0000000087100000| Untracked 
| 114|0x0000000087200000, 0x0000000087300000, 0x0000000087300000|100%| O|  |TAMS 0x0000000087300000, 0x0000000087200000| Untracked 
| 115|0x0000000087300000, 0x0000000087400000, 0x0000000087400000|100%| O|  |TAMS 0x0000000087400000, 0x0000000087300000| Untracked 
| 116|0x0000000087400000, 0x0000000087500000, 0x0000000087500000|100%| O|  |TAMS 0x0000000087500000, 0x0000000087400000| Untracked 
| 117|0x0000000087500000, 0x0000000087600000, 0x0000000087600000|100%| O|  |TAMS 0x0000000087600000, 0x0000000087500000| Untracked 
| 118|0x0000000087600000, 0x0000000087700000, 0x0000000087700000|100%| O|  |TAMS 0x0000000087700000, 0x0000000087600000| Untracked 
| 119|0x0000000087700000, 0x0000000087800000, 0x0000000087800000|100%| O|  |TAMS 0x0000000087800000, 0x0000000087700000| Untracked 
| 120|0x0000000087800000, 0x0000000087900000, 0x0000000087900000|100%| O|  |TAMS 0x0000000087900000, 0x0000000087800000| Untracked 
| 121|0x0000000087900000, 0x0000000087a00000, 0x0000000087a00000|100%| O|  |TAMS 0x0000000087a00000, 0x0000000087900000| Untracked 
| 122|0x0000000087a00000, 0x0000000087b00000, 0x0000000087b00000|100%| O|  |TAMS 0x0000000087b00000, 0x0000000087a00000| Untracked 
| 123|0x0000000087b00000, 0x0000000087c00000, 0x0000000087c00000|100%| O|  |TAMS 0x0000000087c00000, 0x0000000087b00000| Untracked 
| 124|0x0000000087c00000, 0x0000000087d00000, 0x0000000087d00000|100%| O|  |TAMS 0x0000000087d00000, 0x0000000087c00000| Untracked 
| 125|0x0000000087d00000, 0x0000000087e00000, 0x0000000087e00000|100%| O|  |TAMS 0x0000000087e00000, 0x0000000087d00000| Untracked 
| 126|0x0000000087e00000, 0x0000000087f00000, 0x0000000087f00000|100%| O|  |TAMS 0x0000000087f00000, 0x0000000087e00000| Untracked 
| 127|0x0000000087f00000, 0x0000000088000000, 0x0000000088000000|100%| O|  |TAMS 0x0000000088000000, 0x0000000087f00000| Untracked 
| 128|0x0000000088000000, 0x0000000088100000, 0x0000000088100000|100%| O|  |TAMS 0x0000000088000000, 0x0000000088000000| Untracked 
| 129|0x0000000088100000, 0x0000000088200000, 0x0000000088200000|100%| O|  |TAMS 0x0000000088100000, 0x0000000088100000| Untracked 
| 130|0x0000000088200000, 0x0000000088300000, 0x0000000088300000|100%| O|  |TAMS 0x0000000088200000, 0x0000000088200000| Untracked 
| 131|0x0000000088300000, 0x0000000088400000, 0x0000000088400000|100%| O|  |TAMS 0x0000000088300000, 0x0000000088300000| Untracked 
| 132|0x0000000088400000, 0x0000000088500000, 0x0000000088500000|100%| O|  |TAMS 0x0000000088400000, 0x0000000088400000| Untracked 
| 133|0x0000000088500000, 0x0000000088600000, 0x0000000088600000|100%| O|  |TAMS 0x0000000088500000, 0x0000000088500000| Untracked 
| 134|0x0000000088600000, 0x0000000088700000, 0x0000000088700000|100%| O|  |TAMS 0x0000000088600000, 0x0000000088600000| Untracked 
| 135|0x0000000088700000, 0x0000000088800000, 0x0000000088800000|100%| O|  |TAMS 0x0000000088700000, 0x0000000088700000| Untracked 
| 136|0x0000000088800000, 0x0000000088900000, 0x0000000088900000|100%| O|  |TAMS 0x0000000088800000, 0x0000000088800000| Untracked 
| 137|0x0000000088900000, 0x0000000088a00000, 0x0000000088a00000|100%| O|  |TAMS 0x0000000088900000, 0x0000000088900000| Untracked 
| 138|0x0000000088a00000, 0x0000000088b00000, 0x0000000088b00000|100%| O|  |TAMS 0x0000000088a00000, 0x0000000088a00000| Untracked 
| 139|0x0000000088b00000, 0x0000000088c00000, 0x0000000088c00000|100%| O|  |TAMS 0x0000000088c00000, 0x0000000088b00000| Untracked 
| 140|0x0000000088c00000, 0x0000000088d00000, 0x0000000088d00000|100%| O|  |TAMS 0x0000000088d00000, 0x0000000088c00000| Untracked 
| 141|0x0000000088d00000, 0x0000000088e00000, 0x0000000088e00000|100%| O|  |TAMS 0x0000000088e00000, 0x0000000088d00000| Untracked 
| 142|0x0000000088e00000, 0x0000000088f00000, 0x0000000088f00000|100%| O|  |TAMS 0x0000000088f00000, 0x0000000088e00000| Untracked 
| 143|0x0000000088f00000, 0x0000000089000000, 0x0000000089000000|100%| O|  |TAMS 0x0000000089000000, 0x0000000088f00000| Untracked 
| 144|0x0000000089000000, 0x0000000089100000, 0x0000000089100000|100%| O|  |TAMS 0x0000000089100000, 0x0000000089000000| Untracked 
| 145|0x0000000089100000, 0x0000000089200000, 0x0000000089200000|100%| O|  |TAMS 0x0000000089200000, 0x0000000089100000| Untracked 
| 146|0x0000000089200000, 0x0000000089300000, 0x0000000089300000|100%| O|  |TAMS 0x0000000089300000, 0x0000000089200000| Untracked 
| 147|0x0000000089300000, 0x0000000089400000, 0x0000000089400000|100%| O|  |TAMS 0x0000000089400000, 0x0000000089300000| Untracked 
| 148|0x0000000089400000, 0x0000000089500000, 0x0000000089500000|100%| O|  |TAMS 0x0000000089500000, 0x0000000089400000| Untracked 
| 149|0x0000000089500000, 0x0000000089600000, 0x0000000089600000|100%| O|  |TAMS 0x0000000089600000, 0x0000000089500000| Untracked 
| 150|0x0000000089600000, 0x0000000089700000, 0x0000000089700000|100%| O|  |TAMS 0x0000000089700000, 0x0000000089600000| Untracked 
| 151|0x0000000089700000, 0x0000000089800000, 0x0000000089800000|100%| O|  |TAMS 0x0000000089800000, 0x0000000089700000| Untracked 
| 152|0x0000000089800000, 0x0000000089900000, 0x0000000089900000|100%| O|  |TAMS 0x0000000089900000, 0x0000000089800000| Untracked 
| 153|0x0000000089900000, 0x0000000089a00000, 0x0000000089a00000|100%| O|  |TAMS 0x0000000089a00000, 0x0000000089900000| Untracked 
| 154|0x0000000089a00000, 0x0000000089b00000, 0x0000000089b00000|100%| O|  |TAMS 0x0000000089b00000, 0x0000000089a00000| Untracked 
| 155|0x0000000089b00000, 0x0000000089c00000, 0x0000000089c00000|100%| O|  |TAMS 0x0000000089c00000, 0x0000000089b00000| Untracked 
| 156|0x0000000089c00000, 0x0000000089d00000, 0x0000000089d00000|100%| O|  |TAMS 0x0000000089d00000, 0x0000000089c00000| Untracked 
| 157|0x0000000089d00000, 0x0000000089e00000, 0x0000000089e00000|100%| O|  |TAMS 0x0000000089e00000, 0x0000000089d00000| Untracked 
| 158|0x0000000089e00000, 0x0000000089f00000, 0x0000000089f00000|100%| O|  |TAMS 0x0000000089f00000, 0x0000000089e00000| Untracked 
| 159|0x0000000089f00000, 0x000000008a000000, 0x000000008a000000|100%| O|  |TAMS 0x000000008a000000, 0x0000000089f00000| Untracked 
| 160|0x000000008a000000, 0x000000008a100000, 0x000000008a100000|100%| O|  |TAMS 0x000000008a100000, 0x000000008a000000| Untracked 
| 161|0x000000008a100000, 0x000000008a200000, 0x000000008a200000|100%| O|  |TAMS 0x000000008a100000, 0x000000008a100000| Untracked 
| 162|0x000000008a200000, 0x000000008a300000, 0x000000008a300000|100%| O|  |TAMS 0x000000008a200000, 0x000000008a200000| Untracked 
| 163|0x000000008a300000, 0x000000008a400000, 0x000000008a400000|100%| O|  |TAMS 0x000000008a300000, 0x000000008a300000| Untracked 
| 164|0x000000008a400000, 0x000000008a500000, 0x000000008a500000|100%| O|  |TAMS 0x000000008a400000, 0x000000008a400000| Untracked 
| 165|0x000000008a500000, 0x000000008a59d000, 0x000000008a600000| 61%| O|  |TAMS 0x000000008a500000, 0x000000008a500000| Untracked 
| 166|0x000000008a600000, 0x000000008a600000, 0x000000008a700000|  0%| F|  |TAMS 0x000000008a600000, 0x000000008a600000| Untracked 
| 167|0x000000008a700000, 0x000000008a700000, 0x000000008a800000|  0%| F|  |TAMS 0x000000008a700000, 0x000000008a700000| Untracked 
| 168|0x000000008a800000, 0x000000008a800000, 0x000000008a900000|  0%| F|  |TAMS 0x000000008a800000, 0x000000008a800000| Untracked 
| 169|0x000000008a900000, 0x000000008a900000, 0x000000008aa00000|  0%| F|  |TAMS 0x000000008a900000, 0x000000008a900000| Untracked 
| 170|0x000000008aa00000, 0x000000008aa00000, 0x000000008ab00000|  0%| F|  |TAMS 0x000000008aa00000, 0x000000008aa00000| Untracked 
| 171|0x000000008ab00000, 0x000000008ab00000, 0x000000008ac00000|  0%| F|  |TAMS 0x000000008ab00000, 0x000000008ab00000| Untracked 
| 172|0x000000008ac00000, 0x000000008ac00000, 0x000000008ad00000|  0%| F|  |TAMS 0x000000008ac00000, 0x000000008ac00000| Untracked 
| 173|0x000000008ad00000, 0x000000008ad00000, 0x000000008ae00000|  0%| F|  |TAMS 0x000000008ad00000, 0x000000008ad00000| Untracked 
| 174|0x000000008ae00000, 0x000000008ae00000, 0x000000008af00000|  0%| F|  |TAMS 0x000000008ae00000, 0x000000008ae00000| Untracked 
| 175|0x000000008af00000, 0x000000008af00000, 0x000000008b000000|  0%| F|  |TAMS 0x000000008af00000, 0x000000008af00000| Untracked 
| 176|0x000000008b000000, 0x000000008b000000, 0x000000008b100000|  0%| F|  |TAMS 0x000000008b000000, 0x000000008b000000| Untracked 
| 177|0x000000008b100000, 0x000000008b100000, 0x000000008b200000|  0%| F|  |TAMS 0x000000008b100000, 0x000000008b100000| Untracked 
| 178|0x000000008b200000, 0x000000008b200000, 0x000000008b300000|  0%| F|  |TAMS 0x000000008b200000, 0x000000008b200000| Untracked 
| 179|0x000000008b300000, 0x000000008b300000, 0x000000008b400000|  0%| F|  |TAMS 0x000000008b300000, 0x000000008b300000| Untracked 
| 180|0x000000008b400000, 0x000000008b400000, 0x000000008b500000|  0%| F|  |TAMS 0x000000008b400000, 0x000000008b400000| Untracked 
| 181|0x000000008b500000, 0x000000008b500000, 0x000000008b600000|  0%| F|  |TAMS 0x000000008b500000, 0x000000008b500000| Untracked 
| 182|0x000000008b600000, 0x000000008b600000, 0x000000008b700000|  0%| F|  |TAMS 0x000000008b600000, 0x000000008b600000| Untracked 
| 183|0x000000008b700000, 0x000000008b700000, 0x000000008b800000|  0%| F|  |TAMS 0x000000008b700000, 0x000000008b700000| Untracked 
| 184|0x000000008b800000, 0x000000008b800000, 0x000000008b900000|  0%| F|  |TAMS 0x000000008b800000, 0x000000008b800000| Untracked 
| 185|0x000000008b900000, 0x000000008b900000, 0x000000008ba00000|  0%| F|  |TAMS 0x000000008b900000, 0x000000008b900000| Untracked 
| 186|0x000000008ba00000, 0x000000008ba00000, 0x000000008bb00000|  0%| F|  |TAMS 0x000000008ba00000, 0x000000008ba00000| Untracked 
| 187|0x000000008bb00000, 0x000000008bb00000, 0x000000008bc00000|  0%| F|  |TAMS 0x000000008bb00000, 0x000000008bb00000| Untracked 
| 188|0x000000008bc00000, 0x000000008bc00000, 0x000000008bd00000|  0%| F|  |TAMS 0x000000008bc00000, 0x000000008bc00000| Untracked 
| 189|0x000000008bd00000, 0x000000008bd00000, 0x000000008be00000|  0%| F|  |TAMS 0x000000008bd00000, 0x000000008bd00000| Untracked 
| 190|0x000000008be00000, 0x000000008be00000, 0x000000008bf00000|  0%| F|  |TAMS 0x000000008be00000, 0x000000008be00000| Untracked 
| 191|0x000000008bf00000, 0x000000008bf00000, 0x000000008c000000|  0%| F|  |TAMS 0x000000008bf00000, 0x000000008bf00000| Untracked 
| 192|0x000000008c000000, 0x000000008c000000, 0x000000008c100000|  0%| F|  |TAMS 0x000000008c000000, 0x000000008c000000| Untracked 
| 193|0x000000008c100000, 0x000000008c100000, 0x000000008c200000|  0%| F|  |TAMS 0x000000008c100000, 0x000000008c100000| Untracked 
| 194|0x000000008c200000, 0x000000008c200000, 0x000000008c300000|  0%| F|  |TAMS 0x000000008c200000, 0x000000008c200000| Untracked 
| 195|0x000000008c300000, 0x000000008c300000, 0x000000008c400000|  0%| F|  |TAMS 0x000000008c300000, 0x000000008c300000| Untracked 
| 196|0x000000008c400000, 0x000000008c400000, 0x000000008c500000|  0%| F|  |TAMS 0x000000008c400000, 0x000000008c400000| Untracked 
| 197|0x000000008c500000, 0x000000008c500000, 0x000000008c600000|  0%| F|  |TAMS 0x000000008c500000, 0x000000008c500000| Untracked 
| 198|0x000000008c600000, 0x000000008c600000, 0x000000008c700000|  0%| F|  |TAMS 0x000000008c600000, 0x000000008c600000| Untracked 
| 199|0x000000008c700000, 0x000000008c700000, 0x000000008c800000|  0%| F|  |TAMS 0x000000008c700000, 0x000000008c700000| Untracked 
| 200|0x000000008c800000, 0x000000008c800000, 0x000000008c900000|  0%| F|  |TAMS 0x000000008c800000, 0x000000008c800000| Untracked 
| 201|0x000000008c900000, 0x000000008c97dec0, 0x000000008ca00000| 49%| S|CS|TAMS 0x000000008c900000, 0x000000008c900000| Complete 
| 202|0x000000008ca00000, 0x000000008cb00000, 0x000000008cb00000|100%| S|CS|TAMS 0x000000008ca00000, 0x000000008ca00000| Complete 
| 203|0x000000008cb00000, 0x000000008cc00000, 0x000000008cc00000|100%| S|CS|TAMS 0x000000008cb00000, 0x000000008cb00000| Complete 
| 204|0x000000008cc00000, 0x000000008cc00000, 0x000000008cd00000|  0%| F|  |TAMS 0x000000008cc00000, 0x000000008cc00000| Untracked 
| 205|0x000000008cd00000, 0x000000008cd00000, 0x000000008ce00000|  0%| F|  |TAMS 0x000000008cd00000, 0x000000008cd00000| Untracked 
| 206|0x000000008ce00000, 0x000000008ce00000, 0x000000008cf00000|  0%| F|  |TAMS 0x000000008ce00000, 0x000000008ce00000| Untracked 
| 207|0x000000008cf00000, 0x000000008cf00000, 0x000000008d000000|  0%| F|  |TAMS 0x000000008cf00000, 0x000000008cf00000| Untracked 
| 208|0x000000008d000000, 0x000000008d000000, 0x000000008d100000|  0%| F|  |TAMS 0x000000008d000000, 0x000000008d000000| Untracked 
| 209|0x000000008d100000, 0x000000008d100000, 0x000000008d200000|  0%| F|  |TAMS 0x000000008d100000, 0x000000008d100000| Untracked 
| 210|0x000000008d200000, 0x000000008d200000, 0x000000008d300000|  0%| F|  |TAMS 0x000000008d200000, 0x000000008d200000| Untracked 
| 211|0x000000008d300000, 0x000000008d300000, 0x000000008d400000|  0%| F|  |TAMS 0x000000008d300000, 0x000000008d300000| Untracked 
| 212|0x000000008d400000, 0x000000008d400000, 0x000000008d500000|  0%| F|  |TAMS 0x000000008d400000, 0x000000008d400000| Untracked 
| 213|0x000000008d500000, 0x000000008d500000, 0x000000008d600000|  0%| F|  |TAMS 0x000000008d500000, 0x000000008d500000| Untracked 
| 214|0x000000008d600000, 0x000000008d600000, 0x000000008d700000|  0%| F|  |TAMS 0x000000008d600000, 0x000000008d600000| Untracked 
| 215|0x000000008d700000, 0x000000008d700000, 0x000000008d800000|  0%| F|  |TAMS 0x000000008d700000, 0x000000008d700000| Untracked 
| 216|0x000000008d800000, 0x000000008d800000, 0x000000008d900000|  0%| F|  |TAMS 0x000000008d800000, 0x000000008d800000| Untracked 
| 217|0x000000008d900000, 0x000000008d900000, 0x000000008da00000|  0%| F|  |TAMS 0x000000008d900000, 0x000000008d900000| Untracked 
| 218|0x000000008da00000, 0x000000008da00000, 0x000000008db00000|  0%| F|  |TAMS 0x000000008da00000, 0x000000008da00000| Untracked 
| 219|0x000000008db00000, 0x000000008db00000, 0x000000008dc00000|  0%| F|  |TAMS 0x000000008db00000, 0x000000008db00000| Untracked 
| 220|0x000000008dc00000, 0x000000008dc00000, 0x000000008dd00000|  0%| F|  |TAMS 0x000000008dc00000, 0x000000008dc00000| Untracked 
| 221|0x000000008dd00000, 0x000000008dd00000, 0x000000008de00000|  0%| F|  |TAMS 0x000000008dd00000, 0x000000008dd00000| Untracked 

Card table byte_map: [0x0000020b14cb0000,0x0000020b150b0000] _byte_map_base: 0x0000020b148b0000

Marking Bits (Prev, Next): (CMBitMap*) 0x0000020b7f73e040, (CMBitMap*) 0x0000020b7f73e008
 Prev Bits: [0x0000020b174b0000, 0x0000020b194b0000)
 Next Bits: [0x0000020b154b0000, 0x0000020b174b0000)

Polling page: 0x0000020b01410000

Metaspace:

Usage:
  Non-class:     86.97 MB capacity,    85.40 MB ( 98%) used,     1.28 MB (  1%) free+waste,   295.63 KB ( <1%) overhead. 
      Class:     13.72 MB capacity,    12.79 MB ( 93%) used,   817.66 KB (  6%) free+waste,   134.56 KB ( <1%) overhead. 
       Both:    100.70 MB capacity,    98.20 MB ( 98%) used,     2.08 MB (  2%) free+waste,   430.19 KB ( <1%) overhead. 

Virtual space:
  Non-class space:       88.00 MB reserved,      87.00 MB ( 99%) committed 
      Class space:        1.00 GB reserved,      13.82 MB (  1%) committed 
             Both:        1.09 GB reserved,     100.82 MB (  9%) committed 

Chunk freelists:
   Non-Class:  28.00 KB
       Class:  0 bytes
        Both:  28.00 KB

MaxMetaspaceSize: 17179869184.00 GB
CompressedClassSpaceSize: 1.00 GB

CodeHeap 'non-profiled nmethods': size=120000Kb used=7355Kb max_used=7355Kb free=112644Kb
 bounds [0x0000020b0c910000, 0x0000020b0d040000, 0x0000020b13e40000]
CodeHeap 'profiled nmethods': size=120000Kb used=25601Kb max_used=25601Kb free=94398Kb
 bounds [0x0000020b053e0000, 0x0000020b06cf0000, 0x0000020b0c910000]
CodeHeap 'non-nmethods': size=5760Kb used=2315Kb max_used=2383Kb free=3444Kb
 bounds [0x0000020b04e40000, 0x0000020b050b0000, 0x0000020b053e0000]
 total_blobs=12965 nmethods=12042 adapters=834
 compilation: enabled
              stopped_count=0, restarted_count=0
 full_count=0

Compilation events (20 events):
Event: 17.409 Thread 0x0000020b1bfbd800 12180 %     3       com.android.tools.r8.graph.Z0::a @ 22 (98 bytes)
Event: 17.410 Thread 0x0000020b1bfbd800 nmethod 12180% 0x0000020b06cd8890 code [0x0000020b06cd8b40, 0x0000020b06cd9e38]
Event: 17.410 Thread 0x0000020b1bfbd800 12181 %     3       com.android.tools.r8.internal.qr::d @ 18 (53 bytes)
Event: 17.410 Thread 0x0000020b1bfbd800 nmethod 12181% 0x0000020b06cda390 code [0x0000020b06cda5e0, 0x0000020b06cdb118]
Event: 17.418 Thread 0x0000020b1bfbd800 12182       3       com.android.tools.r8.graph.Z0::a (98 bytes)
Event: 17.420 Thread 0x0000020b1bfbd800 nmethod 12182 0x0000020b06cdb410 code [0x0000020b06cdb6c0, 0x0000020b06cdc8d8]
Event: 17.420 Thread 0x0000020b1bfb2800 nmethod 12077 0x0000020b0d03c290 code [0x0000020b0d03c460, 0x0000020b0d03ca38]
Event: 17.421 Thread 0x0000020b1bfb2800 12115       4       com.android.tools.r8.graph.c0::a (89 bytes)
Event: 17.444 Thread 0x0000020b1bfb2800 nmethod 12115 0x0000020b0d03cf10 code [0x0000020b0d03d0c0, 0x0000020b0d03dad8]
Event: 17.444 Thread 0x0000020b1bfb2800 12186       4       com.android.tools.r8.internal.zj::j (39 bytes)
Event: 17.446 Thread 0x0000020b1bfbd800 12189 %     3       com.android.tools.r8.graph.Z0::a @ 14 (78 bytes)
Event: 17.447 Thread 0x0000020b1bfbd800 nmethod 12189% 0x0000020b06cdce10 code [0x0000020b06cdd000, 0x0000020b06cdd668]
Event: 17.447 Thread 0x0000020b1bfbd800 12190       3       com.android.tools.r8.graph.Z0::a (78 bytes)
Event: 17.447 Thread 0x0000020b1bfbd800 nmethod 12190 0x0000020b06cdd890 code [0x0000020b06cdda80, 0x0000020b06cde008]
Event: 17.451 Thread 0x0000020b1bfb2800 nmethod 12186 0x0000020b0d03dd90 code [0x0000020b0d03df80, 0x0000020b0d03e328]
Event: 17.451 Thread 0x0000020b1bfb2800 12166       4       java.util.IdentityHashMap::get (60 bytes)
Event: 17.452 Thread 0x0000020b1bfbd800 12191 %     3       com.android.tools.r8.graph.T::a @ 51 (93 bytes)
Event: 17.455 Thread 0x0000020b1bfbd800 nmethod 12191% 0x0000020b06cde190 code [0x0000020b06cde500, 0x0000020b06cdfbe8]
Event: 17.455 Thread 0x0000020b1bfb2800 nmethod 12166 0x0000020b0d03e810 code [0x0000020b0d03e9c0, 0x0000020b0d03eb88]
Event: 17.455 Thread 0x0000020b1bfb2800 12171       4       java.util.IdentityHashMap::containsKey (55 bytes)

GC Heap History (20 events):
Event: 8.249 GC heap after
{Heap after GC invocations=16 (full 0):
 garbage-first heap   total 189440K, used 57205K [0x0000000080000000, 0x0000000100000000)
  region size 1024K, 10 young (10240K), 10 survivors (10240K)
 Metaspace       used 65984K, capacity 67549K, committed 67788K, reserved 1107968K
  class space    used 8331K, capacity 8885K, committed 8908K, reserved 1048576K
}
Event: 9.369 GC heap before
{Heap before GC invocations=16 (full 0):
 garbage-first heap   total 189440K, used 137077K [0x0000000080000000, 0x0000000100000000)
  region size 1024K, 88 young (90112K), 10 survivors (10240K)
 Metaspace       used 72273K, capacity 73956K, committed 74188K, reserved 1114112K
  class space    used 9274K, capacity 9883K, committed 9932K, reserved 1048576K
}
Event: 9.387 GC heap after
{Heap after GC invocations=17 (full 0):
 garbage-first heap   total 189440K, used 63107K [0x0000000080000000, 0x0000000100000000)
  region size 1024K, 11 young (11264K), 11 survivors (11264K)
 Metaspace       used 72273K, capacity 73956K, committed 74188K, reserved 1114112K
  class space    used 9274K, capacity 9883K, committed 9932K, reserved 1048576K
}
Event: 10.629 GC heap before
{Heap before GC invocations=17 (full 0):
 garbage-first heap   total 189440K, used 140931K [0x0000000080000000, 0x0000000100000000)
  region size 1024K, 87 young (89088K), 11 survivors (11264K)
 Metaspace       used 80290K, capacity 82127K, committed 82252K, reserved 1120256K
  class space    used 10373K, capacity 11024K, committed 11084K, reserved 1048576K
}
Event: 10.648 GC heap after
{Heap after GC invocations=18 (full 0):
 garbage-first heap   total 189440K, used 68777K [0x0000000080000000, 0x0000000100000000)
  region size 1024K, 6 young (6144K), 6 survivors (6144K)
 Metaspace       used 80290K, capacity 82127K, committed 82252K, reserved 1120256K
  class space    used 10373K, capacity 11024K, committed 11084K, reserved 1048576K
}
Event: 11.807 GC heap before
{Heap before GC invocations=18 (full 0):
 garbage-first heap   total 189440K, used 143529K [0x0000000080000000, 0x0000000100000000)
  region size 1024K, 80 young (81920K), 6 survivors (6144K)
 Metaspace       used 84723K, capacity 86889K, committed 86988K, reserved 1124352K
  class space    used 10939K, capacity 11688K, committed 11724K, reserved 1048576K
}
Event: 11.827 GC heap after
{Heap after GC invocations=19 (full 0):
 garbage-first heap   total 227328K, used 76800K [0x0000000080000000, 0x0000000100000000)
  region size 1024K, 10 young (10240K), 10 survivors (10240K)
 Metaspace       used 84723K, capacity 86889K, committed 86988K, reserved 1124352K
  class space    used 10939K, capacity 11688K, committed 11724K, reserved 1048576K
}
Event: 13.424 GC heap before
{Heap before GC invocations=19 (full 0):
 garbage-first heap   total 227328K, used 184320K [0x0000000080000000, 0x0000000100000000)
  region size 1024K, 99 young (101376K), 10 survivors (10240K)
 Metaspace       used 88340K, capacity 90460K, committed 90828K, reserved 1128448K
  class space    used 11318K, capacity 12108K, committed 12236K, reserved 1048576K
}
Event: 13.440 GC heap after
{Heap after GC invocations=20 (full 0):
 garbage-first heap   total 227328K, used 82108K [0x0000000080000000, 0x0000000100000000)
  region size 1024K, 11 young (11264K), 11 survivors (11264K)
 Metaspace       used 88340K, capacity 90460K, committed 90828K, reserved 1128448K
  class space    used 11318K, capacity 12108K, committed 12236K, reserved 1048576K
}
Event: 14.425 GC heap before
{Heap before GC invocations=20 (full 0):
 garbage-first heap   total 227328K, used 172220K [0x0000000080000000, 0x0000000100000000)
  region size 1024K, 100 young (102400K), 11 survivors (11264K)
 Metaspace       used 90730K, capacity 92932K, committed 93132K, reserved 1130496K
  class space    used 11576K, capacity 12372K, committed 12492K, reserved 1048576K
}
Event: 14.440 GC heap after
{Heap after GC invocations=21 (full 0):
 garbage-first heap   total 227328K, used 87183K [0x0000000080000000, 0x0000000100000000)
  region size 1024K, 10 young (10240K), 10 survivors (10240K)
 Metaspace       used 90730K, capacity 92932K, committed 93132K, reserved 1130496K
  class space    used 11576K, capacity 12372K, committed 12492K, reserved 1048576K
}
Event: 15.124 GC heap before
{Heap before GC invocations=21 (full 0):
 garbage-first heap   total 227328K, used 156815K [0x0000000080000000, 0x0000000100000000)
  region size 1024K, 57 young (58368K), 10 survivors (10240K)
 Metaspace       used 95325K, capacity 97615K, committed 97868K, reserved 1134592K
  class space    used 12189K, capacity 13040K, committed 13132K, reserved 1048576K
}
Event: 15.138 GC heap after
{Heap after GC invocations=22 (full 0):
 garbage-first heap   total 227328K, used 110075K [0x0000000080000000, 0x0000000100000000)
  region size 1024K, 13 young (13312K), 13 survivors (13312K)
 Metaspace       used 95325K, capacity 97615K, committed 97868K, reserved 1134592K
  class space    used 12189K, capacity 13040K, committed 13132K, reserved 1048576K
}
Event: 16.336 GC heap before
{Heap before GC invocations=23 (full 0):
 garbage-first heap   total 227328K, used 182779K [0x0000000080000000, 0x0000000100000000)
  region size 1024K, 83 young (84992K), 13 survivors (13312K)
 Metaspace       used 98201K, capacity 100530K, committed 100684K, reserved 1136640K
  class space    used 12739K, capacity 13623K, committed 13644K, reserved 1048576K
}
Event: 16.378 GC heap after
{Heap after GC invocations=24 (full 0):
 garbage-first heap   total 227328K, used 137953K [0x0000000080000000, 0x0000000100000000)
  region size 1024K, 11 young (11264K), 11 survivors (11264K)
 Metaspace       used 98201K, capacity 100530K, committed 100684K, reserved 1136640K
  class space    used 12739K, capacity 13623K, committed 13644K, reserved 1048576K
}
Event: 16.614 GC heap before
{Heap before GC invocations=24 (full 0):
 garbage-first heap   total 227328K, used 178913K [0x0000000080000000, 0x0000000100000000)
  region size 1024K, 52 young (53248K), 11 survivors (11264K)
 Metaspace       used 98238K, capacity 100598K, committed 100684K, reserved 1136640K
  class space    used 12739K, capacity 13623K, committed 13644K, reserved 1048576K
}
Event: 16.678 GC heap after
{Heap after GC invocations=25 (full 0):
 garbage-first heap   total 227328K, used 160768K [0x0000000080000000, 0x0000000100000000)
  region size 1024K, 7 young (7168K), 7 survivors (7168K)
 Metaspace       used 98238K, capacity 100598K, committed 100684K, reserved 1136640K
  class space    used 12739K, capacity 13623K, committed 13644K, reserved 1048576K
}
Event: 17.143 GC heap before
{Heap before GC invocations=25 (full 0):
 garbage-first heap   total 227328K, used 183296K [0x0000000080000000, 0x0000000100000000)
  region size 1024K, 29 young (29696K), 7 survivors (7168K)
 Metaspace       used 100029K, capacity 102427K, committed 102604K, reserved 1138688K
  class space    used 13006K, capacity 13909K, committed 14028K, reserved 1048576K
}
Event: 17.167 GC heap after
{Heap after GC invocations=26 (full 0):
 garbage-first heap   total 227328K, used 168576K [0x0000000080000000, 0x0000000100000000)
  region size 1024K, 4 young (4096K), 4 survivors (4096K)
 Metaspace       used 100029K, capacity 102427K, committed 102604K, reserved 1138688K
  class space    used 13006K, capacity 13909K, committed 14028K, reserved 1048576K
}
Event: 17.457 GC heap before
{Heap before GC invocations=27 (full 0):
 garbage-first heap   total 227328K, used 187008K [0x0000000080000000, 0x0000000100000000)
  region size 1024K, 22 young (22528K), 4 survivors (4096K)
 Metaspace       used 100554K, capacity 103113K, committed 103244K, reserved 1138688K
  class space    used 13100K, capacity 14053K, committed 14156K, reserved 1048576K
}

Deoptimization events (20 events):
Event: 17.307 Thread 0x0000020b24e9f800 Uncommon trap: trap_request=0xffffffde fr.pc=0x0000020b0cfe4164 relative=0x0000000000000604
Event: 17.307 Thread 0x0000020b24e9f800 Uncommon trap: reason=class_check action=maybe_recompile pc=0x0000020b0cfe4164 method=com.android.tools.r8.internal.l8.a(Lcom/android/tools/r8/graph/d0;Lcom/android/tools/r8/graph/d0;)I @ 6 c2
Event: 17.307 Thread 0x0000020b24e9f800 DEOPT PACKING pc=0x0000020b0cfe4164 sp=0x000000686cffcbf0
Event: 17.307 Thread 0x0000020b24e9f800 DEOPT UNPACKING pc=0x0000020b04e678af sp=0x000000686cffc7a0 mode 2
Event: 17.307 Thread 0x0000020b24e9f800 Uncommon trap: trap_request=0xffffffde fr.pc=0x0000020b0cfeeb6c relative=0x000000000000038c
Event: 17.307 Thread 0x0000020b24e9f800 Uncommon trap: reason=class_check action=maybe_recompile pc=0x0000020b0cfeeb6c method=com.android.tools.r8.internal.GE$$Lambda$1195/0x0000000100d3e040.a(Ljava/lang/Object;Ljava/lang/Object;Lcom/android/tools/r8/internal/f8;)I @ 1 c2
Event: 17.307 Thread 0x0000020b24e9f800 DEOPT PACKING pc=0x0000020b0cfeeb6c sp=0x000000686cffc900
Event: 17.307 Thread 0x0000020b24e9f800 DEOPT UNPACKING pc=0x0000020b04e678af sp=0x000000686cffc8b0 mode 2
Event: 17.309 Thread 0x0000020b24e9f800 Uncommon trap: trap_request=0xffffffde fr.pc=0x0000020b0cfeeb6c relative=0x000000000000038c
Event: 17.309 Thread 0x0000020b24e9f800 Uncommon trap: reason=class_check action=maybe_recompile pc=0x0000020b0cfeeb6c method=com.android.tools.r8.internal.GE$$Lambda$1195/0x0000000100d3e040.a(Ljava/lang/Object;Ljava/lang/Object;Lcom/android/tools/r8/internal/f8;)I @ 1 c2
Event: 17.309 Thread 0x0000020b24e9f800 DEOPT PACKING pc=0x0000020b0cfeeb6c sp=0x000000686cffc900
Event: 17.309 Thread 0x0000020b24e9f800 DEOPT UNPACKING pc=0x0000020b04e678af sp=0x000000686cffc8b0 mode 2
Event: 17.329 Thread 0x0000020b24e9f800 Uncommon trap: trap_request=0xffffff4d fr.pc=0x0000020b0cfb5708 relative=0x0000000000000068
Event: 17.329 Thread 0x0000020b24e9f800 Uncommon trap: reason=unstable_if action=reinterpret pc=0x0000020b0cfb5708 method=com.android.tools.r8.internal.DA.a(Ljava/lang/Object;[Lcom/android/tools/r8/internal/zf;I)Ljava/lang/Object; @ 5 c2
Event: 17.329 Thread 0x0000020b24e9f800 DEOPT PACKING pc=0x0000020b0cfb5708 sp=0x000000686cffd390
Event: 17.329 Thread 0x0000020b24e9f800 DEOPT UNPACKING pc=0x0000020b04e678af sp=0x000000686cffd2c0 mode 2
Event: 17.329 Thread 0x0000020b24e9f800 Uncommon trap: trap_request=0xffffff4d fr.pc=0x0000020b0cfb3ee0 relative=0x0000000000000040
Event: 17.329 Thread 0x0000020b24e9f800 Uncommon trap: reason=unstable_if action=reinterpret pc=0x0000020b0cfb3ee0 method=com.android.tools.r8.internal.DA.a(Ljava/lang/Object;[Lcom/android/tools/r8/internal/zf;I)Ljava/lang/Object; @ 5 c2
Event: 17.329 Thread 0x0000020b24e9f800 DEOPT PACKING pc=0x0000020b0cfb3ee0 sp=0x000000686cffd310
Event: 17.329 Thread 0x0000020b24e9f800 DEOPT UNPACKING pc=0x0000020b04e678af sp=0x000000686cffd2c0 mode 2

Classes redefined (0 events):
No events

Internal exceptions (20 events):
Event: 16.126 Thread 0x0000020b2392f000 Exception <a 'java/lang/IncompatibleClassChangeError'{0x000000008b430948}: Found class java.lang.Object, but interface was expected> (0x000000008b430948) thrown at [./src/hotspot/share/interpreter/linkResolver.cpp, line 839]
Event: 16.126 Thread 0x0000020b23933000 Exception <a 'java/lang/IncompatibleClassChangeError'{0x000000008b423050}: Found class java.lang.Object, but interface was expected> (0x000000008b423050) thrown at [./src/hotspot/share/interpreter/linkResolver.cpp, line 839]
Event: 16.126 Thread 0x0000020b24ea7000 Exception <a 'java/lang/IncompatibleClassChangeError'{0x000000008b688008}: Found class java.lang.Object, but interface was expected> (0x000000008b688008) thrown at [./src/hotspot/share/interpreter/linkResolver.cpp, line 839]
Event: 16.127 Thread 0x0000020b23932000 Exception <a 'java/lang/IncompatibleClassChangeError'{0x000000008b1b9808}: Found class java.lang.Object, but interface was expected> (0x000000008b1b9808) thrown at [./src/hotspot/share/interpreter/linkResolver.cpp, line 839]
Event: 16.127 Thread 0x0000020b23933000 Exception <a 'java/lang/IncompatibleClassChangeError'{0x000000008b425a18}: Found class java.lang.Object, but interface was expected> (0x000000008b425a18) thrown at [./src/hotspot/share/interpreter/linkResolver.cpp, line 839]
Event: 16.127 Thread 0x0000020b24ea6000 Exception <a 'java/lang/IncompatibleClassChangeError'{0x000000008b19b780}: Found class java.lang.Object, but interface was expected> (0x000000008b19b780) thrown at [./src/hotspot/share/interpreter/linkResolver.cpp, line 839]
Event: 16.127 Thread 0x0000020b24ea7000 Exception <a 'java/lang/IncompatibleClassChangeError'{0x000000008b1c0c08}: Found class java.lang.Object, but interface was expected> (0x000000008b1c0c08) thrown at [./src/hotspot/share/interpreter/linkResolver.cpp, line 839]
Event: 16.127 Thread 0x0000020b23933800 Exception <a 'java/lang/IncompatibleClassChangeError'{0x000000008b1ac198}: Found class java.lang.Object, but interface was expected> (0x000000008b1ac198) thrown at [./src/hotspot/share/interpreter/linkResolver.cpp, line 839]
Event: 16.820 Thread 0x0000020b24e9f800 Exception <a 'java/lang/NoSuchMethodError'{0x000000008d5ae320}: 'int java.lang.invoke.DirectMethodHandle$Holder.invokeVirtual(java.lang.Object, java.lang.Object, java.lang.Object, java.lang.Object)'> (0x000000008d5ae320) thrown at [./src/hotspot/share/interpreter/linkResolver.cpp, line 773]
Event: 16.875 Thread 0x0000020b24e9f800 Exception <a 'java/lang/NoSuchMethodError'{0x000000008d3247d0}: 'void java.lang.invoke.DirectMethodHandle$Holder.invokeStatic(java.lang.Object, java.lang.Object, java.lang.Object, int)'> (0x000000008d3247d0) thrown at [./src/hotspot/share/interpreter/linkResolver.cpp, line 773]
Event: 16.877 Thread 0x0000020b24e9f800 Exception <a 'java/lang/IncompatibleClassChangeError'{0x000000008d32c7b0}: Found class java.lang.Object, but interface was expected> (0x000000008d32c7b0) thrown at [./src/hotspot/share/interpreter/linkResolver.cpp, line 839]
Event: 16.882 Thread 0x0000020b2392e000 Exception <a 'java/lang/NoSuchMethodError'{0x000000008d36c5f8}: 'int java.lang.invoke.DirectMethodHandle$Holder.invokeVirtual(java.lang.Object, java.lang.Object, java.lang.Object)'> (0x000000008d36c5f8) thrown at [./src/hotspot/share/interpreter/linkResolver.cpp, line 773]
Event: 16.882 Thread 0x0000020b24ea6000 Exception <a 'java/lang/NoSuchMethodError'{0x000000008d37dd00}: 'int java.lang.invoke.DirectMethodHandle$Holder.invokeVirtual(java.lang.Object, java.lang.Object, java.lang.Object)'> (0x000000008d37dd00) thrown at [./src/hotspot/share/interpreter/linkResolver.cpp, line 773]
Event: 16.883 Thread 0x0000020b2392f000 Exception <a 'java/lang/NoSuchMethodError'{0x000000008d383b98}: 'int java.lang.invoke.DirectMethodHandle$Holder.invokeVirtual(java.lang.Object, java.lang.Object, java.lang.Object)'> (0x000000008d383b98) thrown at [./src/hotspot/share/interpreter/linkResolver.cpp, line 773]
Event: 16.882 Thread 0x0000020b23932000 Exception <a 'java/lang/NoSuchMethodError'{0x000000008d364d50}: 'int java.lang.invoke.DirectMethodHandle$Holder.invokeVirtual(java.lang.Object, java.lang.Object, java.lang.Object)'> (0x000000008d364d50) thrown at [./src/hotspot/share/interpreter/linkResolver.cpp, line 773]
Event: 17.268 Thread 0x0000020b24e9f800 Exception <a 'java/lang/NoSuchMethodError'{0x000000008d794508}: 'java.lang.Object java.lang.invoke.Invokers$Holder.linkToTargetMethod(java.lang.Object, int, java.lang.Object, java.lang.Object, java.lang.Object, java.lang.Object)'> (0x000000008d794508) thrown at [./src/hotspot/share/interpreter/linkResolver.cpp, line 773]
Event: 17.269 Thread 0x0000020b24e9f800 Exception <a 'java/lang/NoSuchMethodError'{0x000000008d7981c0}: 'void java.lang.invoke.DirectMethodHandle$Holder.invokeSpecial(java.lang.Object, java.lang.Object, java.lang.Object, java.lang.Object, java.lang.Object, java.lang.Object, java.lang.Object, java.lang.Object, java.lang.Object)'> (0x000000008d7981c0) thrown at [./src/hotspot/share/interpreter/linkResolver.cpp, line 773]
Event: 17.270 Thread 0x0000020b24e9f800 Exception <a 'java/lang/NoSuchMethodError'{0x000000008d7a13b8}: 'java.lang.Object java.lang.invoke.Invokers$Holder.linkToTargetMethod(java.lang.Object, java.lang.Object, java.lang.Object, java.lang.Object, java.lang.Object, java.lang.Object, java.lang.Object)'> (0x000000008d7a13b8) thrown at [./src/hotspot/share/interpreter/linkResolver.cpp, line 773]
Event: 17.276 Thread 0x0000020b24e9f800 Exception <a 'java/lang/IncompatibleClassChangeError'{0x000000008d7c65b8}: Found class java.lang.Object, but interface was expected> (0x000000008d7c65b8) thrown at [./src/hotspot/share/interpreter/linkResolver.cpp, line 839]
Event: 17.331 Thread 0x0000020b24e9f800 Exception <a 'java/lang/NoSuchMethodError'{0x000000008d522b30}: 'void java.lang.invoke.DirectMethodHandle$Holder.invokeStatic(java.lang.Object, java.lang.Object, java.lang.Object, java.lang.Object, java.lang.Object, java.lang.Object, java.lang.Object, java.lang.Object)'> (0x000000008d522b30) thrown at [./src/hotspot/share/interpreter/linkResolver.cpp, line 773]

Events (20 events):
Event: 17.333 loading class com/android/tools/r8/graph/e done
Event: 17.333 loading class com/android/tools/r8/graph/e
Event: 17.333 loading class com/android/tools/r8/graph/e done
Event: 17.337 loading class com/android/tools/r8/graph/Z
Event: 17.337 loading class com/android/tools/r8/graph/Z done
Event: 17.337 loading class com/android/tools/r8/graph/d0
Event: 17.337 loading class com/android/tools/r8/graph/d0 done
Event: 17.337 loading class com/android/tools/r8/graph/Z0
Event: 17.337 loading class com/android/tools/r8/graph/Z0 done
Event: 17.339 loading class com/android/tools/r8/internal/qr
Event: 17.339 loading class com/android/tools/r8/internal/qr done
Event: 17.340 loading class com/android/tools/r8/internal/qr
Event: 17.340 loading class com/android/tools/r8/internal/qr done
Event: 17.340 loading class com/android/tools/r8/graph/P
Event: 17.340 loading class com/android/tools/r8/graph/P done
Event: 17.341 loading class com/android/tools/r8/internal/qr
Event: 17.341 loading class com/android/tools/r8/internal/qr done
Event: 17.341 loading class com/android/tools/r8/internal/qr
Event: 17.341 loading class com/android/tools/r8/internal/qr done
Event: 17.456 Executing VM operation: G1CollectForAllocation


Dynamic libraries:
0x00007ff6ef6a0000 - 0x00007ff6ef6aa000 	C:\Program Files\Android\Android Studio\jre\bin\java.exe
0x00007ffd49130000 - 0x00007ffd49325000 	C:\WINDOWS\SYSTEM32\ntdll.dll
0x00007ffd48df0000 - 0x00007ffd48eae000 	C:\WINDOWS\System32\KERNEL32.DLL
0x00007ffd46c40000 - 0x00007ffd46f09000 	C:\WINDOWS\System32\KERNELBASE.dll
0x00007ffd468e0000 - 0x00007ffd469e0000 	C:\WINDOWS\System32\ucrtbase.dll
0x00007ffd415e0000 - 0x00007ffd415f7000 	C:\Program Files\Android\Android Studio\jre\bin\VCRUNTIME140.dll
0x00007ffd3e8d0000 - 0x00007ffd3e8e9000 	C:\Program Files\Android\Android Studio\jre\bin\jli.dll
0x00007ffd48c40000 - 0x00007ffd48de1000 	C:\WINDOWS\System32\USER32.dll
0x00007ffd30480000 - 0x00007ffd3071a000 	C:\WINDOWS\WinSxS\amd64_microsoft.windows.common-controls_6595b64144ccf1df_6.0.19041.1110_none_60b5254171f9507e\COMCTL32.dll
0x00007ffd47070000 - 0x00007ffd47092000 	C:\WINDOWS\System32\win32u.dll
0x00007ffd47d50000 - 0x00007ffd47d7b000 	C:\WINDOWS\System32\GDI32.dll
0x00007ffd48350000 - 0x00007ffd483ee000 	C:\WINDOWS\System32\msvcrt.dll
0x00007ffd46b30000 - 0x00007ffd46c3b000 	C:\WINDOWS\System32\gdi32full.dll
0x00007ffd469e0000 - 0x00007ffd46a7d000 	C:\WINDOWS\System32\msvcp_win.dll
0x00007ffd48f10000 - 0x00007ffd48f40000 	C:\WINDOWS\System32\IMM32.DLL
0x00007ffd0c1b0000 - 0x00007ffd0c24d000 	C:\Program Files\Android\Android Studio\jre\bin\msvcp140.dll
0x00007ffcd81d0000 - 0x00007ffcd8c9f000 	C:\Program Files\Android\Android Studio\jre\bin\server\jvm.dll
0x00007ffd48fc0000 - 0x00007ffd4906c000 	C:\WINDOWS\System32\ADVAPI32.dll
0x00007ffd485e0000 - 0x00007ffd4867b000 	C:\WINDOWS\System32\sechost.dll
0x00007ffd483f0000 - 0x00007ffd4851a000 	C:\WINDOWS\System32\RPCRT4.dll
0x00007ffd47600000 - 0x00007ffd47608000 	C:\WINDOWS\System32\PSAPI.DLL
0x00007ffd2f6d0000 - 0x00007ffd2f6f7000 	C:\WINDOWS\SYSTEM32\WINMM.dll
0x00007ffd2d8a0000 - 0x00007ffd2d8a9000 	C:\WINDOWS\SYSTEM32\WSOCK32.dll
0x00007ffd40670000 - 0x00007ffd4067a000 	C:\WINDOWS\SYSTEM32\VERSION.dll
0x00007ffd49070000 - 0x00007ffd490db000 	C:\WINDOWS\System32\WS2_32.dll
0x00007ffd45120000 - 0x00007ffd45132000 	C:\WINDOWS\SYSTEM32\kernel.appcore.dll
0x00007ffd262c0000 - 0x00007ffd262d1000 	C:\Program Files\Android\Android Studio\jre\bin\verify.dll
0x00007ffd44640000 - 0x00007ffd44824000 	C:\WINDOWS\SYSTEM32\DBGHELP.DLL
0x00007ffd35610000 - 0x00007ffd3563c000 	C:\WINDOWS\SYSTEM32\dbgcore.DLL
0x00007ffd46850000 - 0x00007ffd468d3000 	C:\WINDOWS\System32\bcryptPrimitives.dll
0x00007ffd26290000 - 0x00007ffd262b9000 	C:\Program Files\Android\Android Studio\jre\bin\java.dll
0x00007ffd26280000 - 0x00007ffd2628b000 	C:\Program Files\Android\Android Studio\jre\bin\jimage.dll
0x00007ffd26260000 - 0x00007ffd26278000 	C:\Program Files\Android\Android Studio\jre\bin\zip.dll
0x00007ffd47610000 - 0x00007ffd47d4f000 	C:\WINDOWS\System32\SHELL32.dll
0x00007ffd44830000 - 0x00007ffd44fc0000 	C:\WINDOWS\SYSTEM32\windows.storage.dll
0x00007ffd47ff0000 - 0x00007ffd48345000 	C:\WINDOWS\System32\combase.dll
0x00007ffd462a0000 - 0x00007ffd462cc000 	C:\WINDOWS\SYSTEM32\Wldp.dll
0x00007ffd47f40000 - 0x00007ffd47fed000 	C:\WINDOWS\System32\SHCORE.dll
0x00007ffd48520000 - 0x00007ffd48575000 	C:\WINDOWS\System32\shlwapi.dll
0x00007ffd46790000 - 0x00007ffd467af000 	C:\WINDOWS\SYSTEM32\profapi.dll
0x00007ffd26180000 - 0x00007ffd2619a000 	C:\Program Files\Android\Android Studio\jre\bin\net.dll
0x00007ffd3d190000 - 0x00007ffd3d298000 	C:\WINDOWS\SYSTEM32\WINHTTP.dll
0x00007ffd46000000 - 0x00007ffd4606a000 	C:\WINDOWS\system32\mswsock.dll
0x00007ffd26160000 - 0x00007ffd26174000 	C:\Program Files\Android\Android Studio\jre\bin\nio.dll
0x00007ffd3e8f0000 - 0x00007ffd3e917000 	C:\Users\muham\.gradle\native\8bec1ad78214c89d9ad589b4d07fe93259594b29d510b10fafb7a158f7737e5d\windows-amd64\native-platform.dll
0x00007ffcba5b0000 - 0x00007ffcba6ed000 	C:\Users\muham\.gradle\native\53dbd7edfb1c66fb8903c78663c9afc45aea4f116125fa6feffd364cf09443e8\windows-amd64\native-platform-file-events.dll
0x00007ffd165e0000 - 0x00007ffd165ea000 	C:\Program Files\Android\Android Studio\jre\bin\management.dll
0x00007ffd165d0000 - 0x00007ffd165dc000 	C:\Program Files\Android\Android Studio\jre\bin\management_ext.dll
0x00007ffd461f0000 - 0x00007ffd46208000 	C:\WINDOWS\SYSTEM32\CRYPTSP.dll
0x00007ffd45910000 - 0x00007ffd45944000 	C:\WINDOWS\system32\rsaenh.dll
0x00007ffd47150000 - 0x00007ffd47177000 	C:\WINDOWS\System32\bcrypt.dll
0x00007ffd46710000 - 0x00007ffd4673e000 	C:\WINDOWS\SYSTEM32\USERENV.dll
0x00007ffd46210000 - 0x00007ffd4621c000 	C:\WINDOWS\SYSTEM32\CRYPTBASE.dll
0x00007ffd45ca0000 - 0x00007ffd45cdb000 	C:\WINDOWS\SYSTEM32\IPHLPAPI.DLL
0x00007ffd490e0000 - 0x00007ffd490e8000 	C:\WINDOWS\System32\NSI.dll
0x00007ffd3ee70000 - 0x00007ffd3ee87000 	C:\WINDOWS\SYSTEM32\dhcpcsvc6.DLL
0x00007ffd3fc10000 - 0x00007ffd3fc2d000 	C:\WINDOWS\SYSTEM32\dhcpcsvc.DLL
0x00007ffd45cf0000 - 0x00007ffd45dbc000 	C:\WINDOWS\SYSTEM32\DNSAPI.dll

dbghelp: loaded successfully - version: 4.0.5 - missing functions: none
symbol engine: initialized successfully - sym options: 0x614 - pdb path: .;C:\Program Files\Android\Android Studio\jre\bin;C:\WINDOWS\SYSTEM32;C:\WINDOWS\WinSxS\amd64_microsoft.windows.common-controls_6595b64144ccf1df_6.0.19041.1110_none_60b5254171f9507e;C:\Program Files\Android\Android Studio\jre\bin\server;C:\Users\muham\.gradle\native\8bec1ad78214c89d9ad589b4d07fe93259594b29d510b10fafb7a158f7737e5d\windows-amd64;C:\Users\muham\.gradle\native\53dbd7edfb1c66fb8903c78663c9afc45aea4f116125fa6feffd364cf09443e8\windows-amd64

VM Arguments:
jvm_args: --add-opens=java.base/java.util=ALL-UNNAMED --add-opens=java.base/java.lang=ALL-UNNAMED --add-opens=java.base/java.lang.invoke=ALL-UNNAMED --add-opens=java.base/java.util=ALL-UNNAMED --add-opens=java.prefs/java.util.prefs=ALL-UNNAMED --add-opens=java.prefs/java.util.prefs=ALL-UNNAMED --add-opens=java.base/java.nio.charset=ALL-UNNAMED --add-opens=java.base/java.net=ALL-UNNAMED --add-opens=java.base/java.util.concurrent.atomic=ALL-UNNAMED -Xmx2048m -Dfile.encoding=UTF-8 -Duser.country=US -Duser.language=en -Duser.variant 
java_command: org.gradle.launcher.daemon.bootstrap.GradleDaemon 7.0.2
java_class_path (initial): C:\Users\muham\.gradle\wrapper\dists\gradle-7.0.2-bin\857tjihv64xamwrf0h14cai3r\gradle-7.0.2\lib\gradle-launcher-7.0.2.jar
Launcher Type: SUN_STANDARD

[Global flags]
     intx CICompilerCount                          = 4                                         {product} {ergonomic}
     uint ConcGCThreads                            = 2                                         {product} {ergonomic}
     uint G1ConcRefinementThreads                  = 8                                         {product} {ergonomic}
   size_t G1HeapRegionSize                         = 1048576                                   {product} {ergonomic}
    uintx GCDrainStackTargetSize                   = 64                                        {product} {ergonomic}
   size_t InitialHeapSize                          = 134217728                                 {product} {ergonomic}
   size_t MarkStackSize                            = 4194304                                   {product} {ergonomic}
   size_t MaxHeapSize                              = 2147483648                                {product} {command line}
   size_t MaxNewSize                               = 1287651328                                {product} {ergonomic}
   size_t MinHeapDeltaBytes                        = 1048576                                   {product} {ergonomic}
    uintx NonNMethodCodeHeapSize                   = 5836300                                {pd product} {ergonomic}
    uintx NonProfiledCodeHeapSize                  = 122910970                              {pd product} {ergonomic}
    uintx ProfiledCodeHeapSize                     = 122910970                              {pd product} {ergonomic}
    uintx ReservedCodeCacheSize                    = 251658240                              {pd product} {ergonomic}
     bool SegmentedCodeCache                       = true                                      {product} {ergonomic}
     bool UseCompressedClassPointers               = true                                 {lp64_product} {ergonomic}
     bool UseCompressedOops                        = true                                 {lp64_product} {ergonomic}
     bool UseG1GC                                  = true                                      {product} {ergonomic}
     bool UseLargePagesIndividualAllocation        = false                                  {pd product} {ergonomic}

Logging:
Log output configuration:
 #0: stdout all=warning uptime,level,tags
 #1: stderr all=off uptime,level,tags

Environment Variables:
PATH=C:\Program Files (x86)\Common Files\Oracle\Java\javapath;C:\WINDOWS\system32;C:\WINDOWS;C:\WINDOWS\System32\Wbem;C:\WINDOWS\System32\WindowsPowerShell\v1.0\;C:\WINDOWS\System32\OpenSSH\;C:\Program Files\Intel\WiFi\bin\;C:\Program Files\Common Files\Intel\WirelessCommon\;C:\Program Files (x86)\dotnet\;C:\Android;C:\Windows\System32;C:\Program Files\Dart\dart-sdk\bin;C:\Program Files\nodejs\;C:\Program Files (x86)\Intel\Intel(R) Management Engine Components\DAL;C:\Program Files\Intel\Intel(R) Management Engine Components\DAL;C:\Program Files\Git\cmd;C:\Users\muham\AppData\Local\Programs\Python\Python38-32\Scripts\;C:\Users\muham\AppData\Local\Programs\Python\Python38-32\;C:\Users\muham\AppData\Local\Microsoft\WindowsApps;C:\Users\muham\AppData\Local\Programs\Microsoft VS Code\bin;C:\Program Files\JetBrains\PyCharm Community Edition 2020.2\bin;;C:\Program Files (x86)\Nmap;C:\Windows\System32\WindowsPowerShell\v1.0;C:\Program Files\Dart\dart-sdk\lib;C:\Users\muham\flutter\bin;C:\Users\muham\AppData\Roaming\npm
USERNAME=muham
OS=Windows_NT
PROCESSOR_IDENTIFIER=Intel64 Family 6 Model 142 Stepping 10, GenuineIntel



---------------  S Y S T E M  ---------------

OS: Windows 10 , 64 bit Build 19041 (10.0.19041.1202)
OS uptime: 1 days 22:04 hours

CPU:total 8 (initial active 8) (4 cores per cpu, 2 threads per core) family 6 model 142 stepping 10 microcode 0xd6, cmov, cx8, fxsr, mmx, sse, sse2, sse3, ssse3, sse4.1, sse4.2, popcnt, avx, avx2, aes, clmul, erms, 3dnowpref, lzcnt, ht, tsc, tscinvbit, bmi1, bmi2, adx, fma

Memory: 4k page, system-wide physical 8092M (412M free)
TotalPageFile size 23278M (AvailPageFile size 24M)
current process WorkingSet (physical memory assigned to process): 518M, peak: 518M
current process commit charge ("private bytes"): 558M, peak: 617M

vm_info: OpenJDK 64-Bit Server VM (11.0.10+0-b96-7249189) for windows-amd64 JRE (11.0.10+0-b96-7249189), built on Mar 31 2021 21:44:00 by "builder" with MS VC++ 14.0 (VS2015)

END.
