#
# There is insufficient memory for the Java Runtime Environment to continue.
# Native memory allocation (malloc) failed to allocate 1232496 bytes for Chunk::new
# Possible reasons:
#   The system is out of physical RAM or swap space
#   The process is running with CompressedOops enabled, and the Java Heap may be blocking the growth of the native heap
# Possible solutions:
#   Reduce memory load on the system
#   Increase physical memory or swap space
#   Check if swap backing store is full
#   Decrease Java heap size (-Xmx/-Xms)
#   Decrease number of Java threads
#   Decrease Java thread stack sizes (-Xss)
#   Set larger code cache with -XX:ReservedCodeCacheSize=
#   JVM is running with Unscaled Compressed Oops mode in which the Java heap is
#     placed in the first 4GB address space. The Java Heap base address is the
#     maximum limit for the native heap growth. Please use -XX:HeapBaseMinAddress
#     to set the Java Heap base and to place the Java Heap above 4GB virtual address.
# This output file may be truncated or incomplete.
#
#  Out of Memory Error (./src/hotspot/share/memory/arena.cpp:197), pid=2400, tid=5152
#
# JRE version: OpenJDK Runtime Environment (11.0.10) (build 11.0.10+0-b96-7249189)
# Java VM: OpenJDK 64-Bit Server VM (11.0.10+0-b96-7249189, mixed mode, tiered, compressed oops, g1 gc, windows-amd64)
# No core dump will be written. Minidumps are not enabled by default on client versions of Windows
#

---------------  S U M M A R Y ------------

Command Line: --add-opens=java.base/java.util=ALL-UNNAMED --add-opens=java.base/java.lang=ALL-UNNAMED --add-opens=java.base/java.lang.invoke=ALL-UNNAMED --add-opens=java.base/java.util=ALL-UNNAMED --add-opens=java.prefs/java.util.prefs=ALL-UNNAMED --add-opens=java.prefs/java.util.prefs=ALL-UNNAMED --add-opens=java.base/java.nio.charset=ALL-UNNAMED --add-opens=java.base/java.net=ALL-UNNAMED --add-opens=java.base/java.util.concurrent.atomic=ALL-UNNAMED -Xmx2048m -Dfile.encoding=UTF-8 -Duser.country=US -Duser.language=en -Duser.variant org.gradle.launcher.daemon.bootstrap.GradleDaemon 7.0.2

Host: Intel(R) Core(TM) i5-8250U CPU @ 1.60GHz, 8 cores, 7G,  Windows 10 , 64 bit Build 19041 (10.0.19041.1202)
Time: Thu Oct 28 17:10:16 2021 Jerusalem Daylight Time elapsed time: 11.022614 seconds (0d 0h 0m 11s)

---------------  T H R E A D  ---------------

Current thread (0x000001ad2a42a800):  JavaThread "C2 CompilerThread0" daemon [_thread_in_native, id=5152, stack(0x000000726ad00000,0x000000726ae00000)]


Current CompileTask:
C2:  11022 6448       4       java.util.regex.Pattern::compile (498 bytes)

Stack: [0x000000726ad00000,0x000000726ae00000]
Native frames: (J=compiled Java code, j=interpreted, Vv=VM code, C=native code)
V  [jvm.dll+0x5ecfaa]
V  [jvm.dll+0x722bd5]
V  [jvm.dll+0x72412d]
V  [jvm.dll+0x7247e3]
V  [jvm.dll+0x242928]
V  [jvm.dll+0xbc4fc]
V  [jvm.dll+0xbca0c]
V  [jvm.dll+0x352d7d]
V  [jvm.dll+0x320ad3]
V  [jvm.dll+0x31ffca]
V  [jvm.dll+0x1fb602]
V  [jvm.dll+0x1fa7f4]
V  [jvm.dll+0x18354c]
V  [jvm.dll+0x208ee7]
V  [jvm.dll+0x207731]
V  [jvm.dll+0x6eb1cf]
V  [jvm.dll+0x6e3d45]
V  [jvm.dll+0x5ebe96]
C  [ucrtbase.dll+0x21bb2]
C  [KERNEL32.DLL+0x17034]
C  [ntdll.dll+0x52651]


---------------  P R O C E S S  ---------------

Threads class SMR info:
_java_thread_list=0x000001ad2e7e8e50, length=51, elements={
0x000001ad0ffa3000, 0x000001ad2a403000, 0x000001ad2a406000, 0x000001ad2ad82800,
0x000001ad2a41c800, 0x000001ad2a41e800, 0x000001ad2a42a800, 0x000001ad2a430000,
0x000001ad2a43d000, 0x000001ad2aee2800, 0x000001ad2d08b000, 0x000001ad2d406800,
0x000001ad2c782800, 0x000001ad2e090000, 0x000001ad2ce03800, 0x000001ad2c684800,
0x000001ad2cbe4800, 0x000001ad2a435800, 0x000001ad2a435000, 0x000001ad2a436800,
0x000001ad2a431800, 0x000001ad2a431000, 0x000001ad2a433800, 0x000001ad2dddb000,
0x000001ad2ddda800, 0x000001ad2dddc000, 0x000001ad2dddc800, 0x000001ad2ddd7000,
0x000001ad2ddd8000, 0x000001ad2dddd800, 0x000001ad2ddde800, 0x000001ad2dddf000,
0x000001ad2ddd9800, 0x000001ad2dde5000, 0x000001ad2dde1800, 0x000001ad2dde1000,
0x000001ad2dde3800, 0x000001ad2dde5800, 0x000001ad2ddd8800, 0x000001ad2d9e9800,
0x000001ad2d9eb000, 0x000001ad2d9ec000, 0x000001ad2d9ed000, 0x000001ad2d9ea800,
0x000001ad2d9e7000, 0x000001ad2d9f3800, 0x000001ad2d9ee800, 0x000001ad2d9f2800,
0x000001ad2d9f2000, 0x000001ad2d9ed800, 0x000001ad2d9f0000
}

Java Threads: ( => current thread )
  0x000001ad0ffa3000 JavaThread "main" [_thread_blocked, id=15332, stack(0x000000726a100000,0x000000726a200000)]
  0x000001ad2a403000 JavaThread "Reference Handler" daemon [_thread_blocked, id=8664, stack(0x000000726a800000,0x000000726a900000)]
  0x000001ad2a406000 JavaThread "Finalizer" daemon [_thread_blocked, id=2428, stack(0x000000726a900000,0x000000726aa00000)]
  0x000001ad2ad82800 JavaThread "Signal Dispatcher" daemon [_thread_blocked, id=10216, stack(0x000000726aa00000,0x000000726ab00000)]
  0x000001ad2a41c800 JavaThread "Attach Listener" daemon [_thread_blocked, id=10488, stack(0x000000726ab00000,0x000000726ac00000)]
  0x000001ad2a41e800 JavaThread "Service Thread" daemon [_thread_blocked, id=8292, stack(0x000000726ac00000,0x000000726ad00000)]
=>0x000001ad2a42a800 JavaThread "C2 CompilerThread0" daemon [_thread_in_native, id=5152, stack(0x000000726ad00000,0x000000726ae00000)]
  0x000001ad2a430000 JavaThread "C1 CompilerThread0" daemon [_thread_blocked, id=10904, stack(0x000000726ae00000,0x000000726af00000)]
  0x000001ad2a43d000 JavaThread "Sweeper thread" daemon [_thread_blocked, id=12304, stack(0x000000726af00000,0x000000726b000000)]
  0x000001ad2aee2800 JavaThread "Common-Cleaner" daemon [_thread_blocked, id=9184, stack(0x000000726b000000,0x000000726b100000)]
  0x000001ad2d08b000 JavaThread "Daemon health stats" [_thread_blocked, id=16976, stack(0x000000726b600000,0x000000726b700000)]
  0x000001ad2d406800 JavaThread "Incoming local TCP Connector on port 1105" [_thread_in_native, id=12972, stack(0x000000726b200000,0x000000726b300000)]
  0x000001ad2c782800 JavaThread "Daemon periodic checks" [_thread_blocked, id=7164, stack(0x000000726b500000,0x000000726b600000)]
  0x000001ad2e090000 JavaThread "Daemon" [_thread_blocked, id=17780, stack(0x000000726b700000,0x000000726b800000)]
  0x000001ad2ce03800 JavaThread "Handler for socket connection from /127.0.0.1:1105 to /127.0.0.1:1106" [_thread_in_native, id=8628, stack(0x000000726b800000,0x000000726b900000)]
  0x000001ad2c684800 JavaThread "Cancel handler" [_thread_blocked, id=9544, stack(0x000000726b900000,0x000000726ba00000)]
  0x000001ad2cbe4800 JavaThread "Daemon worker" [_thread_in_vm, id=9880, stack(0x000000726ba00000,0x000000726bb00000)]
  0x000001ad2a435800 JavaThread "Asynchronous log dispatcher for DefaultDaemonConnection: socket connection from /127.0.0.1:1105 to /127.0.0.1:1106" [_thread_blocked, id=15568, stack(0x000000726bb00000,0x000000726bc00000)]
  0x000001ad2a435000 JavaThread "Stdin handler" [_thread_blocked, id=17156, stack(0x000000726bc00000,0x000000726bd00000)]
  0x000001ad2a436800 JavaThread "Daemon client event forwarder" [_thread_blocked, id=11612, stack(0x000000726bd00000,0x000000726be00000)]
  0x000001ad2a431800 JavaThread "Cache worker for file hash cache (C:\Users\muham\.gradle\caches\7.0.2\fileHashes)" [_thread_blocked, id=16160, stack(0x000000726c300000,0x000000726c400000)]
  0x000001ad2a431000 JavaThread "File lock request listener" [_thread_in_native, id=536, stack(0x000000726c400000,0x000000726c500000)]
  0x000001ad2a433800 JavaThread "Cache worker for journal cache (C:\Users\muham\.gradle\caches\journal-1)" [_thread_blocked, id=14264, stack(0x000000726c600000,0x000000726c700000)]
  0x000001ad2dddb000 JavaThread "Cache worker for file hash cache (C:\Users\muham\android development\DSCWorkShopTraning\task2\.gradle\7.0.2\fileHashes)" [_thread_blocked, id=2252, stack(0x000000726c800000,0x000000726c900000)]
  0x000001ad2ddda800 JavaThread "File watcher server" daemon [_thread_in_native, id=8372, stack(0x000000726c900000,0x000000726ca00000)]
  0x000001ad2dddc000 JavaThread "File watcher consumer" daemon [_thread_blocked, id=16252, stack(0x000000726ca00000,0x000000726cb00000)]
  0x000001ad2dddc800 JavaThread "jar transforms" [_thread_blocked, id=10068, stack(0x000000726cb00000,0x000000726cc00000)]
  0x000001ad2ddd7000 JavaThread "jar transforms Thread 2" [_thread_blocked, id=6496, stack(0x000000726cc00000,0x000000726cd00000)]
  0x000001ad2ddd8000 JavaThread "jar transforms Thread 3" [_thread_blocked, id=13508, stack(0x000000726cd00000,0x000000726ce00000)]
  0x000001ad2dddd800 JavaThread "jar transforms Thread 4" [_thread_blocked, id=15904, stack(0x000000726ce00000,0x000000726cf00000)]
  0x000001ad2ddde800 JavaThread "jar transforms Thread 5" [_thread_blocked, id=17772, stack(0x000000726cf00000,0x000000726d000000)]
  0x000001ad2dddf000 JavaThread "jar transforms Thread 6" [_thread_blocked, id=16260, stack(0x000000726d100000,0x000000726d200000)]
  0x000001ad2ddd9800 JavaThread "jar transforms Thread 7" [_thread_blocked, id=16456, stack(0x000000726d200000,0x000000726d300000)]
  0x000001ad2dde5000 JavaThread "jar transforms Thread 8" [_thread_blocked, id=4584, stack(0x000000726d300000,0x000000726d400000)]
  0x000001ad2dde1800 JavaThread "Cache worker for checksums cache (C:\Users\muham\android development\DSCWorkShopTraning\task2\.gradle\checksums)" [_thread_blocked, id=1588, stack(0x000000726d400000,0x000000726d500000)]
  0x000001ad2dde1000 JavaThread "Cache worker for cache directory md-supplier (C:\Users\muham\.gradle\caches\7.0.2\md-supplier)" [_thread_blocked, id=17108, stack(0x000000726d500000,0x000000726d600000)]
  0x000001ad2dde3800 JavaThread "Cache worker for cache directory md-rule (C:\Users\muham\.gradle\caches\7.0.2\md-rule)" [_thread_blocked, id=15692, stack(0x000000726d600000,0x000000726d700000)]
  0x000001ad2dde5800 JavaThread "Cache worker for execution history cache (C:\Users\muham\.gradle\caches\7.0.2\executionHistory)" [_thread_blocked, id=11664, stack(0x000000726d700000,0x000000726d800000)]
  0x000001ad2ddd8800 JavaThread "C2 CompilerThread1" daemon [_thread_in_native, id=10548, stack(0x000000726c700000,0x000000726c800000)]
  0x000001ad2d9e9800 JavaThread "Cache worker for file content cache (C:\Users\muham\.gradle\caches\7.0.2\fileContent)" [_thread_blocked, id=5704, stack(0x000000726d800000,0x000000726d900000)]
  0x000001ad2d9eb000 JavaThread "Cache worker for dependencies-accessors (C:\Users\muham\android development\DSCWorkShopTraning\task2\.gradle\7.0.2\dependencies-accessors)" [_thread_blocked, id=13572, stack(0x000000726d900000,0x000000726da00000)]
  0x000001ad2d9ec000 JavaThread "Cache worker for Build Output Cleanup Cache (C:\Users\muham\android development\DSCWorkShopTraning\task2\.gradle\buildOutputCleanup)" [_thread_blocked, id=5128, stack(0x000000726da00000,0x000000726db00000)]
  0x000001ad2d9ed000 JavaThread "C2 CompilerThread2" daemon [_thread_blocked, id=12916, stack(0x000000726d000000,0x000000726d100000)]
  0x000001ad2d9ea800 JavaThread "Build operations" [_thread_blocked, id=17436, stack(0x000000726db00000,0x000000726dc00000)]
  0x000001ad2d9e7000 JavaThread "Build operations Thread 2" [_thread_blocked, id=11788, stack(0x000000726dc00000,0x000000726dd00000)]
  0x000001ad2d9f3800 JavaThread "Build operations Thread 3" [_thread_blocked, id=760, stack(0x000000726dd00000,0x000000726de00000)]
  0x000001ad2d9ee800 JavaThread "Build operations Thread 4" [_thread_blocked, id=12080, stack(0x000000726de00000,0x000000726df00000)]
  0x000001ad2d9f2800 JavaThread "Build operations Thread 5" [_thread_blocked, id=2892, stack(0x000000726df00000,0x000000726e000000)]
  0x000001ad2d9f2000 JavaThread "Build operations Thread 6" [_thread_blocked, id=7996, stack(0x000000726e000000,0x000000726e100000)]
  0x000001ad2d9ed800 JavaThread "Build operations Thread 7" [_thread_blocked, id=1160, stack(0x000000726e100000,0x000000726e200000)]
  0x000001ad2d9f0000 JavaThread "Build operations Thread 8" [_thread_blocked, id=11136, stack(0x000000726e200000,0x000000726e300000)]

Other Threads:
  0x000001ad2a400000 VMThread "VM Thread" [stack: 0x000000726a700000,0x000000726a800000] [id=3196]
  0x000001ad2af13000 WatcherThread [stack: 0x000000726b100000,0x000000726b200000] [id=8860]
  0x000001ad0df0b000 GCTaskThread "GC Thread#0" [stack: 0x000000726a200000,0x000000726a300000] [id=18224]
  0x000001ad2baf4000 GCTaskThread "GC Thread#1" [stack: 0x000000726b300000,0x000000726b400000] [id=18336]
  0x000001ad2b662800 GCTaskThread "GC Thread#2" [stack: 0x000000726b400000,0x000000726b500000] [id=5832]
  0x000001ad2cb1c800 GCTaskThread "GC Thread#3" [stack: 0x000000726be00000,0x000000726bf00000] [id=780]
  0x000001ad2c50a800 GCTaskThread "GC Thread#4" [stack: 0x000000726bf00000,0x000000726c000000] [id=11256]
  0x000001ad2c50b800 GCTaskThread "GC Thread#5" [stack: 0x000000726c000000,0x000000726c100000] [id=2536]
  0x000001ad2cdbd800 GCTaskThread "GC Thread#6" [stack: 0x000000726c100000,0x000000726c200000] [id=4268]
  0x000001ad2cdbe000 GCTaskThread "GC Thread#7" [stack: 0x000000726c200000,0x000000726c300000] [id=6320]
  0x000001ad0ffe6000 ConcurrentGCThread "G1 Main Marker" [stack: 0x000000726a300000,0x000000726a400000] [id=6696]
  0x000001ad0ffe8800 ConcurrentGCThread "G1 Conc#0" [stack: 0x000000726a400000,0x000000726a500000] [id=8920]
  0x000001ad2d3d8000 ConcurrentGCThread "G1 Conc#1" [stack: 0x000000726c500000,0x000000726c600000] [id=764]
  0x000001ad10079000 ConcurrentGCThread "G1 Refine#0" [stack: 0x000000726a500000,0x000000726a600000] [id=8152]
  0x000001ad2a250800 ConcurrentGCThread "G1 Young RemSet Sampling" [stack: 0x000000726a600000,0x000000726a700000] [id=8828]

Threads with active compile tasks:
C2 CompilerThread0  11049 6448       4       java.util.regex.Pattern::compile (498 bytes)
C2 CompilerThread1  11049 6470       4       java.util.jar.JavaUtilJarAccessImpl::getTrustedAttributes (6 bytes)

VM state:not at safepoint (normal execution)

VM Mutex/Monitor currently owned by a thread: None

Heap address: 0x0000000080000000, size: 2048 MB, Compressed Oops mode: 32-bit
Narrow klass base: 0x0000000000000000, Narrow klass shift: 3
Compressed class space size: 1073741824 Address: 0x0000000100000000

Heap:
 garbage-first heap   total 157696K, used 99545K [0x0000000080000000, 0x0000000100000000)
  region size 1024K, 24 young (24576K), 3 survivors (3072K)
 Metaspace       used 60854K, capacity 62522K, committed 62720K, reserved 1103872K
  class space    used 7817K, capacity 8414K, committed 8448K, reserved 1048576K
Heap Regions: E=young(eden), S=young(survivor), O=old, HS=humongous(starts), HC=humongous(continues), CS=collection set, F=free, A=archive, TAMS=top-at-mark-start (previous, next)
|   0|0x0000000080000000, 0x0000000080100000, 0x0000000080100000|100%| O|  |TAMS 0x0000000080100000, 0x0000000080000000| Untracked 
|   1|0x0000000080100000, 0x0000000080200000, 0x0000000080200000|100%| O|  |TAMS 0x0000000080200000, 0x0000000080100000| Untracked 
|   2|0x0000000080200000, 0x0000000080300000, 0x0000000080300000|100%| O|  |TAMS 0x0000000080300000, 0x0000000080200000| Untracked 
|   3|0x0000000080300000, 0x0000000080400000, 0x0000000080400000|100%|HS|  |TAMS 0x0000000080400000, 0x0000000080300000| Complete 
|   4|0x0000000080400000, 0x0000000080500000, 0x0000000080500000|100%|HC|  |TAMS 0x0000000080500000, 0x0000000080400000| Complete 
|   5|0x0000000080500000, 0x0000000080600000, 0x0000000080600000|100%|HC|  |TAMS 0x0000000080600000, 0x0000000080500000| Complete 
|   6|0x0000000080600000, 0x0000000080700000, 0x0000000080700000|100%| O|  |TAMS 0x0000000080700000, 0x0000000080600000| Untracked 
|   7|0x0000000080700000, 0x0000000080800000, 0x0000000080800000|100%| O|  |TAMS 0x0000000080800000, 0x0000000080700000| Untracked 
|   8|0x0000000080800000, 0x0000000080900000, 0x0000000080900000|100%| O|  |TAMS 0x0000000080900000, 0x0000000080800000| Untracked 
|   9|0x0000000080900000, 0x0000000080a00000, 0x0000000080a00000|100%| O|  |TAMS 0x0000000080a00000, 0x0000000080900000| Untracked 
|  10|0x0000000080a00000, 0x0000000080b00000, 0x0000000080b00000|100%| O|  |TAMS 0x0000000080b00000, 0x0000000080a00000| Untracked 
|  11|0x0000000080b00000, 0x0000000080c00000, 0x0000000080c00000|100%| O|  |TAMS 0x0000000080c00000, 0x0000000080b00000| Untracked 
|  12|0x0000000080c00000, 0x0000000080d00000, 0x0000000080d00000|100%| O|  |TAMS 0x0000000080d00000, 0x0000000080c00000| Untracked 
|  13|0x0000000080d00000, 0x0000000080e00000, 0x0000000080e00000|100%| O|  |TAMS 0x0000000080e00000, 0x0000000080d00000| Untracked 
|  14|0x0000000080e00000, 0x0000000080f00000, 0x0000000080f00000|100%| O|  |TAMS 0x0000000080f00000, 0x0000000080e00000| Untracked 
|  15|0x0000000080f00000, 0x0000000081000000, 0x0000000081000000|100%| O|  |TAMS 0x0000000081000000, 0x0000000080f00000| Untracked 
|  16|0x0000000081000000, 0x0000000081100000, 0x0000000081100000|100%| O|  |TAMS 0x0000000081100000, 0x0000000081000000| Untracked 
|  17|0x0000000081100000, 0x0000000081200000, 0x0000000081200000|100%|HS|  |TAMS 0x0000000081200000, 0x0000000081100000| Complete 
|  18|0x0000000081200000, 0x0000000081300000, 0x0000000081300000|100%|HC|  |TAMS 0x0000000081300000, 0x0000000081200000| Complete 
|  19|0x0000000081300000, 0x0000000081400000, 0x0000000081400000|100%|HS|  |TAMS 0x0000000081400000, 0x0000000081300000| Complete 
|  20|0x0000000081400000, 0x0000000081500000, 0x0000000081500000|100%|HC|  |TAMS 0x0000000081500000, 0x0000000081400000| Complete 
|  21|0x0000000081500000, 0x0000000081600000, 0x0000000081600000|100%|HC|  |TAMS 0x0000000081600000, 0x0000000081500000| Complete 
|  22|0x0000000081600000, 0x0000000081700000, 0x0000000081700000|100%|HS|  |TAMS 0x0000000081700000, 0x0000000081600000| Complete 
|  23|0x0000000081700000, 0x0000000081800000, 0x0000000081800000|100%|HC|  |TAMS 0x0000000081800000, 0x0000000081700000| Complete 
|  24|0x0000000081800000, 0x0000000081900000, 0x0000000081900000|100%|HC|  |TAMS 0x0000000081900000, 0x0000000081800000| Complete 
|  25|0x0000000081900000, 0x0000000081a00000, 0x0000000081a00000|100%|HC|  |TAMS 0x0000000081a00000, 0x0000000081900000| Complete 
|  26|0x0000000081a00000, 0x0000000081b00000, 0x0000000081b00000|100%|HC|  |TAMS 0x0000000081b00000, 0x0000000081a00000| Complete 
|  27|0x0000000081b00000, 0x0000000081c00000, 0x0000000081c00000|100%| O|  |TAMS 0x0000000081c00000, 0x0000000081b00000| Untracked 
|  28|0x0000000081c00000, 0x0000000081d00000, 0x0000000081d00000|100%| O|  |TAMS 0x0000000081d00000, 0x0000000081c00000| Untracked 
|  29|0x0000000081d00000, 0x0000000081e00000, 0x0000000081e00000|100%| O|  |TAMS 0x0000000081e00000, 0x0000000081d00000| Untracked 
|  30|0x0000000081e00000, 0x0000000081f00000, 0x0000000081f00000|100%| O|  |TAMS 0x0000000081f00000, 0x0000000081e00000| Untracked 
|  31|0x0000000081f00000, 0x0000000082000000, 0x0000000082000000|100%| O|  |TAMS 0x0000000082000000, 0x0000000081f00000| Untracked 
|  32|0x0000000082000000, 0x0000000082100000, 0x0000000082100000|100%| O|  |TAMS 0x00000000820fc800, 0x0000000082000000| Untracked 
|  33|0x0000000082100000, 0x0000000082200000, 0x0000000082200000|100%|HS|  |TAMS 0x0000000082100000, 0x0000000082100000| Complete 
|  34|0x0000000082200000, 0x0000000082300000, 0x0000000082300000|100%|HC|  |TAMS 0x0000000082200000, 0x0000000082200000| Complete 
|  35|0x0000000082300000, 0x0000000082400000, 0x0000000082400000|100%|HC|  |TAMS 0x0000000082300000, 0x0000000082300000| Complete 
|  36|0x0000000082400000, 0x0000000082500000, 0x0000000082500000|100%|HC|  |TAMS 0x0000000082400000, 0x0000000082400000| Complete 
|  37|0x0000000082500000, 0x0000000082600000, 0x0000000082600000|100%|HC|  |TAMS 0x0000000082500000, 0x0000000082500000| Complete 
|  38|0x0000000082600000, 0x0000000082700000, 0x0000000082700000|100%|HS|  |TAMS 0x0000000082600000, 0x0000000082600000| Complete 
|  39|0x0000000082700000, 0x0000000082800000, 0x0000000082800000|100%|HC|  |TAMS 0x0000000082700000, 0x0000000082700000| Complete 
|  40|0x0000000082800000, 0x0000000082900000, 0x0000000082900000|100%|HC|  |TAMS 0x0000000082800000, 0x0000000082800000| Complete 
|  41|0x0000000082900000, 0x0000000082a00000, 0x0000000082a00000|100%| O|  |TAMS 0x0000000082900000, 0x0000000082900000| Untracked 
|  42|0x0000000082a00000, 0x0000000082b00000, 0x0000000082b00000|100%| O|  |TAMS 0x0000000082a00000, 0x0000000082a00000| Untracked 
|  43|0x0000000082b00000, 0x0000000082c00000, 0x0000000082c00000|100%| O|  |TAMS 0x0000000082b00000, 0x0000000082b00000| Untracked 
|  44|0x0000000082c00000, 0x0000000082d00000, 0x0000000082d00000|100%| O|  |TAMS 0x0000000082c00000, 0x0000000082c00000| Untracked 
|  45|0x0000000082d00000, 0x0000000082e00000, 0x0000000082e00000|100%| O|  |TAMS 0x0000000082d00000, 0x0000000082d00000| Untracked 
|  46|0x0000000082e00000, 0x0000000082f00000, 0x0000000082f00000|100%| O|  |TAMS 0x0000000082e00000, 0x0000000082e00000| Untracked 
|  47|0x0000000082f00000, 0x0000000083000000, 0x0000000083000000|100%| O|  |TAMS 0x0000000082f00000, 0x0000000082f00000| Untracked 
|  48|0x0000000083000000, 0x0000000083100000, 0x0000000083100000|100%| O|  |TAMS 0x0000000083000000, 0x0000000083000000| Untracked 
|  49|0x0000000083100000, 0x0000000083200000, 0x0000000083200000|100%| O|  |TAMS 0x0000000083100000, 0x0000000083100000| Untracked 
|  50|0x0000000083200000, 0x0000000083300000, 0x0000000083300000|100%| O|  |TAMS 0x0000000083200000, 0x0000000083200000| Untracked 
|  51|0x0000000083300000, 0x0000000083400000, 0x0000000083400000|100%|HS|  |TAMS 0x0000000083300000, 0x0000000083300000| Complete 
|  52|0x0000000083400000, 0x0000000083500000, 0x0000000083500000|100%|HS|  |TAMS 0x0000000083400000, 0x0000000083400000| Complete 
|  53|0x0000000083500000, 0x0000000083600000, 0x0000000083600000|100%|HS|  |TAMS 0x0000000083500000, 0x0000000083500000| Complete 
|  54|0x0000000083600000, 0x0000000083700000, 0x0000000083700000|100%|HS|  |TAMS 0x0000000083600000, 0x0000000083600000| Complete 
|  55|0x0000000083700000, 0x0000000083800000, 0x0000000083800000|100%|HC|  |TAMS 0x0000000083700000, 0x0000000083700000| Complete 
|  56|0x0000000083800000, 0x0000000083900000, 0x0000000083900000|100%|HC|  |TAMS 0x0000000083800000, 0x0000000083800000| Complete 
|  57|0x0000000083900000, 0x0000000083a00000, 0x0000000083a00000|100%|HS|  |TAMS 0x0000000083900000, 0x0000000083900000| Complete 
|  58|0x0000000083a00000, 0x0000000083b00000, 0x0000000083b00000|100%|HC|  |TAMS 0x0000000083a00000, 0x0000000083a00000| Complete 
|  59|0x0000000083b00000, 0x0000000083c00000, 0x0000000083c00000|100%| O|  |TAMS 0x0000000083b00000, 0x0000000083b00000| Untracked 
|  60|0x0000000083c00000, 0x0000000083d00000, 0x0000000083d00000|100%| O|  |TAMS 0x0000000083c00000, 0x0000000083c00000| Untracked 
|  61|0x0000000083d00000, 0x0000000083e00000, 0x0000000083e00000|100%| O|  |TAMS 0x0000000083d00000, 0x0000000083d00000| Untracked 
|  62|0x0000000083e00000, 0x0000000083f00000, 0x0000000083f00000|100%| O|  |TAMS 0x0000000083e00000, 0x0000000083e00000| Untracked 
|  63|0x0000000083f00000, 0x0000000084000000, 0x0000000084000000|100%| O|  |TAMS 0x0000000083f00000, 0x0000000083f00000| Untracked 
|  64|0x0000000084000000, 0x0000000084100000, 0x0000000084100000|100%| O|  |TAMS 0x0000000084000000, 0x0000000084000000| Untracked 
|  65|0x0000000084100000, 0x0000000084200000, 0x0000000084200000|100%| O|  |TAMS 0x0000000084100000, 0x0000000084100000| Untracked 
|  66|0x0000000084200000, 0x0000000084300000, 0x0000000084300000|100%| O|  |TAMS 0x0000000084200000, 0x0000000084200000| Untracked 
|  67|0x0000000084300000, 0x0000000084400000, 0x0000000084400000|100%| O|  |TAMS 0x0000000084300000, 0x0000000084300000| Untracked 
|  68|0x0000000084400000, 0x0000000084500000, 0x0000000084500000|100%| O|  |TAMS 0x0000000084400000, 0x0000000084400000| Untracked 
|  69|0x0000000084500000, 0x0000000084600000, 0x0000000084600000|100%| O|  |TAMS 0x0000000084500000, 0x0000000084500000| Untracked 
|  70|0x0000000084600000, 0x0000000084700000, 0x0000000084700000|100%| O|  |TAMS 0x0000000084600000, 0x0000000084600000| Untracked 
|  71|0x0000000084700000, 0x0000000084800000, 0x0000000084800000|100%| O|  |TAMS 0x0000000084700000, 0x0000000084700000| Untracked 
|  72|0x0000000084800000, 0x0000000084900000, 0x0000000084900000|100%| O|  |TAMS 0x0000000084800000, 0x0000000084800000| Untracked 
|  73|0x0000000084900000, 0x0000000084a00000, 0x0000000084a00000|100%| O|  |TAMS 0x0000000084900000, 0x0000000084900000| Untracked 
|  74|0x0000000084a00000, 0x0000000084a95400, 0x0000000084b00000| 58%| O|  |TAMS 0x0000000084a00000, 0x0000000084a00000| Untracked 
|  75|0x0000000084b00000, 0x0000000084b00000, 0x0000000084c00000|  0%| F|  |TAMS 0x0000000084b00000, 0x0000000084b00000| Untracked 
|  76|0x0000000084c00000, 0x0000000084c00000, 0x0000000084d00000|  0%| F|  |TAMS 0x0000000084c00000, 0x0000000084c00000| Untracked 
|  77|0x0000000084d00000, 0x0000000084d00000, 0x0000000084e00000|  0%| F|  |TAMS 0x0000000084d00000, 0x0000000084d00000| Untracked 
|  78|0x0000000084e00000, 0x0000000084e00000, 0x0000000084f00000|  0%| F|  |TAMS 0x0000000084e00000, 0x0000000084e00000| Untracked 
|  79|0x0000000084f00000, 0x0000000084f00000, 0x0000000085000000|  0%| F|  |TAMS 0x0000000084f00000, 0x0000000084f00000| Untracked 
|  80|0x0000000085000000, 0x0000000085000000, 0x0000000085100000|  0%| F|  |TAMS 0x0000000085000000, 0x0000000085000000| Untracked 
|  81|0x0000000085100000, 0x0000000085100000, 0x0000000085200000|  0%| F|  |TAMS 0x0000000085100000, 0x0000000085100000| Untracked 
|  82|0x0000000085200000, 0x0000000085200000, 0x0000000085300000|  0%| F|  |TAMS 0x0000000085200000, 0x0000000085200000| Untracked 
|  83|0x0000000085300000, 0x0000000085300000, 0x0000000085400000|  0%| F|  |TAMS 0x0000000085300000, 0x0000000085300000| Untracked 
|  84|0x0000000085400000, 0x0000000085400000, 0x0000000085500000|  0%| F|  |TAMS 0x0000000085400000, 0x0000000085400000| Untracked 
|  85|0x0000000085500000, 0x0000000085500000, 0x0000000085600000|  0%| F|  |TAMS 0x0000000085500000, 0x0000000085500000| Untracked 
|  86|0x0000000085600000, 0x0000000085600000, 0x0000000085700000|  0%| F|  |TAMS 0x0000000085600000, 0x0000000085600000| Untracked 
|  87|0x0000000085700000, 0x0000000085700000, 0x0000000085800000|  0%| F|  |TAMS 0x0000000085700000, 0x0000000085700000| Untracked 
|  88|0x0000000085800000, 0x0000000085800000, 0x0000000085900000|  0%| F|  |TAMS 0x0000000085800000, 0x0000000085800000| Untracked 
|  89|0x0000000085900000, 0x0000000085900000, 0x0000000085a00000|  0%| F|  |TAMS 0x0000000085900000, 0x0000000085900000| Untracked 
|  90|0x0000000085a00000, 0x0000000085a00000, 0x0000000085b00000|  0%| F|  |TAMS 0x0000000085a00000, 0x0000000085a00000| Untracked 
|  91|0x0000000085b00000, 0x0000000085b00000, 0x0000000085c00000|  0%| F|  |TAMS 0x0000000085b00000, 0x0000000085b00000| Untracked 
|  92|0x0000000085c00000, 0x0000000085c00000, 0x0000000085d00000|  0%| F|  |TAMS 0x0000000085c00000, 0x0000000085c00000| Untracked 
|  93|0x0000000085d00000, 0x0000000085d00000, 0x0000000085e00000|  0%| F|  |TAMS 0x0000000085d00000, 0x0000000085d00000| Untracked 
|  94|0x0000000085e00000, 0x0000000085e00000, 0x0000000085f00000|  0%| F|  |TAMS 0x0000000085e00000, 0x0000000085e00000| Untracked 
|  95|0x0000000085f00000, 0x0000000085f00000, 0x0000000086000000|  0%| F|  |TAMS 0x0000000085f00000, 0x0000000085f00000| Untracked 
|  96|0x0000000086000000, 0x0000000086000000, 0x0000000086100000|  0%| F|  |TAMS 0x0000000086000000, 0x0000000086000000| Untracked 
|  97|0x0000000086100000, 0x0000000086100000, 0x0000000086200000|  0%| F|  |TAMS 0x0000000086100000, 0x0000000086100000| Untracked 
|  98|0x0000000086200000, 0x0000000086200000, 0x0000000086300000|  0%| F|  |TAMS 0x0000000086200000, 0x0000000086200000| Untracked 
|  99|0x0000000086300000, 0x0000000086300000, 0x0000000086400000|  0%| F|  |TAMS 0x0000000086300000, 0x0000000086300000| Untracked 
| 100|0x0000000086400000, 0x0000000086400000, 0x0000000086500000|  0%| F|  |TAMS 0x0000000086400000, 0x0000000086400000| Untracked 
| 101|0x0000000086500000, 0x0000000086500000, 0x0000000086600000|  0%| F|  |TAMS 0x0000000086500000, 0x0000000086500000| Untracked 
| 102|0x0000000086600000, 0x0000000086600000, 0x0000000086700000|  0%| F|  |TAMS 0x0000000086600000, 0x0000000086600000| Untracked 
| 103|0x0000000086700000, 0x0000000086700000, 0x0000000086800000|  0%| F|  |TAMS 0x0000000086700000, 0x0000000086700000| Untracked 
| 104|0x0000000086800000, 0x0000000086800000, 0x0000000086900000|  0%| F|  |TAMS 0x0000000086800000, 0x0000000086800000| Untracked 
| 105|0x0000000086900000, 0x0000000086900000, 0x0000000086a00000|  0%| F|  |TAMS 0x0000000086900000, 0x0000000086900000| Untracked 
| 106|0x0000000086a00000, 0x0000000086a00000, 0x0000000086b00000|  0%| F|  |TAMS 0x0000000086a00000, 0x0000000086a00000| Untracked 
| 107|0x0000000086b00000, 0x0000000086b00000, 0x0000000086c00000|  0%| F|  |TAMS 0x0000000086b00000, 0x0000000086b00000| Untracked 
| 108|0x0000000086c00000, 0x0000000086ca1130, 0x0000000086d00000| 62%| S|CS|TAMS 0x0000000086c00000, 0x0000000086c00000| Complete 
| 109|0x0000000086d00000, 0x0000000086e00000, 0x0000000086e00000|100%| S|CS|TAMS 0x0000000086d00000, 0x0000000086d00000| Complete 
| 110|0x0000000086e00000, 0x0000000086f00000, 0x0000000086f00000|100%| S|CS|TAMS 0x0000000086e00000, 0x0000000086e00000| Complete 
| 111|0x0000000086f00000, 0x0000000086f00000, 0x0000000087000000|  0%| F|  |TAMS 0x0000000086f00000, 0x0000000086f00000| Untracked 
| 112|0x0000000087000000, 0x0000000087000000, 0x0000000087100000|  0%| F|  |TAMS 0x0000000087000000, 0x0000000087000000| Untracked 
| 113|0x0000000087100000, 0x0000000087100000, 0x0000000087200000|  0%| F|  |TAMS 0x0000000087100000, 0x0000000087100000| Untracked 
| 114|0x0000000087200000, 0x0000000087200000, 0x0000000087300000|  0%| F|  |TAMS 0x0000000087200000, 0x0000000087200000| Untracked 
| 115|0x0000000087300000, 0x0000000087300000, 0x0000000087400000|  0%| F|  |TAMS 0x0000000087300000, 0x0000000087300000| Untracked 
| 116|0x0000000087400000, 0x0000000087400000, 0x0000000087500000|  0%| F|  |TAMS 0x0000000087400000, 0x0000000087400000| Untracked 
| 117|0x0000000087500000, 0x0000000087500000, 0x0000000087600000|  0%| F|  |TAMS 0x0000000087500000, 0x0000000087500000| Untracked 
| 118|0x0000000087600000, 0x0000000087600000, 0x0000000087700000|  0%| F|  |TAMS 0x0000000087600000, 0x0000000087600000| Untracked 
| 119|0x0000000087700000, 0x0000000087700000, 0x0000000087800000|  0%| F|  |TAMS 0x0000000087700000, 0x0000000087700000| Untracked 
| 120|0x0000000087800000, 0x0000000087800000, 0x0000000087900000|  0%| F|  |TAMS 0x0000000087800000, 0x0000000087800000| Untracked 
| 121|0x0000000087900000, 0x0000000087900000, 0x0000000087a00000|  0%| F|  |TAMS 0x0000000087900000, 0x0000000087900000| Untracked 
| 122|0x0000000087a00000, 0x0000000087a00000, 0x0000000087b00000|  0%| F|  |TAMS 0x0000000087a00000, 0x0000000087a00000| Untracked 
| 123|0x0000000087b00000, 0x0000000087b00000, 0x0000000087c00000|  0%| F|  |TAMS 0x0000000087b00000, 0x0000000087b00000| Untracked 
| 124|0x0000000087c00000, 0x0000000087c00000, 0x0000000087d00000|  0%| F|  |TAMS 0x0000000087c00000, 0x0000000087c00000| Untracked 
| 125|0x0000000087d00000, 0x0000000087d00000, 0x0000000087e00000|  0%| F|  |TAMS 0x0000000087d00000, 0x0000000087d00000| Untracked 
| 126|0x0000000087e00000, 0x0000000087e00000, 0x0000000087f00000|  0%| F|  |TAMS 0x0000000087e00000, 0x0000000087e00000| Untracked 
| 127|0x0000000087f00000, 0x0000000087f00000, 0x0000000088000000|  0%| F|  |TAMS 0x0000000087f00000, 0x0000000087f00000| Untracked 
| 128|0x0000000088000000, 0x0000000088000000, 0x0000000088100000|  0%| F|  |TAMS 0x0000000088000000, 0x0000000088000000| Untracked 
| 129|0x0000000088100000, 0x0000000088100000, 0x0000000088200000|  0%| F|  |TAMS 0x0000000088100000, 0x0000000088100000| Untracked 
| 130|0x0000000088200000, 0x0000000088200000, 0x0000000088300000|  0%| F|  |TAMS 0x0000000088200000, 0x0000000088200000| Untracked 
| 131|0x0000000088300000, 0x0000000088300000, 0x0000000088400000|  0%| F|  |TAMS 0x0000000088300000, 0x0000000088300000| Untracked 
| 132|0x0000000088400000, 0x0000000088400000, 0x0000000088500000|  0%| F|  |TAMS 0x0000000088400000, 0x0000000088400000| Untracked 
| 133|0x0000000088500000, 0x0000000088600000, 0x0000000088600000|100%| E|  |TAMS 0x0000000088500000, 0x0000000088500000| Complete 
| 134|0x0000000088600000, 0x0000000088700000, 0x0000000088700000|100%| E|CS|TAMS 0x0000000088600000, 0x0000000088600000| Complete 
| 135|0x0000000088700000, 0x0000000088800000, 0x0000000088800000|100%| E|CS|TAMS 0x0000000088700000, 0x0000000088700000| Complete 
| 136|0x0000000088800000, 0x0000000088900000, 0x0000000088900000|100%| E|CS|TAMS 0x0000000088800000, 0x0000000088800000| Complete 
| 137|0x0000000088900000, 0x0000000088a00000, 0x0000000088a00000|100%| E|CS|TAMS 0x0000000088900000, 0x0000000088900000| Complete 
| 138|0x0000000088a00000, 0x0000000088b00000, 0x0000000088b00000|100%| E|CS|TAMS 0x0000000088a00000, 0x0000000088a00000| Complete 
| 139|0x0000000088b00000, 0x0000000088c00000, 0x0000000088c00000|100%| E|CS|TAMS 0x0000000088b00000, 0x0000000088b00000| Complete 
| 140|0x0000000088c00000, 0x0000000088d00000, 0x0000000088d00000|100%| E|CS|TAMS 0x0000000088c00000, 0x0000000088c00000| Complete 
| 141|0x0000000088d00000, 0x0000000088e00000, 0x0000000088e00000|100%| E|CS|TAMS 0x0000000088d00000, 0x0000000088d00000| Complete 
| 142|0x0000000088e00000, 0x0000000088f00000, 0x0000000088f00000|100%| E|CS|TAMS 0x0000000088e00000, 0x0000000088e00000| Complete 
| 143|0x0000000088f00000, 0x0000000089000000, 0x0000000089000000|100%| E|CS|TAMS 0x0000000088f00000, 0x0000000088f00000| Complete 
| 144|0x0000000089000000, 0x0000000089100000, 0x0000000089100000|100%| E|CS|TAMS 0x0000000089000000, 0x0000000089000000| Complete 
| 145|0x0000000089100000, 0x0000000089200000, 0x0000000089200000|100%| E|CS|TAMS 0x0000000089100000, 0x0000000089100000| Complete 
| 146|0x0000000089200000, 0x0000000089300000, 0x0000000089300000|100%| E|CS|TAMS 0x0000000089200000, 0x0000000089200000| Complete 
| 147|0x0000000089300000, 0x0000000089400000, 0x0000000089400000|100%| E|CS|TAMS 0x0000000089300000, 0x0000000089300000| Complete 
| 148|0x0000000089400000, 0x0000000089500000, 0x0000000089500000|100%| E|CS|TAMS 0x0000000089400000, 0x0000000089400000| Complete 
| 149|0x0000000089500000, 0x0000000089600000, 0x0000000089600000|100%| E|CS|TAMS 0x0000000089500000, 0x0000000089500000| Complete 
| 150|0x0000000089600000, 0x0000000089700000, 0x0000000089700000|100%| E|CS|TAMS 0x0000000089600000, 0x0000000089600000| Complete 
| 151|0x0000000089700000, 0x0000000089800000, 0x0000000089800000|100%| E|CS|TAMS 0x0000000089700000, 0x0000000089700000| Complete 
| 152|0x0000000089800000, 0x0000000089900000, 0x0000000089900000|100%| E|CS|TAMS 0x0000000089800000, 0x0000000089800000| Complete 
| 153|0x0000000089900000, 0x0000000089a00000, 0x0000000089a00000|100%| E|CS|TAMS 0x0000000089900000, 0x0000000089900000| Complete 

Card table byte_map: [0x000001ad231c0000,0x000001ad235c0000] _byte_map_base: 0x000001ad22dc0000

Marking Bits (Prev, Next): (CMBitMap*) 0x000001ad0df0e940, (CMBitMap*) 0x000001ad0df0e908
 Prev Bits: [0x000001ad259c0000, 0x000001ad279c0000)
 Next Bits: [0x000001ad239c0000, 0x000001ad259c0000)

Polling page: 0x000001ad0df10000

Metaspace:

Usage:
  Non-class:     52.90 MB capacity,    51.84 MB ( 98%) used,   931.10 KB (  2%) free+waste,   160.94 KB ( <1%) overhead. 
      Class:      8.22 MB capacity,     7.64 MB ( 93%) used,   510.03 KB (  6%) free+waste,    76.81 KB ( <1%) overhead. 
       Both:     61.12 MB capacity,    59.48 MB ( 97%) used,     1.41 MB (  2%) free+waste,   237.75 KB ( <1%) overhead. 

Virtual space:
  Non-class space:       54.00 MB reserved,      53.00 MB ( 98%) committed 
      Class space:        1.00 GB reserved,       8.25 MB ( <1%) committed 
             Both:        1.05 GB reserved,      61.25 MB (  6%) committed 

Chunk freelists:
   Non-Class:  36.00 KB
       Class:  2.00 KB
        Both:  38.00 KB

MaxMetaspaceSize: 17179869184.00 GB
CompressedClassSpaceSize: 1.00 GB

CodeHeap 'non-profiled nmethods': size=120000Kb used=3837Kb max_used=3837Kb free=116162Kb
 bounds [0x000001ad1b560000, 0x000001ad1b920000, 0x000001ad22a90000]
CodeHeap 'profiled nmethods': size=120000Kb used=13148Kb max_used=13148Kb free=106851Kb
 bounds [0x000001ad14030000, 0x000001ad14d10000, 0x000001ad1b560000]
CodeHeap 'non-nmethods': size=5760Kb used=2250Kb max_used=2286Kb free=3509Kb
 bounds [0x000001ad13a90000, 0x000001ad13d00000, 0x000001ad14030000]
 total_blobs=7280 nmethods=6442 adapters=749
 compilation: enabled
              stopped_count=0, restarted_count=0
 full_count=0

Compilation events (20 events):
Event: 10.966 Thread 0x000001ad2d9ed000 nmethod 6449 0x000001ad1b913490 code [0x000001ad1b913660, 0x000001ad1b913f18]
Event: 10.966 Thread 0x000001ad2d9ed000 6456       4       org.objectweb.asm.MethodWriter::visitVarInsn (302 bytes)
Event: 10.972 Thread 0x000001ad2d9ed000 nmethod 6456 0x000001ad1b914310 code [0x000001ad1b914500, 0x000001ad1b914aa8]
Event: 10.972 Thread 0x000001ad2d9ed000 6457       4       org.objectweb.asm.Label::<init> (5 bytes)
Event: 10.973 Thread 0x000001ad2d9ed000 nmethod 6457 0x000001ad1b914f10 code [0x000001ad1b9150a0, 0x000001ad1b9150f8]
Event: 10.976 Thread 0x000001ad2d9ed000 6463  s    4       java.io.DataOutputStream::write (16 bytes)
Event: 10.978 Thread 0x000001ad2d9ed000 nmethod 6463 0x000001ad1b915410 code [0x000001ad1b9155a0, 0x000001ad1b9158d8]
Event: 10.993 Thread 0x000001ad2ddd8800 nmethod 6254 0x000001ad1b915a10 code [0x000001ad1b915dc0, 0x000001ad1b91be00]
Event: 11.002 Thread 0x000001ad2a430000 6464       3       sun.reflect.annotation.AnnotationParser::parseMemberValue (162 bytes)
Event: 11.003 Thread 0x000001ad2d9ed000 6467       4       org.objectweb.asm.ByteVector::putInt (74 bytes)
Event: 11.003 Thread 0x000001ad2a430000 nmethod 6464 0x000001ad14d02c10 code [0x000001ad14d02f60, 0x000001ad14d041d8]
Event: 11.003 Thread 0x000001ad2a430000 6465       3       java.util.regex.Pattern$TreeInfo::<init> (9 bytes)
Event: 11.003 Thread 0x000001ad2a430000 nmethod 6465 0x000001ad14d04810 code [0x000001ad14d049c0, 0x000001ad14d04b98]
Event: 11.003 Thread 0x000001ad2a430000 6466       1       org.gradle.internal.instantiation.generator.AbstractClassGenerator$MethodMetadata::getGenericReturnType (5 bytes)
Event: 11.003 Thread 0x000001ad2a430000 nmethod 6466 0x000001ad1b91ed10 code [0x000001ad1b91eec0, 0x000001ad1b91ef78]
Event: 11.005 Thread 0x000001ad2d9ed000 nmethod 6467 0x000001ad1b91f010 code [0x000001ad1b91f1c0, 0x000001ad1b91f368]
Event: 11.015 Thread 0x000001ad2a430000 6468       3       com.google.common.collect.ImmutableMap$Builder::build (21 bytes)
Event: 11.016 Thread 0x000001ad2a430000 nmethod 6468 0x000001ad14d04c90 code [0x000001ad14d04e60, 0x000001ad14d05058]
Event: 11.016 Thread 0x000001ad2a430000 6469       3       com.google.common.collect.ImmutableMap$Builder::sortEntries (156 bytes)
Event: 11.017 Thread 0x000001ad2a430000 nmethod 6469 0x000001ad14d05110 code [0x000001ad14d05440, 0x000001ad14d06bd8]

GC Heap History (20 events):
Event: 2.303 GC heap before
{Heap before GC invocations=2 (full 0):
 garbage-first heap   total 131072K, used 36659K [0x0000000080000000, 0x0000000100000000)
  region size 1024K, 32 young (32768K), 10 survivors (10240K)
 Metaspace       used 20612K, capacity 21117K, committed 21248K, reserved 1067008K
  class space    used 2514K, capacity 2731K, committed 2816K, reserved 1048576K
}
Event: 2.310 GC heap after
{Heap after GC invocations=3 (full 0):
 garbage-first heap   total 131072K, used 17473K [0x0000000080000000, 0x0000000100000000)
  region size 1024K, 1 young (1024K), 1 survivors (1024K)
 Metaspace       used 20612K, capacity 21117K, committed 21248K, reserved 1067008K
  class space    used 2514K, capacity 2731K, committed 2816K, reserved 1048576K
}
Event: 2.831 GC heap before
{Heap before GC invocations=4 (full 0):
 garbage-first heap   total 131072K, used 67649K [0x0000000080000000, 0x0000000100000000)
  region size 1024K, 50 young (51200K), 1 survivors (1024K)
 Metaspace       used 25963K, capacity 26567K, committed 26752K, reserved 1073152K
  class space    used 3398K, capacity 3638K, committed 3712K, reserved 1048576K
}
Event: 2.834 GC heap after
{Heap after GC invocations=5 (full 0):
 garbage-first heap   total 131072K, used 19154K [0x0000000080000000, 0x0000000100000000)
  region size 1024K, 3 young (3072K), 3 survivors (3072K)
 Metaspace       used 25963K, capacity 26567K, committed 26752K, reserved 1073152K
  class space    used 3398K, capacity 3638K, committed 3712K, reserved 1048576K
}
Event: 3.971 GC heap before
{Heap before GC invocations=5 (full 0):
 garbage-first heap   total 131072K, used 84690K [0x0000000080000000, 0x0000000100000000)
  region size 1024K, 57 young (58368K), 3 survivors (3072K)
 Metaspace       used 31239K, capacity 32115K, committed 32256K, reserved 1077248K
  class space    used 4206K, capacity 4526K, committed 4608K, reserved 1048576K
}
Event: 3.976 GC heap after
{Heap after GC invocations=6 (full 0):
 garbage-first heap   total 131072K, used 33830K [0x0000000080000000, 0x0000000100000000)
  region size 1024K, 7 young (7168K), 7 survivors (7168K)
 Metaspace       used 31239K, capacity 32115K, committed 32256K, reserved 1077248K
  class space    used 4206K, capacity 4526K, committed 4608K, reserved 1048576K
}
Event: 4.458 GC heap before
{Heap before GC invocations=6 (full 0):
 garbage-first heap   total 131072K, used 46118K [0x0000000080000000, 0x0000000100000000)
  region size 1024K, 20 young (20480K), 7 survivors (7168K)
 Metaspace       used 34830K, capacity 35726K, committed 35840K, reserved 1081344K
  class space    used 4549K, capacity 4899K, committed 4992K, reserved 1048576K
}
Event: 4.470 GC heap after
{Heap after GC invocations=7 (full 0):
 garbage-first heap   total 131072K, used 36220K [0x0000000080000000, 0x0000000100000000)
  region size 1024K, 3 young (3072K), 3 survivors (3072K)
 Metaspace       used 34830K, capacity 35726K, committed 35840K, reserved 1081344K
  class space    used 4549K, capacity 4899K, committed 4992K, reserved 1048576K
}
Event: 6.083 GC heap before
{Heap before GC invocations=8 (full 0):
 garbage-first heap   total 131072K, used 81276K [0x0000000080000000, 0x0000000100000000)
  region size 1024K, 45 young (46080K), 3 survivors (3072K)
 Metaspace       used 39380K, capacity 40343K, committed 40448K, reserved 1085440K
  class space    used 5019K, capacity 5368K, committed 5376K, reserved 1048576K
}
Event: 6.097 GC heap after
{Heap after GC invocations=9 (full 0):
 garbage-first heap   total 131072K, used 39489K [0x0000000080000000, 0x0000000100000000)
  region size 1024K, 6 young (6144K), 6 survivors (6144K)
 Metaspace       used 39380K, capacity 40343K, committed 40448K, reserved 1085440K
  class space    used 5019K, capacity 5368K, committed 5376K, reserved 1048576K
}
Event: 7.619 GC heap before
{Heap before GC invocations=10 (full 0):
 garbage-first heap   total 131072K, used 91713K [0x0000000080000000, 0x0000000100000000)
  region size 1024K, 50 young (51200K), 6 survivors (6144K)
 Metaspace       used 42496K, capacity 43717K, committed 43904K, reserved 1087488K
  class space    used 5468K, capacity 5912K, committed 6016K, reserved 1048576K
}
Event: 7.630 GC heap after
{Heap after GC invocations=11 (full 0):
 garbage-first heap   total 157696K, used 51729K [0x0000000080000000, 0x0000000100000000)
  region size 1024K, 7 young (7168K), 7 survivors (7168K)
 Metaspace       used 42496K, capacity 43717K, committed 43904K, reserved 1087488K
  class space    used 5468K, capacity 5912K, committed 6016K, reserved 1048576K
}
Event: 8.391 GC heap before
{Heap before GC invocations=11 (full 0):
 garbage-first heap   total 157696K, used 104977K [0x0000000080000000, 0x0000000100000000)
  region size 1024K, 59 young (60416K), 7 survivors (7168K)
 Metaspace       used 46097K, capacity 47381K, committed 47616K, reserved 1091584K
  class space    used 5866K, capacity 6299K, committed 6400K, reserved 1048576K
}
Event: 8.401 GC heap after
{Heap after GC invocations=12 (full 0):
 garbage-first heap   total 157696K, used 55728K [0x0000000080000000, 0x0000000100000000)
  region size 1024K, 8 young (8192K), 8 survivors (8192K)
 Metaspace       used 46097K, capacity 47381K, committed 47616K, reserved 1091584K
  class space    used 5866K, capacity 6299K, committed 6400K, reserved 1048576K
}
Event: 9.248 GC heap before
{Heap before GC invocations=12 (full 0):
 garbage-first heap   total 157696K, used 108976K [0x0000000080000000, 0x0000000100000000)
  region size 1024K, 60 young (61440K), 8 survivors (8192K)
 Metaspace       used 49365K, capacity 50885K, committed 51200K, reserved 1093632K
  class space    used 6328K, capacity 6824K, committed 6912K, reserved 1048576K
}
Event: 9.256 GC heap after
{Heap after GC invocations=13 (full 0):
 garbage-first heap   total 157696K, used 58294K [0x0000000080000000, 0x0000000100000000)
  region size 1024K, 7 young (7168K), 7 survivors (7168K)
 Metaspace       used 49365K, capacity 50885K, committed 51200K, reserved 1093632K
  class space    used 6328K, capacity 6824K, committed 6912K, reserved 1048576K
}
Event: 10.041 GC heap before
{Heap before GC invocations=13 (full 0):
 garbage-first heap   total 157696K, used 119734K [0x0000000080000000, 0x0000000100000000)
  region size 1024K, 60 young (61440K), 7 survivors (7168K)
 Metaspace       used 52643K, capacity 54166K, committed 54272K, reserved 1095680K
  class space    used 6837K, capacity 7338K, committed 7424K, reserved 1048576K
}
Event: 10.052 GC heap after
{Heap after GC invocations=14 (full 0):
 garbage-first heap   total 157696K, used 75776K [0x0000000080000000, 0x0000000100000000)
  region size 1024K, 8 young (8192K), 8 survivors (8192K)
 Metaspace       used 52643K, capacity 54166K, committed 54272K, reserved 1095680K
  class space    used 6837K, capacity 7338K, committed 7424K, reserved 1048576K
}
Event: 10.694 GC heap before
{Heap before GC invocations=14 (full 0):
 garbage-first heap   total 157696K, used 119808K [0x0000000080000000, 0x0000000100000000)
  region size 1024K, 51 young (52224K), 8 survivors (8192K)
 Metaspace       used 57659K, capacity 59347K, committed 59520K, reserved 1101824K
  class space    used 7451K, capacity 8013K, committed 8064K, reserved 1048576K
}
Event: 10.702 GC heap after
{Heap after GC invocations=15 (full 0):
 garbage-first heap   total 157696K, used 79065K [0x0000000080000000, 0x0000000100000000)
  region size 1024K, 3 young (3072K), 3 survivors (3072K)
 Metaspace       used 57659K, capacity 59347K, committed 59520K, reserved 1101824K
  class space    used 7451K, capacity 8013K, committed 8064K, reserved 1048576K
}

Deoptimization events (20 events):
Event: 10.542 Thread 0x000001ad2cbe4800 DEOPT PACKING pc=0x000001ad1b6462f4 sp=0x000000726baf6780
Event: 10.542 Thread 0x000001ad2cbe4800 DEOPT UNPACKING pc=0x000001ad13ab78af sp=0x000000726baf6710 mode 2
Event: 10.562 Thread 0x000001ad2cbe4800 Uncommon trap: trap_request=0xffffff45 fr.pc=0x000001ad1b73ec84 relative=0x0000000000000d64
Event: 10.562 Thread 0x000001ad2cbe4800 Uncommon trap: reason=unstable_fused_if action=reinterpret pc=0x000001ad1b73ec84 method=org.objectweb.asm.ByteVector.putUTF8(Ljava/lang/String;)Lorg/objectweb/asm/ByteVector; @ 93 c2
Event: 10.562 Thread 0x000001ad2cbe4800 DEOPT PACKING pc=0x000001ad1b73ec84 sp=0x000000726baf8170
Event: 10.562 Thread 0x000001ad2cbe4800 DEOPT UNPACKING pc=0x000001ad13ab78af sp=0x000000726baf80c8 mode 2
Event: 10.585 Thread 0x000001ad2cbe4800 Uncommon trap: trap_request=0xffffff45 fr.pc=0x000001ad1b6a66f4 relative=0x0000000000000214
Event: 10.585 Thread 0x000001ad2cbe4800 Uncommon trap: reason=unstable_fused_if action=reinterpret pc=0x000001ad1b6a66f4 method=org.objectweb.asm.ByteVector.putUTF8(Ljava/lang/String;)Lorg/objectweb/asm/ByteVector; @ 93 c2
Event: 10.585 Thread 0x000001ad2cbe4800 DEOPT PACKING pc=0x000001ad1b6a66f4 sp=0x000000726baf84a0
Event: 10.585 Thread 0x000001ad2cbe4800 DEOPT UNPACKING pc=0x000001ad13ab78af sp=0x000000726baf8420 mode 2
Event: 10.702 Thread 0x000001ad2aee2800 Uncommon trap: trap_request=0xffffffde fr.pc=0x000001ad1b6b6dec relative=0x000000000000052c
Event: 10.702 Thread 0x000001ad2aee2800 Uncommon trap: reason=class_check action=maybe_recompile pc=0x000001ad1b6b6dec method=jdk.internal.ref.PhantomCleanable.clean()V @ 12 c2
Event: 10.702 Thread 0x000001ad2aee2800 DEOPT PACKING pc=0x000001ad1b6b6dec sp=0x000000726b0fed80
Event: 10.702 Thread 0x000001ad2aee2800 DEOPT UNPACKING pc=0x000001ad13ab78af sp=0x000000726b0fed60 mode 2
Event: 10.759 Thread 0x000001ad2cbe4800 Uncommon trap: trap_request=0xffffff4d fr.pc=0x000001ad1b6e4570 relative=0x0000000000000290
Event: 10.759 Thread 0x000001ad2cbe4800 Uncommon trap: reason=unstable_if action=reinterpret pc=0x000001ad1b6e4570 method=jdk.internal.org.objectweb.asm.Type.getArgumentsAndReturnSizes(Ljava/lang/String;)I @ 136 c2
Event: 10.759 Thread 0x000001ad2cbe4800 DEOPT PACKING pc=0x000001ad1b6e4570 sp=0x000000726baf5cc0
Event: 10.759 Thread 0x000001ad2cbe4800 DEOPT UNPACKING pc=0x000001ad13ab78af sp=0x000000726baf5c58 mode 2
Event: 10.764 Thread 0x000001ad2cbe4800 DEOPT PACKING pc=0x000001ad14ca1de1 sp=0x000000726baf5aa0
Event: 10.764 Thread 0x000001ad2cbe4800 DEOPT UNPACKING pc=0x000001ad13ab76ce sp=0x000000726baf4fe8 mode 0

Classes redefined (0 events):
No events

Internal exceptions (20 events):
Event: 9.615 Thread 0x000001ad2cbe4800 Exception <a 'java/lang/ClassNotFoundException'{0x0000000088255a88}: org/gradle/api/DefaultTaskBeanInfo> (0x0000000088255a88) thrown at [./src/hotspot/share/classfile/systemDictionary.cpp, line 231]
Event: 9.616 Thread 0x000001ad2cbe4800 Exception <a 'java/lang/ClassNotFoundException'{0x00000000882828e0}: org/gradle/api/internal/AbstractTaskBeanInfo> (0x00000000882828e0) thrown at [./src/hotspot/share/classfile/systemDictionary.cpp, line 231]
Event: 9.617 Thread 0x000001ad2cbe4800 Exception <a 'java/lang/ClassNotFoundException'{0x00000000882af488}: org/gradle/api/internal/AbstractTaskCustomizer> (0x00000000882af488) thrown at [./src/hotspot/share/classfile/systemDictionary.cpp, line 231]
Event: 9.620 Thread 0x000001ad2cbe4800 Exception <a 'java/lang/ClassNotFoundException'{0x0000000088120a18}: org/gradle/api/DefaultTaskCustomizer> (0x0000000088120a18) thrown at [./src/hotspot/share/classfile/systemDictionary.cpp, line 231]
Event: 9.622 Thread 0x000001ad2cbe4800 Exception <a 'java/lang/ClassNotFoundException'{0x00000000881a17c8}: org/gradle/api/internal/ConventionTaskCustomizer> (0x00000000881a17c8) thrown at [./src/hotspot/share/classfile/systemDictionary.cpp, line 231]
Event: 9.623 Thread 0x000001ad2cbe4800 Exception <a 'java/lang/ClassNotFoundException'{0x00000000881d9710}: org/gradle/api/tasks/DeleteCustomizer> (0x00000000881d9710) thrown at [./src/hotspot/share/classfile/systemDictionary.cpp, line 231]
Event: 9.625 Thread 0x000001ad2cbe4800 Exception <a 'java/lang/ClassNotFoundException'{0x0000000088018e60}: org/gradle/api/tasks/Delete_DecoratedCustomizer> (0x0000000088018e60) thrown at [./src/hotspot/share/classfile/systemDictionary.cpp, line 231]
Event: 9.676 Thread 0x000001ad2cbe4800 Exception <a 'java/lang/NoSuchMethodError'{0x0000000087fe8ce8}: 'void java.lang.invoke.DirectMethodHandle$Holder.invokeVirtual(java.lang.Object, java.lang.Object)'> (0x0000000087fe8ce8) thrown at [./src/hotspot/share/interpreter/linkResolver.cpp, line 773]
Event: 10.149 Thread 0x000001ad2cbe4800 Exception <a 'java/lang/NoSuchMethodError'{0x00000000892ae538}: 'void java.lang.invoke.DirectMethodHandle$Holder.invokeSpecialIFC(java.lang.Object, java.lang.Object, java.lang.Object)'> (0x00000000892ae538) thrown at [./src/hotspot/share/interpreter/linkResolver.cpp, line 773]
Event: 10.281 Thread 0x000001ad2cbe4800 Exception <a 'java/lang/NoSuchMethodError'{0x0000000088dab900}: 'int java.lang.invoke.DirectMethodHandle$Holder.invokeStatic(java.lang.Object, int, java.lang.Object, java.lang.Object)'> (0x0000000088dab900) thrown at [./src/hotspot/share/interpreter/linkResolver.cpp, line 773]
Event: 10.405 Thread 0x000001ad2cbe4800 Exception <a 'java/lang/ClassNotFoundException'{0x00000000887446b8}: build_8kezdhjg3jtbhr1rrc87rnqxmBeanInfo> (0x00000000887446b8) thrown at [./src/hotspot/share/classfile/systemDictionary.cpp, line 231]
Event: 10.406 Thread 0x000001ad2cbe4800 Exception <a 'java/lang/ClassNotFoundException'{0x000000008874f5e0}: build_8kezdhjg3jtbhr1rrc87rnqxmCustomizer> (0x000000008874f5e0) thrown at [./src/hotspot/share/classfile/systemDictionary.cpp, line 231]
Event: 10.415 Thread 0x000001ad2cbe4800 Exception <a 'java/lang/ClassNotFoundException'{0x00000000887d3d48}: org/gradle/plugin/use/internal/PluginRequestCollector$PluginDependenciesSpecImplBeanInfo> (0x00000000887d3d48) thrown at [./src/hotspot/share/classfile/systemDictionary.cpp, line 231]
Event: 10.415 Thread 0x000001ad2cbe4800 Exception <a 'java/lang/ClassNotFoundException'{0x00000000886021e8}: org/gradle/plugin/use/internal/PluginRequestCollector$PluginDependenciesSpecImplCustomizer> (0x00000000886021e8) thrown at [./src/hotspot/share/classfile/systemDictionary.cpp, line 231]
Event: 10.552 Thread 0x000001ad2cbe4800 Exception <a 'java/lang/NoSuchMethodError'{0x0000000087bf7a10}: 'java.lang.Object java.lang.invoke.DirectMethodHandle$Holder.invokeStatic(java.lang.Object, java.lang.Object, java.lang.Object, java.lang.Object, int)'> (0x0000000087bf7a10) thrown at [./src/hotspot/share/interpreter/linkResolver.cpp, line 773]
Event: 10.552 Thread 0x000001ad2cbe4800 Exception <a 'java/lang/NoSuchMethodError'{0x0000000087bfc408}: 'java.lang.Object java.lang.invoke.DirectMethodHandle$Holder.invokeSpecial(java.lang.Object, java.lang.Object, java.lang.Object, java.lang.Object, java.lang.Object, int)'> (0x0000000087bfc408) thrown at [./src/hotspot/share/interpreter/linkResolver.cpp, line 773]
Event: 10.552 Thread 0x000001ad2cbe4800 Exception <a 'java/lang/NoSuchMethodError'{0x0000000087a00f90}: 'java.lang.Object java.lang.invoke.Invokers$Holder.linkToTargetMethod(java.lang.Object, java.lang.Object, java.lang.Object, int, java.lang.Object)'> (0x0000000087a00f90) thrown at [./src/hotspot/share/interpreter/linkResolver.cpp, line 773]
Event: 10.757 Thread 0x000001ad2cbe4800 Exception <a 'java/lang/NoSuchMethodError'{0x000000008977dc90}: 'java.lang.Object java.lang.invoke.DirectMethodHandle$Holder.invokeSpecial(java.lang.Object, java.lang.Object, int, int, java.lang.Object, java.lang.Object, java.lang.Object)'> (0x000000008977dc90) thrown at [./src/hotspot/share/interpreter/linkResolver.cpp, line 773]
Event: 10.757 Thread 0x000001ad2cbe4800 Exception <a 'java/lang/NoSuchMethodError'{0x0000000089782480}: 'java.lang.Object java.lang.invoke.DelegatingMethodHandle$Holder.reinvoke_L(java.lang.Object, int, int, java.lang.Object, java.lang.Object, java.lang.Object)'> (0x0000000089782480) thrown at [./src/hotspot/share/interpreter/linkResolver.cpp, line 773]
Event: 10.973 Thread 0x000001ad2cbe4800 Exception <a 'java/lang/NoSuchMethodError'{0x0000000088b714b0}: 'int java.lang.invoke.DirectMethodHandle$Holder.invokeInterface(java.lang.Object, java.lang.Object, java.lang.Object, java.lang.Object)'> (0x0000000088b714b0) thrown at [./src/hotspot/share/interpreter/linkResolver.cpp, line 773]

Events (20 events):
Event: 11.014 loading class com/google/wireless/android/sdk/stats/GradleBuildProfileSpan$ExecutionType
Event: 11.014 loading class com/google/wireless/android/sdk/stats/GradleBuildProfileSpan$ExecutionType done
Event: 11.015 loading class com/android/builder/profile/Recorder$VoidBlock
Event: 11.015 loading class com/android/builder/profile/Recorder$VoidBlock done
Event: 11.015 loading class com/android/build/gradle/internal/profile/AnalyticsConfiguratorService$State
Event: 11.015 loading class com/android/build/gradle/internal/profile/AnalyticsConfiguratorService$State done
Event: 11.017 loading class com/google/wireless/android/sdk/stats/GradleBuildProfile
Event: 11.017 loading class com/google/wireless/android/sdk/stats/GradleBuildProfile done
Event: 11.018 loading class com/google/wireless/android/sdk/stats/GradleBuildProfileOrBuilder
Event: 11.018 loading class com/google/wireless/android/sdk/stats/GradleBuildProfileOrBuilder done
Event: 11.019 loading class com/google/protobuf/GeneratedMessageV3
Event: 11.019 loading class com/google/protobuf/GeneratedMessageV3 done
Event: 11.020 loading class com/google/protobuf/AbstractMessage
Event: 11.020 loading class com/google/protobuf/AbstractMessage done
Event: 11.020 loading class com/google/protobuf/Message
Event: 11.020 loading class com/google/protobuf/Message done
Event: 11.020 loading class com/google/protobuf/MessageLite
Event: 11.020 loading class com/google/protobuf/MessageLite done
Event: 11.021 loading class com/google/protobuf/AbstractMessageLite
Event: 11.021 loading class com/google/protobuf/AbstractMessageLite done


Dynamic libraries:
0x00007ff6ef6a0000 - 0x00007ff6ef6aa000 	C:\Program Files\Android\Android Studio\jre\bin\java.exe
0x00007ffd49130000 - 0x00007ffd49325000 	C:\WINDOWS\SYSTEM32\ntdll.dll
0x00007ffd48df0000 - 0x00007ffd48eae000 	C:\WINDOWS\System32\KERNEL32.DLL
0x00007ffd46c40000 - 0x00007ffd46f09000 	C:\WINDOWS\System32\KERNELBASE.dll
0x00007ffd468e0000 - 0x00007ffd469e0000 	C:\WINDOWS\System32\ucrtbase.dll
0x00007ffd3e8d0000 - 0x00007ffd3e8e9000 	C:\Program Files\Android\Android Studio\jre\bin\jli.dll
0x00007ffd415e0000 - 0x00007ffd415f7000 	C:\Program Files\Android\Android Studio\jre\bin\VCRUNTIME140.dll
0x00007ffd48c40000 - 0x00007ffd48de1000 	C:\WINDOWS\System32\USER32.dll
0x00007ffd30480000 - 0x00007ffd3071a000 	C:\WINDOWS\WinSxS\amd64_microsoft.windows.common-controls_6595b64144ccf1df_6.0.19041.1110_none_60b5254171f9507e\COMCTL32.dll
0x00007ffd47070000 - 0x00007ffd47092000 	C:\WINDOWS\System32\win32u.dll
0x00007ffd48350000 - 0x00007ffd483ee000 	C:\WINDOWS\System32\msvcrt.dll
0x00007ffd47d50000 - 0x00007ffd47d7b000 	C:\WINDOWS\System32\GDI32.dll
0x00007ffd46b30000 - 0x00007ffd46c3b000 	C:\WINDOWS\System32\gdi32full.dll
0x00007ffd469e0000 - 0x00007ffd46a7d000 	C:\WINDOWS\System32\msvcp_win.dll
0x00007ffd48f10000 - 0x00007ffd48f40000 	C:\WINDOWS\System32\IMM32.DLL
0x00007ffd0c1b0000 - 0x00007ffd0c24d000 	C:\Program Files\Android\Android Studio\jre\bin\msvcp140.dll
0x00007ffcd81d0000 - 0x00007ffcd8c9f000 	C:\Program Files\Android\Android Studio\jre\bin\server\jvm.dll
0x00007ffd48fc0000 - 0x00007ffd4906c000 	C:\WINDOWS\System32\ADVAPI32.dll
0x00007ffd485e0000 - 0x00007ffd4867b000 	C:\WINDOWS\System32\sechost.dll
0x00007ffd483f0000 - 0x00007ffd4851a000 	C:\WINDOWS\System32\RPCRT4.dll
0x00007ffd47600000 - 0x00007ffd47608000 	C:\WINDOWS\System32\PSAPI.DLL
0x00007ffd2f6d0000 - 0x00007ffd2f6f7000 	C:\WINDOWS\SYSTEM32\WINMM.dll
0x00007ffd40670000 - 0x00007ffd4067a000 	C:\WINDOWS\SYSTEM32\VERSION.dll
0x00007ffd2d8a0000 - 0x00007ffd2d8a9000 	C:\WINDOWS\SYSTEM32\WSOCK32.dll
0x00007ffd49070000 - 0x00007ffd490db000 	C:\WINDOWS\System32\WS2_32.dll
0x00007ffd45120000 - 0x00007ffd45132000 	C:\WINDOWS\SYSTEM32\kernel.appcore.dll
0x00007ffd262c0000 - 0x00007ffd262d1000 	C:\Program Files\Android\Android Studio\jre\bin\verify.dll
0x00007ffd44640000 - 0x00007ffd44824000 	C:\WINDOWS\SYSTEM32\DBGHELP.DLL
0x00007ffd35610000 - 0x00007ffd3563c000 	C:\WINDOWS\SYSTEM32\dbgcore.DLL
0x00007ffd46850000 - 0x00007ffd468d3000 	C:\WINDOWS\System32\bcryptPrimitives.dll
0x00007ffd26290000 - 0x00007ffd262b9000 	C:\Program Files\Android\Android Studio\jre\bin\java.dll
0x00007ffd26280000 - 0x00007ffd2628b000 	C:\Program Files\Android\Android Studio\jre\bin\jimage.dll
0x00007ffd26260000 - 0x00007ffd26278000 	C:\Program Files\Android\Android Studio\jre\bin\zip.dll
0x00007ffd47610000 - 0x00007ffd47d4f000 	C:\WINDOWS\System32\SHELL32.dll
0x00007ffd44830000 - 0x00007ffd44fc0000 	C:\WINDOWS\SYSTEM32\windows.storage.dll
0x00007ffd47ff0000 - 0x00007ffd48345000 	C:\WINDOWS\System32\combase.dll
0x00007ffd462a0000 - 0x00007ffd462cc000 	C:\WINDOWS\SYSTEM32\Wldp.dll
0x00007ffd47f40000 - 0x00007ffd47fed000 	C:\WINDOWS\System32\SHCORE.dll
0x00007ffd48520000 - 0x00007ffd48575000 	C:\WINDOWS\System32\shlwapi.dll
0x00007ffd46790000 - 0x00007ffd467af000 	C:\WINDOWS\SYSTEM32\profapi.dll
0x00007ffd26180000 - 0x00007ffd2619a000 	C:\Program Files\Android\Android Studio\jre\bin\net.dll
0x00007ffd3d190000 - 0x00007ffd3d298000 	C:\WINDOWS\SYSTEM32\WINHTTP.dll
0x00007ffd46000000 - 0x00007ffd4606a000 	C:\WINDOWS\system32\mswsock.dll
0x00007ffd26160000 - 0x00007ffd26174000 	C:\Program Files\Android\Android Studio\jre\bin\nio.dll
0x00007ffd3e8f0000 - 0x00007ffd3e917000 	C:\Users\muham\.gradle\native\8bec1ad78214c89d9ad589b4d07fe93259594b29d510b10fafb7a158f7737e5d\windows-amd64\native-platform.dll
0x00007ffcba5b0000 - 0x00007ffcba6ed000 	C:\Users\muham\.gradle\native\53dbd7edfb1c66fb8903c78663c9afc45aea4f116125fa6feffd364cf09443e8\windows-amd64\native-platform-file-events.dll
0x00007ffd165e0000 - 0x00007ffd165ea000 	C:\Program Files\Android\Android Studio\jre\bin\management.dll
0x00007ffd165d0000 - 0x00007ffd165dc000 	C:\Program Files\Android\Android Studio\jre\bin\management_ext.dll
0x00007ffd461f0000 - 0x00007ffd46208000 	C:\WINDOWS\SYSTEM32\CRYPTSP.dll
0x00007ffd45910000 - 0x00007ffd45944000 	C:\WINDOWS\system32\rsaenh.dll
0x00007ffd47150000 - 0x00007ffd47177000 	C:\WINDOWS\System32\bcrypt.dll
0x00007ffd46710000 - 0x00007ffd4673e000 	C:\WINDOWS\SYSTEM32\USERENV.dll
0x00007ffd46210000 - 0x00007ffd4621c000 	C:\WINDOWS\SYSTEM32\CRYPTBASE.dll
0x00007ffd45ca0000 - 0x00007ffd45cdb000 	C:\WINDOWS\SYSTEM32\IPHLPAPI.DLL
0x00007ffd490e0000 - 0x00007ffd490e8000 	C:\WINDOWS\System32\NSI.dll
0x00007ffd3ee70000 - 0x00007ffd3ee87000 	C:\WINDOWS\SYSTEM32\dhcpcsvc6.DLL
0x00007ffd3fc10000 - 0x00007ffd3fc2d000 	C:\WINDOWS\SYSTEM32\dhcpcsvc.DLL
0x00007ffd45cf0000 - 0x00007ffd45dbc000 	C:\WINDOWS\SYSTEM32\DNSAPI.dll

dbghelp: loaded successfully - version: 4.0.5 - missing functions: none
symbol engine: initialized successfully - sym options: 0x614 - pdb path: .;C:\Program Files\Android\Android Studio\jre\bin;C:\WINDOWS\SYSTEM32;C:\WINDOWS\WinSxS\amd64_microsoft.windows.common-controls_6595b64144ccf1df_6.0.19041.1110_none_60b5254171f9507e;C:\Program Files\Android\Android Studio\jre\bin\server;C:\Users\muham\.gradle\native\8bec1ad78214c89d9ad589b4d07fe93259594b29d510b10fafb7a158f7737e5d\windows-amd64;C:\Users\muham\.gradle\native\53dbd7edfb1c66fb8903c78663c9afc45aea4f116125fa6feffd364cf09443e8\windows-amd64

VM Arguments:
jvm_args: --add-opens=java.base/java.util=ALL-UNNAMED --add-opens=java.base/java.lang=ALL-UNNAMED --add-opens=java.base/java.lang.invoke=ALL-UNNAMED --add-opens=java.base/java.util=ALL-UNNAMED --add-opens=java.prefs/java.util.prefs=ALL-UNNAMED --add-opens=java.prefs/java.util.prefs=ALL-UNNAMED --add-opens=java.base/java.nio.charset=ALL-UNNAMED --add-opens=java.base/java.net=ALL-UNNAMED --add-opens=java.base/java.util.concurrent.atomic=ALL-UNNAMED -Xmx2048m -Dfile.encoding=UTF-8 -Duser.country=US -Duser.language=en -Duser.variant 
java_command: org.gradle.launcher.daemon.bootstrap.GradleDaemon 7.0.2
java_class_path (initial): C:\Users\muham\.gradle\wrapper\dists\gradle-7.0.2-bin\857tjihv64xamwrf0h14cai3r\gradle-7.0.2\lib\gradle-launcher-7.0.2.jar
Launcher Type: SUN_STANDARD

[Global flags]
     intx CICompilerCount                          = 4                                         {product} {ergonomic}
     uint ConcGCThreads                            = 2                                         {product} {ergonomic}
     uint G1ConcRefinementThreads                  = 8                                         {product} {ergonomic}
   size_t G1HeapRegionSize                         = 1048576                                   {product} {ergonomic}
    uintx GCDrainStackTargetSize                   = 64                                        {product} {ergonomic}
   size_t InitialHeapSize                          = 134217728                                 {product} {ergonomic}
   size_t MarkStackSize                            = 4194304                                   {product} {ergonomic}
   size_t MaxHeapSize                              = 2147483648                                {product} {command line}
   size_t MaxNewSize                               = 1287651328                                {product} {ergonomic}
   size_t MinHeapDeltaBytes                        = 1048576                                   {product} {ergonomic}
    uintx NonNMethodCodeHeapSize                   = 5836300                                {pd product} {ergonomic}
    uintx NonProfiledCodeHeapSize                  = 122910970                              {pd product} {ergonomic}
    uintx ProfiledCodeHeapSize                     = 122910970                              {pd product} {ergonomic}
    uintx ReservedCodeCacheSize                    = 251658240                              {pd product} {ergonomic}
     bool SegmentedCodeCache                       = true                                      {product} {ergonomic}
     bool UseCompressedClassPointers               = true                                 {lp64_product} {ergonomic}
     bool UseCompressedOops                        = true                                 {lp64_product} {ergonomic}
     bool UseG1GC                                  = true                                      {product} {ergonomic}
     bool UseLargePagesIndividualAllocation        = false                                  {pd product} {ergonomic}

Logging:
Log output configuration:
 #0: stdout all=warning uptime,level,tags
 #1: stderr all=off uptime,level,tags

Environment Variables:
PATH=C:\Program Files (x86)\Common Files\Oracle\Java\javapath;C:\WINDOWS\system32;C:\WINDOWS;C:\WINDOWS\System32\Wbem;C:\WINDOWS\System32\WindowsPowerShell\v1.0\;C:\WINDOWS\System32\OpenSSH\;C:\Program Files\Intel\WiFi\bin\;C:\Program Files\Common Files\Intel\WirelessCommon\;C:\Program Files (x86)\dotnet\;C:\Android;C:\Windows\System32;C:\Program Files\Dart\dart-sdk\bin;C:\Program Files\nodejs\;C:\Program Files (x86)\Intel\Intel(R) Management Engine Components\DAL;C:\Program Files\Intel\Intel(R) Management Engine Components\DAL;C:\Program Files\Git\cmd;C:\Users\muham\AppData\Local\Programs\Python\Python38-32\Scripts\;C:\Users\muham\AppData\Local\Programs\Python\Python38-32\;C:\Users\muham\AppData\Local\Microsoft\WindowsApps;C:\Users\muham\AppData\Local\Programs\Microsoft VS Code\bin;C:\Program Files\JetBrains\PyCharm Community Edition 2020.2\bin;;C:\Program Files (x86)\Nmap;C:\Windows\System32\WindowsPowerShell\v1.0;C:\Program Files\Dart\dart-sdk\lib;C:\Users\muham\flutter\bin;C:\Users\muham\AppData\Roaming\npm
USERNAME=muham
OS=Windows_NT
PROCESSOR_IDENTIFIER=Intel64 Family 6 Model 142 Stepping 10, GenuineIntel



---------------  S Y S T E M  ---------------

OS: Windows 10 , 64 bit Build 19041 (10.0.19041.1202)
OS uptime: 1 days 22:08 hours

CPU:total 8 (initial active 8) (4 cores per cpu, 2 threads per core) family 6 model 142 stepping 10 microcode 0xd6, cmov, cx8, fxsr, mmx, sse, sse2, sse3, ssse3, sse4.1, sse4.2, popcnt, avx, avx2, aes, clmul, erms, 3dnowpref, lzcnt, ht, tsc, tscinvbit, bmi1, bmi2, adx, fma

Memory: 4k page, system-wide physical 8092M (905M free)
TotalPageFile size 23278M (AvailPageFile size 5M)
current process WorkingSet (physical memory assigned to process): 363M, peak: 363M
current process commit charge ("private bytes"): 401M, peak: 402M

vm_info: OpenJDK 64-Bit Server VM (11.0.10+0-b96-7249189) for windows-amd64 JRE (11.0.10+0-b96-7249189), built on Mar 31 2021 21:44:00 by "builder" with MS VC++ 14.0 (VS2015)

END.
