#
# There is insufficient memory for the Java Runtime Environment to continue.
# Native memory allocation (malloc) failed to allocate 2023056 bytes for Chunk::new
# Possible reasons:
#   The system is out of physical RAM or swap space
#   The process is running with CompressedOops enabled, and the Java Heap may be blocking the growth of the native heap
# Possible solutions:
#   Reduce memory load on the system
#   Increase physical memory or swap space
#   Check if swap backing store is full
#   Decrease Java heap size (-Xmx/-Xms)
#   Decrease number of Java threads
#   Decrease Java thread stack sizes (-Xss)
#   Set larger code cache with -XX:ReservedCodeCacheSize=
#   JVM is running with Unscaled Compressed Oops mode in which the Java heap is
#     placed in the first 4GB address space. The Java Heap base address is the
#     maximum limit for the native heap growth. Please use -XX:HeapBaseMinAddress
#     to set the Java Heap base and to place the Java Heap above 4GB virtual address.
# This output file may be truncated or incomplete.
#
#  Out of Memory Error (./src/hotspot/share/memory/arena.cpp:197), pid=16024, tid=9188
#
# JRE version: OpenJDK Runtime Environment (11.0.10) (build 11.0.10+0-b96-7249189)
# Java VM: OpenJDK 64-Bit Server VM (11.0.10+0-b96-7249189, mixed mode, tiered, compressed oops, g1 gc, windows-amd64)
# No core dump will be written. Minidumps are not enabled by default on client versions of Windows
#

---------------  S U M M A R Y ------------

Command Line: --add-opens=java.base/java.util=ALL-UNNAMED --add-opens=java.base/java.lang=ALL-UNNAMED --add-opens=java.base/java.lang.invoke=ALL-UNNAMED --add-opens=java.base/java.util=ALL-UNNAMED --add-opens=java.prefs/java.util.prefs=ALL-UNNAMED --add-opens=java.prefs/java.util.prefs=ALL-UNNAMED --add-opens=java.base/java.nio.charset=ALL-UNNAMED --add-opens=java.base/java.net=ALL-UNNAMED --add-opens=java.base/java.util.concurrent.atomic=ALL-UNNAMED -Xmx2048m -Dfile.encoding=UTF-8 -Duser.country=US -Duser.language=en -Duser.variant org.gradle.launcher.daemon.bootstrap.GradleDaemon 7.0.2

Host: Intel(R) Core(TM) i5-8250U CPU @ 1.60GHz, 8 cores, 7G,  Windows 10 , 64 bit Build 19041 (10.0.19041.1202)
Time: Thu Oct 28 17:09:57 2021 Jerusalem Daylight Time elapsed time: 7.635308 seconds (0d 0h 0m 7s)

---------------  T H R E A D  ---------------

Current thread (0x000001137d4e3800):  JavaThread "C2 CompilerThread0" daemon [_thread_in_native, id=9188, stack(0x00000001ad200000,0x00000001ad300000)]


Current CompileTask:
C2:   7635 6425       4       org.objectweb.asm.SymbolTable::addConstantMemberReference (147 bytes)

Stack: [0x00000001ad200000,0x00000001ad300000]
Native frames: (J=compiled Java code, j=interpreted, Vv=VM code, C=native code)
V  [jvm.dll+0x5ecfaa]
V  [jvm.dll+0x722bd5]
V  [jvm.dll+0x72412d]
V  [jvm.dll+0x7247e3]
V  [jvm.dll+0x242928]
V  [jvm.dll+0xbc4fc]
V  [jvm.dll+0xbca0c]
V  [jvm.dll+0x352d7d]
V  [jvm.dll+0x320ad3]
V  [jvm.dll+0x31ffca]
V  [jvm.dll+0x1fb602]
V  [jvm.dll+0x1fa7f4]
V  [jvm.dll+0x18354c]
V  [jvm.dll+0x208ee7]
V  [jvm.dll+0x207731]
V  [jvm.dll+0x6eb1cf]
V  [jvm.dll+0x6e3d45]
V  [jvm.dll+0x5ebe96]
C  [ucrtbase.dll+0x21bb2]
C  [KERNEL32.DLL+0x17034]
C  [ntdll.dll+0x52651]


---------------  P R O C E S S  ---------------

Threads class SMR info:
_java_thread_list=0x0000011303659cb0, length=50, elements={
0x00000113627f3000, 0x000001137cc76800, 0x000001137cc7f800, 0x000001137d4db800,
0x000001137d4de000, 0x000001137d4e0000, 0x000001137d4e3800, 0x000001137d4f0000,
0x000001137d4f7000, 0x000001137d64c000, 0x0000011300542000, 0x000001137ebad000,
0x000001137d757800, 0x000001137ec08800, 0x000001137e5bd800, 0x000001137ef34000,
0x000001137e032800, 0x000001137ea51800, 0x00000113006e9000, 0x00000113006eb800,
0x00000113006e6800, 0x00000113006eb000, 0x00000113006e8800, 0x00000113010fa000,
0x00000113006e7800, 0x00000113006ea000, 0x00000113006e6000, 0x00000113006ec800,
0x00000113019a4800, 0x00000113019a0800, 0x000001130199f800, 0x000001130199e800,
0x00000113019a5000, 0x00000113019a6000, 0x00000113019a3800, 0x00000113019a1000,
0x00000113019a2800, 0x00000113019a7000, 0x00000113019a7800, 0x00000113019ad800,
0x00000113019aa000, 0x00000113019ab000, 0x00000113019ab800, 0x00000113014f5800,
0x00000113014f4000, 0x00000113014f0800, 0x00000113014f5000, 0x00000113014f0000,
0x00000113014f6800, 0x00000113014f7800
}

Java Threads: ( => current thread )
  0x00000113627f3000 JavaThread "main" [_thread_blocked, id=11220, stack(0x00000001ac600000,0x00000001ac700000)]
  0x000001137cc76800 JavaThread "Reference Handler" daemon [_thread_blocked, id=5548, stack(0x00000001acd00000,0x00000001ace00000)]
  0x000001137cc7f800 JavaThread "Finalizer" daemon [_thread_blocked, id=18284, stack(0x00000001ace00000,0x00000001acf00000)]
  0x000001137d4db800 JavaThread "Signal Dispatcher" daemon [_thread_blocked, id=6028, stack(0x00000001acf00000,0x00000001ad000000)]
  0x000001137d4de000 JavaThread "Attach Listener" daemon [_thread_blocked, id=13776, stack(0x00000001ad000000,0x00000001ad100000)]
  0x000001137d4e0000 JavaThread "Service Thread" daemon [_thread_blocked, id=12024, stack(0x00000001ad100000,0x00000001ad200000)]
=>0x000001137d4e3800 JavaThread "C2 CompilerThread0" daemon [_thread_in_native, id=9188, stack(0x00000001ad200000,0x00000001ad300000)]
  0x000001137d4f0000 JavaThread "C1 CompilerThread0" daemon [_thread_blocked, id=8480, stack(0x00000001ad300000,0x00000001ad400000)]
  0x000001137d4f7000 JavaThread "Sweeper thread" daemon [_thread_blocked, id=18332, stack(0x00000001ad400000,0x00000001ad500000)]
  0x000001137d64c000 JavaThread "Common-Cleaner" daemon [_thread_blocked, id=1496, stack(0x00000001ad500000,0x00000001ad600000)]
  0x0000011300542000 JavaThread "Daemon health stats" [_thread_blocked, id=2092, stack(0x00000001adb00000,0x00000001adc00000)]
  0x000001137ebad000 JavaThread "Incoming local TCP Connector on port 1090" [_thread_in_native, id=12928, stack(0x00000001ad700000,0x00000001ad800000)]
  0x000001137d757800 JavaThread "Daemon periodic checks" [_thread_blocked, id=6408, stack(0x00000001ada00000,0x00000001adb00000)]
  0x000001137ec08800 JavaThread "Daemon" [_thread_blocked, id=6280, stack(0x00000001adc00000,0x00000001add00000)]
  0x000001137e5bd800 JavaThread "Handler for socket connection from /127.0.0.1:1090 to /127.0.0.1:1091" [_thread_in_native, id=18236, stack(0x00000001add00000,0x00000001ade00000)]
  0x000001137ef34000 JavaThread "Cancel handler" [_thread_blocked, id=2476, stack(0x00000001ade00000,0x00000001adf00000)]
  0x000001137e032800 JavaThread "Daemon worker" [_thread_in_vm, id=12272, stack(0x00000001adf00000,0x00000001ae000000)]
  0x000001137ea51800 JavaThread "Asynchronous log dispatcher for DefaultDaemonConnection: socket connection from /127.0.0.1:1090 to /127.0.0.1:1091" [_thread_blocked, id=16004, stack(0x00000001ae000000,0x00000001ae100000)]
  0x00000113006e9000 JavaThread "Stdin handler" [_thread_blocked, id=9564, stack(0x00000001ae100000,0x00000001ae200000)]
  0x00000113006eb800 JavaThread "Daemon client event forwarder" [_thread_blocked, id=17448, stack(0x00000001ae200000,0x00000001ae300000)]
  0x00000113006e6800 JavaThread "Cache worker for file hash cache (C:\Users\muham\.gradle\caches\7.0.2\fileHashes)" [_thread_blocked, id=1048, stack(0x00000001ae800000,0x00000001ae900000)]
  0x00000113006eb000 JavaThread "File lock request listener" [_thread_in_native, id=7204, stack(0x00000001ae900000,0x00000001aea00000)]
  0x00000113006e8800 JavaThread "Cache worker for journal cache (C:\Users\muham\.gradle\caches\journal-1)" [_thread_blocked, id=9164, stack(0x00000001aeb00000,0x00000001aec00000)]
  0x00000113010fa000 JavaThread "C2 CompilerThread1" daemon [_thread_in_native, id=900, stack(0x00000001aec00000,0x00000001aed00000)]
  0x00000113006e7800 JavaThread "Cache worker for file hash cache (C:\Users\muham\android development\DSCWorkShopTraning\task2\.gradle\7.0.2\fileHashes)" [_thread_blocked, id=8240, stack(0x00000001aed00000,0x00000001aee00000)]
  0x00000113006ea000 JavaThread "File watcher server" daemon [_thread_in_native, id=7200, stack(0x00000001aee00000,0x00000001aef00000)]
  0x00000113006e6000 JavaThread "File watcher consumer" daemon [_thread_blocked, id=3776, stack(0x00000001aef00000,0x00000001af000000)]
  0x00000113006ec800 JavaThread "jar transforms" [_thread_blocked, id=17656, stack(0x00000001af000000,0x00000001af100000)]
  0x00000113019a4800 JavaThread "jar transforms Thread 2" [_thread_blocked, id=148, stack(0x00000001af100000,0x00000001af200000)]
  0x00000113019a0800 JavaThread "jar transforms Thread 3" [_thread_blocked, id=17644, stack(0x00000001af200000,0x00000001af300000)]
  0x000001130199f800 JavaThread "jar transforms Thread 4" [_thread_blocked, id=5224, stack(0x00000001af300000,0x00000001af400000)]
  0x000001130199e800 JavaThread "jar transforms Thread 5" [_thread_blocked, id=16576, stack(0x00000001af400000,0x00000001af500000)]
  0x00000113019a5000 JavaThread "jar transforms Thread 6" [_thread_blocked, id=13048, stack(0x00000001af500000,0x00000001af600000)]
  0x00000113019a6000 JavaThread "jar transforms Thread 7" [_thread_blocked, id=2744, stack(0x00000001af600000,0x00000001af700000)]
  0x00000113019a3800 JavaThread "jar transforms Thread 8" [_thread_blocked, id=14164, stack(0x00000001af700000,0x00000001af800000)]
  0x00000113019a1000 JavaThread "Cache worker for checksums cache (C:\Users\muham\android development\DSCWorkShopTraning\task2\.gradle\checksums)" [_thread_blocked, id=4460, stack(0x00000001af900000,0x00000001afa00000)]
  0x00000113019a2800 JavaThread "Cache worker for cache directory md-supplier (C:\Users\muham\.gradle\caches\7.0.2\md-supplier)" [_thread_blocked, id=14696, stack(0x00000001afa00000,0x00000001afb00000)]
  0x00000113019a7000 JavaThread "Cache worker for cache directory md-rule (C:\Users\muham\.gradle\caches\7.0.2\md-rule)" [_thread_blocked, id=16008, stack(0x00000001afb00000,0x00000001afc00000)]
  0x00000113019a7800 JavaThread "Cache worker for execution history cache (C:\Users\muham\.gradle\caches\7.0.2\executionHistory)" [_thread_blocked, id=17680, stack(0x00000001afc00000,0x00000001afd00000)]
  0x00000113019ad800 JavaThread "Cache worker for file content cache (C:\Users\muham\.gradle\caches\7.0.2\fileContent)" [_thread_blocked, id=11016, stack(0x00000001afd00000,0x00000001afe00000)]
  0x00000113019aa000 JavaThread "Cache worker for dependencies-accessors (C:\Users\muham\android development\DSCWorkShopTraning\task2\.gradle\7.0.2\dependencies-accessors)" [_thread_blocked, id=6996, stack(0x00000001afe00000,0x00000001aff00000)]
  0x00000113019ab000 JavaThread "Cache worker for Build Output Cleanup Cache (C:\Users\muham\android development\DSCWorkShopTraning\task2\.gradle\buildOutputCleanup)" [_thread_blocked, id=18312, stack(0x00000001aff00000,0x00000001b0000000)]
  0x00000113019ab800 JavaThread "Build operations" [_thread_blocked, id=14616, stack(0x00000001b0000000,0x00000001b0100000)]
  0x00000113014f5800 JavaThread "Build operations Thread 2" [_thread_blocked, id=736, stack(0x00000001b0100000,0x00000001b0200000)]
  0x00000113014f4000 JavaThread "Build operations Thread 3" [_thread_blocked, id=756, stack(0x00000001b0200000,0x00000001b0300000)]
  0x00000113014f0800 JavaThread "Build operations Thread 4" [_thread_blocked, id=11348, stack(0x00000001b0300000,0x00000001b0400000)]
  0x00000113014f5000 JavaThread "Build operations Thread 5" [_thread_blocked, id=10404, stack(0x00000001b0400000,0x00000001b0500000)]
  0x00000113014f0000 JavaThread "Build operations Thread 6" [_thread_blocked, id=16572, stack(0x00000001b0500000,0x00000001b0600000)]
  0x00000113014f6800 JavaThread "Build operations Thread 7" [_thread_blocked, id=15956, stack(0x00000001b0600000,0x00000001b0700000)]
  0x00000113014f7800 JavaThread "Build operations Thread 8" [_thread_blocked, id=14300, stack(0x00000001b0700000,0x00000001b0800000)]

Other Threads:
  0x000001137cc3d800 VMThread "VM Thread" [stack: 0x00000001acc00000,0x00000001acd00000] [id=15864]
  0x000001137d65f000 WatcherThread [stack: 0x00000001ad600000,0x00000001ad700000] [id=13236]
  0x000001136071d000 GCTaskThread "GC Thread#0" [stack: 0x00000001ac700000,0x00000001ac800000] [id=3892]
  0x000001137de30000 GCTaskThread "GC Thread#1" [stack: 0x00000001ad800000,0x00000001ad900000] [id=15512]
  0x000001137e156000 GCTaskThread "GC Thread#2" [stack: 0x00000001ad900000,0x00000001ada00000] [id=7668]
  0x00000113009c1800 GCTaskThread "GC Thread#3" [stack: 0x00000001ae300000,0x00000001ae400000] [id=15888]
  0x000001137ef33000 GCTaskThread "GC Thread#4" [stack: 0x00000001ae400000,0x00000001ae500000] [id=12532]
  0x000001137e3e2800 GCTaskThread "GC Thread#5" [stack: 0x00000001ae500000,0x00000001ae600000] [id=6716]
  0x0000011300ebf000 GCTaskThread "GC Thread#6" [stack: 0x00000001ae600000,0x00000001ae700000] [id=16316]
  0x000001137dbd3800 GCTaskThread "GC Thread#7" [stack: 0x00000001ae700000,0x00000001ae800000] [id=5420]
  0x0000011362838000 ConcurrentGCThread "G1 Main Marker" [stack: 0x00000001ac800000,0x00000001ac900000] [id=15280]
  0x0000011362839800 ConcurrentGCThread "G1 Conc#0" [stack: 0x00000001ac900000,0x00000001aca00000] [id=9380]
  0x00000113006c5000 ConcurrentGCThread "G1 Conc#1" [stack: 0x00000001aea00000,0x00000001aeb00000] [id=744]
  0x000001137cac3800 ConcurrentGCThread "G1 Refine#0" [stack: 0x00000001aca00000,0x00000001acb00000] [id=10020]
  0x000001137cac4800 ConcurrentGCThread "G1 Young RemSet Sampling" [stack: 0x00000001acb00000,0x00000001acc00000] [id=6800]

Threads with active compile tasks:
C2 CompilerThread0   7655 6425       4       org.objectweb.asm.SymbolTable::addConstantMemberReference (147 bytes)

VM state:not at safepoint (normal execution)

VM Mutex/Monitor currently owned by a thread: None

Heap address: 0x0000000080000000, size: 2048 MB, Compressed Oops mode: 32-bit
Narrow klass base: 0x0000000000000000, Narrow klass shift: 3
Compressed class space size: 1073741824 Address: 0x0000000100000000

Heap:
 garbage-first heap   total 157696K, used 87847K [0x0000000080000000, 0x0000000100000000)
  region size 1024K, 15 young (15360K), 5 survivors (5120K)
 Metaspace       used 61904K, capacity 63637K, committed 63872K, reserved 1103872K
  class space    used 7935K, capacity 8509K, committed 8576K, reserved 1048576K
Heap Regions: E=young(eden), S=young(survivor), O=old, HS=humongous(starts), HC=humongous(continues), CS=collection set, F=free, A=archive, TAMS=top-at-mark-start (previous, next)
|   0|0x0000000080000000, 0x0000000080100000, 0x0000000080100000|100%| O|  |TAMS 0x0000000080100000, 0x0000000080000000| Untracked 
|   1|0x0000000080100000, 0x0000000080200000, 0x0000000080200000|100%| O|  |TAMS 0x0000000080200000, 0x0000000080100000| Untracked 
|   2|0x0000000080200000, 0x0000000080300000, 0x0000000080300000|100%| O|  |TAMS 0x0000000080300000, 0x0000000080200000| Untracked 
|   3|0x0000000080300000, 0x0000000080400000, 0x0000000080400000|100%|HS|  |TAMS 0x0000000080400000, 0x0000000080300000| Complete 
|   4|0x0000000080400000, 0x0000000080500000, 0x0000000080500000|100%|HC|  |TAMS 0x0000000080500000, 0x0000000080400000| Complete 
|   5|0x0000000080500000, 0x0000000080600000, 0x0000000080600000|100%|HC|  |TAMS 0x0000000080600000, 0x0000000080500000| Complete 
|   6|0x0000000080600000, 0x0000000080700000, 0x0000000080700000|100%| O|  |TAMS 0x0000000080700000, 0x0000000080600000| Untracked 
|   7|0x0000000080700000, 0x0000000080800000, 0x0000000080800000|100%| O|  |TAMS 0x0000000080800000, 0x0000000080700000| Untracked 
|   8|0x0000000080800000, 0x0000000080900000, 0x0000000080900000|100%| O|  |TAMS 0x0000000080900000, 0x0000000080800000| Untracked 
|   9|0x0000000080900000, 0x0000000080a00000, 0x0000000080a00000|100%| O|  |TAMS 0x0000000080a00000, 0x0000000080900000| Untracked 
|  10|0x0000000080a00000, 0x0000000080b00000, 0x0000000080b00000|100%| O|  |TAMS 0x0000000080b00000, 0x0000000080a00000| Untracked 
|  11|0x0000000080b00000, 0x0000000080c00000, 0x0000000080c00000|100%| O|  |TAMS 0x0000000080c00000, 0x0000000080b00000| Untracked 
|  12|0x0000000080c00000, 0x0000000080d00000, 0x0000000080d00000|100%| O|  |TAMS 0x0000000080d00000, 0x0000000080c00000| Untracked 
|  13|0x0000000080d00000, 0x0000000080e00000, 0x0000000080e00000|100%| O|  |TAMS 0x0000000080e00000, 0x0000000080d00000| Untracked 
|  14|0x0000000080e00000, 0x0000000080f00000, 0x0000000080f00000|100%| O|  |TAMS 0x0000000080f00000, 0x0000000080e00000| Untracked 
|  15|0x0000000080f00000, 0x0000000081000000, 0x0000000081000000|100%| O|  |TAMS 0x0000000081000000, 0x0000000080f00000| Untracked 
|  16|0x0000000081000000, 0x0000000081100000, 0x0000000081100000|100%|HS|  |TAMS 0x0000000081100000, 0x0000000081000000| Complete 
|  17|0x0000000081100000, 0x0000000081200000, 0x0000000081200000|100%|HC|  |TAMS 0x0000000081200000, 0x0000000081100000| Complete 
|  18|0x0000000081200000, 0x0000000081300000, 0x0000000081300000|100%|HS|  |TAMS 0x0000000081300000, 0x0000000081200000| Complete 
|  19|0x0000000081300000, 0x0000000081400000, 0x0000000081400000|100%|HC|  |TAMS 0x0000000081400000, 0x0000000081300000| Complete 
|  20|0x0000000081400000, 0x0000000081500000, 0x0000000081500000|100%|HC|  |TAMS 0x0000000081500000, 0x0000000081400000| Complete 
|  21|0x0000000081500000, 0x0000000081600000, 0x0000000081600000|100%|HS|  |TAMS 0x0000000081600000, 0x0000000081500000| Complete 
|  22|0x0000000081600000, 0x0000000081700000, 0x0000000081700000|100%|HC|  |TAMS 0x0000000081700000, 0x0000000081600000| Complete 
|  23|0x0000000081700000, 0x0000000081800000, 0x0000000081800000|100%|HC|  |TAMS 0x0000000081800000, 0x0000000081700000| Complete 
|  24|0x0000000081800000, 0x0000000081900000, 0x0000000081900000|100%|HC|  |TAMS 0x0000000081900000, 0x0000000081800000| Complete 
|  25|0x0000000081900000, 0x0000000081a00000, 0x0000000081a00000|100%|HC|  |TAMS 0x0000000081a00000, 0x0000000081900000| Complete 
|  26|0x0000000081a00000, 0x0000000081b00000, 0x0000000081b00000|100%| O|  |TAMS 0x0000000081b00000, 0x0000000081a00000| Untracked 
|  27|0x0000000081b00000, 0x0000000081c00000, 0x0000000081c00000|100%| O|  |TAMS 0x0000000081c00000, 0x0000000081b00000| Untracked 
|  28|0x0000000081c00000, 0x0000000081d00000, 0x0000000081d00000|100%| O|  |TAMS 0x0000000081d00000, 0x0000000081c00000| Untracked 
|  29|0x0000000081d00000, 0x0000000081e00000, 0x0000000081e00000|100%| O|  |TAMS 0x0000000081e00000, 0x0000000081d00000| Untracked 
|  30|0x0000000081e00000, 0x0000000081f00000, 0x0000000081f00000|100%| O|  |TAMS 0x0000000081f00000, 0x0000000081e00000| Untracked 
|  31|0x0000000081f00000, 0x0000000082000000, 0x0000000082000000|100%| O|  |TAMS 0x0000000082000000, 0x0000000081f00000| Untracked 
|  32|0x0000000082000000, 0x0000000082100000, 0x0000000082100000|100%| O|  |TAMS 0x0000000082100000, 0x0000000082000000| Untracked 
|  33|0x0000000082100000, 0x0000000082200000, 0x0000000082200000|100%|HS|  |TAMS 0x0000000082200000, 0x0000000082100000| Complete 
|  34|0x0000000082200000, 0x0000000082300000, 0x0000000082300000|100%|HC|  |TAMS 0x0000000082300000, 0x0000000082200000| Complete 
|  35|0x0000000082300000, 0x0000000082400000, 0x0000000082400000|100%|HC|  |TAMS 0x0000000082400000, 0x0000000082300000| Complete 
|  36|0x0000000082400000, 0x0000000082500000, 0x0000000082500000|100%|HC|  |TAMS 0x0000000082500000, 0x0000000082400000| Complete 
|  37|0x0000000082500000, 0x0000000082600000, 0x0000000082600000|100%|HC|  |TAMS 0x0000000082600000, 0x0000000082500000| Complete 
|  38|0x0000000082600000, 0x0000000082700000, 0x0000000082700000|100%|HS|  |TAMS 0x0000000082700000, 0x0000000082600000| Complete 
|  39|0x0000000082700000, 0x0000000082800000, 0x0000000082800000|100%|HC|  |TAMS 0x0000000082800000, 0x0000000082700000| Complete 
|  40|0x0000000082800000, 0x0000000082900000, 0x0000000082900000|100%|HC|  |TAMS 0x0000000082900000, 0x0000000082800000| Complete 
|  41|0x0000000082900000, 0x0000000082a00000, 0x0000000082a00000|100%| O|  |TAMS 0x0000000082a00000, 0x0000000082900000| Untracked 
|  42|0x0000000082a00000, 0x0000000082b00000, 0x0000000082b00000|100%| O|  |TAMS 0x0000000082b00000, 0x0000000082a00000| Untracked 
|  43|0x0000000082b00000, 0x0000000082c00000, 0x0000000082c00000|100%| O|  |TAMS 0x0000000082c00000, 0x0000000082b00000| Untracked 
|  44|0x0000000082c00000, 0x0000000082d00000, 0x0000000082d00000|100%| O|  |TAMS 0x0000000082d00000, 0x0000000082c00000| Untracked 
|  45|0x0000000082d00000, 0x0000000082e00000, 0x0000000082e00000|100%| O|  |TAMS 0x0000000082e00000, 0x0000000082d00000| Untracked 
|  46|0x0000000082e00000, 0x0000000082f00000, 0x0000000082f00000|100%| O|  |TAMS 0x0000000082f00000, 0x0000000082e00000| Untracked 
|  47|0x0000000082f00000, 0x0000000083000000, 0x0000000083000000|100%| O|  |TAMS 0x0000000083000000, 0x0000000082f00000| Untracked 
|  48|0x0000000083000000, 0x0000000083100000, 0x0000000083100000|100%| O|  |TAMS 0x0000000083100000, 0x0000000083000000| Untracked 
|  49|0x0000000083100000, 0x0000000083200000, 0x0000000083200000|100%| O|  |TAMS 0x0000000083200000, 0x0000000083100000| Untracked 
|  50|0x0000000083200000, 0x0000000083300000, 0x0000000083300000|100%| O|  |TAMS 0x0000000083300000, 0x0000000083200000| Untracked 
|  51|0x0000000083300000, 0x0000000083400000, 0x0000000083400000|100%|HS|  |TAMS 0x0000000083400000, 0x0000000083300000| Complete 
|  52|0x0000000083400000, 0x0000000083500000, 0x0000000083500000|100%|HS|  |TAMS 0x0000000083500000, 0x0000000083400000| Complete 
|  53|0x0000000083500000, 0x0000000083600000, 0x0000000083600000|100%|HS|  |TAMS 0x0000000083600000, 0x0000000083500000| Complete 
|  54|0x0000000083600000, 0x0000000083700000, 0x0000000083700000|100%|HS|  |TAMS 0x0000000083700000, 0x0000000083600000| Complete 
|  55|0x0000000083700000, 0x0000000083800000, 0x0000000083800000|100%|HC|  |TAMS 0x0000000083800000, 0x0000000083700000| Complete 
|  56|0x0000000083800000, 0x0000000083900000, 0x0000000083900000|100%|HC|  |TAMS 0x0000000083900000, 0x0000000083800000| Complete 
|  57|0x0000000083900000, 0x0000000083a00000, 0x0000000083a00000|100%|HS|  |TAMS 0x0000000083a00000, 0x0000000083900000| Complete 
|  58|0x0000000083a00000, 0x0000000083b00000, 0x0000000083b00000|100%|HC|  |TAMS 0x0000000083b00000, 0x0000000083a00000| Complete 
|  59|0x0000000083b00000, 0x0000000083c00000, 0x0000000083c00000|100%| O|  |TAMS 0x0000000083c00000, 0x0000000083b00000| Untracked 
|  60|0x0000000083c00000, 0x0000000083d00000, 0x0000000083d00000|100%| O|  |TAMS 0x0000000083d00000, 0x0000000083c00000| Untracked 
|  61|0x0000000083d00000, 0x0000000083e00000, 0x0000000083e00000|100%| O|  |TAMS 0x0000000083e00000, 0x0000000083d00000| Untracked 
|  62|0x0000000083e00000, 0x0000000083f00000, 0x0000000083f00000|100%| O|  |TAMS 0x0000000083f00000, 0x0000000083e00000| Untracked 
|  63|0x0000000083f00000, 0x0000000084000000, 0x0000000084000000|100%| O|  |TAMS 0x0000000084000000, 0x0000000083f00000| Untracked 
|  64|0x0000000084000000, 0x0000000084100000, 0x0000000084100000|100%| O|  |TAMS 0x0000000084100000, 0x0000000084000000| Untracked 
|  65|0x0000000084100000, 0x0000000084200000, 0x0000000084200000|100%| O|  |TAMS 0x0000000084200000, 0x0000000084100000| Untracked 
|  66|0x0000000084200000, 0x0000000084300000, 0x0000000084300000|100%| O|  |TAMS 0x0000000084300000, 0x0000000084200000| Untracked 
|  67|0x0000000084300000, 0x0000000084400000, 0x0000000084400000|100%| O|  |TAMS 0x0000000084400000, 0x0000000084300000| Untracked 
|  68|0x0000000084400000, 0x0000000084500000, 0x0000000084500000|100%| O|  |TAMS 0x0000000084500000, 0x0000000084400000| Untracked 
|  69|0x0000000084500000, 0x0000000084600000, 0x0000000084600000|100%| O|  |TAMS 0x0000000084600000, 0x0000000084500000| Untracked 
|  70|0x0000000084600000, 0x0000000084700000, 0x0000000084700000|100%| O|  |TAMS 0x0000000084700000, 0x0000000084600000| Untracked 
|  71|0x0000000084700000, 0x00000000847c9e00, 0x0000000084800000| 78%| O|  |TAMS 0x00000000847c9e00, 0x0000000084700000| Untracked 
|  72|0x0000000084800000, 0x0000000084800000, 0x0000000084900000|  0%| F|  |TAMS 0x0000000084800000, 0x0000000084800000| Untracked 
|  73|0x0000000084900000, 0x0000000084900000, 0x0000000084a00000|  0%| F|  |TAMS 0x0000000084900000, 0x0000000084900000| Untracked 
|  74|0x0000000084a00000, 0x0000000084a00000, 0x0000000084b00000|  0%| F|  |TAMS 0x0000000084a00000, 0x0000000084a00000| Untracked 
|  75|0x0000000084b00000, 0x0000000084b00000, 0x0000000084c00000|  0%| F|  |TAMS 0x0000000084b00000, 0x0000000084b00000| Untracked 
|  76|0x0000000084c00000, 0x0000000084c00000, 0x0000000084d00000|  0%| F|  |TAMS 0x0000000084c00000, 0x0000000084c00000| Untracked 
|  77|0x0000000084d00000, 0x0000000084d00000, 0x0000000084e00000|  0%| F|  |TAMS 0x0000000084d00000, 0x0000000084d00000| Untracked 
|  78|0x0000000084e00000, 0x0000000084e00000, 0x0000000084f00000|  0%| F|  |TAMS 0x0000000084e00000, 0x0000000084e00000| Untracked 
|  79|0x0000000084f00000, 0x0000000084f00000, 0x0000000085000000|  0%| F|  |TAMS 0x0000000084f00000, 0x0000000084f00000| Untracked 
|  80|0x0000000085000000, 0x0000000085000000, 0x0000000085100000|  0%| F|  |TAMS 0x0000000085000000, 0x0000000085000000| Untracked 
|  81|0x0000000085100000, 0x0000000085100000, 0x0000000085200000|  0%| F|  |TAMS 0x0000000085100000, 0x0000000085100000| Untracked 
|  82|0x0000000085200000, 0x0000000085200000, 0x0000000085300000|  0%| F|  |TAMS 0x0000000085200000, 0x0000000085200000| Untracked 
|  83|0x0000000085300000, 0x0000000085300000, 0x0000000085400000|  0%| F|  |TAMS 0x0000000085300000, 0x0000000085300000| Untracked 
|  84|0x0000000085400000, 0x0000000085400000, 0x0000000085500000|  0%| F|  |TAMS 0x0000000085400000, 0x0000000085400000| Untracked 
|  85|0x0000000085500000, 0x0000000085500000, 0x0000000085600000|  0%| F|  |TAMS 0x0000000085500000, 0x0000000085500000| Untracked 
|  86|0x0000000085600000, 0x0000000085600000, 0x0000000085700000|  0%| F|  |TAMS 0x0000000085600000, 0x0000000085600000| Untracked 
|  87|0x0000000085700000, 0x0000000085700000, 0x0000000085800000|  0%| F|  |TAMS 0x0000000085700000, 0x0000000085700000| Untracked 
|  88|0x0000000085800000, 0x0000000085800000, 0x0000000085900000|  0%| F|  |TAMS 0x0000000085800000, 0x0000000085800000| Untracked 
|  89|0x0000000085900000, 0x0000000085900000, 0x0000000085a00000|  0%| F|  |TAMS 0x0000000085900000, 0x0000000085900000| Untracked 
|  90|0x0000000085a00000, 0x0000000085a00000, 0x0000000085b00000|  0%| F|  |TAMS 0x0000000085a00000, 0x0000000085a00000| Untracked 
|  91|0x0000000085b00000, 0x0000000085b00000, 0x0000000085c00000|  0%| F|  |TAMS 0x0000000085b00000, 0x0000000085b00000| Untracked 
|  92|0x0000000085c00000, 0x0000000085c00000, 0x0000000085d00000|  0%| F|  |TAMS 0x0000000085c00000, 0x0000000085c00000| Untracked 
|  93|0x0000000085d00000, 0x0000000085d00000, 0x0000000085e00000|  0%| F|  |TAMS 0x0000000085d00000, 0x0000000085d00000| Untracked 
|  94|0x0000000085e00000, 0x0000000085e00000, 0x0000000085f00000|  0%| F|  |TAMS 0x0000000085e00000, 0x0000000085e00000| Untracked 
|  95|0x0000000085f00000, 0x0000000085f00000, 0x0000000086000000|  0%| F|  |TAMS 0x0000000085f00000, 0x0000000085f00000| Untracked 
|  96|0x0000000086000000, 0x0000000086000000, 0x0000000086100000|  0%| F|  |TAMS 0x0000000086000000, 0x0000000086000000| Untracked 
|  97|0x0000000086100000, 0x0000000086100000, 0x0000000086200000|  0%| F|  |TAMS 0x0000000086100000, 0x0000000086100000| Untracked 
|  98|0x0000000086200000, 0x0000000086200000, 0x0000000086300000|  0%| F|  |TAMS 0x0000000086200000, 0x0000000086200000| Untracked 
|  99|0x0000000086300000, 0x0000000086300000, 0x0000000086400000|  0%| F|  |TAMS 0x0000000086300000, 0x0000000086300000| Untracked 
| 100|0x0000000086400000, 0x0000000086500000, 0x0000000086500000|100%| S|CS|TAMS 0x0000000086400000, 0x0000000086400000| Complete 
| 101|0x0000000086500000, 0x0000000086600000, 0x0000000086600000|100%| S|CS|TAMS 0x0000000086500000, 0x0000000086500000| Complete 
| 102|0x0000000086600000, 0x0000000086700000, 0x0000000086700000|100%| S|CS|TAMS 0x0000000086600000, 0x0000000086600000| Complete 
| 103|0x0000000086700000, 0x0000000086800000, 0x0000000086800000|100%| S|CS|TAMS 0x0000000086700000, 0x0000000086700000| Complete 
| 104|0x0000000086800000, 0x0000000086800000, 0x0000000086900000|  0%| F|  |TAMS 0x0000000086800000, 0x0000000086800000| Untracked 
| 105|0x0000000086900000, 0x0000000086900000, 0x0000000086a00000|  0%| F|  |TAMS 0x0000000086900000, 0x0000000086900000| Untracked 
| 106|0x0000000086a00000, 0x0000000086a00000, 0x0000000086b00000|  0%| F|  |TAMS 0x0000000086a00000, 0x0000000086a00000| Untracked 
| 107|0x0000000086b00000, 0x0000000086b00000, 0x0000000086c00000|  0%| F|  |TAMS 0x0000000086b00000, 0x0000000086b00000| Untracked 
| 108|0x0000000086c00000, 0x0000000086d00000, 0x0000000086d00000|100%| S|CS|TAMS 0x0000000086c00000, 0x0000000086c00000| Complete 
| 109|0x0000000086d00000, 0x0000000086d00000, 0x0000000086e00000|  0%| F|  |TAMS 0x0000000086d00000, 0x0000000086d00000| Untracked 
| 110|0x0000000086e00000, 0x0000000086e00000, 0x0000000086f00000|  0%| F|  |TAMS 0x0000000086e00000, 0x0000000086e00000| Untracked 
| 111|0x0000000086f00000, 0x0000000086f00000, 0x0000000087000000|  0%| F|  |TAMS 0x0000000086f00000, 0x0000000086f00000| Untracked 
| 112|0x0000000087000000, 0x0000000087000000, 0x0000000087100000|  0%| F|  |TAMS 0x0000000087000000, 0x0000000087000000| Untracked 
| 113|0x0000000087100000, 0x0000000087100000, 0x0000000087200000|  0%| F|  |TAMS 0x0000000087100000, 0x0000000087100000| Untracked 
| 114|0x0000000087200000, 0x0000000087200000, 0x0000000087300000|  0%| F|  |TAMS 0x0000000087200000, 0x0000000087200000| Untracked 
| 115|0x0000000087300000, 0x0000000087300000, 0x0000000087400000|  0%| F|  |TAMS 0x0000000087300000, 0x0000000087300000| Untracked 
| 116|0x0000000087400000, 0x0000000087400000, 0x0000000087500000|  0%| F|  |TAMS 0x0000000087400000, 0x0000000087400000| Untracked 
| 117|0x0000000087500000, 0x0000000087500000, 0x0000000087600000|  0%| F|  |TAMS 0x0000000087500000, 0x0000000087500000| Untracked 
| 118|0x0000000087600000, 0x0000000087600000, 0x0000000087700000|  0%| F|  |TAMS 0x0000000087600000, 0x0000000087600000| Untracked 
| 119|0x0000000087700000, 0x0000000087700000, 0x0000000087800000|  0%| F|  |TAMS 0x0000000087700000, 0x0000000087700000| Untracked 
| 120|0x0000000087800000, 0x0000000087800000, 0x0000000087900000|  0%| F|  |TAMS 0x0000000087800000, 0x0000000087800000| Untracked 
| 121|0x0000000087900000, 0x0000000087900000, 0x0000000087a00000|  0%| F|  |TAMS 0x0000000087900000, 0x0000000087900000| Untracked 
| 122|0x0000000087a00000, 0x0000000087a00000, 0x0000000087b00000|  0%| F|  |TAMS 0x0000000087a00000, 0x0000000087a00000| Untracked 
| 123|0x0000000087b00000, 0x0000000087b00000, 0x0000000087c00000|  0%| F|  |TAMS 0x0000000087b00000, 0x0000000087b00000| Untracked 
| 124|0x0000000087c00000, 0x0000000087c00000, 0x0000000087d00000|  0%| F|  |TAMS 0x0000000087c00000, 0x0000000087c00000| Untracked 
| 125|0x0000000087d00000, 0x0000000087d00000, 0x0000000087e00000|  0%| F|  |TAMS 0x0000000087d00000, 0x0000000087d00000| Untracked 
| 126|0x0000000087e00000, 0x0000000087e00000, 0x0000000087f00000|  0%| F|  |TAMS 0x0000000087e00000, 0x0000000087e00000| Untracked 
| 127|0x0000000087f00000, 0x0000000087f00000, 0x0000000088000000|  0%| F|  |TAMS 0x0000000087f00000, 0x0000000087f00000| Untracked 
| 128|0x0000000088000000, 0x0000000088000000, 0x0000000088100000|  0%| F|  |TAMS 0x0000000088000000, 0x0000000088000000| Untracked 
| 129|0x0000000088100000, 0x0000000088100000, 0x0000000088200000|  0%| F|  |TAMS 0x0000000088100000, 0x0000000088100000| Untracked 
| 130|0x0000000088200000, 0x0000000088200000, 0x0000000088300000|  0%| F|  |TAMS 0x0000000088200000, 0x0000000088200000| Untracked 
| 131|0x0000000088300000, 0x0000000088300000, 0x0000000088400000|  0%| F|  |TAMS 0x0000000088300000, 0x0000000088300000| Untracked 
| 132|0x0000000088400000, 0x0000000088400000, 0x0000000088500000|  0%| F|  |TAMS 0x0000000088400000, 0x0000000088400000| Untracked 
| 133|0x0000000088500000, 0x0000000088500000, 0x0000000088600000|  0%| F|  |TAMS 0x0000000088500000, 0x0000000088500000| Untracked 
| 134|0x0000000088600000, 0x0000000088600000, 0x0000000088700000|  0%| F|  |TAMS 0x0000000088600000, 0x0000000088600000| Untracked 
| 135|0x0000000088700000, 0x0000000088700000, 0x0000000088800000|  0%| F|  |TAMS 0x0000000088700000, 0x0000000088700000| Untracked 
| 136|0x0000000088800000, 0x0000000088800000, 0x0000000088900000|  0%| F|  |TAMS 0x0000000088800000, 0x0000000088800000| Untracked 
| 137|0x0000000088900000, 0x0000000088900000, 0x0000000088a00000|  0%| F|  |TAMS 0x0000000088900000, 0x0000000088900000| Untracked 
| 138|0x0000000088a00000, 0x0000000088a00000, 0x0000000088b00000|  0%| F|  |TAMS 0x0000000088a00000, 0x0000000088a00000| Untracked 
| 139|0x0000000088b00000, 0x0000000088b00000, 0x0000000088c00000|  0%| F|  |TAMS 0x0000000088b00000, 0x0000000088b00000| Untracked 
| 140|0x0000000088c00000, 0x0000000088c00000, 0x0000000088d00000|  0%| F|  |TAMS 0x0000000088c00000, 0x0000000088c00000| Untracked 
| 141|0x0000000088d00000, 0x0000000088d00000, 0x0000000088e00000|  0%| F|  |TAMS 0x0000000088d00000, 0x0000000088d00000| Untracked 
| 142|0x0000000088e00000, 0x0000000088e00000, 0x0000000088f00000|  0%| F|  |TAMS 0x0000000088e00000, 0x0000000088e00000| Untracked 
| 143|0x0000000088f00000, 0x0000000088f00000, 0x0000000089000000|  0%| F|  |TAMS 0x0000000088f00000, 0x0000000088f00000| Untracked 
| 144|0x0000000089000000, 0x0000000089100000, 0x0000000089100000|100%| E|  |TAMS 0x0000000089000000, 0x0000000089000000| Complete 
| 145|0x0000000089100000, 0x0000000089200000, 0x0000000089200000|100%| E|CS|TAMS 0x0000000089100000, 0x0000000089100000| Complete 
| 146|0x0000000089200000, 0x0000000089300000, 0x0000000089300000|100%| E|CS|TAMS 0x0000000089200000, 0x0000000089200000| Complete 
| 147|0x0000000089300000, 0x0000000089400000, 0x0000000089400000|100%| E|CS|TAMS 0x0000000089300000, 0x0000000089300000| Complete 
| 148|0x0000000089400000, 0x0000000089500000, 0x0000000089500000|100%| E|CS|TAMS 0x0000000089400000, 0x0000000089400000| Complete 
| 149|0x0000000089500000, 0x0000000089600000, 0x0000000089600000|100%| E|CS|TAMS 0x0000000089500000, 0x0000000089500000| Complete 
| 150|0x0000000089600000, 0x0000000089700000, 0x0000000089700000|100%| E|CS|TAMS 0x0000000089600000, 0x0000000089600000| Complete 
| 151|0x0000000089700000, 0x0000000089800000, 0x0000000089800000|100%| E|CS|TAMS 0x0000000089700000, 0x0000000089700000| Complete 
| 152|0x0000000089800000, 0x0000000089900000, 0x0000000089900000|100%| E|CS|TAMS 0x0000000089800000, 0x0000000089800000| Complete 
| 153|0x0000000089900000, 0x0000000089a00000, 0x0000000089a00000|100%| E|CS|TAMS 0x0000000089900000, 0x0000000089900000| Complete 

Card table byte_map: [0x0000011375a10000,0x0000011375e10000] _byte_map_base: 0x0000011375610000

Marking Bits (Prev, Next): (CMBitMap*) 0x000001136282f2d8, (CMBitMap*) 0x000001136282f310
 Prev Bits: [0x0000011376210000, 0x0000011378210000)
 Next Bits: [0x0000011378210000, 0x000001137a210000)

Polling page: 0x00000113607d0000

Metaspace:

Usage:
  Non-class:     53.84 MB capacity,    52.73 MB ( 98%) used,   966.33 KB (  2%) free+waste,   161.44 KB ( <1%) overhead. 
      Class:      8.31 MB capacity,     7.76 MB ( 93%) used,   488.88 KB (  6%) free+waste,    76.94 KB ( <1%) overhead. 
       Both:     62.15 MB capacity,    60.49 MB ( 97%) used,     1.42 MB (  2%) free+waste,   238.38 KB ( <1%) overhead. 

Virtual space:
  Non-class space:       54.00 MB reserved,      54.00 MB (100%) committed 
      Class space:        1.00 GB reserved,       8.38 MB ( <1%) committed 
             Both:        1.05 GB reserved,      62.38 MB (  6%) committed 

Chunk freelists:
   Non-Class:  104.00 KB
       Class:  35.00 KB
        Both:  139.00 KB

MaxMetaspaceSize: 17179869184.00 GB
CompressedClassSpaceSize: 1.00 GB

CodeHeap 'non-profiled nmethods': size=120000Kb used=3750Kb max_used=3750Kb free=116250Kb
 bounds [0x000001136ddb0000, 0x000001136e160000, 0x00000113752e0000]
CodeHeap 'profiled nmethods': size=120000Kb used=13226Kb max_used=13226Kb free=106773Kb
 bounds [0x0000011366880000, 0x0000011367570000, 0x000001136ddb0000]
CodeHeap 'non-nmethods': size=5760Kb used=2251Kb max_used=2291Kb free=3508Kb
 bounds [0x00000113662e0000, 0x0000011366550000, 0x0000011366880000]
 total_blobs=7247 nmethods=6407 adapters=751
 compilation: enabled
              stopped_count=0, restarted_count=0
 full_count=0

Compilation events (20 events):
Event: 7.517 Thread 0x000001137d4f0000 6438       3       org.gradle.internal.instantiation.generator.AsmBackedClassGenerator$ClassBuilderImpl::addGetter (56 bytes)
Event: 7.517 Thread 0x00000113010fa000 6439       4       org.objectweb.asm.SymbolTable::addConstantUtf8Reference (101 bytes)
Event: 7.517 Thread 0x000001137d4f0000 nmethod 6438 0x0000011367562f10 code [0x0000011367563140, 0x00000113675636a8]
Event: 7.517 Thread 0x000001137d4f0000 6440       3       org.objectweb.asm.Type::getDescriptor (18 bytes)
Event: 7.518 Thread 0x000001137d4f0000 nmethod 6440 0x0000011367563910 code [0x0000011367563b40, 0x0000011367564158]
Event: 7.518 Thread 0x000001137d4f0000 6441       1       org.gradle.internal.instantiation.generator.AbstractClassGenerator$MethodMetadata::getGenericReturnType (5 bytes)
Event: 7.518 Thread 0x000001137d4f0000 nmethod 6441 0x000001136e155c90 code [0x000001136e155e40, 0x000001136e155ef8]
Event: 7.540 Thread 0x000001137d4f0000 6442       3       com.google.common.collect.ImmutableMap$Builder::build (21 bytes)
Event: 7.541 Thread 0x000001137d4f0000 nmethod 6442 0x0000011367564390 code [0x0000011367564560, 0x0000011367564758]
Event: 7.541 Thread 0x000001137d4f0000 6443       3       com.google.common.collect.ImmutableMap$Builder::sortEntries (156 bytes)
Event: 7.542 Thread 0x000001137d4f0000 nmethod 6443 0x0000011367564810 code [0x0000011367564b40, 0x00000113675662d8]
Event: 7.542 Thread 0x000001137d4f0000 6444       3       java.lang.AbstractStringBuilder::getBytes (44 bytes)
Event: 7.542 Thread 0x000001137d4f0000 nmethod 6444 0x0000011367566a10 code [0x0000011367566be0, 0x0000011367566eb8]
Event: 7.596 Thread 0x00000113010fa000 nmethod 6439 0x000001136e155f90 code [0x000001136e1561e0, 0x000001136e1581c8]
Event: 7.615 Thread 0x000001137d4f0000 6445       3       kotlin.jvm.internal.Intrinsics::checkParameterIsNotNull (9 bytes)
Event: 7.616 Thread 0x000001137d4f0000 nmethod 6445 0x0000011367566f90 code [0x00000113675671a0, 0x0000011367567678]
Event: 7.620 Thread 0x000001137d4f0000 6446       3       java.util.Collections$SingletonSet::contains (9 bytes)
Event: 7.620 Thread 0x000001137d4f0000 nmethod 6446 0x0000011367567890 code [0x0000011367567a60, 0x0000011367567d48]
Event: 7.620 Thread 0x000001137d4f0000 6447       3       java.util.Arrays::sort (24 bytes)
Event: 7.620 Thread 0x000001137d4f0000 nmethod 6447 0x0000011367567e10 code [0x0000011367567fc0, 0x0000011367568108]

GC Heap History (20 events):
Event: 2.190 GC heap before
{Heap before GC invocations=2 (full 0):
 garbage-first heap   total 131072K, used 37536K [0x0000000080000000, 0x0000000100000000)
  region size 1024K, 32 young (32768K), 10 survivors (10240K)
 Metaspace       used 20565K, capacity 21117K, committed 21248K, reserved 1067008K
  class space    used 2514K, capacity 2731K, committed 2816K, reserved 1048576K
}
Event: 2.196 GC heap after
{Heap after GC invocations=3 (full 0):
 garbage-first heap   total 131072K, used 17065K [0x0000000080000000, 0x0000000100000000)
  region size 1024K, 1 young (1024K), 1 survivors (1024K)
 Metaspace       used 20565K, capacity 21117K, committed 21248K, reserved 1067008K
  class space    used 2514K, capacity 2731K, committed 2816K, reserved 1048576K
}
Event: 2.701 GC heap before
{Heap before GC invocations=4 (full 0):
 garbage-first heap   total 131072K, used 69289K [0x0000000080000000, 0x0000000100000000)
  region size 1024K, 52 young (53248K), 1 survivors (1024K)
 Metaspace       used 25937K, capacity 26567K, committed 26752K, reserved 1073152K
  class space    used 3399K, capacity 3638K, committed 3712K, reserved 1048576K
}
Event: 2.704 GC heap after
{Heap after GC invocations=5 (full 0):
 garbage-first heap   total 131072K, used 18884K [0x0000000080000000, 0x0000000100000000)
  region size 1024K, 3 young (3072K), 3 survivors (3072K)
 Metaspace       used 25937K, capacity 26567K, committed 26752K, reserved 1073152K
  class space    used 3399K, capacity 3638K, committed 3712K, reserved 1048576K
}
Event: 3.439 GC heap before
{Heap before GC invocations=5 (full 0):
 garbage-first heap   total 131072K, used 85444K [0x0000000080000000, 0x0000000100000000)
  region size 1024K, 59 young (60416K), 3 survivors (3072K)
 Metaspace       used 32047K, capacity 32845K, committed 33024K, reserved 1077248K
  class space    used 4297K, capacity 4598K, committed 4608K, reserved 1048576K
}
Event: 3.444 GC heap after
{Heap after GC invocations=6 (full 0):
 garbage-first heap   total 131072K, used 33965K [0x0000000080000000, 0x0000000100000000)
  region size 1024K, 8 young (8192K), 8 survivors (8192K)
 Metaspace       used 32047K, capacity 32845K, committed 33024K, reserved 1077248K
  class space    used 4297K, capacity 4598K, committed 4608K, reserved 1048576K
}
Event: 3.625 GC heap before
{Heap before GC invocations=6 (full 0):
 garbage-first heap   total 131072K, used 43181K [0x0000000080000000, 0x0000000100000000)
  region size 1024K, 18 young (18432K), 8 survivors (8192K)
 Metaspace       used 34831K, capacity 35727K, committed 35840K, reserved 1081344K
  class space    used 4557K, capacity 4899K, committed 4992K, reserved 1048576K
}
Event: 3.636 GC heap after
{Heap after GC invocations=7 (full 0):
 garbage-first heap   total 131072K, used 35773K [0x0000000080000000, 0x0000000100000000)
  region size 1024K, 2 young (2048K), 2 survivors (2048K)
 Metaspace       used 34831K, capacity 35727K, committed 35840K, reserved 1081344K
  class space    used 4557K, capacity 4899K, committed 4992K, reserved 1048576K
}
Event: 4.236 GC heap before
{Heap before GC invocations=8 (full 0):
 garbage-first heap   total 131072K, used 89021K [0x0000000080000000, 0x0000000100000000)
  region size 1024K, 52 young (53248K), 2 survivors (2048K)
 Metaspace       used 40032K, capacity 41026K, committed 41088K, reserved 1085440K
  class space    used 5126K, capacity 5468K, committed 5504K, reserved 1048576K
}
Event: 4.244 GC heap after
{Heap after GC invocations=9 (full 0):
 garbage-first heap   total 131072K, used 39379K [0x0000000080000000, 0x0000000100000000)
  region size 1024K, 6 young (6144K), 6 survivors (6144K)
 Metaspace       used 40032K, capacity 41026K, committed 41088K, reserved 1085440K
  class space    used 5126K, capacity 5468K, committed 5504K, reserved 1048576K
}
Event: 4.869 GC heap before
{Heap before GC invocations=10 (full 0):
 garbage-first heap   total 131072K, used 98771K [0x0000000080000000, 0x0000000100000000)
  region size 1024K, 56 young (57344K), 6 survivors (6144K)
 Metaspace       used 44121K, capacity 45317K, committed 45440K, reserved 1089536K
  class space    used 5560K, capacity 5976K, committed 6016K, reserved 1048576K
}
Event: 4.879 GC heap after
{Heap after GC invocations=11 (full 0):
 garbage-first heap   total 157696K, used 52185K [0x0000000080000000, 0x0000000100000000)
  region size 1024K, 6 young (6144K), 6 survivors (6144K)
 Metaspace       used 44121K, capacity 45317K, committed 45440K, reserved 1089536K
  class space    used 5560K, capacity 5976K, committed 6016K, reserved 1048576K
}
Event: 5.485 GC heap before
{Heap before GC invocations=11 (full 0):
 garbage-first heap   total 157696K, used 109529K [0x0000000080000000, 0x0000000100000000)
  region size 1024K, 62 young (63488K), 6 survivors (6144K)
 Metaspace       used 46969K, capacity 48262K, committed 48512K, reserved 1091584K
  class space    used 6013K, capacity 6445K, committed 6528K, reserved 1048576K
}
Event: 5.491 GC heap after
{Heap after GC invocations=12 (full 0):
 garbage-first heap   total 157696K, used 55997K [0x0000000080000000, 0x0000000100000000)
  region size 1024K, 4 young (4096K), 4 survivors (4096K)
 Metaspace       used 46969K, capacity 48262K, committed 48512K, reserved 1091584K
  class space    used 6013K, capacity 6445K, committed 6528K, reserved 1048576K
}
Event: 6.337 GC heap before
{Heap before GC invocations=12 (full 0):
 garbage-first heap   total 157696K, used 121533K [0x0000000080000000, 0x0000000100000000)
  region size 1024K, 61 young (62464K), 4 survivors (4096K)
 Metaspace       used 49711K, capacity 51232K, committed 51456K, reserved 1093632K
  class space    used 6367K, capacity 6850K, committed 6912K, reserved 1048576K
}
Event: 6.345 GC heap after
{Heap after GC invocations=13 (full 0):
 garbage-first heap   total 157696K, used 73320K [0x0000000080000000, 0x0000000100000000)
  region size 1024K, 8 young (8192K), 8 survivors (8192K)
 Metaspace       used 49711K, capacity 51232K, committed 51456K, reserved 1093632K
  class space    used 6367K, capacity 6850K, committed 6912K, reserved 1048576K
}
Event: 6.928 GC heap before
{Heap before GC invocations=13 (full 0):
 garbage-first heap   total 157696K, used 120424K [0x0000000080000000, 0x0000000100000000)
  region size 1024K, 54 young (55296K), 8 survivors (8192K)
 Metaspace       used 53951K, capacity 55578K, committed 55680K, reserved 1097728K
  class space    used 6999K, capacity 7532K, committed 7552K, reserved 1048576K
}
Event: 6.935 GC heap after
{Heap after GC invocations=14 (full 0):
 garbage-first heap   total 157696K, used 76845K [0x0000000080000000, 0x0000000100000000)
  region size 1024K, 4 young (4096K), 4 survivors (4096K)
 Metaspace       used 53951K, capacity 55578K, committed 55680K, reserved 1097728K
  class space    used 6999K, capacity 7532K, committed 7552K, reserved 1048576K
}
Event: 7.521 GC heap before
{Heap before GC invocations=14 (full 0):
 garbage-first heap   total 157696K, used 122925K [0x0000000080000000, 0x0000000100000000)
  region size 1024K, 49 young (50176K), 4 survivors (4096K)
 Metaspace       used 60052K, capacity 61784K, committed 61952K, reserved 1103872K
  class space    used 7767K, capacity 8339K, committed 8448K, reserved 1048576K
}
Event: 7.527 GC heap after
{Heap after GC invocations=15 (full 0):
 garbage-first heap   total 157696K, used 78631K [0x0000000080000000, 0x0000000100000000)
  region size 1024K, 5 young (5120K), 5 survivors (5120K)
 Metaspace       used 60052K, capacity 61784K, committed 61952K, reserved 1103872K
  class space    used 7767K, capacity 8339K, committed 8448K, reserved 1048576K
}

Deoptimization events (20 events):
Event: 7.152 Thread 0x000001137e032800 Uncommon trap: trap_request=0xffffff45 fr.pc=0x000001136df69ea4 relative=0x0000000000000d64
Event: 7.152 Thread 0x000001137e032800 Uncommon trap: reason=unstable_fused_if action=reinterpret pc=0x000001136df69ea4 method=org.objectweb.asm.ByteVector.putUTF8(Ljava/lang/String;)Lorg/objectweb/asm/ByteVector; @ 93 c2
Event: 7.152 Thread 0x000001137e032800 DEOPT PACKING pc=0x000001136df69ea4 sp=0x00000001adff82b0
Event: 7.152 Thread 0x000001137e032800 DEOPT UNPACKING pc=0x00000113663078af sp=0x00000001adff8208 mode 2
Event: 7.152 Thread 0x000001137e032800 Uncommon trap: trap_request=0xffffffdc fr.pc=0x000001136e1279ec relative=0x00000000000002ac
Event: 7.152 Thread 0x000001137e032800 Uncommon trap: reason=class_check action=make_not_entrant pc=0x000001136e1279ec method=java.util.ArrayList.toArray([Ljava/lang/Object;)[Ljava/lang/Object; @ 21 c2
Event: 7.152 Thread 0x000001137e032800 DEOPT PACKING pc=0x000001136e1279ec sp=0x00000001adff8530
Event: 7.152 Thread 0x000001137e032800 DEOPT UNPACKING pc=0x00000113663078af sp=0x00000001adff8500 mode 2
Event: 7.174 Thread 0x000001137e032800 Uncommon trap: trap_request=0xffffff45 fr.pc=0x000001136deeecf4 relative=0x0000000000000214
Event: 7.174 Thread 0x000001137e032800 Uncommon trap: reason=unstable_fused_if action=reinterpret pc=0x000001136deeecf4 method=org.objectweb.asm.ByteVector.putUTF8(Ljava/lang/String;)Lorg/objectweb/asm/ByteVector; @ 93 c2
Event: 7.174 Thread 0x000001137e032800 DEOPT PACKING pc=0x000001136deeecf4 sp=0x00000001adff8620
Event: 7.174 Thread 0x000001137e032800 DEOPT UNPACKING pc=0x00000113663078af sp=0x00000001adff85a0 mode 2
Event: 7.527 Thread 0x000001137d64c000 Uncommon trap: trap_request=0xffffffde fr.pc=0x000001136defc26c relative=0x000000000000052c
Event: 7.527 Thread 0x000001137d64c000 Uncommon trap: reason=class_check action=maybe_recompile pc=0x000001136defc26c method=jdk.internal.ref.PhantomCleanable.clean()V @ 12 c2
Event: 7.527 Thread 0x000001137d64c000 DEOPT PACKING pc=0x000001136defc26c sp=0x00000001ad5ff070
Event: 7.527 Thread 0x000001137d64c000 DEOPT UNPACKING pc=0x00000113663078af sp=0x00000001ad5ff050 mode 2
Event: 7.620 Thread 0x000001137e032800 Uncommon trap: trap_request=0xffffffbe fr.pc=0x000001136e1096e8 relative=0x0000000000000568
Event: 7.620 Thread 0x000001137e032800 Uncommon trap: reason=profile_predicate action=maybe_recompile pc=0x000001136e1096e8 method=java.util.stream.ReferencePipeline.forEachWithCancel(Ljava/util/Spliterator;Ljava/util/stream/Sink;)Z @ 8 c2
Event: 7.620 Thread 0x000001137e032800 DEOPT PACKING pc=0x000001136e1096e8 sp=0x00000001adff79e0
Event: 7.620 Thread 0x000001137e032800 DEOPT UNPACKING pc=0x00000113663078af sp=0x00000001adff7980 mode 2

Classes redefined (0 events):
No events

Internal exceptions (20 events):
Event: 6.358 Thread 0x000001137e032800 Exception <a 'java/lang/ClassNotFoundException'{0x0000000089858f78}: org/gradle/api/DefaultTaskBeanInfo> (0x0000000089858f78) thrown at [./src/hotspot/share/classfile/systemDictionary.cpp, line 231]
Event: 6.359 Thread 0x000001137e032800 Exception <a 'java/lang/ClassNotFoundException'{0x0000000089885da0}: org/gradle/api/internal/AbstractTaskBeanInfo> (0x0000000089885da0) thrown at [./src/hotspot/share/classfile/systemDictionary.cpp, line 231]
Event: 6.360 Thread 0x000001137e032800 Exception <a 'java/lang/ClassNotFoundException'{0x00000000898b2948}: org/gradle/api/internal/AbstractTaskCustomizer> (0x00000000898b2948) thrown at [./src/hotspot/share/classfile/systemDictionary.cpp, line 231]
Event: 6.363 Thread 0x000001137e032800 Exception <a 'java/lang/ClassNotFoundException'{0x0000000089723ea8}: org/gradle/api/DefaultTaskCustomizer> (0x0000000089723ea8) thrown at [./src/hotspot/share/classfile/systemDictionary.cpp, line 231]
Event: 6.365 Thread 0x000001137e032800 Exception <a 'java/lang/ClassNotFoundException'{0x00000000897a4c10}: org/gradle/api/internal/ConventionTaskCustomizer> (0x00000000897a4c10) thrown at [./src/hotspot/share/classfile/systemDictionary.cpp, line 231]
Event: 6.367 Thread 0x000001137e032800 Exception <a 'java/lang/ClassNotFoundException'{0x00000000897dcb58}: org/gradle/api/tasks/DeleteCustomizer> (0x00000000897dcb58) thrown at [./src/hotspot/share/classfile/systemDictionary.cpp, line 231]
Event: 6.369 Thread 0x000001137e032800 Exception <a 'java/lang/ClassNotFoundException'{0x000000008961c248}: org/gradle/api/tasks/Delete_DecoratedCustomizer> (0x000000008961c248) thrown at [./src/hotspot/share/classfile/systemDictionary.cpp, line 231]
Event: 6.408 Thread 0x000001137e032800 Exception <a 'java/lang/NoSuchMethodError'{0x00000000895f2ec8}: 'void java.lang.invoke.DirectMethodHandle$Holder.invokeVirtual(java.lang.Object, java.lang.Object)'> (0x00000000895f2ec8) thrown at [./src/hotspot/share/interpreter/linkResolver.cpp, line 773]
Event: 6.803 Thread 0x000001137e032800 Exception <a 'java/lang/NoSuchMethodError'{0x00000000873c9610}: 'void java.lang.invoke.DirectMethodHandle$Holder.invokeSpecialIFC(java.lang.Object, java.lang.Object, java.lang.Object)'> (0x00000000873c9610) thrown at [./src/hotspot/share/interpreter/linkResolver.cpp, line 773]
Event: 6.894 Thread 0x000001137e032800 Exception <a 'java/lang/NoSuchMethodError'{0x0000000086ecd3e0}: 'int java.lang.invoke.DirectMethodHandle$Holder.invokeStatic(java.lang.Object, int, java.lang.Object, java.lang.Object)'> (0x0000000086ecd3e0) thrown at [./src/hotspot/share/interpreter/linkResolver.cpp, line 773]
Event: 7.008 Thread 0x000001137e032800 Exception <a 'java/lang/ClassNotFoundException'{0x0000000089672f60}: build_8kezdhjg3jtbhr1rrc87rnqxmBeanInfo> (0x0000000089672f60) thrown at [./src/hotspot/share/classfile/systemDictionary.cpp, line 231]
Event: 7.009 Thread 0x000001137e032800 Exception <a 'java/lang/ClassNotFoundException'{0x000000008967de88}: build_8kezdhjg3jtbhr1rrc87rnqxmCustomizer> (0x000000008967de88) thrown at [./src/hotspot/share/classfile/systemDictionary.cpp, line 231]
Event: 7.020 Thread 0x000001137e032800 Exception <a 'java/lang/ClassNotFoundException'{0x0000000089519170}: org/gradle/plugin/use/internal/PluginRequestCollector$PluginDependenciesSpecImplBeanInfo> (0x0000000089519170) thrown at [./src/hotspot/share/classfile/systemDictionary.cpp, line 231]
Event: 7.021 Thread 0x000001137e032800 Exception <a 'java/lang/ClassNotFoundException'{0x0000000089547020}: org/gradle/plugin/use/internal/PluginRequestCollector$PluginDependenciesSpecImplCustomizer> (0x0000000089547020) thrown at [./src/hotspot/share/classfile/systemDictionary.cpp, line 231]
Event: 7.143 Thread 0x000001137e032800 Exception <a 'java/lang/NoSuchMethodError'{0x0000000088960260}: 'java.lang.Object java.lang.invoke.DirectMethodHandle$Holder.invokeStatic(java.lang.Object, java.lang.Object, java.lang.Object, java.lang.Object, int)'> (0x0000000088960260) thrown at [./src/hotspot/share/interpreter/linkResolver.cpp, line 773]
Event: 7.144 Thread 0x000001137e032800 Exception <a 'java/lang/NoSuchMethodError'{0x0000000088964c58}: 'java.lang.Object java.lang.invoke.DirectMethodHandle$Holder.invokeSpecial(java.lang.Object, java.lang.Object, java.lang.Object, java.lang.Object, java.lang.Object, int)'> (0x0000000088964c58) thrown at [./src/hotspot/share/interpreter/linkResolver.cpp, line 773]
Event: 7.144 Thread 0x000001137e032800 Exception <a 'java/lang/NoSuchMethodError'{0x0000000088969298}: 'java.lang.Object java.lang.invoke.Invokers$Holder.linkToTargetMethod(java.lang.Object, java.lang.Object, java.lang.Object, int, java.lang.Object)'> (0x0000000088969298) thrown at [./src/hotspot/share/interpreter/linkResolver.cpp, line 773]
Event: 7.315 Thread 0x000001137e032800 Exception <a 'java/lang/NoSuchMethodError'{0x0000000087be7810}: 'java.lang.Object java.lang.invoke.DirectMethodHandle$Holder.invokeSpecial(java.lang.Object, java.lang.Object, int, int, java.lang.Object, java.lang.Object, java.lang.Object)'> (0x0000000087be7810) thrown at [./src/hotspot/share/interpreter/linkResolver.cpp, line 773]
Event: 7.315 Thread 0x000001137e032800 Exception <a 'java/lang/NoSuchMethodError'{0x0000000087bebd90}: 'java.lang.Object java.lang.invoke.DelegatingMethodHandle$Holder.reinvoke_L(java.lang.Object, int, int, java.lang.Object, java.lang.Object, java.lang.Object)'> (0x0000000087bebd90) thrown at [./src/hotspot/share/interpreter/linkResolver.cpp, line 773]
Event: 7.497 Thread 0x000001137e032800 Exception <a 'java/lang/NoSuchMethodError'{0x0000000086fdba18}: 'int java.lang.invoke.DirectMethodHandle$Holder.invokeInterface(java.lang.Object, java.lang.Object, java.lang.Object, java.lang.Object)'> (0x0000000086fdba18) thrown at [./src/hotspot/share/interpreter/linkResolver.cpp, line 773]

Events (20 events):
Event: 7.632 loading class java/time/format/DateTimeFormatterBuilder$NumberPrinterParser done
Event: 7.632 loading class java/time/format/DateTimeFormatterBuilder$CharLiteralPrinterParser
Event: 7.632 loading class java/time/format/DateTimeFormatterBuilder$CharLiteralPrinterParser done
Event: 7.632 loading class java/time/format/DateTimeFormatterBuilder$CompositePrinterParser
Event: 7.632 loading class java/time/format/DateTimeFormatterBuilder$CompositePrinterParser done
Event: 7.632 loading class java/time/format/DecimalStyle
Event: 7.632 loading class java/time/format/DecimalStyle done
Event: 7.632 loading class java/time/format/DateTimeFormatterBuilder$SettingsParser
Event: 7.633 loading class java/time/format/DateTimeFormatterBuilder$SettingsParser done
Event: 7.633 loading class java/time/format/DateTimeFormatterBuilder$OffsetIdPrinterParser
Event: 7.633 loading class java/time/format/DateTimeFormatterBuilder$OffsetIdPrinterParser done
Event: 7.633 loading class java/time/format/DateTimeFormatterBuilder$FractionPrinterParser
Event: 7.633 loading class java/time/format/DateTimeFormatterBuilder$FractionPrinterParser done
Event: 7.633 loading class java/time/format/DateTimeFormatterBuilder$ZoneIdPrinterParser
Event: 7.633 loading class java/time/format/DateTimeFormatterBuilder$ZoneIdPrinterParser done
Event: 7.633 loading class java/time/format/DateTimeFormatterBuilder$StringLiteralPrinterParser
Event: 7.633 loading class java/time/format/DateTimeFormatterBuilder$StringLiteralPrinterParser done
Event: 7.633 loading class java/time/format/DateTimeFormatterBuilder$InstantPrinterParser
Event: 7.633 loading class java/time/format/DateTimeFormatterBuilder$InstantPrinterParser done
Event: 7.634 loading class java/time/format/DateTimeTextProvider$LocaleStore


Dynamic libraries:
0x00007ff6ef6a0000 - 0x00007ff6ef6aa000 	C:\Program Files\Android\Android Studio\jre\bin\java.exe
0x00007ffd49130000 - 0x00007ffd49325000 	C:\WINDOWS\SYSTEM32\ntdll.dll
0x00007ffd48df0000 - 0x00007ffd48eae000 	C:\WINDOWS\System32\KERNEL32.DLL
0x00007ffd46c40000 - 0x00007ffd46f09000 	C:\WINDOWS\System32\KERNELBASE.dll
0x00007ffd468e0000 - 0x00007ffd469e0000 	C:\WINDOWS\System32\ucrtbase.dll
0x00007ffd3e8d0000 - 0x00007ffd3e8e9000 	C:\Program Files\Android\Android Studio\jre\bin\jli.dll
0x00007ffd415e0000 - 0x00007ffd415f7000 	C:\Program Files\Android\Android Studio\jre\bin\VCRUNTIME140.dll
0x00007ffd48c40000 - 0x00007ffd48de1000 	C:\WINDOWS\System32\USER32.dll
0x00007ffd30480000 - 0x00007ffd3071a000 	C:\WINDOWS\WinSxS\amd64_microsoft.windows.common-controls_6595b64144ccf1df_6.0.19041.1110_none_60b5254171f9507e\COMCTL32.dll
0x00007ffd47070000 - 0x00007ffd47092000 	C:\WINDOWS\System32\win32u.dll
0x00007ffd48350000 - 0x00007ffd483ee000 	C:\WINDOWS\System32\msvcrt.dll
0x00007ffd47d50000 - 0x00007ffd47d7b000 	C:\WINDOWS\System32\GDI32.dll
0x00007ffd46b30000 - 0x00007ffd46c3b000 	C:\WINDOWS\System32\gdi32full.dll
0x00007ffd469e0000 - 0x00007ffd46a7d000 	C:\WINDOWS\System32\msvcp_win.dll
0x00007ffd48f10000 - 0x00007ffd48f40000 	C:\WINDOWS\System32\IMM32.DLL
0x00007ffd0c1b0000 - 0x00007ffd0c24d000 	C:\Program Files\Android\Android Studio\jre\bin\msvcp140.dll
0x00007ffcd81d0000 - 0x00007ffcd8c9f000 	C:\Program Files\Android\Android Studio\jre\bin\server\jvm.dll
0x00007ffd48fc0000 - 0x00007ffd4906c000 	C:\WINDOWS\System32\ADVAPI32.dll
0x00007ffd485e0000 - 0x00007ffd4867b000 	C:\WINDOWS\System32\sechost.dll
0x00007ffd483f0000 - 0x00007ffd4851a000 	C:\WINDOWS\System32\RPCRT4.dll
0x00007ffd47600000 - 0x00007ffd47608000 	C:\WINDOWS\System32\PSAPI.DLL
0x00007ffd2d8a0000 - 0x00007ffd2d8a9000 	C:\WINDOWS\SYSTEM32\WSOCK32.dll
0x00007ffd2f6d0000 - 0x00007ffd2f6f7000 	C:\WINDOWS\SYSTEM32\WINMM.dll
0x00007ffd40670000 - 0x00007ffd4067a000 	C:\WINDOWS\SYSTEM32\VERSION.dll
0x00007ffd49070000 - 0x00007ffd490db000 	C:\WINDOWS\System32\WS2_32.dll
0x00007ffd45120000 - 0x00007ffd45132000 	C:\WINDOWS\SYSTEM32\kernel.appcore.dll
0x00007ffd262c0000 - 0x00007ffd262d1000 	C:\Program Files\Android\Android Studio\jre\bin\verify.dll
0x00007ffd44640000 - 0x00007ffd44824000 	C:\WINDOWS\SYSTEM32\DBGHELP.DLL
0x00007ffd35610000 - 0x00007ffd3563c000 	C:\WINDOWS\SYSTEM32\dbgcore.DLL
0x00007ffd46850000 - 0x00007ffd468d3000 	C:\WINDOWS\System32\bcryptPrimitives.dll
0x00007ffd26290000 - 0x00007ffd262b9000 	C:\Program Files\Android\Android Studio\jre\bin\java.dll
0x00007ffd26280000 - 0x00007ffd2628b000 	C:\Program Files\Android\Android Studio\jre\bin\jimage.dll
0x00007ffd26260000 - 0x00007ffd26278000 	C:\Program Files\Android\Android Studio\jre\bin\zip.dll
0x00007ffd47610000 - 0x00007ffd47d4f000 	C:\WINDOWS\System32\SHELL32.dll
0x00007ffd44830000 - 0x00007ffd44fc0000 	C:\WINDOWS\SYSTEM32\windows.storage.dll
0x00007ffd47ff0000 - 0x00007ffd48345000 	C:\WINDOWS\System32\combase.dll
0x00007ffd462a0000 - 0x00007ffd462cc000 	C:\WINDOWS\SYSTEM32\Wldp.dll
0x00007ffd47f40000 - 0x00007ffd47fed000 	C:\WINDOWS\System32\SHCORE.dll
0x00007ffd48520000 - 0x00007ffd48575000 	C:\WINDOWS\System32\shlwapi.dll
0x00007ffd46790000 - 0x00007ffd467af000 	C:\WINDOWS\SYSTEM32\profapi.dll
0x00007ffd26180000 - 0x00007ffd2619a000 	C:\Program Files\Android\Android Studio\jre\bin\net.dll
0x00007ffd3d190000 - 0x00007ffd3d298000 	C:\WINDOWS\SYSTEM32\WINHTTP.dll
0x00007ffd46000000 - 0x00007ffd4606a000 	C:\WINDOWS\system32\mswsock.dll
0x00007ffd26160000 - 0x00007ffd26174000 	C:\Program Files\Android\Android Studio\jre\bin\nio.dll
0x00007ffd3e8f0000 - 0x00007ffd3e917000 	C:\Users\muham\.gradle\native\8bec1ad78214c89d9ad589b4d07fe93259594b29d510b10fafb7a158f7737e5d\windows-amd64\native-platform.dll
0x00007ffcba5b0000 - 0x00007ffcba6ed000 	C:\Users\muham\.gradle\native\53dbd7edfb1c66fb8903c78663c9afc45aea4f116125fa6feffd364cf09443e8\windows-amd64\native-platform-file-events.dll
0x00007ffd165e0000 - 0x00007ffd165ea000 	C:\Program Files\Android\Android Studio\jre\bin\management.dll
0x00007ffd165d0000 - 0x00007ffd165dc000 	C:\Program Files\Android\Android Studio\jre\bin\management_ext.dll
0x00007ffd461f0000 - 0x00007ffd46208000 	C:\WINDOWS\SYSTEM32\CRYPTSP.dll
0x00007ffd45910000 - 0x00007ffd45944000 	C:\WINDOWS\system32\rsaenh.dll
0x00007ffd47150000 - 0x00007ffd47177000 	C:\WINDOWS\System32\bcrypt.dll
0x00007ffd46710000 - 0x00007ffd4673e000 	C:\WINDOWS\SYSTEM32\USERENV.dll
0x00007ffd46210000 - 0x00007ffd4621c000 	C:\WINDOWS\SYSTEM32\CRYPTBASE.dll
0x00007ffd45ca0000 - 0x00007ffd45cdb000 	C:\WINDOWS\SYSTEM32\IPHLPAPI.DLL
0x00007ffd490e0000 - 0x00007ffd490e8000 	C:\WINDOWS\System32\NSI.dll
0x00007ffd3ee70000 - 0x00007ffd3ee87000 	C:\WINDOWS\SYSTEM32\dhcpcsvc6.DLL
0x00007ffd3fc10000 - 0x00007ffd3fc2d000 	C:\WINDOWS\SYSTEM32\dhcpcsvc.DLL
0x00007ffd45cf0000 - 0x00007ffd45dbc000 	C:\WINDOWS\SYSTEM32\DNSAPI.dll

dbghelp: loaded successfully - version: 4.0.5 - missing functions: none
symbol engine: initialized successfully - sym options: 0x614 - pdb path: .;C:\Program Files\Android\Android Studio\jre\bin;C:\WINDOWS\SYSTEM32;C:\WINDOWS\WinSxS\amd64_microsoft.windows.common-controls_6595b64144ccf1df_6.0.19041.1110_none_60b5254171f9507e;C:\Program Files\Android\Android Studio\jre\bin\server;C:\Users\muham\.gradle\native\8bec1ad78214c89d9ad589b4d07fe93259594b29d510b10fafb7a158f7737e5d\windows-amd64;C:\Users\muham\.gradle\native\53dbd7edfb1c66fb8903c78663c9afc45aea4f116125fa6feffd364cf09443e8\windows-amd64

VM Arguments:
jvm_args: --add-opens=java.base/java.util=ALL-UNNAMED --add-opens=java.base/java.lang=ALL-UNNAMED --add-opens=java.base/java.lang.invoke=ALL-UNNAMED --add-opens=java.base/java.util=ALL-UNNAMED --add-opens=java.prefs/java.util.prefs=ALL-UNNAMED --add-opens=java.prefs/java.util.prefs=ALL-UNNAMED --add-opens=java.base/java.nio.charset=ALL-UNNAMED --add-opens=java.base/java.net=ALL-UNNAMED --add-opens=java.base/java.util.concurrent.atomic=ALL-UNNAMED -Xmx2048m -Dfile.encoding=UTF-8 -Duser.country=US -Duser.language=en -Duser.variant 
java_command: org.gradle.launcher.daemon.bootstrap.GradleDaemon 7.0.2
java_class_path (initial): C:\Users\muham\.gradle\wrapper\dists\gradle-7.0.2-bin\857tjihv64xamwrf0h14cai3r\gradle-7.0.2\lib\gradle-launcher-7.0.2.jar
Launcher Type: SUN_STANDARD

[Global flags]
     intx CICompilerCount                          = 4                                         {product} {ergonomic}
     uint ConcGCThreads                            = 2                                         {product} {ergonomic}
     uint G1ConcRefinementThreads                  = 8                                         {product} {ergonomic}
   size_t G1HeapRegionSize                         = 1048576                                   {product} {ergonomic}
    uintx GCDrainStackTargetSize                   = 64                                        {product} {ergonomic}
   size_t InitialHeapSize                          = 134217728                                 {product} {ergonomic}
   size_t MarkStackSize                            = 4194304                                   {product} {ergonomic}
   size_t MaxHeapSize                              = 2147483648                                {product} {command line}
   size_t MaxNewSize                               = 1287651328                                {product} {ergonomic}
   size_t MinHeapDeltaBytes                        = 1048576                                   {product} {ergonomic}
    uintx NonNMethodCodeHeapSize                   = 5836300                                {pd product} {ergonomic}
    uintx NonProfiledCodeHeapSize                  = 122910970                              {pd product} {ergonomic}
    uintx ProfiledCodeHeapSize                     = 122910970                              {pd product} {ergonomic}
    uintx ReservedCodeCacheSize                    = 251658240                              {pd product} {ergonomic}
     bool SegmentedCodeCache                       = true                                      {product} {ergonomic}
     bool UseCompressedClassPointers               = true                                 {lp64_product} {ergonomic}
     bool UseCompressedOops                        = true                                 {lp64_product} {ergonomic}
     bool UseG1GC                                  = true                                      {product} {ergonomic}
     bool UseLargePagesIndividualAllocation        = false                                  {pd product} {ergonomic}

Logging:
Log output configuration:
 #0: stdout all=warning uptime,level,tags
 #1: stderr all=off uptime,level,tags

Environment Variables:
PATH=C:\Program Files (x86)\Common Files\Oracle\Java\javapath;C:\WINDOWS\system32;C:\WINDOWS;C:\WINDOWS\System32\Wbem;C:\WINDOWS\System32\WindowsPowerShell\v1.0\;C:\WINDOWS\System32\OpenSSH\;C:\Program Files\Intel\WiFi\bin\;C:\Program Files\Common Files\Intel\WirelessCommon\;C:\Program Files (x86)\dotnet\;C:\Android;C:\Windows\System32;C:\Program Files\Dart\dart-sdk\bin;C:\Program Files\nodejs\;C:\Program Files (x86)\Intel\Intel(R) Management Engine Components\DAL;C:\Program Files\Intel\Intel(R) Management Engine Components\DAL;C:\Program Files\Git\cmd;C:\Users\muham\AppData\Local\Programs\Python\Python38-32\Scripts\;C:\Users\muham\AppData\Local\Programs\Python\Python38-32\;C:\Users\muham\AppData\Local\Microsoft\WindowsApps;C:\Users\muham\AppData\Local\Programs\Microsoft VS Code\bin;C:\Program Files\JetBrains\PyCharm Community Edition 2020.2\bin;;C:\Program Files (x86)\Nmap;C:\Windows\System32\WindowsPowerShell\v1.0;C:\Program Files\Dart\dart-sdk\lib;C:\Users\muham\flutter\bin;C:\Users\muham\AppData\Roaming\npm
USERNAME=muham
OS=Windows_NT
PROCESSOR_IDENTIFIER=Intel64 Family 6 Model 142 Stepping 10, GenuineIntel



---------------  S Y S T E M  ---------------

OS: Windows 10 , 64 bit Build 19041 (10.0.19041.1202)
OS uptime: 1 days 22:08 hours

CPU:total 8 (initial active 8) (4 cores per cpu, 2 threads per core) family 6 model 142 stepping 10 microcode 0xd6, cmov, cx8, fxsr, mmx, sse, sse2, sse3, ssse3, sse4.1, sse4.2, popcnt, avx, avx2, aes, clmul, erms, 3dnowpref, lzcnt, ht, tsc, tscinvbit, bmi1, bmi2, adx, fma

Memory: 4k page, system-wide physical 8092M (1001M free)
TotalPageFile size 23278M (AvailPageFile size 5M)
current process WorkingSet (physical memory assigned to process): 361M, peak: 361M
current process commit charge ("private bytes"): 400M, peak: 401M

vm_info: OpenJDK 64-Bit Server VM (11.0.10+0-b96-7249189) for windows-amd64 JRE (11.0.10+0-b96-7249189), built on Mar 31 2021 21:44:00 by "builder" with MS VC++ 14.0 (VS2015)

END.
