#
# There is insufficient memory for the Java Runtime Environment to continue.
# Native memory allocation (malloc) failed to allocate 1275856 bytes for Chunk::new
# Possible reasons:
#   The system is out of physical RAM or swap space
#   The process is running with CompressedOops enabled, and the Java Heap may be blocking the growth of the native heap
# Possible solutions:
#   Reduce memory load on the system
#   Increase physical memory or swap space
#   Check if swap backing store is full
#   Decrease Java heap size (-Xmx/-Xms)
#   Decrease number of Java threads
#   Decrease Java thread stack sizes (-Xss)
#   Set larger code cache with -XX:ReservedCodeCacheSize=
#   JVM is running with Unscaled Compressed Oops mode in which the Java heap is
#     placed in the first 4GB address space. The Java Heap base address is the
#     maximum limit for the native heap growth. Please use -XX:HeapBaseMinAddress
#     to set the Java Heap base and to place the Java Heap above 4GB virtual address.
# This output file may be truncated or incomplete.
#
#  Out of Memory Error (./src/hotspot/share/memory/arena.cpp:197), pid=11528, tid=11788
#
# JRE version: OpenJDK Runtime Environment (11.0.10) (build 11.0.10+0-b96-7249189)
# Java VM: OpenJDK 64-Bit Server VM (11.0.10+0-b96-7249189, mixed mode, tiered, compressed oops, g1 gc, windows-amd64)
# No core dump will be written. Minidumps are not enabled by default on client versions of Windows
#

---------------  S U M M A R Y ------------

Command Line: --add-opens=java.base/java.util=ALL-UNNAMED --add-opens=java.base/java.lang=ALL-UNNAMED --add-opens=java.base/java.lang.invoke=ALL-UNNAMED --add-opens=java.base/java.util=ALL-UNNAMED --add-opens=java.prefs/java.util.prefs=ALL-UNNAMED --add-opens=java.prefs/java.util.prefs=ALL-UNNAMED --add-opens=java.base/java.nio.charset=ALL-UNNAMED --add-opens=java.base/java.net=ALL-UNNAMED --add-opens=java.base/java.util.concurrent.atomic=ALL-UNNAMED -Xmx2048m -Dfile.encoding=UTF-8 -Duser.country=US -Duser.language=en -Duser.variant org.gradle.launcher.daemon.bootstrap.GradleDaemon 7.0.2

Host: Intel(R) Core(TM) i5-8250U CPU @ 1.60GHz, 8 cores, 7G,  Windows 10 , 64 bit Build 19041 (10.0.19041.1202)
Time: Thu Oct 28 17:15:51 2021 Jerusalem Daylight Time elapsed time: 7.743538 seconds (0d 0h 0m 7s)

---------------  T H R E A D  ---------------

Current thread (0x00000176b85b1000):  JavaThread "C2 CompilerThread1" daemon [_thread_in_native, id=11788, stack(0x000000647b300000,0x000000647b400000)]


Current CompileTask:
C2:   7743 5776       4       groovyjarjarantlr4.v4.runtime.atn.PredictionContext::join (569 bytes)

Stack: [0x000000647b300000,0x000000647b400000]
Native frames: (J=compiled Java code, j=interpreted, Vv=VM code, C=native code)
V  [jvm.dll+0x5ecfaa]
V  [jvm.dll+0x722bd5]
V  [jvm.dll+0x72412d]
V  [jvm.dll+0x7247e3]
V  [jvm.dll+0x242928]
V  [jvm.dll+0xbc4fc]
V  [jvm.dll+0xbca0c]
V  [jvm.dll+0x352d7d]
V  [jvm.dll+0x19800c]
V  [jvm.dll+0x1fb70e]
V  [jvm.dll+0x1fa7f4]
V  [jvm.dll+0x18354c]
V  [jvm.dll+0x208ee7]
V  [jvm.dll+0x207731]
V  [jvm.dll+0x6eb1cf]
V  [jvm.dll+0x6e3d45]
V  [jvm.dll+0x5ebe96]
C  [ucrtbase.dll+0x21bb2]
C  [KERNEL32.DLL+0x17034]
C  [ntdll.dll+0x52651]


---------------  P R O C E S S  ---------------

Threads class SMR info:
_java_thread_list=0x00000176bb110cd0, length=50, elements={
0x000001769aee7800, 0x00000176b5361000, 0x00000176b536a000, 0x00000176b5ce2800,
0x00000176b537d800, 0x00000176b537e000, 0x00000176b5389800, 0x00000176b538d800,
0x00000176b5d04000, 0x00000176b5e52800, 0x00000176b6fac800, 0x00000176b5ef6000,
0x00000176b913e800, 0x00000176b8e5a000, 0x00000176b7074800, 0x00000176b85b1000,
0x00000176b833a800, 0x00000176b85ae000, 0x00000176b8556000, 0x00000176b7bb9800,
0x00000176b8c49000, 0x00000176b8c4b800, 0x00000176b8c48800, 0x00000176b8c4c800,
0x00000176b8c4a000, 0x00000176b8c4a800, 0x00000176b8c4f000, 0x00000176b8c4d000,
0x00000176b8c4e000, 0x00000176b82c0000, 0x00000176b82c6000, 0x00000176b82c2800,
0x00000176b82c4800, 0x00000176b82c3800, 0x00000176b82c6800, 0x00000176b82c5000,
0x00000176b82c1000, 0x00000176b82c2000, 0x00000176b8f01000, 0x00000176b8eff800,
0x00000176b8efc000, 0x00000176b8efe800, 0x00000176b8f02800, 0x00000176b8efd000,
0x00000176b8efd800, 0x00000176b8f04000, 0x00000176b8f06800, 0x00000176b8f08800,
0x00000176b8f09000, 0x00000176b8f03800
}

Java Threads: ( => current thread )
  0x000001769aee7800 JavaThread "main" [_thread_blocked, id=8292, stack(0x0000006479b00000,0x0000006479c00000)]
  0x00000176b5361000 JavaThread "Reference Handler" daemon [_thread_blocked, id=16976, stack(0x000000647a200000,0x000000647a300000)]
  0x00000176b536a000 JavaThread "Finalizer" daemon [_thread_blocked, id=7164, stack(0x000000647a300000,0x000000647a400000)]
  0x00000176b5ce2800 JavaThread "Signal Dispatcher" daemon [_thread_blocked, id=15332, stack(0x000000647a400000,0x000000647a500000)]
  0x00000176b537d800 JavaThread "Attach Listener" daemon [_thread_blocked, id=12972, stack(0x000000647a500000,0x000000647a600000)]
  0x00000176b537e000 JavaThread "Service Thread" daemon [_thread_blocked, id=17780, stack(0x000000647a600000,0x000000647a700000)]
  0x00000176b5389800 JavaThread "C2 CompilerThread0" daemon [_thread_in_native, id=8628, stack(0x000000647a700000,0x000000647a800000)]
  0x00000176b538d800 JavaThread "C1 CompilerThread0" daemon [_thread_blocked, id=9544, stack(0x000000647a800000,0x000000647a900000)]
  0x00000176b5d04000 JavaThread "Sweeper thread" daemon [_thread_blocked, id=9880, stack(0x000000647a900000,0x000000647aa00000)]
  0x00000176b5e52800 JavaThread "Common-Cleaner" daemon [_thread_blocked, id=8372, stack(0x000000647aa00000,0x000000647ab00000)]
  0x00000176b6fac800 JavaThread "Daemon health stats" [_thread_blocked, id=5704, stack(0x000000647af00000,0x000000647b000000)]
  0x00000176b5ef6000 JavaThread "Incoming local TCP Connector on port 1043" [_thread_in_native, id=13572, stack(0x000000647ac00000,0x000000647ad00000)]
  0x00000176b913e800 JavaThread "Daemon periodic checks" [_thread_blocked, id=5128, stack(0x000000647b000000,0x000000647b100000)]
  0x00000176b8e5a000 JavaThread "Daemon" [_thread_blocked, id=12916, stack(0x000000647b100000,0x000000647b200000)]
  0x00000176b7074800 JavaThread "Handler for socket connection from /127.0.0.1:1043 to /127.0.0.1:1044" [_thread_in_native, id=17436, stack(0x000000647b200000,0x000000647b300000)]
=>0x00000176b85b1000 JavaThread "C2 CompilerThread1" daemon [_thread_in_native, id=11788, stack(0x000000647b300000,0x000000647b400000)]
  0x00000176b833a800 JavaThread "Cancel handler" [_thread_blocked, id=760, stack(0x000000647b400000,0x000000647b500000)]
  0x00000176b85ae000 JavaThread "Daemon worker" [_thread_in_Java, id=12080, stack(0x000000647b500000,0x000000647b600000)]
  0x00000176b8556000 JavaThread "Asynchronous log dispatcher for DefaultDaemonConnection: socket connection from /127.0.0.1:1043 to /127.0.0.1:1044" [_thread_blocked, id=1160, stack(0x000000647b600000,0x000000647b700000)]
  0x00000176b7bb9800 JavaThread "Stdin handler" [_thread_blocked, id=11136, stack(0x000000647b700000,0x000000647b800000)]
  0x00000176b8c49000 JavaThread "Daemon client event forwarder" [_thread_blocked, id=5152, stack(0x000000647b800000,0x000000647b900000)]
  0x00000176b8c4b800 JavaThread "Cache worker for file hash cache (C:\Users\muham\.gradle\caches\7.0.2\fileHashes)" [_thread_blocked, id=12448, stack(0x000000647be00000,0x000000647bf00000)]
  0x00000176b8c48800 JavaThread "File lock request listener" [_thread_in_native, id=9588, stack(0x000000647bf00000,0x000000647c000000)]
  0x00000176b8c4c800 JavaThread "Cache worker for journal cache (C:\Users\muham\.gradle\caches\journal-1)" [_thread_blocked, id=18400, stack(0x000000647c100000,0x000000647c200000)]
  0x00000176b8c4a000 JavaThread "Cache worker for file hash cache (C:\Users\muham\android development\DSCWorkShopTraning\task2\.gradle\7.0.2\fileHashes)" [_thread_blocked, id=15396, stack(0x000000647c200000,0x000000647c300000)]
  0x00000176b8c4a800 JavaThread "File watcher server" daemon [_thread_in_native, id=12180, stack(0x000000647c300000,0x000000647c400000)]
  0x00000176b8c4f000 JavaThread "File watcher consumer" daemon [_thread_blocked, id=9648, stack(0x000000647c400000,0x000000647c500000)]
  0x00000176b8c4d000 JavaThread "jar transforms" [_thread_blocked, id=18120, stack(0x000000647c500000,0x000000647c600000)]
  0x00000176b8c4e000 JavaThread "jar transforms Thread 2" [_thread_blocked, id=8760, stack(0x000000647c600000,0x000000647c700000)]
  0x00000176b82c0000 JavaThread "jar transforms Thread 3" [_thread_blocked, id=7924, stack(0x000000647c700000,0x000000647c800000)]
  0x00000176b82c6000 JavaThread "jar transforms Thread 4" [_thread_blocked, id=18428, stack(0x000000647c800000,0x000000647c900000)]
  0x00000176b82c2800 JavaThread "jar transforms Thread 5" [_thread_blocked, id=8304, stack(0x000000647c900000,0x000000647ca00000)]
  0x00000176b82c4800 JavaThread "jar transforms Thread 6" [_thread_blocked, id=2520, stack(0x000000647ca00000,0x000000647cb00000)]
  0x00000176b82c3800 JavaThread "jar transforms Thread 7" [_thread_blocked, id=13836, stack(0x000000647cb00000,0x000000647cc00000)]
  0x00000176b82c6800 JavaThread "jar transforms Thread 8" [_thread_blocked, id=1248, stack(0x000000647cc00000,0x000000647cd00000)]
  0x00000176b82c5000 JavaThread "Cache worker for checksums cache (C:\Users\muham\android development\DSCWorkShopTraning\task2\.gradle\checksums)" [_thread_blocked, id=12244, stack(0x000000647cd00000,0x000000647ce00000)]
  0x00000176b82c1000 JavaThread "Cache worker for cache directory md-supplier (C:\Users\muham\.gradle\caches\7.0.2\md-supplier)" [_thread_blocked, id=2764, stack(0x000000647ce00000,0x000000647cf00000)]
  0x00000176b82c2000 JavaThread "Cache worker for cache directory md-rule (C:\Users\muham\.gradle\caches\7.0.2\md-rule)" [_thread_blocked, id=12852, stack(0x000000647cf00000,0x000000647d000000)]
  0x00000176b8f01000 JavaThread "Cache worker for execution history cache (C:\Users\muham\.gradle\caches\7.0.2\executionHistory)" [_thread_blocked, id=15604, stack(0x000000647d000000,0x000000647d100000)]
  0x00000176b8eff800 JavaThread "Cache worker for file content cache (C:\Users\muham\.gradle\caches\7.0.2\fileContent)" [_thread_blocked, id=3244, stack(0x000000647d100000,0x000000647d200000)]
  0x00000176b8efc000 JavaThread "Cache worker for dependencies-accessors (C:\Users\muham\android development\DSCWorkShopTraning\task2\.gradle\7.0.2\dependencies-accessors)" [_thread_blocked, id=9320, stack(0x000000647d200000,0x000000647d300000)]
  0x00000176b8efe800 JavaThread "Cache worker for Build Output Cleanup Cache (C:\Users\muham\android development\DSCWorkShopTraning\task2\.gradle\buildOutputCleanup)" [_thread_blocked, id=9604, stack(0x000000647d300000,0x000000647d400000)]
  0x00000176b8f02800 JavaThread "Build operations" [_thread_blocked, id=17464, stack(0x000000647d400000,0x000000647d500000)]
  0x00000176b8efd000 JavaThread "Build operations Thread 2" [_thread_blocked, id=13764, stack(0x000000647d500000,0x000000647d600000)]
  0x00000176b8efd800 JavaThread "Build operations Thread 3" [_thread_blocked, id=1404, stack(0x000000647d600000,0x000000647d700000)]
  0x00000176b8f04000 JavaThread "Build operations Thread 4" [_thread_blocked, id=17932, stack(0x000000647d700000,0x000000647d800000)]
  0x00000176b8f06800 JavaThread "Build operations Thread 5" [_thread_blocked, id=12552, stack(0x000000647d800000,0x000000647d900000)]
  0x00000176b8f08800 JavaThread "Build operations Thread 6" [_thread_blocked, id=16292, stack(0x000000647d900000,0x000000647da00000)]
  0x00000176b8f09000 JavaThread "Build operations Thread 7" [_thread_blocked, id=1720, stack(0x000000647da00000,0x000000647db00000)]
  0x00000176b8f03800 JavaThread "Build operations Thread 8" [_thread_blocked, id=8228, stack(0x000000647db00000,0x000000647dc00000)]

Other Threads:
  0x00000176b535d000 VMThread "VM Thread" [stack: 0x000000647a100000,0x000000647a200000] [id=5832]
  0x00000176b5e87000 WatcherThread [stack: 0x000000647ab00000,0x000000647ac00000] [id=15904]
  0x000001769af03800 GCTaskThread "GC Thread#0" [stack: 0x0000006479c00000,0x0000006479d00000] [id=10904]
  0x00000176b6b5d800 GCTaskThread "GC Thread#1" [stack: 0x000000647ad00000,0x000000647ae00000] [id=16456]
  0x00000176b6b42800 GCTaskThread "GC Thread#2" [stack: 0x000000647ae00000,0x000000647af00000] [id=4584]
  0x00000176b89ba800 GCTaskThread "GC Thread#3" [stack: 0x000000647b900000,0x000000647ba00000] [id=2400]
  0x00000176b782c800 GCTaskThread "GC Thread#4" [stack: 0x000000647ba00000,0x000000647bb00000] [id=15072]
  0x00000176b786e800 GCTaskThread "GC Thread#5" [stack: 0x000000647bb00000,0x000000647bc00000] [id=7516]
  0x00000176b72aa800 GCTaskThread "GC Thread#6" [stack: 0x000000647bc00000,0x000000647bd00000] [id=6508]
  0x00000176b8186000 GCTaskThread "GC Thread#7" [stack: 0x000000647bd00000,0x000000647be00000] [id=360]
  0x000001769af34800 ConcurrentGCThread "G1 Main Marker" [stack: 0x0000006479d00000,0x0000006479e00000] [id=12304]
  0x000001769af35800 ConcurrentGCThread "G1 Conc#0" [stack: 0x0000006479e00000,0x0000006479f00000] [id=9184]
  0x00000176b868e000 ConcurrentGCThread "G1 Conc#1" [stack: 0x000000647c000000,0x000000647c100000] [id=3104]
  0x000001769afc9800 ConcurrentGCThread "G1 Refine#0" [stack: 0x0000006479f00000,0x000000647a000000] [id=8860]
  0x00000176b51b0800 ConcurrentGCThread "G1 Young RemSet Sampling" [stack: 0x000000647a000000,0x000000647a100000] [id=18336]

Threads with active compile tasks:
C2 CompilerThread0   7783 5734       4       groovyjarjarantlr4.v4.runtime.atn.ParserATNSimulator::closure (784 bytes)
C2 CompilerThread1   7783 5776       4       groovyjarjarantlr4.v4.runtime.atn.PredictionContext::join (569 bytes)

VM state:not at safepoint (normal execution)

VM Mutex/Monitor currently owned by a thread: None

Heap address: 0x0000000080000000, size: 2048 MB, Compressed Oops mode: 32-bit
Narrow klass base: 0x0000000000000000, Narrow klass shift: 3
Compressed class space size: 1073741824 Address: 0x0000000100000000

Heap:
 garbage-first heap   total 189440K, used 96206K [0x0000000080000000, 0x0000000100000000)
  region size 1024K, 28 young (28672K), 8 survivors (8192K)
 Metaspace       used 54578K, capacity 56183K, committed 56320K, reserved 1097728K
  class space    used 7060K, capacity 7603K, committed 7680K, reserved 1048576K
Heap Regions: E=young(eden), S=young(survivor), O=old, HS=humongous(starts), HC=humongous(continues), CS=collection set, F=free, A=archive, TAMS=top-at-mark-start (previous, next)
|   0|0x0000000080000000, 0x0000000080100000, 0x0000000080100000|100%| O|  |TAMS 0x0000000080100000, 0x0000000080000000| Untracked 
|   1|0x0000000080100000, 0x0000000080200000, 0x0000000080200000|100%| O|  |TAMS 0x0000000080200000, 0x0000000080100000| Untracked 
|   2|0x0000000080200000, 0x0000000080300000, 0x0000000080300000|100%| O|  |TAMS 0x0000000080300000, 0x0000000080200000| Untracked 
|   3|0x0000000080300000, 0x0000000080400000, 0x0000000080400000|100%|HS|  |TAMS 0x0000000080400000, 0x0000000080300000| Complete 
|   4|0x0000000080400000, 0x0000000080500000, 0x0000000080500000|100%|HC|  |TAMS 0x0000000080500000, 0x0000000080400000| Complete 
|   5|0x0000000080500000, 0x0000000080600000, 0x0000000080600000|100%|HC|  |TAMS 0x0000000080600000, 0x0000000080500000| Complete 
|   6|0x0000000080600000, 0x0000000080700000, 0x0000000080700000|100%| O|  |TAMS 0x0000000080700000, 0x0000000080600000| Untracked 
|   7|0x0000000080700000, 0x0000000080800000, 0x0000000080800000|100%| O|  |TAMS 0x0000000080800000, 0x0000000080700000| Untracked 
|   8|0x0000000080800000, 0x0000000080900000, 0x0000000080900000|100%| O|  |TAMS 0x0000000080900000, 0x0000000080800000| Untracked 
|   9|0x0000000080900000, 0x0000000080a00000, 0x0000000080a00000|100%| O|  |TAMS 0x0000000080a00000, 0x0000000080900000| Untracked 
|  10|0x0000000080a00000, 0x0000000080b00000, 0x0000000080b00000|100%| O|  |TAMS 0x0000000080b00000, 0x0000000080a00000| Untracked 
|  11|0x0000000080b00000, 0x0000000080c00000, 0x0000000080c00000|100%| O|  |TAMS 0x0000000080c00000, 0x0000000080b00000| Untracked 
|  12|0x0000000080c00000, 0x0000000080d00000, 0x0000000080d00000|100%| O|  |TAMS 0x0000000080d00000, 0x0000000080c00000| Untracked 
|  13|0x0000000080d00000, 0x0000000080e00000, 0x0000000080e00000|100%| O|  |TAMS 0x0000000080e00000, 0x0000000080d00000| Untracked 
|  14|0x0000000080e00000, 0x0000000080f00000, 0x0000000080f00000|100%| O|  |TAMS 0x0000000080f00000, 0x0000000080e00000| Untracked 
|  15|0x0000000080f00000, 0x0000000081000000, 0x0000000081000000|100%| O|  |TAMS 0x0000000081000000, 0x0000000080f00000| Untracked 
|  16|0x0000000081000000, 0x0000000081100000, 0x0000000081100000|100%| O|  |TAMS 0x0000000081063a00, 0x0000000081000000| Untracked 
|  17|0x0000000081100000, 0x0000000081200000, 0x0000000081200000|100%|HS|  |TAMS 0x0000000081200000, 0x0000000081100000| Complete 
|  18|0x0000000081200000, 0x0000000081300000, 0x0000000081300000|100%|HC|  |TAMS 0x0000000081300000, 0x0000000081200000| Complete 
|  19|0x0000000081300000, 0x0000000081400000, 0x0000000081400000|100%|HS|  |TAMS 0x0000000081400000, 0x0000000081300000| Complete 
|  20|0x0000000081400000, 0x0000000081500000, 0x0000000081500000|100%|HC|  |TAMS 0x0000000081500000, 0x0000000081400000| Complete 
|  21|0x0000000081500000, 0x0000000081600000, 0x0000000081600000|100%|HC|  |TAMS 0x0000000081600000, 0x0000000081500000| Complete 
|  22|0x0000000081600000, 0x0000000081700000, 0x0000000081700000|100%|HS|  |TAMS 0x0000000081700000, 0x0000000081600000| Complete 
|  23|0x0000000081700000, 0x0000000081800000, 0x0000000081800000|100%|HC|  |TAMS 0x0000000081800000, 0x0000000081700000| Complete 
|  24|0x0000000081800000, 0x0000000081900000, 0x0000000081900000|100%|HC|  |TAMS 0x0000000081900000, 0x0000000081800000| Complete 
|  25|0x0000000081900000, 0x0000000081a00000, 0x0000000081a00000|100%|HC|  |TAMS 0x0000000081a00000, 0x0000000081900000| Complete 
|  26|0x0000000081a00000, 0x0000000081b00000, 0x0000000081b00000|100%|HC|  |TAMS 0x0000000081b00000, 0x0000000081a00000| Complete 
|  27|0x0000000081b00000, 0x0000000081c00000, 0x0000000081c00000|100%|HS|  |TAMS 0x0000000081b00000, 0x0000000081b00000| Complete 
|  28|0x0000000081c00000, 0x0000000081d00000, 0x0000000081d00000|100%|HC|  |TAMS 0x0000000081c00000, 0x0000000081c00000| Complete 
|  29|0x0000000081d00000, 0x0000000081e00000, 0x0000000081e00000|100%|HC|  |TAMS 0x0000000081d00000, 0x0000000081d00000| Complete 
|  30|0x0000000081e00000, 0x0000000081f00000, 0x0000000081f00000|100%| O|  |TAMS 0x0000000081e00000, 0x0000000081e00000| Untracked 
|  31|0x0000000081f00000, 0x0000000082000000, 0x0000000082000000|100%| O|  |TAMS 0x0000000081f00000, 0x0000000081f00000| Untracked 
|  32|0x0000000082000000, 0x0000000082100000, 0x0000000082100000|100%| O|  |TAMS 0x0000000082000000, 0x0000000082000000| Untracked 
|  33|0x0000000082100000, 0x0000000082200000, 0x0000000082200000|100%| O|  |TAMS 0x0000000082100000, 0x0000000082100000| Untracked 
|  34|0x0000000082200000, 0x0000000082300000, 0x0000000082300000|100%| O|  |TAMS 0x0000000082200000, 0x0000000082200000| Untracked 
|  35|0x0000000082300000, 0x0000000082400000, 0x0000000082400000|100%| O|  |TAMS 0x0000000082300000, 0x0000000082300000| Untracked 
|  36|0x0000000082400000, 0x0000000082500000, 0x0000000082500000|100%| O|  |TAMS 0x0000000082400000, 0x0000000082400000| Untracked 
|  37|0x0000000082500000, 0x0000000082600000, 0x0000000082600000|100%| O|  |TAMS 0x0000000082500000, 0x0000000082500000| Untracked 
|  38|0x0000000082600000, 0x0000000082700000, 0x0000000082700000|100%| O|  |TAMS 0x0000000082600000, 0x0000000082600000| Untracked 
|  39|0x0000000082700000, 0x0000000082800000, 0x0000000082800000|100%|HS|  |TAMS 0x0000000082700000, 0x0000000082700000| Complete 
|  40|0x0000000082800000, 0x0000000082900000, 0x0000000082900000|100%|HC|  |TAMS 0x0000000082800000, 0x0000000082800000| Complete 
|  41|0x0000000082900000, 0x0000000082a00000, 0x0000000082a00000|100%|HC|  |TAMS 0x0000000082900000, 0x0000000082900000| Complete 
|  42|0x0000000082a00000, 0x0000000082b00000, 0x0000000082b00000|100%|HC|  |TAMS 0x0000000082a00000, 0x0000000082a00000| Complete 
|  43|0x0000000082b00000, 0x0000000082c00000, 0x0000000082c00000|100%|HC|  |TAMS 0x0000000082b00000, 0x0000000082b00000| Complete 
|  44|0x0000000082c00000, 0x0000000082d00000, 0x0000000082d00000|100%| O|  |TAMS 0x0000000082c00000, 0x0000000082c00000| Untracked 
|  45|0x0000000082d00000, 0x0000000082e00000, 0x0000000082e00000|100%| O|  |TAMS 0x0000000082d00000, 0x0000000082d00000| Untracked 
|  46|0x0000000082e00000, 0x0000000082f00000, 0x0000000082f00000|100%| O|  |TAMS 0x0000000082e00000, 0x0000000082e00000| Untracked 
|  47|0x0000000082f00000, 0x0000000083000000, 0x0000000083000000|100%| O|  |TAMS 0x0000000082f00000, 0x0000000082f00000| Untracked 
|  48|0x0000000083000000, 0x0000000083100000, 0x0000000083100000|100%| O|  |TAMS 0x0000000083000000, 0x0000000083000000| Untracked 
|  49|0x0000000083100000, 0x0000000083200000, 0x0000000083200000|100%| O|  |TAMS 0x0000000083100000, 0x0000000083100000| Untracked 
|  50|0x0000000083200000, 0x0000000083300000, 0x0000000083300000|100%| O|  |TAMS 0x0000000083200000, 0x0000000083200000| Untracked 
|  51|0x0000000083300000, 0x0000000083400000, 0x0000000083400000|100%| O|  |TAMS 0x0000000083300000, 0x0000000083300000| Untracked 
|  52|0x0000000083400000, 0x0000000083500000, 0x0000000083500000|100%| O|  |TAMS 0x0000000083400000, 0x0000000083400000| Untracked 
|  53|0x0000000083500000, 0x0000000083600000, 0x0000000083600000|100%| O|  |TAMS 0x0000000083500000, 0x0000000083500000| Untracked 
|  54|0x0000000083600000, 0x0000000083700000, 0x0000000083700000|100%|HS|  |TAMS 0x0000000083600000, 0x0000000083600000| Complete 
|  55|0x0000000083700000, 0x0000000083800000, 0x0000000083800000|100%|HS|  |TAMS 0x0000000083700000, 0x0000000083700000| Complete 
|  56|0x0000000083800000, 0x0000000083900000, 0x0000000083900000|100%|HS|  |TAMS 0x0000000083800000, 0x0000000083800000| Complete 
|  57|0x0000000083900000, 0x0000000083a00000, 0x0000000083a00000|100%|HS|  |TAMS 0x0000000083900000, 0x0000000083900000| Complete 
|  58|0x0000000083a00000, 0x0000000083b00000, 0x0000000083b00000|100%|HC|  |TAMS 0x0000000083a00000, 0x0000000083a00000| Complete 
|  59|0x0000000083b00000, 0x0000000083c00000, 0x0000000083c00000|100%|HC|  |TAMS 0x0000000083b00000, 0x0000000083b00000| Complete 
|  60|0x0000000083c00000, 0x0000000083d00000, 0x0000000083d00000|100%|HS|  |TAMS 0x0000000083c00000, 0x0000000083c00000| Complete 
|  61|0x0000000083d00000, 0x0000000083e00000, 0x0000000083e00000|100%|HC|  |TAMS 0x0000000083d00000, 0x0000000083d00000| Complete 
|  62|0x0000000083e00000, 0x0000000083f00000, 0x0000000083f00000|100%| O|  |TAMS 0x0000000083e00000, 0x0000000083e00000| Untracked 
|  63|0x0000000083f00000, 0x0000000084000000, 0x0000000084000000|100%| O|  |TAMS 0x0000000083f00000, 0x0000000083f00000| Untracked 
|  64|0x0000000084000000, 0x0000000084100000, 0x0000000084100000|100%| O|  |TAMS 0x0000000084000000, 0x0000000084000000| Untracked 
|  65|0x0000000084100000, 0x0000000084200000, 0x0000000084200000|100%| O|  |TAMS 0x0000000084100000, 0x0000000084100000| Untracked 
|  66|0x0000000084200000, 0x00000000842f3800, 0x0000000084300000| 95%| O|  |TAMS 0x0000000084200000, 0x0000000084200000| Untracked 
|  67|0x0000000084300000, 0x0000000084300000, 0x0000000084400000|  0%| F|  |TAMS 0x0000000084300000, 0x0000000084300000| Untracked 
|  68|0x0000000084400000, 0x0000000084400000, 0x0000000084500000|  0%| F|  |TAMS 0x0000000084400000, 0x0000000084400000| Untracked 
|  69|0x0000000084500000, 0x0000000084500000, 0x0000000084600000|  0%| F|  |TAMS 0x0000000084500000, 0x0000000084500000| Untracked 
|  70|0x0000000084600000, 0x0000000084600000, 0x0000000084700000|  0%| F|  |TAMS 0x0000000084600000, 0x0000000084600000| Untracked 
|  71|0x0000000084700000, 0x0000000084700000, 0x0000000084800000|  0%| F|  |TAMS 0x0000000084700000, 0x0000000084700000| Untracked 
|  72|0x0000000084800000, 0x0000000084800000, 0x0000000084900000|  0%| F|  |TAMS 0x0000000084800000, 0x0000000084800000| Untracked 
|  73|0x0000000084900000, 0x0000000084900000, 0x0000000084a00000|  0%| F|  |TAMS 0x0000000084900000, 0x0000000084900000| Untracked 
|  74|0x0000000084a00000, 0x0000000084a00000, 0x0000000084b00000|  0%| F|  |TAMS 0x0000000084a00000, 0x0000000084a00000| Untracked 
|  75|0x0000000084b00000, 0x0000000084b00000, 0x0000000084c00000|  0%| F|  |TAMS 0x0000000084b00000, 0x0000000084b00000| Untracked 
|  76|0x0000000084c00000, 0x0000000084c00000, 0x0000000084d00000|  0%| F|  |TAMS 0x0000000084c00000, 0x0000000084c00000| Untracked 
|  77|0x0000000084d00000, 0x0000000084d00000, 0x0000000084e00000|  0%| F|  |TAMS 0x0000000084d00000, 0x0000000084d00000| Untracked 
|  78|0x0000000084e00000, 0x0000000084e00000, 0x0000000084f00000|  0%| F|  |TAMS 0x0000000084e00000, 0x0000000084e00000| Untracked 
|  79|0x0000000084f00000, 0x0000000084f00000, 0x0000000085000000|  0%| F|  |TAMS 0x0000000084f00000, 0x0000000084f00000| Untracked 
|  80|0x0000000085000000, 0x0000000085000000, 0x0000000085100000|  0%| F|  |TAMS 0x0000000085000000, 0x0000000085000000| Untracked 
|  81|0x0000000085100000, 0x0000000085100000, 0x0000000085200000|  0%| F|  |TAMS 0x0000000085100000, 0x0000000085100000| Untracked 
|  82|0x0000000085200000, 0x0000000085200000, 0x0000000085300000|  0%| F|  |TAMS 0x0000000085200000, 0x0000000085200000| Untracked 
|  83|0x0000000085300000, 0x0000000085300000, 0x0000000085400000|  0%| F|  |TAMS 0x0000000085300000, 0x0000000085300000| Untracked 
|  84|0x0000000085400000, 0x0000000085500000, 0x0000000085500000|100%| S|CS|TAMS 0x0000000085400000, 0x0000000085400000| Complete 
|  85|0x0000000085500000, 0x0000000085600000, 0x0000000085600000|100%| S|CS|TAMS 0x0000000085500000, 0x0000000085500000| Complete 
|  86|0x0000000085600000, 0x0000000085700000, 0x0000000085700000|100%| S|CS|TAMS 0x0000000085600000, 0x0000000085600000| Complete 
|  87|0x0000000085700000, 0x0000000085800000, 0x0000000085800000|100%| S|CS|TAMS 0x0000000085700000, 0x0000000085700000| Complete 
|  88|0x0000000085800000, 0x0000000085900000, 0x0000000085900000|100%| S|CS|TAMS 0x0000000085800000, 0x0000000085800000| Complete 
|  89|0x0000000085900000, 0x0000000085a00000, 0x0000000085a00000|100%| S|CS|TAMS 0x0000000085900000, 0x0000000085900000| Complete 
|  90|0x0000000085a00000, 0x0000000085b00000, 0x0000000085b00000|100%| S|CS|TAMS 0x0000000085a00000, 0x0000000085a00000| Complete 
|  91|0x0000000085b00000, 0x0000000085b00000, 0x0000000085c00000|  0%| F|  |TAMS 0x0000000085b00000, 0x0000000085b00000| Untracked 
|  92|0x0000000085c00000, 0x0000000085c00000, 0x0000000085d00000|  0%| F|  |TAMS 0x0000000085c00000, 0x0000000085c00000| Untracked 
|  93|0x0000000085d00000, 0x0000000085d00000, 0x0000000085e00000|  0%| F|  |TAMS 0x0000000085d00000, 0x0000000085d00000| Untracked 
|  94|0x0000000085e00000, 0x0000000085e00000, 0x0000000085f00000|  0%| F|  |TAMS 0x0000000085e00000, 0x0000000085e00000| Untracked 
|  95|0x0000000085f00000, 0x0000000086000000, 0x0000000086000000|100%| S|CS|TAMS 0x0000000085f00000, 0x0000000085f00000| Complete 
|  96|0x0000000086000000, 0x0000000086000000, 0x0000000086100000|  0%| F|  |TAMS 0x0000000086000000, 0x0000000086000000| Untracked 
|  97|0x0000000086100000, 0x0000000086100000, 0x0000000086200000|  0%| F|  |TAMS 0x0000000086100000, 0x0000000086100000| Untracked 
|  98|0x0000000086200000, 0x0000000086200000, 0x0000000086300000|  0%| F|  |TAMS 0x0000000086200000, 0x0000000086200000| Untracked 
|  99|0x0000000086300000, 0x0000000086300000, 0x0000000086400000|  0%| F|  |TAMS 0x0000000086300000, 0x0000000086300000| Untracked 
| 100|0x0000000086400000, 0x0000000086400000, 0x0000000086500000|  0%| F|  |TAMS 0x0000000086400000, 0x0000000086400000| Untracked 
| 101|0x0000000086500000, 0x0000000086500000, 0x0000000086600000|  0%| F|  |TAMS 0x0000000086500000, 0x0000000086500000| Untracked 
| 102|0x0000000086600000, 0x0000000086600000, 0x0000000086700000|  0%| F|  |TAMS 0x0000000086600000, 0x0000000086600000| Untracked 
| 103|0x0000000086700000, 0x0000000086700000, 0x0000000086800000|  0%| F|  |TAMS 0x0000000086700000, 0x0000000086700000| Untracked 
| 104|0x0000000086800000, 0x0000000086800000, 0x0000000086900000|  0%| F|  |TAMS 0x0000000086800000, 0x0000000086800000| Untracked 
| 105|0x0000000086900000, 0x0000000086900000, 0x0000000086a00000|  0%| F|  |TAMS 0x0000000086900000, 0x0000000086900000| Untracked 
| 106|0x0000000086a00000, 0x0000000086a00000, 0x0000000086b00000|  0%| F|  |TAMS 0x0000000086a00000, 0x0000000086a00000| Untracked 
| 107|0x0000000086b00000, 0x0000000086b00000, 0x0000000086c00000|  0%| F|  |TAMS 0x0000000086b00000, 0x0000000086b00000| Untracked 
| 108|0x0000000086c00000, 0x0000000086c00000, 0x0000000086d00000|  0%| F|  |TAMS 0x0000000086c00000, 0x0000000086c00000| Untracked 
| 109|0x0000000086d00000, 0x0000000086d00000, 0x0000000086e00000|  0%| F|  |TAMS 0x0000000086d00000, 0x0000000086d00000| Untracked 
| 110|0x0000000086e00000, 0x0000000086e00000, 0x0000000086f00000|  0%| F|  |TAMS 0x0000000086e00000, 0x0000000086e00000| Untracked 
| 111|0x0000000086f00000, 0x0000000086f00000, 0x0000000087000000|  0%| F|  |TAMS 0x0000000086f00000, 0x0000000086f00000| Untracked 
| 112|0x0000000087000000, 0x0000000087000000, 0x0000000087100000|  0%| F|  |TAMS 0x0000000087000000, 0x0000000087000000| Untracked 
| 113|0x0000000087100000, 0x0000000087100000, 0x0000000087200000|  0%| F|  |TAMS 0x0000000087100000, 0x0000000087100000| Untracked 
| 114|0x0000000087200000, 0x0000000087200000, 0x0000000087300000|  0%| F|  |TAMS 0x0000000087200000, 0x0000000087200000| Untracked 
| 115|0x0000000087300000, 0x0000000087300000, 0x0000000087400000|  0%| F|  |TAMS 0x0000000087300000, 0x0000000087300000| Untracked 
| 116|0x0000000087400000, 0x0000000087400000, 0x0000000087500000|  0%| F|  |TAMS 0x0000000087400000, 0x0000000087400000| Untracked 
| 117|0x0000000087500000, 0x0000000087500000, 0x0000000087600000|  0%| F|  |TAMS 0x0000000087500000, 0x0000000087500000| Untracked 
| 118|0x0000000087600000, 0x0000000087600000, 0x0000000087700000|  0%| F|  |TAMS 0x0000000087600000, 0x0000000087600000| Untracked 
| 119|0x0000000087700000, 0x0000000087700000, 0x0000000087800000|  0%| F|  |TAMS 0x0000000087700000, 0x0000000087700000| Untracked 
| 120|0x0000000087800000, 0x0000000087800000, 0x0000000087900000|  0%| F|  |TAMS 0x0000000087800000, 0x0000000087800000| Untracked 
| 121|0x0000000087900000, 0x0000000087900000, 0x0000000087a00000|  0%| F|  |TAMS 0x0000000087900000, 0x0000000087900000| Untracked 
| 122|0x0000000087a00000, 0x0000000087a00000, 0x0000000087b00000|  0%| F|  |TAMS 0x0000000087a00000, 0x0000000087a00000| Untracked 
| 123|0x0000000087b00000, 0x0000000087b00000, 0x0000000087c00000|  0%| F|  |TAMS 0x0000000087b00000, 0x0000000087b00000| Untracked 
| 124|0x0000000087c00000, 0x0000000087c00000, 0x0000000087d00000|  0%| F|  |TAMS 0x0000000087c00000, 0x0000000087c00000| Untracked 
| 125|0x0000000087d00000, 0x0000000087d00000, 0x0000000087e00000|  0%| F|  |TAMS 0x0000000087d00000, 0x0000000087d00000| Untracked 
| 126|0x0000000087e00000, 0x0000000087e00000, 0x0000000087f00000|  0%| F|  |TAMS 0x0000000087e00000, 0x0000000087e00000| Untracked 
| 127|0x0000000087f00000, 0x0000000087f00000, 0x0000000088000000|  0%| F|  |TAMS 0x0000000087f00000, 0x0000000087f00000| Untracked 
| 128|0x0000000088000000, 0x0000000088000000, 0x0000000088100000|  0%| F|  |TAMS 0x0000000088000000, 0x0000000088000000| Untracked 
| 129|0x0000000088100000, 0x0000000088100000, 0x0000000088200000|  0%| F|  |TAMS 0x0000000088100000, 0x0000000088100000| Untracked 
| 130|0x0000000088200000, 0x0000000088200000, 0x0000000088300000|  0%| F|  |TAMS 0x0000000088200000, 0x0000000088200000| Untracked 
| 131|0x0000000088300000, 0x0000000088300000, 0x0000000088400000|  0%| F|  |TAMS 0x0000000088300000, 0x0000000088300000| Untracked 
| 132|0x0000000088400000, 0x0000000088400000, 0x0000000088500000|  0%| F|  |TAMS 0x0000000088400000, 0x0000000088400000| Untracked 
| 133|0x0000000088500000, 0x0000000088500000, 0x0000000088600000|  0%| F|  |TAMS 0x0000000088500000, 0x0000000088500000| Untracked 
| 134|0x0000000088600000, 0x0000000088600000, 0x0000000088700000|  0%| F|  |TAMS 0x0000000088600000, 0x0000000088600000| Untracked 
| 135|0x0000000088700000, 0x0000000088700000, 0x0000000088800000|  0%| F|  |TAMS 0x0000000088700000, 0x0000000088700000| Untracked 
| 136|0x0000000088800000, 0x0000000088800000, 0x0000000088900000|  0%| F|  |TAMS 0x0000000088800000, 0x0000000088800000| Untracked 
| 137|0x0000000088900000, 0x0000000088900000, 0x0000000088a00000|  0%| F|  |TAMS 0x0000000088900000, 0x0000000088900000| Untracked 
| 138|0x0000000088a00000, 0x0000000088a00000, 0x0000000088b00000|  0%| F|  |TAMS 0x0000000088a00000, 0x0000000088a00000| Untracked 
| 139|0x0000000088b00000, 0x0000000088b00000, 0x0000000088c00000|  0%| F|  |TAMS 0x0000000088b00000, 0x0000000088b00000| Untracked 
| 140|0x0000000088c00000, 0x0000000088c00000, 0x0000000088d00000|  0%| F|  |TAMS 0x0000000088c00000, 0x0000000088c00000| Untracked 
| 141|0x0000000088d00000, 0x0000000088d00000, 0x0000000088e00000|  0%| F|  |TAMS 0x0000000088d00000, 0x0000000088d00000| Untracked 
| 142|0x0000000088e00000, 0x0000000088e00000, 0x0000000088f00000|  0%| F|  |TAMS 0x0000000088e00000, 0x0000000088e00000| Untracked 
| 143|0x0000000088f00000, 0x0000000088f00000, 0x0000000089000000|  0%| F|  |TAMS 0x0000000088f00000, 0x0000000088f00000| Untracked 
| 144|0x0000000089000000, 0x0000000089000000, 0x0000000089100000|  0%| F|  |TAMS 0x0000000089000000, 0x0000000089000000| Untracked 
| 145|0x0000000089100000, 0x0000000089100000, 0x0000000089200000|  0%| F|  |TAMS 0x0000000089100000, 0x0000000089100000| Untracked 
| 146|0x0000000089200000, 0x0000000089200000, 0x0000000089300000|  0%| F|  |TAMS 0x0000000089200000, 0x0000000089200000| Untracked 
| 147|0x0000000089300000, 0x0000000089300000, 0x0000000089400000|  0%| F|  |TAMS 0x0000000089300000, 0x0000000089300000| Untracked 
| 148|0x0000000089400000, 0x0000000089400000, 0x0000000089500000|  0%| F|  |TAMS 0x0000000089400000, 0x0000000089400000| Untracked 
| 149|0x0000000089500000, 0x0000000089500000, 0x0000000089600000|  0%| F|  |TAMS 0x0000000089500000, 0x0000000089500000| Untracked 
| 150|0x0000000089600000, 0x0000000089600000, 0x0000000089700000|  0%| F|  |TAMS 0x0000000089600000, 0x0000000089600000| Untracked 
| 151|0x0000000089700000, 0x0000000089700000, 0x0000000089800000|  0%| F|  |TAMS 0x0000000089700000, 0x0000000089700000| Untracked 
| 152|0x0000000089800000, 0x0000000089800000, 0x0000000089900000|  0%| F|  |TAMS 0x0000000089800000, 0x0000000089800000| Untracked 
| 153|0x0000000089900000, 0x0000000089900000, 0x0000000089a00000|  0%| F|  |TAMS 0x0000000089900000, 0x0000000089900000| Untracked 
| 154|0x0000000089a00000, 0x0000000089a00000, 0x0000000089b00000|  0%| F|  |TAMS 0x0000000089a00000, 0x0000000089a00000| Untracked 
| 155|0x0000000089b00000, 0x0000000089b00000, 0x0000000089c00000|  0%| F|  |TAMS 0x0000000089b00000, 0x0000000089b00000| Untracked 
| 156|0x0000000089c00000, 0x0000000089c00000, 0x0000000089d00000|  0%| F|  |TAMS 0x0000000089c00000, 0x0000000089c00000| Untracked 
| 157|0x0000000089d00000, 0x0000000089d00000, 0x0000000089e00000|  0%| F|  |TAMS 0x0000000089d00000, 0x0000000089d00000| Untracked 
| 158|0x0000000089e00000, 0x0000000089e00000, 0x0000000089f00000|  0%| F|  |TAMS 0x0000000089e00000, 0x0000000089e00000| Untracked 
| 159|0x0000000089f00000, 0x0000000089f00000, 0x000000008a000000|  0%| F|  |TAMS 0x0000000089f00000, 0x0000000089f00000| Untracked 
| 160|0x000000008a000000, 0x000000008a000000, 0x000000008a100000|  0%| F|  |TAMS 0x000000008a000000, 0x000000008a000000| Untracked 
| 161|0x000000008a100000, 0x000000008a100000, 0x000000008a200000|  0%| F|  |TAMS 0x000000008a100000, 0x000000008a100000| Untracked 
| 162|0x000000008a200000, 0x000000008a200000, 0x000000008a300000|  0%| F|  |TAMS 0x000000008a200000, 0x000000008a200000| Untracked 
| 163|0x000000008a300000, 0x000000008a300000, 0x000000008a400000|  0%| F|  |TAMS 0x000000008a300000, 0x000000008a300000| Untracked 
| 164|0x000000008a400000, 0x000000008a400000, 0x000000008a500000|  0%| F|  |TAMS 0x000000008a400000, 0x000000008a400000| Untracked 
| 165|0x000000008a500000, 0x000000008a5b0538, 0x000000008a600000| 68%| E|  |TAMS 0x000000008a500000, 0x000000008a500000| Complete 
| 166|0x000000008a600000, 0x000000008a700000, 0x000000008a700000|100%| E|CS|TAMS 0x000000008a600000, 0x000000008a600000| Complete 
| 167|0x000000008a700000, 0x000000008a800000, 0x000000008a800000|100%| E|CS|TAMS 0x000000008a700000, 0x000000008a700000| Complete 
| 168|0x000000008a800000, 0x000000008a900000, 0x000000008a900000|100%| E|CS|TAMS 0x000000008a800000, 0x000000008a800000| Complete 
| 169|0x000000008a900000, 0x000000008aa00000, 0x000000008aa00000|100%| E|CS|TAMS 0x000000008a900000, 0x000000008a900000| Complete 
| 170|0x000000008aa00000, 0x000000008ab00000, 0x000000008ab00000|100%| E|CS|TAMS 0x000000008aa00000, 0x000000008aa00000| Complete 
| 171|0x000000008ab00000, 0x000000008ac00000, 0x000000008ac00000|100%| E|CS|TAMS 0x000000008ab00000, 0x000000008ab00000| Complete 
| 172|0x000000008ac00000, 0x000000008ad00000, 0x000000008ad00000|100%| E|CS|TAMS 0x000000008ac00000, 0x000000008ac00000| Complete 
| 173|0x000000008ad00000, 0x000000008ae00000, 0x000000008ae00000|100%| E|CS|TAMS 0x000000008ad00000, 0x000000008ad00000| Complete 
| 174|0x000000008ae00000, 0x000000008af00000, 0x000000008af00000|100%| E|CS|TAMS 0x000000008ae00000, 0x000000008ae00000| Complete 
| 175|0x000000008af00000, 0x000000008b000000, 0x000000008b000000|100%| E|CS|TAMS 0x000000008af00000, 0x000000008af00000| Complete 
| 176|0x000000008b000000, 0x000000008b100000, 0x000000008b100000|100%| E|CS|TAMS 0x000000008b000000, 0x000000008b000000| Complete 
| 177|0x000000008b100000, 0x000000008b200000, 0x000000008b200000|100%| E|CS|TAMS 0x000000008b100000, 0x000000008b100000| Complete 
| 178|0x000000008b200000, 0x000000008b300000, 0x000000008b300000|100%| E|CS|TAMS 0x000000008b200000, 0x000000008b200000| Complete 
| 179|0x000000008b300000, 0x000000008b400000, 0x000000008b400000|100%| E|CS|TAMS 0x000000008b300000, 0x000000008b300000| Complete 
| 180|0x000000008b400000, 0x000000008b500000, 0x000000008b500000|100%| E|CS|TAMS 0x000000008b400000, 0x000000008b400000| Complete 
| 181|0x000000008b500000, 0x000000008b600000, 0x000000008b600000|100%| E|CS|TAMS 0x000000008b500000, 0x000000008b500000| Complete 
| 182|0x000000008b600000, 0x000000008b700000, 0x000000008b700000|100%| E|CS|TAMS 0x000000008b600000, 0x000000008b600000| Complete 
| 183|0x000000008b700000, 0x000000008b800000, 0x000000008b800000|100%| E|CS|TAMS 0x000000008b700000, 0x000000008b700000| Complete 
| 184|0x000000008b800000, 0x000000008b900000, 0x000000008b900000|100%| E|CS|TAMS 0x000000008b800000, 0x000000008b800000| Complete 

Card table byte_map: [0x00000176ae110000,0x00000176ae510000] _byte_map_base: 0x00000176add10000

Marking Bits (Prev, Next): (CMBitMap*) 0x000001769af2b858, (CMBitMap*) 0x000001769af2b890
 Prev Bits: [0x00000176ae910000, 0x00000176b0910000)
 Next Bits: [0x00000176b0910000, 0x00000176b2910000)

Polling page: 0x000001769a6d0000

Metaspace:

Usage:
  Non-class:     47.45 MB capacity,    46.42 MB ( 98%) used,   912.62 KB (  2%) free+waste,   148.63 KB ( <1%) overhead. 
      Class:      7.43 MB capacity,     6.90 MB ( 93%) used,   472.59 KB (  6%) free+waste,    71.19 KB ( <1%) overhead. 
       Both:     54.88 MB capacity,    53.31 MB ( 97%) used,     1.35 MB (  2%) free+waste,   219.81 KB ( <1%) overhead. 

Virtual space:
  Non-class space:       48.00 MB reserved,      47.50 MB ( 99%) committed 
      Class space:        1.00 GB reserved,       7.50 MB ( <1%) committed 
             Both:        1.05 GB reserved,      55.00 MB (  5%) committed 

Chunk freelists:
   Non-Class:  3.00 KB
       Class:  10.00 KB
        Both:  13.00 KB

MaxMetaspaceSize: 17179869184.00 GB
CompressedClassSpaceSize: 1.00 GB

CodeHeap 'non-profiled nmethods': size=120000Kb used=3042Kb max_used=3042Kb free=116957Kb
 bounds [0x00000176a64b0000, 0x00000176a67b0000, 0x00000176ad9e0000]
CodeHeap 'profiled nmethods': size=120000Kb used=12213Kb max_used=12213Kb free=107786Kb
 bounds [0x000001769ef80000, 0x000001769fb70000, 0x00000176a64b0000]
CodeHeap 'non-nmethods': size=5760Kb used=2284Kb max_used=2287Kb free=3475Kb
 bounds [0x000001769e9e0000, 0x000001769ec50000, 0x000001769ef80000]
 total_blobs=6841 nmethods=6023 adapters=726
 compilation: enabled
              stopped_count=0, restarted_count=0
 full_count=0

Compilation events (20 events):
Event: 7.738 Thread 0x00000176b538d800 nmethod 6069 0x000001769fb57690 code [0x000001769fb57840, 0x000001769fb57928]
Event: 7.738 Thread 0x00000176b538d800 6070       2       sun.reflect.generics.tree.SimpleClassTypeSignature::accept (8 bytes)
Event: 7.738 Thread 0x00000176b538d800 nmethod 6070 0x000001769fb57a10 code [0x000001769fb57c00, 0x000001769fb57f08]
Event: 7.738 Thread 0x00000176b538d800 6072       2       java.util.Spliterators::spliterator (25 bytes)
Event: 7.738 Thread 0x00000176b538d800 nmethod 6072 0x000001769fb58110 code [0x000001769fb582e0, 0x000001769fb58598]
Event: 7.738 Thread 0x00000176b538d800 6071       2       sun.reflect.generics.visitor.Reifier::visitSimpleClassTypeSignature (18 bytes)
Event: 7.739 Thread 0x00000176b538d800 nmethod 6071 0x000001769fb58710 code [0x000001769fb58900, 0x000001769fb58bc8]
Event: 7.739 Thread 0x00000176b538d800 6073       1       org.codehaus.groovy.util.ManagedConcurrentMap$EntryWithValue::getValue (5 bytes)
Event: 7.739 Thread 0x00000176b538d800 nmethod 6073 0x00000176a67a6610 code [0x00000176a67a67c0, 0x00000176a67a6878]
Event: 7.739 Thread 0x00000176b538d800 6074       1       org.codehaus.groovy.ast.ASTNode::setMetaDataMap (6 bytes)
Event: 7.739 Thread 0x00000176b538d800 nmethod 6074 0x00000176a67a6910 code [0x00000176a67a6ac0, 0x00000176a67a6bb8]
Event: 7.739 Thread 0x00000176b538d800 6076       2       org.codehaus.groovy.ast.ClassHelper::makeCached (62 bytes)
Event: 7.740 Thread 0x00000176b538d800 nmethod 6076 0x000001769fb58d90 code [0x000001769fb59020, 0x000001769fb59838]
Event: 7.740 Thread 0x00000176b538d800 6079       2       org.codehaus.groovy.ast.ClassNode::setRedirect (82 bytes)
Event: 7.741 Thread 0x00000176b538d800 nmethod 6079 0x000001769fb59d10 code [0x000001769fb59f80, 0x000001769fb5a558]
Event: 7.741 Thread 0x00000176b538d800 6077       2       org.codehaus.groovy.util.AbstractConcurrentMap::get (16 bytes)
Event: 7.741 Thread 0x00000176b538d800 nmethod 6077 0x000001769fb5a890 code [0x000001769fb5aa60, 0x000001769fb5ac18]
Event: 7.741 Thread 0x00000176b538d800 6078       1       org.codehaus.groovy.ast.Parameter::setInStaticContext (6 bytes)
Event: 7.741 Thread 0x00000176b538d800 nmethod 6078 0x00000176a67a6c10 code [0x00000176a67a6dc0, 0x00000176a67a6e78]
Event: 7.741 Thread 0x00000176b538d800 6083       2       org.codehaus.groovy.util.AbstractConcurrentMap$Segment::get (131 bytes)

GC Heap History (20 events):
Event: 0.688 GC heap before
{Heap before GC invocations=0 (full 0):
 garbage-first heap   total 131072K, used 29696K [0x0000000080000000, 0x0000000100000000)
  region size 1024K, 24 young (24576K), 0 survivors (0K)
 Metaspace       used 9794K, capacity 9986K, committed 10112K, reserved 1058816K
  class space    used 1022K, capacity 1102K, committed 1152K, reserved 1048576K
}
Event: 0.695 GC heap after
{Heap after GC invocations=1 (full 0):
 garbage-first heap   total 131072K, used 9079K [0x0000000080000000, 0x0000000100000000)
  region size 1024K, 3 young (3072K), 3 survivors (3072K)
 Metaspace       used 9794K, capacity 9986K, committed 10112K, reserved 1058816K
  class space    used 1022K, capacity 1102K, committed 1152K, reserved 1048576K
}
Event: 0.992 GC heap before
{Heap before GC invocations=1 (full 0):
 garbage-first heap   total 131072K, used 41847K [0x0000000080000000, 0x0000000100000000)
  region size 1024K, 35 young (35840K), 3 survivors (3072K)
 Metaspace       used 10781K, capacity 11003K, committed 11264K, reserved 1058816K
  class space    used 1125K, capacity 1206K, committed 1280K, reserved 1048576K
}
Event: 0.998 GC heap after
{Heap after GC invocations=2 (full 0):
 garbage-first heap   total 131072K, used 12531K [0x0000000080000000, 0x0000000100000000)
  region size 1024K, 4 young (4096K), 4 survivors (4096K)
 Metaspace       used 10781K, capacity 11003K, committed 11264K, reserved 1058816K
  class space    used 1125K, capacity 1206K, committed 1280K, reserved 1048576K
}
Event: 2.210 GC heap before
{Heap before GC invocations=2 (full 0):
 garbage-first heap   total 131072K, used 58611K [0x0000000080000000, 0x0000000100000000)
  region size 1024K, 49 young (50176K), 4 survivors (4096K)
 Metaspace       used 18722K, capacity 19157K, committed 19328K, reserved 1067008K
  class space    used 2250K, capacity 2413K, committed 2432K, reserved 1048576K
}
Event: 2.216 GC heap after
{Heap after GC invocations=3 (full 0):
 garbage-first heap   total 131072K, used 16784K [0x0000000080000000, 0x0000000100000000)
  region size 1024K, 7 young (7168K), 7 survivors (7168K)
 Metaspace       used 18722K, capacity 19157K, committed 19328K, reserved 1067008K
  class space    used 2250K, capacity 2413K, committed 2432K, reserved 1048576K
}
Event: 2.363 GC heap before
{Heap before GC invocations=3 (full 0):
 garbage-first heap   total 131072K, used 33168K [0x0000000080000000, 0x0000000100000000)
  region size 1024K, 24 young (24576K), 7 survivors (7168K)
 Metaspace       used 20586K, capacity 21117K, committed 21248K, reserved 1067008K
  class space    used 2514K, capacity 2731K, committed 2816K, reserved 1048576K
}
Event: 2.370 GC heap after
{Heap after GC invocations=4 (full 0):
 garbage-first heap   total 131072K, used 17626K [0x0000000080000000, 0x0000000100000000)
  region size 1024K, 5 young (5120K), 5 survivors (5120K)
 Metaspace       used 20586K, capacity 21117K, committed 21248K, reserved 1067008K
  class space    used 2514K, capacity 2731K, committed 2816K, reserved 1048576K
}
Event: 2.895 GC heap before
{Heap before GC invocations=5 (full 0):
 garbage-first heap   total 131072K, used 65754K [0x0000000080000000, 0x0000000100000000)
  region size 1024K, 52 young (53248K), 5 survivors (5120K)
 Metaspace       used 25726K, capacity 26287K, committed 26496K, reserved 1073152K
  class space    used 3365K, capacity 3587K, committed 3712K, reserved 1048576K
}
Event: 2.902 GC heap after
{Heap after GC invocations=6 (full 0):
 garbage-first heap   total 157696K, used 19380K [0x0000000080000000, 0x0000000100000000)
  region size 1024K, 3 young (3072K), 3 survivors (3072K)
 Metaspace       used 25726K, capacity 26287K, committed 26496K, reserved 1073152K
  class space    used 3365K, capacity 3587K, committed 3712K, reserved 1048576K
}
Event: 4.026 GC heap before
{Heap before GC invocations=6 (full 0):
 garbage-first heap   total 157696K, used 98228K [0x0000000080000000, 0x0000000100000000)
  region size 1024K, 71 young (72704K), 3 survivors (3072K)
 Metaspace       used 34827K, capacity 35727K, committed 35840K, reserved 1081344K
  class space    used 4557K, capacity 4899K, committed 4992K, reserved 1048576K
}
Event: 4.037 GC heap after
{Heap after GC invocations=7 (full 0):
 garbage-first heap   total 157696K, used 35922K [0x0000000080000000, 0x0000000100000000)
  region size 1024K, 9 young (9216K), 9 survivors (9216K)
 Metaspace       used 34827K, capacity 35727K, committed 35840K, reserved 1081344K
  class space    used 4557K, capacity 4899K, committed 4992K, reserved 1048576K
}
Event: 4.767 GC heap before
{Heap before GC invocations=8 (full 0):
 garbage-first heap   total 157696K, used 102482K [0x0000000080000000, 0x0000000100000000)
  region size 1024K, 71 young (72704K), 9 survivors (9216K)
 Metaspace       used 41038K, capacity 42103K, committed 42368K, reserved 1085440K
  class space    used 5275K, capacity 5681K, committed 5760K, reserved 1048576K
}
Event: 4.778 GC heap after
{Heap after GC invocations=9 (full 0):
 garbage-first heap   total 157696K, used 40427K [0x0000000080000000, 0x0000000100000000)
  region size 1024K, 5 young (5120K), 5 survivors (5120K)
 Metaspace       used 41038K, capacity 42103K, committed 42368K, reserved 1085440K
  class space    used 5275K, capacity 5681K, committed 5760K, reserved 1048576K
}
Event: 5.617 GC heap before
{Heap before GC invocations=9 (full 0):
 garbage-first heap   total 157696K, used 113131K [0x0000000080000000, 0x0000000100000000)
  region size 1024K, 68 young (69632K), 5 survivors (5120K)
 Metaspace       used 45180K, capacity 46418K, committed 46592K, reserved 1089536K
  class space    used 5709K, capacity 6129K, committed 6144K, reserved 1048576K
}
Event: 5.624 GC heap after
{Heap after GC invocations=10 (full 0):
 garbage-first heap   total 157696K, used 54724K [0x0000000080000000, 0x0000000100000000)
  region size 1024K, 9 young (9216K), 9 survivors (9216K)
 Metaspace       used 45180K, capacity 46418K, committed 46592K, reserved 1089536K
  class space    used 5709K, capacity 6129K, committed 6144K, reserved 1048576K
}
Event: 6.339 GC heap before
{Heap before GC invocations=10 (full 0):
 garbage-first heap   total 157696K, used 115140K [0x0000000080000000, 0x0000000100000000)
  region size 1024K, 68 young (69632K), 9 survivors (9216K)
 Metaspace       used 48965K, capacity 50415K, committed 50560K, reserved 1093632K
  class space    used 6288K, capacity 6755K, committed 6784K, reserved 1048576K
}
Event: 6.349 GC heap after
{Heap after GC invocations=11 (full 0):
 garbage-first heap   total 157696K, used 59044K [0x0000000080000000, 0x0000000100000000)
  region size 1024K, 4 young (4096K), 4 survivors (4096K)
 Metaspace       used 48965K, capacity 50415K, committed 50560K, reserved 1093632K
  class space    used 6288K, capacity 6755K, committed 6784K, reserved 1048576K
}
Event: 7.416 GC heap before
{Heap before GC invocations=11 (full 0):
 garbage-first heap   total 157696K, used 125604K [0x0000000080000000, 0x0000000100000000)
  region size 1024K, 62 young (63488K), 4 survivors (4096K)
 Metaspace       used 52639K, capacity 54207K, committed 54528K, reserved 1095680K
  class space    used 6845K, capacity 7351K, committed 7424K, reserved 1048576K
}
Event: 7.428 GC heap after
{Heap after GC invocations=12 (full 0):
 garbage-first heap   total 189440K, used 76750K [0x0000000080000000, 0x0000000100000000)
  region size 1024K, 8 young (8192K), 8 survivors (8192K)
 Metaspace       used 52639K, capacity 54207K, committed 54528K, reserved 1095680K
  class space    used 6845K, capacity 7351K, committed 7424K, reserved 1048576K
}

Deoptimization events (20 events):
Event: 7.358 Thread 0x00000176b85ae000 Uncommon trap: trap_request=0xffffff4d fr.pc=0x00000176a6519af0 relative=0x0000000000000050
Event: 7.358 Thread 0x00000176b85ae000 Uncommon trap: reason=unstable_if action=reinterpret pc=0x00000176a6519af0 method=java.lang.Character.isSurrogate(C)Z @ 3 c2
Event: 7.358 Thread 0x00000176b85ae000 DEOPT PACKING pc=0x00000176a6519af0 sp=0x000000647b5f7420
Event: 7.358 Thread 0x00000176b85ae000 DEOPT UNPACKING pc=0x000001769ea078af sp=0x000000647b5f7358 mode 2
Event: 7.403 Thread 0x00000176b85ae000 Uncommon trap: trap_request=0xffffff4d fr.pc=0x00000176a65e4df0 relative=0x0000000000000230
Event: 7.403 Thread 0x00000176b85ae000 Uncommon trap: reason=unstable_if action=reinterpret pc=0x00000176a65e4df0 method=java.util.concurrent.ConcurrentHashMap.get(Ljava/lang/Object;)Ljava/lang/Object; @ 76 c2
Event: 7.403 Thread 0x00000176b85ae000 DEOPT PACKING pc=0x00000176a65e4df0 sp=0x000000647b5f8350
Event: 7.403 Thread 0x00000176b85ae000 DEOPT UNPACKING pc=0x000001769ea078af sp=0x000000647b5f82c8 mode 2
Event: 7.524 Thread 0x00000176b85ae000 Uncommon trap: trap_request=0xffffff4d fr.pc=0x00000176a6669dac relative=0x000000000000092c
Event: 7.524 Thread 0x00000176b85ae000 Uncommon trap: reason=unstable_if action=reinterpret pc=0x00000176a6669dac method=java.io.BufferedInputStream.read([BII)I @ 56 c2
Event: 7.524 Thread 0x00000176b85ae000 DEOPT PACKING pc=0x00000176a6669dac sp=0x000000647b5f8860
Event: 7.524 Thread 0x00000176b85ae000 DEOPT UNPACKING pc=0x000001769ea078af sp=0x000000647b5f8838 mode 2
Event: 7.540 Thread 0x00000176b85ae000 DEOPT PACKING pc=0x000001769fa55171 sp=0x000000647b5f84d0
Event: 7.540 Thread 0x00000176b85ae000 DEOPT UNPACKING pc=0x000001769ea076ce sp=0x000000647b5f79c8 mode 0
Event: 7.580 Thread 0x00000176b85ae000 DEOPT PACKING pc=0x000001769f2100b1 sp=0x000000647b5f6040
Event: 7.580 Thread 0x00000176b85ae000 DEOPT UNPACKING pc=0x000001769ea076ce sp=0x000000647b5f5500 mode 0
Event: 7.580 Thread 0x00000176b85ae000 DEOPT PACKING pc=0x000001769f211795 sp=0x000000647b5f5f90
Event: 7.580 Thread 0x00000176b85ae000 DEOPT UNPACKING pc=0x000001769ea076ce sp=0x000000647b5f54e0 mode 0
Event: 7.589 Thread 0x00000176b85ae000 DEOPT PACKING pc=0x000001769fb23a26 sp=0x000000647b5f7d50
Event: 7.589 Thread 0x00000176b85ae000 DEOPT UNPACKING pc=0x000001769ea076ce sp=0x000000647b5f7230 mode 0

Classes redefined (0 events):
No events

Internal exceptions (20 events):
Event: 6.819 Thread 0x00000176b85ae000 Exception <a 'java/security/PrivilegedActionException'{0x00000000882f7cf8}> (0x00000000882f7cf8) thrown at [./src/hotspot/share/prims/jvm.cpp, line 1306]
Event: 6.819 Thread 0x00000176b85ae000 Exception <a 'java/security/PrivilegedActionException'{0x00000000882fabd0}> (0x00000000882fabd0) thrown at [./src/hotspot/share/prims/jvm.cpp, line 1306]
Event: 6.819 Thread 0x00000176b85ae000 Exception <a 'java/security/PrivilegedActionException'{0x00000000882fbe90}> (0x00000000882fbe90) thrown at [./src/hotspot/share/prims/jvm.cpp, line 1306]
Event: 6.820 Thread 0x00000176b85ae000 Exception <a 'java/security/PrivilegedActionException'{0x00000000882fedb8}> (0x00000000882fedb8) thrown at [./src/hotspot/share/prims/jvm.cpp, line 1306]
Event: 6.820 Thread 0x00000176b85ae000 Exception <a 'java/security/PrivilegedActionException'{0x00000000881003b8}> (0x00000000881003b8) thrown at [./src/hotspot/share/prims/jvm.cpp, line 1306]
Event: 6.820 Thread 0x00000176b85ae000 Exception <a 'java/security/PrivilegedActionException'{0x00000000881035c8}> (0x00000000881035c8) thrown at [./src/hotspot/share/prims/jvm.cpp, line 1306]
Event: 6.820 Thread 0x00000176b85ae000 Exception <a 'java/security/PrivilegedActionException'{0x0000000088104888}> (0x0000000088104888) thrown at [./src/hotspot/share/prims/jvm.cpp, line 1306]
Event: 7.062 Thread 0x00000176b85ae000 Exception <a 'java/lang/ClassNotFoundException'{0x0000000087ca7c90}: org/gradle/api/tasks/Delete_DecoratedBeanInfo> (0x0000000087ca7c90) thrown at [./src/hotspot/share/classfile/systemDictionary.cpp, line 231]
Event: 7.063 Thread 0x00000176b85ae000 Exception <a 'java/lang/ClassNotFoundException'{0x0000000087cd0ea0}: org/gradle/api/tasks/DeleteBeanInfo> (0x0000000087cd0ea0) thrown at [./src/hotspot/share/classfile/systemDictionary.cpp, line 231]
Event: 7.064 Thread 0x00000176b85ae000 Exception <a 'java/lang/ClassNotFoundException'{0x0000000087cfcfd0}: org/gradle/api/internal/ConventionTaskBeanInfo> (0x0000000087cfcfd0) thrown at [./src/hotspot/share/classfile/systemDictionary.cpp, line 231]
Event: 7.064 Thread 0x00000176b85ae000 Exception <a 'java/lang/ClassNotFoundException'{0x0000000087b25e98}: org/gradle/api/DefaultTaskBeanInfo> (0x0000000087b25e98) thrown at [./src/hotspot/share/classfile/systemDictionary.cpp, line 231]
Event: 7.065 Thread 0x00000176b85ae000 Exception <a 'java/lang/ClassNotFoundException'{0x0000000087b52a80}: org/gradle/api/internal/AbstractTaskBeanInfo> (0x0000000087b52a80) thrown at [./src/hotspot/share/classfile/systemDictionary.cpp, line 231]
Event: 7.065 Thread 0x00000176b85ae000 Exception <a 'java/lang/ClassNotFoundException'{0x0000000087b7f628}: org/gradle/api/internal/AbstractTaskCustomizer> (0x0000000087b7f628) thrown at [./src/hotspot/share/classfile/systemDictionary.cpp, line 231]
Event: 7.067 Thread 0x00000176b85ae000 Exception <a 'java/lang/ClassNotFoundException'{0x0000000087bf09d0}: org/gradle/api/DefaultTaskCustomizer> (0x0000000087bf09d0) thrown at [./src/hotspot/share/classfile/systemDictionary.cpp, line 231]
Event: 7.070 Thread 0x00000176b85ae000 Exception <a 'java/lang/ClassNotFoundException'{0x0000000087a71a38}: org/gradle/api/internal/ConventionTaskCustomizer> (0x0000000087a71a38) thrown at [./src/hotspot/share/classfile/systemDictionary.cpp, line 231]
Event: 7.071 Thread 0x00000176b85ae000 Exception <a 'java/lang/ClassNotFoundException'{0x0000000087aa9bd0}: org/gradle/api/tasks/DeleteCustomizer> (0x0000000087aa9bd0) thrown at [./src/hotspot/share/classfile/systemDictionary.cpp, line 231]
Event: 7.072 Thread 0x00000176b85ae000 Exception <a 'java/lang/ClassNotFoundException'{0x0000000087ae8e10}: org/gradle/api/tasks/Delete_DecoratedCustomizer> (0x0000000087ae8e10) thrown at [./src/hotspot/share/classfile/systemDictionary.cpp, line 231]
Event: 7.107 Thread 0x00000176b85ae000 Exception <a 'java/lang/NoSuchMethodError'{0x00000000878b91a0}: 'void java.lang.invoke.DirectMethodHandle$Holder.invokeVirtual(java.lang.Object, java.lang.Object)'> (0x00000000878b91a0) thrown at [./src/hotspot/share/interpreter/linkResolver.cpp, line 773]
Event: 7.508 Thread 0x00000176b85ae000 Exception <a 'java/lang/NoSuchMethodError'{0x000000008b07a4b8}: 'void java.lang.invoke.DirectMethodHandle$Holder.invokeSpecialIFC(java.lang.Object, java.lang.Object, java.lang.Object)'> (0x000000008b07a4b8) thrown at [./src/hotspot/share/interpreter/linkResolver.cpp, line 773]
Event: 7.648 Thread 0x00000176b85ae000 Exception <a 'java/lang/NoSuchMethodError'{0x000000008ab8a3f0}: 'int java.lang.invoke.DirectMethodHandle$Holder.invokeStatic(java.lang.Object, int, java.lang.Object, java.lang.Object)'> (0x000000008ab8a3f0) thrown at [./src/hotspot/share/interpreter/linkResolver.cpp, line 773]

Events (20 events):
Event: 7.724 loading class org/codehaus/groovy/classgen/asm/CallSiteWriter
Event: 7.724 loading class org/codehaus/groovy/classgen/asm/CallSiteWriter done
Event: 7.725 loading class org/codehaus/groovy/classgen/asm/indy/IndyCallSiteWriter
Event: 7.725 loading class org/codehaus/groovy/classgen/asm/indy/IndyCallSiteWriter done
Event: 7.726 loading class org/codehaus/groovy/classgen/asm/BinaryExpressionHelper
Event: 7.726 loading class org/codehaus/groovy/classgen/asm/BinaryExpressionHelper done
Event: 7.727 loading class org/codehaus/groovy/classgen/asm/indy/IndyBinHelper
Event: 7.727 loading class org/codehaus/groovy/classgen/asm/indy/IndyBinHelper done
Event: 7.728 loading class org/codehaus/groovy/classgen/asm/BinaryExpressionMultiTypeDispatcher
Event: 7.728 loading class org/codehaus/groovy/classgen/asm/BinaryExpressionMultiTypeDispatcher done
Event: 7.729 loading class org/codehaus/groovy/classgen/asm/StatementWriter
Event: 7.729 loading class org/codehaus/groovy/classgen/asm/StatementWriter done
Event: 7.731 loading class org/codehaus/groovy/classgen/asm/OptimizingStatementWriter
Event: 7.731 loading class org/codehaus/groovy/classgen/asm/OptimizingStatementWriter done
Event: 7.732 loading class org/codehaus/groovy/classgen/asm/TypeChooser
Event: 7.732 loading class org/codehaus/groovy/classgen/asm/TypeChooser done
Event: 7.732 loading class org/codehaus/groovy/classgen/asm/util/LoggableClassVisitor
Event: 7.732 loading class org/codehaus/groovy/classgen/asm/util/LoggableClassVisitor done
Event: 7.734 loading class sun/reflect/generics/repository/FieldRepository
Event: 7.734 loading class sun/reflect/generics/repository/FieldRepository done


Dynamic libraries:
0x00007ff6ef6a0000 - 0x00007ff6ef6aa000 	C:\Program Files\Android\Android Studio\jre\bin\java.exe
0x00007ffd49130000 - 0x00007ffd49325000 	C:\WINDOWS\SYSTEM32\ntdll.dll
0x00007ffd48df0000 - 0x00007ffd48eae000 	C:\WINDOWS\System32\KERNEL32.DLL
0x00007ffd46c40000 - 0x00007ffd46f09000 	C:\WINDOWS\System32\KERNELBASE.dll
0x00007ffd468e0000 - 0x00007ffd469e0000 	C:\WINDOWS\System32\ucrtbase.dll
0x00007ffd415e0000 - 0x00007ffd415f7000 	C:\Program Files\Android\Android Studio\jre\bin\VCRUNTIME140.dll
0x00007ffd3e8d0000 - 0x00007ffd3e8e9000 	C:\Program Files\Android\Android Studio\jre\bin\jli.dll
0x00007ffd48c40000 - 0x00007ffd48de1000 	C:\WINDOWS\System32\USER32.dll
0x00007ffd30480000 - 0x00007ffd3071a000 	C:\WINDOWS\WinSxS\amd64_microsoft.windows.common-controls_6595b64144ccf1df_6.0.19041.1110_none_60b5254171f9507e\COMCTL32.dll
0x00007ffd47070000 - 0x00007ffd47092000 	C:\WINDOWS\System32\win32u.dll
0x00007ffd48350000 - 0x00007ffd483ee000 	C:\WINDOWS\System32\msvcrt.dll
0x00007ffd47d50000 - 0x00007ffd47d7b000 	C:\WINDOWS\System32\GDI32.dll
0x00007ffd46b30000 - 0x00007ffd46c3b000 	C:\WINDOWS\System32\gdi32full.dll
0x00007ffd469e0000 - 0x00007ffd46a7d000 	C:\WINDOWS\System32\msvcp_win.dll
0x00007ffd48f10000 - 0x00007ffd48f40000 	C:\WINDOWS\System32\IMM32.DLL
0x00007ffd0c1b0000 - 0x00007ffd0c24d000 	C:\Program Files\Android\Android Studio\jre\bin\msvcp140.dll
0x00007ffcd81d0000 - 0x00007ffcd8c9f000 	C:\Program Files\Android\Android Studio\jre\bin\server\jvm.dll
0x00007ffd48fc0000 - 0x00007ffd4906c000 	C:\WINDOWS\System32\ADVAPI32.dll
0x00007ffd485e0000 - 0x00007ffd4867b000 	C:\WINDOWS\System32\sechost.dll
0x00007ffd483f0000 - 0x00007ffd4851a000 	C:\WINDOWS\System32\RPCRT4.dll
0x00007ffd47600000 - 0x00007ffd47608000 	C:\WINDOWS\System32\PSAPI.DLL
0x00007ffd2d8a0000 - 0x00007ffd2d8a9000 	C:\WINDOWS\SYSTEM32\WSOCK32.dll
0x00007ffd49070000 - 0x00007ffd490db000 	C:\WINDOWS\System32\WS2_32.dll
0x00007ffd40670000 - 0x00007ffd4067a000 	C:\WINDOWS\SYSTEM32\VERSION.dll
0x00007ffd2f6d0000 - 0x00007ffd2f6f7000 	C:\WINDOWS\SYSTEM32\WINMM.dll
0x00007ffd45120000 - 0x00007ffd45132000 	C:\WINDOWS\SYSTEM32\kernel.appcore.dll
0x00007ffd262c0000 - 0x00007ffd262d1000 	C:\Program Files\Android\Android Studio\jre\bin\verify.dll
0x00007ffd44640000 - 0x00007ffd44824000 	C:\WINDOWS\SYSTEM32\DBGHELP.DLL
0x00007ffd35610000 - 0x00007ffd3563c000 	C:\WINDOWS\SYSTEM32\dbgcore.DLL
0x00007ffd46850000 - 0x00007ffd468d3000 	C:\WINDOWS\System32\bcryptPrimitives.dll
0x00007ffd26290000 - 0x00007ffd262b9000 	C:\Program Files\Android\Android Studio\jre\bin\java.dll
0x00007ffd26280000 - 0x00007ffd2628b000 	C:\Program Files\Android\Android Studio\jre\bin\jimage.dll
0x00007ffd26260000 - 0x00007ffd26278000 	C:\Program Files\Android\Android Studio\jre\bin\zip.dll
0x00007ffd47610000 - 0x00007ffd47d4f000 	C:\WINDOWS\System32\SHELL32.dll
0x00007ffd44830000 - 0x00007ffd44fc0000 	C:\WINDOWS\SYSTEM32\windows.storage.dll
0x00007ffd47ff0000 - 0x00007ffd48345000 	C:\WINDOWS\System32\combase.dll
0x00007ffd462a0000 - 0x00007ffd462cc000 	C:\WINDOWS\SYSTEM32\Wldp.dll
0x00007ffd47f40000 - 0x00007ffd47fed000 	C:\WINDOWS\System32\SHCORE.dll
0x00007ffd48520000 - 0x00007ffd48575000 	C:\WINDOWS\System32\shlwapi.dll
0x00007ffd46790000 - 0x00007ffd467af000 	C:\WINDOWS\SYSTEM32\profapi.dll
0x00007ffd26180000 - 0x00007ffd2619a000 	C:\Program Files\Android\Android Studio\jre\bin\net.dll
0x00007ffd3d190000 - 0x00007ffd3d298000 	C:\WINDOWS\SYSTEM32\WINHTTP.dll
0x00007ffd46000000 - 0x00007ffd4606a000 	C:\WINDOWS\system32\mswsock.dll
0x00007ffd26160000 - 0x00007ffd26174000 	C:\Program Files\Android\Android Studio\jre\bin\nio.dll
0x00007ffd3e8f0000 - 0x00007ffd3e917000 	C:\Users\muham\.gradle\native\8bec1ad78214c89d9ad589b4d07fe93259594b29d510b10fafb7a158f7737e5d\windows-amd64\native-platform.dll
0x00007ffcba5b0000 - 0x00007ffcba6ed000 	C:\Users\muham\.gradle\native\53dbd7edfb1c66fb8903c78663c9afc45aea4f116125fa6feffd364cf09443e8\windows-amd64\native-platform-file-events.dll
0x00007ffd165e0000 - 0x00007ffd165ea000 	C:\Program Files\Android\Android Studio\jre\bin\management.dll
0x00007ffd165d0000 - 0x00007ffd165dc000 	C:\Program Files\Android\Android Studio\jre\bin\management_ext.dll
0x00007ffd461f0000 - 0x00007ffd46208000 	C:\WINDOWS\SYSTEM32\CRYPTSP.dll
0x00007ffd45910000 - 0x00007ffd45944000 	C:\WINDOWS\system32\rsaenh.dll
0x00007ffd47150000 - 0x00007ffd47177000 	C:\WINDOWS\System32\bcrypt.dll
0x00007ffd46710000 - 0x00007ffd4673e000 	C:\WINDOWS\SYSTEM32\USERENV.dll
0x00007ffd46210000 - 0x00007ffd4621c000 	C:\WINDOWS\SYSTEM32\CRYPTBASE.dll
0x00007ffd45ca0000 - 0x00007ffd45cdb000 	C:\WINDOWS\SYSTEM32\IPHLPAPI.DLL
0x00007ffd490e0000 - 0x00007ffd490e8000 	C:\WINDOWS\System32\NSI.dll
0x00007ffd3ee70000 - 0x00007ffd3ee87000 	C:\WINDOWS\SYSTEM32\dhcpcsvc6.DLL
0x00007ffd3fc10000 - 0x00007ffd3fc2d000 	C:\WINDOWS\SYSTEM32\dhcpcsvc.DLL
0x00007ffd45cf0000 - 0x00007ffd45dbc000 	C:\WINDOWS\SYSTEM32\DNSAPI.dll

dbghelp: loaded successfully - version: 4.0.5 - missing functions: none
symbol engine: initialized successfully - sym options: 0x614 - pdb path: .;C:\Program Files\Android\Android Studio\jre\bin;C:\WINDOWS\SYSTEM32;C:\WINDOWS\WinSxS\amd64_microsoft.windows.common-controls_6595b64144ccf1df_6.0.19041.1110_none_60b5254171f9507e;C:\Program Files\Android\Android Studio\jre\bin\server;C:\Users\muham\.gradle\native\8bec1ad78214c89d9ad589b4d07fe93259594b29d510b10fafb7a158f7737e5d\windows-amd64;C:\Users\muham\.gradle\native\53dbd7edfb1c66fb8903c78663c9afc45aea4f116125fa6feffd364cf09443e8\windows-amd64

VM Arguments:
jvm_args: --add-opens=java.base/java.util=ALL-UNNAMED --add-opens=java.base/java.lang=ALL-UNNAMED --add-opens=java.base/java.lang.invoke=ALL-UNNAMED --add-opens=java.base/java.util=ALL-UNNAMED --add-opens=java.prefs/java.util.prefs=ALL-UNNAMED --add-opens=java.prefs/java.util.prefs=ALL-UNNAMED --add-opens=java.base/java.nio.charset=ALL-UNNAMED --add-opens=java.base/java.net=ALL-UNNAMED --add-opens=java.base/java.util.concurrent.atomic=ALL-UNNAMED -Xmx2048m -Dfile.encoding=UTF-8 -Duser.country=US -Duser.language=en -Duser.variant 
java_command: org.gradle.launcher.daemon.bootstrap.GradleDaemon 7.0.2
java_class_path (initial): C:\Users\muham\.gradle\wrapper\dists\gradle-7.0.2-bin\857tjihv64xamwrf0h14cai3r\gradle-7.0.2\lib\gradle-launcher-7.0.2.jar
Launcher Type: SUN_STANDARD

[Global flags]
     intx CICompilerCount                          = 4                                         {product} {ergonomic}
     uint ConcGCThreads                            = 2                                         {product} {ergonomic}
     uint G1ConcRefinementThreads                  = 8                                         {product} {ergonomic}
   size_t G1HeapRegionSize                         = 1048576                                   {product} {ergonomic}
    uintx GCDrainStackTargetSize                   = 64                                        {product} {ergonomic}
   size_t InitialHeapSize                          = 134217728                                 {product} {ergonomic}
   size_t MarkStackSize                            = 4194304                                   {product} {ergonomic}
   size_t MaxHeapSize                              = 2147483648                                {product} {command line}
   size_t MaxNewSize                               = 1287651328                                {product} {ergonomic}
   size_t MinHeapDeltaBytes                        = 1048576                                   {product} {ergonomic}
    uintx NonNMethodCodeHeapSize                   = 5836300                                {pd product} {ergonomic}
    uintx NonProfiledCodeHeapSize                  = 122910970                              {pd product} {ergonomic}
    uintx ProfiledCodeHeapSize                     = 122910970                              {pd product} {ergonomic}
    uintx ReservedCodeCacheSize                    = 251658240                              {pd product} {ergonomic}
     bool SegmentedCodeCache                       = true                                      {product} {ergonomic}
     bool UseCompressedClassPointers               = true                                 {lp64_product} {ergonomic}
     bool UseCompressedOops                        = true                                 {lp64_product} {ergonomic}
     bool UseG1GC                                  = true                                      {product} {ergonomic}
     bool UseLargePagesIndividualAllocation        = false                                  {pd product} {ergonomic}

Logging:
Log output configuration:
 #0: stdout all=warning uptime,level,tags
 #1: stderr all=off uptime,level,tags

Environment Variables:
PATH=C:\Program Files (x86)\Common Files\Oracle\Java\javapath;C:\WINDOWS\system32;C:\WINDOWS;C:\WINDOWS\System32\Wbem;C:\WINDOWS\System32\WindowsPowerShell\v1.0\;C:\WINDOWS\System32\OpenSSH\;C:\Program Files\Intel\WiFi\bin\;C:\Program Files\Common Files\Intel\WirelessCommon\;C:\Program Files (x86)\dotnet\;C:\Android;C:\Windows\System32;C:\Program Files\Dart\dart-sdk\bin;C:\Program Files\nodejs\;C:\Program Files (x86)\Intel\Intel(R) Management Engine Components\DAL;C:\Program Files\Intel\Intel(R) Management Engine Components\DAL;C:\Program Files\Git\cmd;C:\Users\muham\AppData\Local\Programs\Python\Python38-32\Scripts\;C:\Users\muham\AppData\Local\Programs\Python\Python38-32\;C:\Users\muham\AppData\Local\Microsoft\WindowsApps;C:\Users\muham\AppData\Local\Programs\Microsoft VS Code\bin;C:\Program Files\JetBrains\PyCharm Community Edition 2020.2\bin;;C:\Program Files (x86)\Nmap;C:\Windows\System32\WindowsPowerShell\v1.0;C:\Program Files\Dart\dart-sdk\lib;C:\Users\muham\flutter\bin;C:\Users\muham\AppData\Roaming\npm
USERNAME=muham
OS=Windows_NT
PROCESSOR_IDENTIFIER=Intel64 Family 6 Model 142 Stepping 10, GenuineIntel



---------------  S Y S T E M  ---------------

OS: Windows 10 , 64 bit Build 19041 (10.0.19041.1202)
OS uptime: 1 days 22:14 hours

CPU:total 8 (initial active 8) (4 cores per cpu, 2 threads per core) family 6 model 142 stepping 10 microcode 0xd6, cmov, cx8, fxsr, mmx, sse, sse2, sse3, ssse3, sse4.1, sse4.2, popcnt, avx, avx2, aes, clmul, erms, 3dnowpref, lzcnt, ht, tsc, tscinvbit, bmi1, bmi2, adx, fma

Memory: 4k page, system-wide physical 8092M (451M free)
TotalPageFile size 23278M (AvailPageFile size 9M)
current process WorkingSet (physical memory assigned to process): 368M, peak: 371M
current process commit charge ("private bytes"): 428M, peak: 432M

vm_info: OpenJDK 64-Bit Server VM (11.0.10+0-b96-7249189) for windows-amd64 JRE (11.0.10+0-b96-7249189), built on Mar 31 2021 21:44:00 by "builder" with MS VC++ 14.0 (VS2015)

END.
