#
# There is insufficient memory for the Java Runtime Environment to continue.
# Native memory allocation (malloc) failed to allocate 1774576 bytes for Chunk::new
# Possible reasons:
#   The system is out of physical RAM or swap space
#   The process is running with CompressedOops enabled, and the Java Heap may be blocking the growth of the native heap
# Possible solutions:
#   Reduce memory load on the system
#   Increase physical memory or swap space
#   Check if swap backing store is full
#   Decrease Java heap size (-Xmx/-Xms)
#   Decrease number of Java threads
#   Decrease Java thread stack sizes (-Xss)
#   Set larger code cache with -XX:ReservedCodeCacheSize=
#   JVM is running with Unscaled Compressed Oops mode in which the Java heap is
#     placed in the first 4GB address space. The Java Heap base address is the
#     maximum limit for the native heap growth. Please use -XX:HeapBaseMinAddress
#     to set the Java Heap base and to place the Java Heap above 4GB virtual address.
# This output file may be truncated or incomplete.
#
#  Out of Memory Error (./src/hotspot/share/memory/arena.cpp:197), pid=14180, tid=13416
#
# JRE version: OpenJDK Runtime Environment (11.0.10) (build 11.0.10+0-b96-7249189)
# Java VM: OpenJDK 64-Bit Server VM (11.0.10+0-b96-7249189, mixed mode, tiered, compressed oops, g1 gc, windows-amd64)
# No core dump will be written. Minidumps are not enabled by default on client versions of Windows
#

---------------  S U M M A R Y ------------

Command Line: --add-opens=java.base/java.util=ALL-UNNAMED --add-opens=java.base/java.lang=ALL-UNNAMED --add-opens=java.base/java.lang.invoke=ALL-UNNAMED --add-opens=java.base/java.util=ALL-UNNAMED --add-opens=java.prefs/java.util.prefs=ALL-UNNAMED --add-opens=java.prefs/java.util.prefs=ALL-UNNAMED --add-opens=java.base/java.nio.charset=ALL-UNNAMED --add-opens=java.base/java.net=ALL-UNNAMED --add-opens=java.base/java.util.concurrent.atomic=ALL-UNNAMED -Xmx2048m -Dfile.encoding=UTF-8 -Duser.country=US -Duser.language=en -Duser.variant org.gradle.launcher.daemon.bootstrap.GradleDaemon 7.0.2

Host: Intel(R) Core(TM) i5-8250U CPU @ 1.60GHz, 8 cores, 7G,  Windows 10 , 64 bit Build 19041 (10.0.19041.1202)
Time: Thu Oct 28 17:09:11 2021 Jerusalem Daylight Time elapsed time: 7.670336 seconds (0d 0h 0m 7s)

---------------  T H R E A D  ---------------

Current thread (0x0000016db6d18800):  JavaThread "C2 CompilerThread1" daemon [_thread_in_native, id=13416, stack(0x0000000dc9e00000,0x0000000dc9f00000)]


Current CompileTask:
C2:   7670 6461       4       org.objectweb.asm.Frame::execute (2318 bytes)

Stack: [0x0000000dc9e00000,0x0000000dc9f00000]
Native frames: (J=compiled Java code, j=interpreted, Vv=VM code, C=native code)
V  [jvm.dll+0x5ecfaa]
V  [jvm.dll+0x722bd5]
V  [jvm.dll+0x72412d]
V  [jvm.dll+0x7247e3]
V  [jvm.dll+0x242928]
V  [jvm.dll+0xbc4fc]
V  [jvm.dll+0xbca0c]
V  [jvm.dll+0x352d7d]
V  [jvm.dll+0x320ad3]
V  [jvm.dll+0x31ffca]
V  [jvm.dll+0x1fb602]
V  [jvm.dll+0x1fa7f4]
V  [jvm.dll+0x18354c]
V  [jvm.dll+0x208ee7]
V  [jvm.dll+0x207731]
V  [jvm.dll+0x6eb1cf]
V  [jvm.dll+0x6e3d45]
V  [jvm.dll+0x5ebe96]
C  [ucrtbase.dll+0x21bb2]
C  [KERNEL32.DLL+0x17034]
C  [ntdll.dll+0x52651]


---------------  P R O C E S S  ---------------

Threads class SMR info:
_java_thread_list=0x0000016db81a0310, length=50, elements={
0x0000016d97aae000, 0x0000016db40a6800, 0x0000016db40af800, 0x0000016db4a22800,
0x0000016db40be000, 0x0000016db40bf800, 0x0000016db40c3000, 0x0000016db40c4000,
0x0000016db40c9000, 0x0000016db4b81000, 0x0000016db76c3800, 0x0000016db6d55800,
0x0000016db6eb0000, 0x0000016db6e67800, 0x0000016db65ae800, 0x0000016db5f92000,
0x0000016db803e800, 0x0000016db7980800, 0x0000016db6cb2000, 0x0000016db6cb1000,
0x0000016db6cb3000, 0x0000016db6cb3800, 0x0000016db6cb4800, 0x0000016db6d18800,
0x0000016db6cae800, 0x0000016db6caf800, 0x0000016db6cb5800, 0x0000016db6cb0800,
0x0000016db7ac0000, 0x0000016db7ac1800, 0x0000016db7ac2800, 0x0000016db7ac4000,
0x0000016db7ac1000, 0x0000016db7ac5000, 0x0000016db7abf800, 0x0000016db7ac6000,
0x0000016db7ac8000, 0x0000016db7ac6800, 0x0000016db7ac7800, 0x0000016db7ac3800,
0x0000016db7aca800, 0x0000016db7acb800, 0x0000016db7acc800, 0x0000016db7acd000,
0x0000016db6fa4800, 0x0000016db6fa2000, 0x0000016db6fa5800, 0x0000016db6f9f800,
0x0000016db6fa6000, 0x0000016db6fa3000
}

Java Threads: ( => current thread )
  0x0000016d97aae000 JavaThread "main" [_thread_blocked, id=4964, stack(0x0000000dc7800000,0x0000000dc7900000)]
  0x0000016db40a6800 JavaThread "Reference Handler" daemon [_thread_blocked, id=9724, stack(0x0000000dc7f00000,0x0000000dc8000000)]
  0x0000016db40af800 JavaThread "Finalizer" daemon [_thread_blocked, id=12992, stack(0x0000000dc8000000,0x0000000dc8100000)]
  0x0000016db4a22800 JavaThread "Signal Dispatcher" daemon [_thread_blocked, id=14664, stack(0x0000000dc8100000,0x0000000dc8200000)]
  0x0000016db40be000 JavaThread "Attach Listener" daemon [_thread_blocked, id=16264, stack(0x0000000dc8200000,0x0000000dc8300000)]
  0x0000016db40bf800 JavaThread "Service Thread" daemon [_thread_blocked, id=11360, stack(0x0000000dc8300000,0x0000000dc8400000)]
  0x0000016db40c3000 JavaThread "C2 CompilerThread0" daemon [_thread_blocked, id=9288, stack(0x0000000dc8400000,0x0000000dc8500000)]
  0x0000016db40c4000 JavaThread "C1 CompilerThread0" daemon [_thread_blocked, id=13316, stack(0x0000000dc8500000,0x0000000dc8600000)]
  0x0000016db40c9000 JavaThread "Sweeper thread" daemon [_thread_blocked, id=772, stack(0x0000000dc8600000,0x0000000dc8700000)]
  0x0000016db4b81000 JavaThread "Common-Cleaner" daemon [_thread_blocked, id=13004, stack(0x0000000dc8700000,0x0000000dc8800000)]
  0x0000016db76c3800 JavaThread "Daemon health stats" [_thread_blocked, id=8764, stack(0x0000000dc8d00000,0x0000000dc8e00000)]
  0x0000016db6d55800 JavaThread "Incoming local TCP Connector on port 1052" [_thread_in_native, id=8708, stack(0x0000000dc8900000,0x0000000dc8a00000)]
  0x0000016db6eb0000 JavaThread "Daemon periodic checks" [_thread_blocked, id=2100, stack(0x0000000dc8c00000,0x0000000dc8d00000)]
  0x0000016db6e67800 JavaThread "Daemon" [_thread_blocked, id=11872, stack(0x0000000dc8e00000,0x0000000dc8f00000)]
  0x0000016db65ae800 JavaThread "Handler for socket connection from /127.0.0.1:1052 to /127.0.0.1:1054" [_thread_in_native, id=7844, stack(0x0000000dc8f00000,0x0000000dc9000000)]
  0x0000016db5f92000 JavaThread "Cancel handler" [_thread_blocked, id=17672, stack(0x0000000dc9000000,0x0000000dc9100000)]
  0x0000016db803e800 JavaThread "Daemon worker" [_thread_in_native, id=11060, stack(0x0000000dc9100000,0x0000000dc9200000)]
  0x0000016db7980800 JavaThread "Asynchronous log dispatcher for DefaultDaemonConnection: socket connection from /127.0.0.1:1052 to /127.0.0.1:1054" [_thread_blocked, id=2060, stack(0x0000000dc9200000,0x0000000dc9300000)]
  0x0000016db6cb2000 JavaThread "Stdin handler" [_thread_blocked, id=11912, stack(0x0000000dc9300000,0x0000000dc9400000)]
  0x0000016db6cb1000 JavaThread "Daemon client event forwarder" [_thread_blocked, id=17740, stack(0x0000000dc9400000,0x0000000dc9500000)]
  0x0000016db6cb3000 JavaThread "Cache worker for file hash cache (C:\Users\muham\.gradle\caches\7.0.2\fileHashes)" [_thread_blocked, id=7020, stack(0x0000000dc9a00000,0x0000000dc9b00000)]
  0x0000016db6cb3800 JavaThread "File lock request listener" [_thread_in_native, id=6196, stack(0x0000000dc9b00000,0x0000000dc9c00000)]
  0x0000016db6cb4800 JavaThread "Cache worker for journal cache (C:\Users\muham\.gradle\caches\journal-1)" [_thread_blocked, id=1080, stack(0x0000000dc9d00000,0x0000000dc9e00000)]
=>0x0000016db6d18800 JavaThread "C2 CompilerThread1" daemon [_thread_in_native, id=13416, stack(0x0000000dc9e00000,0x0000000dc9f00000)]
  0x0000016db6cae800 JavaThread "Cache worker for file hash cache (C:\Users\muham\android development\DSCWorkShopTraning\task2\.gradle\7.0.2\fileHashes)" [_thread_blocked, id=13636, stack(0x0000000dc9f00000,0x0000000dca000000)]
  0x0000016db6caf800 JavaThread "File watcher server" daemon [_thread_in_native, id=11512, stack(0x0000000dca000000,0x0000000dca100000)]
  0x0000016db6cb5800 JavaThread "File watcher consumer" daemon [_thread_blocked, id=11648, stack(0x0000000dca100000,0x0000000dca200000)]
  0x0000016db6cb0800 JavaThread "jar transforms" [_thread_blocked, id=18044, stack(0x0000000dca200000,0x0000000dca300000)]
  0x0000016db7ac0000 JavaThread "jar transforms Thread 2" [_thread_blocked, id=5392, stack(0x0000000dca300000,0x0000000dca400000)]
  0x0000016db7ac1800 JavaThread "jar transforms Thread 3" [_thread_blocked, id=13072, stack(0x0000000dca400000,0x0000000dca500000)]
  0x0000016db7ac2800 JavaThread "jar transforms Thread 4" [_thread_blocked, id=9872, stack(0x0000000dca500000,0x0000000dca600000)]
  0x0000016db7ac4000 JavaThread "jar transforms Thread 5" [_thread_blocked, id=5416, stack(0x0000000dca600000,0x0000000dca700000)]
  0x0000016db7ac1000 JavaThread "jar transforms Thread 6" [_thread_blocked, id=1472, stack(0x0000000dca700000,0x0000000dca800000)]
  0x0000016db7ac5000 JavaThread "jar transforms Thread 7" [_thread_blocked, id=10468, stack(0x0000000dca800000,0x0000000dca900000)]
  0x0000016db7abf800 JavaThread "jar transforms Thread 8" [_thread_blocked, id=12964, stack(0x0000000dca900000,0x0000000dcaa00000)]
  0x0000016db7ac6000 JavaThread "Cache worker for checksums cache (C:\Users\muham\android development\DSCWorkShopTraning\task2\.gradle\checksums)" [_thread_blocked, id=15960, stack(0x0000000dcaa00000,0x0000000dcab00000)]
  0x0000016db7ac8000 JavaThread "Cache worker for cache directory md-supplier (C:\Users\muham\.gradle\caches\7.0.2\md-supplier)" [_thread_blocked, id=7588, stack(0x0000000dcab00000,0x0000000dcac00000)]
  0x0000016db7ac6800 JavaThread "Cache worker for cache directory md-rule (C:\Users\muham\.gradle\caches\7.0.2\md-rule)" [_thread_blocked, id=7720, stack(0x0000000dcac00000,0x0000000dcad00000)]
  0x0000016db7ac7800 JavaThread "Cache worker for execution history cache (C:\Users\muham\.gradle\caches\7.0.2\executionHistory)" [_thread_blocked, id=17908, stack(0x0000000dcad00000,0x0000000dcae00000)]
  0x0000016db7ac3800 JavaThread "Cache worker for file content cache (C:\Users\muham\.gradle\caches\7.0.2\fileContent)" [_thread_blocked, id=14284, stack(0x0000000dcae00000,0x0000000dcaf00000)]
  0x0000016db7aca800 JavaThread "Cache worker for dependencies-accessors (C:\Users\muham\android development\DSCWorkShopTraning\task2\.gradle\7.0.2\dependencies-accessors)" [_thread_blocked, id=3964, stack(0x0000000dcaf00000,0x0000000dcb000000)]
  0x0000016db7acb800 JavaThread "Cache worker for Build Output Cleanup Cache (C:\Users\muham\android development\DSCWorkShopTraning\task2\.gradle\buildOutputCleanup)" [_thread_blocked, id=356, stack(0x0000000dcb000000,0x0000000dcb100000)]
  0x0000016db7acc800 JavaThread "Build operations" [_thread_blocked, id=4284, stack(0x0000000dcb100000,0x0000000dcb200000)]
  0x0000016db7acd000 JavaThread "Build operations Thread 2" [_thread_blocked, id=9904, stack(0x0000000dcb200000,0x0000000dcb300000)]
  0x0000016db6fa4800 JavaThread "Build operations Thread 3" [_thread_blocked, id=15340, stack(0x0000000dcb300000,0x0000000dcb400000)]
  0x0000016db6fa2000 JavaThread "Build operations Thread 4" [_thread_blocked, id=5672, stack(0x0000000dcb400000,0x0000000dcb500000)]
  0x0000016db6fa5800 JavaThread "Build operations Thread 5" [_thread_blocked, id=11888, stack(0x0000000dcb500000,0x0000000dcb600000)]
  0x0000016db6f9f800 JavaThread "Build operations Thread 6" [_thread_blocked, id=10380, stack(0x0000000dcb600000,0x0000000dcb700000)]
  0x0000016db6fa6000 JavaThread "Build operations Thread 7" [_thread_blocked, id=8456, stack(0x0000000dcb700000,0x0000000dcb800000)]
  0x0000016db6fa3000 JavaThread "Build operations Thread 8" [_thread_blocked, id=4048, stack(0x0000000dcb800000,0x0000000dcb900000)]

Other Threads:
  0x0000016db40a0800 VMThread "VM Thread" [stack: 0x0000000dc7e00000,0x0000000dc7f00000] [id=12396]
  0x0000016db4b8a000 WatcherThread [stack: 0x0000000dc8800000,0x0000000dc8900000] [id=16072]
  0x0000016d99c58800 GCTaskThread "GC Thread#0" [stack: 0x0000000dc7900000,0x0000000dc7a00000] [id=17288]
  0x0000016db5699800 GCTaskThread "GC Thread#1" [stack: 0x0000000dc8a00000,0x0000000dc8b00000] [id=18124]
  0x0000016db4ed0800 GCTaskThread "GC Thread#2" [stack: 0x0000000dc8b00000,0x0000000dc8c00000] [id=14160]
  0x0000016db6bb6800 GCTaskThread "GC Thread#3" [stack: 0x0000000dc9500000,0x0000000dc9600000] [id=4936]
  0x0000016db56db800 GCTaskThread "GC Thread#4" [stack: 0x0000000dc9600000,0x0000000dc9700000] [id=10576]
  0x0000016db70ef800 GCTaskThread "GC Thread#5" [stack: 0x0000000dc9700000,0x0000000dc9800000] [id=12528]
  0x0000016db75f1800 GCTaskThread "GC Thread#6" [stack: 0x0000000dc9800000,0x0000000dc9900000] [id=1360]
  0x0000016db75bb800 GCTaskThread "GC Thread#7" [stack: 0x0000000dc9900000,0x0000000dc9a00000] [id=8024]
  0x0000016d99c88800 ConcurrentGCThread "G1 Main Marker" [stack: 0x0000000dc7a00000,0x0000000dc7b00000] [id=17652]
  0x0000016d99c8a000 ConcurrentGCThread "G1 Conc#0" [stack: 0x0000000dc7b00000,0x0000000dc7c00000] [id=6260]
  0x0000016db6968800 ConcurrentGCThread "G1 Conc#1" [stack: 0x0000000dc9c00000,0x0000000dc9d00000] [id=15472]
  0x0000016d99d19800 ConcurrentGCThread "G1 Refine#0" [stack: 0x0000000dc7c00000,0x0000000dc7d00000] [id=12700]
  0x0000016db3ef0800 ConcurrentGCThread "G1 Young RemSet Sampling" [stack: 0x0000000dc7d00000,0x0000000dc7e00000] [id=16352]

Threads with active compile tasks:
C2 CompilerThread1   7698 6461       4       org.objectweb.asm.Frame::execute (2318 bytes)

VM state:not at safepoint (normal execution)

VM Mutex/Monitor currently owned by a thread: None

Heap address: 0x0000000080000000, size: 2048 MB, Compressed Oops mode: 32-bit
Narrow klass base: 0x0000000000000000, Narrow klass shift: 3
Compressed class space size: 1073741824 Address: 0x0000000100000000

Heap:
 garbage-first heap   total 157696K, used 116837K [0x0000000080000000, 0x0000000100000000)
  region size 1024K, 42 young (43008K), 3 survivors (3072K)
 Metaspace       used 61419K, capacity 63105K, committed 63360K, reserved 1103872K
  class space    used 7897K, capacity 8502K, committed 8576K, reserved 1048576K
Heap Regions: E=young(eden), S=young(survivor), O=old, HS=humongous(starts), HC=humongous(continues), CS=collection set, F=free, A=archive, TAMS=top-at-mark-start (previous, next)
|   0|0x0000000080000000, 0x0000000080100000, 0x0000000080100000|100%| O|  |TAMS 0x0000000080100000, 0x0000000080000000| Untracked 
|   1|0x0000000080100000, 0x0000000080200000, 0x0000000080200000|100%| O|  |TAMS 0x0000000080200000, 0x0000000080100000| Untracked 
|   2|0x0000000080200000, 0x0000000080300000, 0x0000000080300000|100%| O|  |TAMS 0x0000000080300000, 0x0000000080200000| Untracked 
|   3|0x0000000080300000, 0x0000000080400000, 0x0000000080400000|100%|HS|  |TAMS 0x0000000080400000, 0x0000000080300000| Complete 
|   4|0x0000000080400000, 0x0000000080500000, 0x0000000080500000|100%|HC|  |TAMS 0x0000000080500000, 0x0000000080400000| Complete 
|   5|0x0000000080500000, 0x0000000080600000, 0x0000000080600000|100%|HC|  |TAMS 0x0000000080600000, 0x0000000080500000| Complete 
|   6|0x0000000080600000, 0x0000000080700000, 0x0000000080700000|100%| O|  |TAMS 0x0000000080700000, 0x0000000080600000| Untracked 
|   7|0x0000000080700000, 0x0000000080800000, 0x0000000080800000|100%| O|  |TAMS 0x0000000080800000, 0x0000000080700000| Untracked 
|   8|0x0000000080800000, 0x0000000080900000, 0x0000000080900000|100%| O|  |TAMS 0x0000000080900000, 0x0000000080800000| Untracked 
|   9|0x0000000080900000, 0x0000000080a00000, 0x0000000080a00000|100%| O|  |TAMS 0x0000000080a00000, 0x0000000080900000| Untracked 
|  10|0x0000000080a00000, 0x0000000080b00000, 0x0000000080b00000|100%| O|  |TAMS 0x0000000080b00000, 0x0000000080a00000| Untracked 
|  11|0x0000000080b00000, 0x0000000080c00000, 0x0000000080c00000|100%| O|  |TAMS 0x0000000080c00000, 0x0000000080b00000| Untracked 
|  12|0x0000000080c00000, 0x0000000080d00000, 0x0000000080d00000|100%| O|  |TAMS 0x0000000080d00000, 0x0000000080c00000| Untracked 
|  13|0x0000000080d00000, 0x0000000080e00000, 0x0000000080e00000|100%| O|  |TAMS 0x0000000080e00000, 0x0000000080d00000| Untracked 
|  14|0x0000000080e00000, 0x0000000080f00000, 0x0000000080f00000|100%| O|  |TAMS 0x0000000080f00000, 0x0000000080e00000| Untracked 
|  15|0x0000000080f00000, 0x0000000081000000, 0x0000000081000000|100%| O|  |TAMS 0x0000000081000000, 0x0000000080f00000| Untracked 
|  16|0x0000000081000000, 0x0000000081100000, 0x0000000081100000|100%|HS|  |TAMS 0x0000000081100000, 0x0000000081000000| Complete 
|  17|0x0000000081100000, 0x0000000081200000, 0x0000000081200000|100%|HC|  |TAMS 0x0000000081200000, 0x0000000081100000| Complete 
|  18|0x0000000081200000, 0x0000000081300000, 0x0000000081300000|100%|HS|  |TAMS 0x0000000081300000, 0x0000000081200000| Complete 
|  19|0x0000000081300000, 0x0000000081400000, 0x0000000081400000|100%|HC|  |TAMS 0x0000000081400000, 0x0000000081300000| Complete 
|  20|0x0000000081400000, 0x0000000081500000, 0x0000000081500000|100%|HC|  |TAMS 0x0000000081500000, 0x0000000081400000| Complete 
|  21|0x0000000081500000, 0x0000000081600000, 0x0000000081600000|100%|HS|  |TAMS 0x0000000081600000, 0x0000000081500000| Complete 
|  22|0x0000000081600000, 0x0000000081700000, 0x0000000081700000|100%|HC|  |TAMS 0x0000000081700000, 0x0000000081600000| Complete 
|  23|0x0000000081700000, 0x0000000081800000, 0x0000000081800000|100%|HC|  |TAMS 0x0000000081800000, 0x0000000081700000| Complete 
|  24|0x0000000081800000, 0x0000000081900000, 0x0000000081900000|100%|HC|  |TAMS 0x0000000081900000, 0x0000000081800000| Complete 
|  25|0x0000000081900000, 0x0000000081a00000, 0x0000000081a00000|100%|HC|  |TAMS 0x0000000081a00000, 0x0000000081900000| Complete 
|  26|0x0000000081a00000, 0x0000000081b00000, 0x0000000081b00000|100%| O|  |TAMS 0x0000000081b00000, 0x0000000081a00000| Untracked 
|  27|0x0000000081b00000, 0x0000000081c00000, 0x0000000081c00000|100%| O|  |TAMS 0x0000000081c00000, 0x0000000081b00000| Untracked 
|  28|0x0000000081c00000, 0x0000000081d00000, 0x0000000081d00000|100%| O|  |TAMS 0x0000000081d00000, 0x0000000081c00000| Untracked 
|  29|0x0000000081d00000, 0x0000000081e00000, 0x0000000081e00000|100%| O|  |TAMS 0x0000000081e00000, 0x0000000081d00000| Untracked 
|  30|0x0000000081e00000, 0x0000000081f00000, 0x0000000081f00000|100%| O|  |TAMS 0x0000000081f00000, 0x0000000081e00000| Untracked 
|  31|0x0000000081f00000, 0x0000000082000000, 0x0000000082000000|100%| O|  |TAMS 0x0000000082000000, 0x0000000081f00000| Untracked 
|  32|0x0000000082000000, 0x0000000082100000, 0x0000000082100000|100%| O|  |TAMS 0x00000000820c2000, 0x0000000082000000| Untracked 
|  33|0x0000000082100000, 0x0000000082200000, 0x0000000082200000|100%|HS|  |TAMS 0x0000000082100000, 0x0000000082100000| Complete 
|  34|0x0000000082200000, 0x0000000082300000, 0x0000000082300000|100%|HC|  |TAMS 0x0000000082200000, 0x0000000082200000| Complete 
|  35|0x0000000082300000, 0x0000000082400000, 0x0000000082400000|100%|HC|  |TAMS 0x0000000082300000, 0x0000000082300000| Complete 
|  36|0x0000000082400000, 0x0000000082500000, 0x0000000082500000|100%|HC|  |TAMS 0x0000000082400000, 0x0000000082400000| Complete 
|  37|0x0000000082500000, 0x0000000082600000, 0x0000000082600000|100%|HC|  |TAMS 0x0000000082500000, 0x0000000082500000| Complete 
|  38|0x0000000082600000, 0x0000000082700000, 0x0000000082700000|100%|HS|  |TAMS 0x0000000082600000, 0x0000000082600000| Complete 
|  39|0x0000000082700000, 0x0000000082800000, 0x0000000082800000|100%|HC|  |TAMS 0x0000000082700000, 0x0000000082700000| Complete 
|  40|0x0000000082800000, 0x0000000082900000, 0x0000000082900000|100%|HC|  |TAMS 0x0000000082800000, 0x0000000082800000| Complete 
|  41|0x0000000082900000, 0x0000000082a00000, 0x0000000082a00000|100%| O|  |TAMS 0x0000000082900000, 0x0000000082900000| Untracked 
|  42|0x0000000082a00000, 0x0000000082b00000, 0x0000000082b00000|100%| O|  |TAMS 0x0000000082a00000, 0x0000000082a00000| Untracked 
|  43|0x0000000082b00000, 0x0000000082c00000, 0x0000000082c00000|100%| O|  |TAMS 0x0000000082b00000, 0x0000000082b00000| Untracked 
|  44|0x0000000082c00000, 0x0000000082d00000, 0x0000000082d00000|100%| O|  |TAMS 0x0000000082c00000, 0x0000000082c00000| Untracked 
|  45|0x0000000082d00000, 0x0000000082e00000, 0x0000000082e00000|100%| O|  |TAMS 0x0000000082d00000, 0x0000000082d00000| Untracked 
|  46|0x0000000082e00000, 0x0000000082f00000, 0x0000000082f00000|100%| O|  |TAMS 0x0000000082e00000, 0x0000000082e00000| Untracked 
|  47|0x0000000082f00000, 0x0000000083000000, 0x0000000083000000|100%| O|  |TAMS 0x0000000082f00000, 0x0000000082f00000| Untracked 
|  48|0x0000000083000000, 0x0000000083100000, 0x0000000083100000|100%| O|  |TAMS 0x0000000083000000, 0x0000000083000000| Untracked 
|  49|0x0000000083100000, 0x0000000083200000, 0x0000000083200000|100%| O|  |TAMS 0x0000000083100000, 0x0000000083100000| Untracked 
|  50|0x0000000083200000, 0x0000000083300000, 0x0000000083300000|100%| O|  |TAMS 0x0000000083200000, 0x0000000083200000| Untracked 
|  51|0x0000000083300000, 0x0000000083400000, 0x0000000083400000|100%| O|  |TAMS 0x0000000083300000, 0x0000000083300000| Untracked 
|  52|0x0000000083400000, 0x0000000083500000, 0x0000000083500000|100%|HS|  |TAMS 0x0000000083400000, 0x0000000083400000| Complete 
|  53|0x0000000083500000, 0x0000000083600000, 0x0000000083600000|100%|HS|  |TAMS 0x0000000083500000, 0x0000000083500000| Complete 
|  54|0x0000000083600000, 0x0000000083700000, 0x0000000083700000|100%|HS|  |TAMS 0x0000000083600000, 0x0000000083600000| Complete 
|  55|0x0000000083700000, 0x0000000083800000, 0x0000000083800000|100%|HS|  |TAMS 0x0000000083700000, 0x0000000083700000| Complete 
|  56|0x0000000083800000, 0x0000000083900000, 0x0000000083900000|100%|HC|  |TAMS 0x0000000083800000, 0x0000000083800000| Complete 
|  57|0x0000000083900000, 0x0000000083a00000, 0x0000000083a00000|100%|HC|  |TAMS 0x0000000083900000, 0x0000000083900000| Complete 
|  58|0x0000000083a00000, 0x0000000083b00000, 0x0000000083b00000|100%|HS|  |TAMS 0x0000000083a00000, 0x0000000083a00000| Complete 
|  59|0x0000000083b00000, 0x0000000083c00000, 0x0000000083c00000|100%|HC|  |TAMS 0x0000000083b00000, 0x0000000083b00000| Complete 
|  60|0x0000000083c00000, 0x0000000083d00000, 0x0000000083d00000|100%| O|  |TAMS 0x0000000083c00000, 0x0000000083c00000| Untracked 
|  61|0x0000000083d00000, 0x0000000083e00000, 0x0000000083e00000|100%| O|  |TAMS 0x0000000083d00000, 0x0000000083d00000| Untracked 
|  62|0x0000000083e00000, 0x0000000083f00000, 0x0000000083f00000|100%| O|  |TAMS 0x0000000083e00000, 0x0000000083e00000| Untracked 
|  63|0x0000000083f00000, 0x0000000084000000, 0x0000000084000000|100%| O|  |TAMS 0x0000000083f00000, 0x0000000083f00000| Untracked 
|  64|0x0000000084000000, 0x0000000084100000, 0x0000000084100000|100%| O|  |TAMS 0x0000000084000000, 0x0000000084000000| Untracked 
|  65|0x0000000084100000, 0x0000000084200000, 0x0000000084200000|100%| O|  |TAMS 0x0000000084100000, 0x0000000084100000| Untracked 
|  66|0x0000000084200000, 0x0000000084300000, 0x0000000084300000|100%| O|  |TAMS 0x0000000084200000, 0x0000000084200000| Untracked 
|  67|0x0000000084300000, 0x0000000084400000, 0x0000000084400000|100%| O|  |TAMS 0x0000000084300000, 0x0000000084300000| Untracked 
|  68|0x0000000084400000, 0x0000000084500000, 0x0000000084500000|100%| O|  |TAMS 0x0000000084400000, 0x0000000084400000| Untracked 
|  69|0x0000000084500000, 0x0000000084600000, 0x0000000084600000|100%| O|  |TAMS 0x0000000084500000, 0x0000000084500000| Untracked 
|  70|0x0000000084600000, 0x0000000084700000, 0x0000000084700000|100%| O|  |TAMS 0x0000000084600000, 0x0000000084600000| Untracked 
|  71|0x0000000084700000, 0x0000000084800000, 0x0000000084800000|100%| O|  |TAMS 0x0000000084700000, 0x0000000084700000| Untracked 
|  72|0x0000000084800000, 0x0000000084900000, 0x0000000084900000|100%| O|  |TAMS 0x0000000084800000, 0x0000000084800000| Untracked 
|  73|0x0000000084900000, 0x0000000084976000, 0x0000000084a00000| 46%| O|  |TAMS 0x0000000084900000, 0x0000000084900000| Untracked 
|  74|0x0000000084a00000, 0x0000000084a00000, 0x0000000084b00000|  0%| F|  |TAMS 0x0000000084a00000, 0x0000000084a00000| Untracked 
|  75|0x0000000084b00000, 0x0000000084b00000, 0x0000000084c00000|  0%| F|  |TAMS 0x0000000084b00000, 0x0000000084b00000| Untracked 
|  76|0x0000000084c00000, 0x0000000084c00000, 0x0000000084d00000|  0%| F|  |TAMS 0x0000000084c00000, 0x0000000084c00000| Untracked 
|  77|0x0000000084d00000, 0x0000000084d00000, 0x0000000084e00000|  0%| F|  |TAMS 0x0000000084d00000, 0x0000000084d00000| Untracked 
|  78|0x0000000084e00000, 0x0000000084e00000, 0x0000000084f00000|  0%| F|  |TAMS 0x0000000084e00000, 0x0000000084e00000| Untracked 
|  79|0x0000000084f00000, 0x0000000084f00000, 0x0000000085000000|  0%| F|  |TAMS 0x0000000084f00000, 0x0000000084f00000| Untracked 
|  80|0x0000000085000000, 0x0000000085000000, 0x0000000085100000|  0%| F|  |TAMS 0x0000000085000000, 0x0000000085000000| Untracked 
|  81|0x0000000085100000, 0x0000000085100000, 0x0000000085200000|  0%| F|  |TAMS 0x0000000085100000, 0x0000000085100000| Untracked 
|  82|0x0000000085200000, 0x0000000085200000, 0x0000000085300000|  0%| F|  |TAMS 0x0000000085200000, 0x0000000085200000| Untracked 
|  83|0x0000000085300000, 0x0000000085300000, 0x0000000085400000|  0%| F|  |TAMS 0x0000000085300000, 0x0000000085300000| Untracked 
|  84|0x0000000085400000, 0x0000000085400000, 0x0000000085500000|  0%| F|  |TAMS 0x0000000085400000, 0x0000000085400000| Untracked 
|  85|0x0000000085500000, 0x0000000085500000, 0x0000000085600000|  0%| F|  |TAMS 0x0000000085500000, 0x0000000085500000| Untracked 
|  86|0x0000000085600000, 0x0000000085600000, 0x0000000085700000|  0%| F|  |TAMS 0x0000000085600000, 0x0000000085600000| Untracked 
|  87|0x0000000085700000, 0x0000000085700000, 0x0000000085800000|  0%| F|  |TAMS 0x0000000085700000, 0x0000000085700000| Untracked 
|  88|0x0000000085800000, 0x0000000085800000, 0x0000000085900000|  0%| F|  |TAMS 0x0000000085800000, 0x0000000085800000| Untracked 
|  89|0x0000000085900000, 0x0000000085900000, 0x0000000085a00000|  0%| F|  |TAMS 0x0000000085900000, 0x0000000085900000| Untracked 
|  90|0x0000000085a00000, 0x0000000085a00000, 0x0000000085b00000|  0%| F|  |TAMS 0x0000000085a00000, 0x0000000085a00000| Untracked 
|  91|0x0000000085b00000, 0x0000000085b00000, 0x0000000085c00000|  0%| F|  |TAMS 0x0000000085b00000, 0x0000000085b00000| Untracked 
|  92|0x0000000085c00000, 0x0000000085c00000, 0x0000000085d00000|  0%| F|  |TAMS 0x0000000085c00000, 0x0000000085c00000| Untracked 
|  93|0x0000000085d00000, 0x0000000085d00000, 0x0000000085e00000|  0%| F|  |TAMS 0x0000000085d00000, 0x0000000085d00000| Untracked 
|  94|0x0000000085e00000, 0x0000000085e00000, 0x0000000085f00000|  0%| F|  |TAMS 0x0000000085e00000, 0x0000000085e00000| Untracked 
|  95|0x0000000085f00000, 0x0000000085f00000, 0x0000000086000000|  0%| F|  |TAMS 0x0000000085f00000, 0x0000000085f00000| Untracked 
|  96|0x0000000086000000, 0x0000000086000000, 0x0000000086100000|  0%| F|  |TAMS 0x0000000086000000, 0x0000000086000000| Untracked 
|  97|0x0000000086100000, 0x0000000086100000, 0x0000000086200000|  0%| F|  |TAMS 0x0000000086100000, 0x0000000086100000| Untracked 
|  98|0x0000000086200000, 0x0000000086200000, 0x0000000086300000|  0%| F|  |TAMS 0x0000000086200000, 0x0000000086200000| Untracked 
|  99|0x0000000086300000, 0x0000000086300000, 0x0000000086400000|  0%| F|  |TAMS 0x0000000086300000, 0x0000000086300000| Untracked 
| 100|0x0000000086400000, 0x0000000086400000, 0x0000000086500000|  0%| F|  |TAMS 0x0000000086400000, 0x0000000086400000| Untracked 
| 101|0x0000000086500000, 0x0000000086500000, 0x0000000086600000|  0%| F|  |TAMS 0x0000000086500000, 0x0000000086500000| Untracked 
| 102|0x0000000086600000, 0x0000000086600000, 0x0000000086700000|  0%| F|  |TAMS 0x0000000086600000, 0x0000000086600000| Untracked 
| 103|0x0000000086700000, 0x0000000086700000, 0x0000000086800000|  0%| F|  |TAMS 0x0000000086700000, 0x0000000086700000| Untracked 
| 104|0x0000000086800000, 0x0000000086800000, 0x0000000086900000|  0%| F|  |TAMS 0x0000000086800000, 0x0000000086800000| Untracked 
| 105|0x0000000086900000, 0x0000000086900000, 0x0000000086a00000|  0%| F|  |TAMS 0x0000000086900000, 0x0000000086900000| Untracked 
| 106|0x0000000086a00000, 0x0000000086aa3450, 0x0000000086b00000| 63%| S|CS|TAMS 0x0000000086a00000, 0x0000000086a00000| Complete 
| 107|0x0000000086b00000, 0x0000000086c00000, 0x0000000086c00000|100%| S|CS|TAMS 0x0000000086b00000, 0x0000000086b00000| Complete 
| 108|0x0000000086c00000, 0x0000000086d00000, 0x0000000086d00000|100%| S|CS|TAMS 0x0000000086c00000, 0x0000000086c00000| Complete 
| 109|0x0000000086d00000, 0x0000000086d00000, 0x0000000086e00000|  0%| F|  |TAMS 0x0000000086d00000, 0x0000000086d00000| Untracked 
| 110|0x0000000086e00000, 0x0000000086e00000, 0x0000000086f00000|  0%| F|  |TAMS 0x0000000086e00000, 0x0000000086e00000| Untracked 
| 111|0x0000000086f00000, 0x0000000086f00000, 0x0000000087000000|  0%| F|  |TAMS 0x0000000086f00000, 0x0000000086f00000| Untracked 
| 112|0x0000000087000000, 0x0000000087000000, 0x0000000087100000|  0%| F|  |TAMS 0x0000000087000000, 0x0000000087000000| Untracked 
| 113|0x0000000087100000, 0x0000000087100000, 0x0000000087200000|  0%| F|  |TAMS 0x0000000087100000, 0x0000000087100000| Untracked 
| 114|0x0000000087200000, 0x0000000087287de0, 0x0000000087300000| 53%| E|  |TAMS 0x0000000087200000, 0x0000000087200000| Complete 
| 115|0x0000000087300000, 0x0000000087400000, 0x0000000087400000|100%| E|CS|TAMS 0x0000000087300000, 0x0000000087300000| Complete 
| 116|0x0000000087400000, 0x0000000087500000, 0x0000000087500000|100%| E|CS|TAMS 0x0000000087400000, 0x0000000087400000| Complete 
| 117|0x0000000087500000, 0x0000000087600000, 0x0000000087600000|100%| E|CS|TAMS 0x0000000087500000, 0x0000000087500000| Complete 
| 118|0x0000000087600000, 0x0000000087700000, 0x0000000087700000|100%| E|CS|TAMS 0x0000000087600000, 0x0000000087600000| Complete 
| 119|0x0000000087700000, 0x0000000087800000, 0x0000000087800000|100%| E|CS|TAMS 0x0000000087700000, 0x0000000087700000| Complete 
| 120|0x0000000087800000, 0x0000000087900000, 0x0000000087900000|100%| E|CS|TAMS 0x0000000087800000, 0x0000000087800000| Complete 
| 121|0x0000000087900000, 0x0000000087a00000, 0x0000000087a00000|100%| E|CS|TAMS 0x0000000087900000, 0x0000000087900000| Complete 
| 122|0x0000000087a00000, 0x0000000087b00000, 0x0000000087b00000|100%| E|CS|TAMS 0x0000000087a00000, 0x0000000087a00000| Complete 
| 123|0x0000000087b00000, 0x0000000087c00000, 0x0000000087c00000|100%| E|CS|TAMS 0x0000000087b00000, 0x0000000087b00000| Complete 
| 124|0x0000000087c00000, 0x0000000087d00000, 0x0000000087d00000|100%| E|CS|TAMS 0x0000000087c00000, 0x0000000087c00000| Complete 
| 125|0x0000000087d00000, 0x0000000087e00000, 0x0000000087e00000|100%| E|CS|TAMS 0x0000000087d00000, 0x0000000087d00000| Complete 
| 126|0x0000000087e00000, 0x0000000087f00000, 0x0000000087f00000|100%| E|CS|TAMS 0x0000000087e00000, 0x0000000087e00000| Complete 
| 127|0x0000000087f00000, 0x0000000088000000, 0x0000000088000000|100%| E|CS|TAMS 0x0000000087f00000, 0x0000000087f00000| Complete 
| 128|0x0000000088000000, 0x0000000088100000, 0x0000000088100000|100%| E|CS|TAMS 0x0000000088000000, 0x0000000088000000| Complete 
| 129|0x0000000088100000, 0x0000000088200000, 0x0000000088200000|100%| E|CS|TAMS 0x0000000088100000, 0x0000000088100000| Complete 
| 130|0x0000000088200000, 0x0000000088300000, 0x0000000088300000|100%| E|CS|TAMS 0x0000000088200000, 0x0000000088200000| Complete 
| 131|0x0000000088300000, 0x0000000088400000, 0x0000000088400000|100%| E|CS|TAMS 0x0000000088300000, 0x0000000088300000| Complete 
| 132|0x0000000088400000, 0x0000000088500000, 0x0000000088500000|100%| E|CS|TAMS 0x0000000088400000, 0x0000000088400000| Complete 
| 133|0x0000000088500000, 0x0000000088600000, 0x0000000088600000|100%| E|CS|TAMS 0x0000000088500000, 0x0000000088500000| Complete 
| 134|0x0000000088600000, 0x0000000088700000, 0x0000000088700000|100%| E|CS|TAMS 0x0000000088600000, 0x0000000088600000| Complete 
| 135|0x0000000088700000, 0x0000000088800000, 0x0000000088800000|100%| E|CS|TAMS 0x0000000088700000, 0x0000000088700000| Complete 
| 136|0x0000000088800000, 0x0000000088900000, 0x0000000088900000|100%| E|CS|TAMS 0x0000000088800000, 0x0000000088800000| Complete 
| 137|0x0000000088900000, 0x0000000088a00000, 0x0000000088a00000|100%| E|CS|TAMS 0x0000000088900000, 0x0000000088900000| Complete 
| 138|0x0000000088a00000, 0x0000000088b00000, 0x0000000088b00000|100%| E|CS|TAMS 0x0000000088a00000, 0x0000000088a00000| Complete 
| 139|0x0000000088b00000, 0x0000000088c00000, 0x0000000088c00000|100%| E|CS|TAMS 0x0000000088b00000, 0x0000000088b00000| Complete 
| 140|0x0000000088c00000, 0x0000000088d00000, 0x0000000088d00000|100%| E|CS|TAMS 0x0000000088c00000, 0x0000000088c00000| Complete 
| 141|0x0000000088d00000, 0x0000000088e00000, 0x0000000088e00000|100%| E|CS|TAMS 0x0000000088d00000, 0x0000000088d00000| Complete 
| 142|0x0000000088e00000, 0x0000000088f00000, 0x0000000088f00000|100%| E|CS|TAMS 0x0000000088e00000, 0x0000000088e00000| Complete 
| 143|0x0000000088f00000, 0x0000000089000000, 0x0000000089000000|100%| E|CS|TAMS 0x0000000088f00000, 0x0000000088f00000| Complete 
| 144|0x0000000089000000, 0x0000000089100000, 0x0000000089100000|100%| E|CS|TAMS 0x0000000089000000, 0x0000000089000000| Complete 
| 145|0x0000000089100000, 0x0000000089200000, 0x0000000089200000|100%| E|CS|TAMS 0x0000000089100000, 0x0000000089100000| Complete 
| 146|0x0000000089200000, 0x0000000089300000, 0x0000000089300000|100%| E|CS|TAMS 0x0000000089200000, 0x0000000089200000| Complete 
| 147|0x0000000089300000, 0x0000000089400000, 0x0000000089400000|100%| E|CS|TAMS 0x0000000089300000, 0x0000000089300000| Complete 
| 148|0x0000000089400000, 0x0000000089500000, 0x0000000089500000|100%| E|CS|TAMS 0x0000000089400000, 0x0000000089400000| Complete 
| 149|0x0000000089500000, 0x0000000089600000, 0x0000000089600000|100%| E|CS|TAMS 0x0000000089500000, 0x0000000089500000| Complete 
| 150|0x0000000089600000, 0x0000000089700000, 0x0000000089700000|100%| E|CS|TAMS 0x0000000089600000, 0x0000000089600000| Complete 
| 151|0x0000000089700000, 0x0000000089800000, 0x0000000089800000|100%| E|CS|TAMS 0x0000000089700000, 0x0000000089700000| Complete 
| 152|0x0000000089800000, 0x0000000089900000, 0x0000000089900000|100%| E|CS|TAMS 0x0000000089800000, 0x0000000089800000| Complete 
| 153|0x0000000089900000, 0x0000000089a00000, 0x0000000089a00000|100%| E|CS|TAMS 0x0000000089900000, 0x0000000089900000| Complete 

Card table byte_map: [0x0000016dace60000,0x0000016dad260000] _byte_map_base: 0x0000016daca60000

Marking Bits (Prev, Next): (CMBitMap*) 0x0000016d99c7fd50, (CMBitMap*) 0x0000016d99c7fd18
 Prev Bits: [0x0000016daf660000, 0x0000016db1660000)
 Next Bits: [0x0000016dad660000, 0x0000016daf660000)

Polling page: 0x0000016d97be0000

Metaspace:

Usage:
  Non-class:     53.39 MB capacity,    52.30 MB ( 98%) used,   945.18 KB (  2%) free+waste,   164.31 KB ( <1%) overhead. 
      Class:      8.30 MB capacity,     7.72 MB ( 93%) used,   522.64 KB (  6%) free+waste,    78.44 KB ( <1%) overhead. 
       Both:     61.69 MB capacity,    60.02 MB ( 97%) used,     1.43 MB (  2%) free+waste,   242.75 KB ( <1%) overhead. 

Virtual space:
  Non-class space:       54.00 MB reserved,      53.50 MB (>99%) committed 
      Class space:        1.00 GB reserved,       8.38 MB ( <1%) committed 
             Both:        1.05 GB reserved,      61.88 MB (  6%) committed 

Chunk freelists:
   Non-Class:  53.00 KB
       Class:  10.00 KB
        Both:  63.00 KB

MaxMetaspaceSize: 17179869184.00 GB
CompressedClassSpaceSize: 1.00 GB

CodeHeap 'non-profiled nmethods': size=120000Kb used=3452Kb max_used=3452Kb free=116547Kb
 bounds [0x0000016da5200000, 0x0000016da5560000, 0x0000016dac730000]
CodeHeap 'profiled nmethods': size=120000Kb used=12874Kb max_used=12874Kb free=107125Kb
 bounds [0x0000016d9dcd0000, 0x0000016d9e970000, 0x0000016da5200000]
CodeHeap 'non-nmethods': size=5760Kb used=2251Kb max_used=2284Kb free=3508Kb
 bounds [0x0000016d9d730000, 0x0000016d9d9a0000, 0x0000016d9dcd0000]
 total_blobs=7255 nmethods=6417 adapters=749
 compilation: enabled
              stopped_count=0, restarted_count=0
 full_count=0

Compilation events (20 events):
Event: 7.549 Thread 0x0000016db40c4000 6454       3       sun.reflect.annotation.AnnotationParser::skipMemberValue (65 bytes)
Event: 7.549 Thread 0x0000016db40c4000 nmethod 6454 0x0000016d9e95ba90 code [0x0000016d9e95bcc0, 0x0000016d9e95c358]
Event: 7.558 Thread 0x0000016db40c4000 6455       3       com.google.common.collect.RegularImmutableMap::create (69 bytes)
Event: 7.559 Thread 0x0000016db40c4000 nmethod 6455 0x0000016d9e95c590 code [0x0000016d9e95c800, 0x0000016d9e95d108]
Event: 7.559 Thread 0x0000016db40c4000 6456       3       com.google.common.collect.ImmutableMap$Builder::<init> (25 bytes)
Event: 7.559 Thread 0x0000016db40c4000 nmethod 6456 0x0000016d9e95d490 code [0x0000016d9e95d640, 0x0000016d9e95d898]
Event: 7.567 Thread 0x0000016db6d18800 6457       4       java.lang.String::regionMatches (150 bytes)
Event: 7.570 Thread 0x0000016db40c4000 6459       3       org.objectweb.asm.MethodWriter::visitLabel (328 bytes)
Event: 7.570 Thread 0x0000016db40c3000 nmethod 6447 0x0000016da555b690 code [0x0000016da555b880, 0x0000016da555cc58]
Event: 7.570 Thread 0x0000016db40c3000 6458       4       java.lang.StringLatin1::regionMatchesCI (92 bytes)
Event: 7.570 Thread 0x0000016db40c4000 nmethod 6459 0x0000016d9e95d990 code [0x0000016d9e95dc20, 0x0000016d9e95ed88]
Event: 7.570 Thread 0x0000016db40c4000 6460       1       org.gradle.internal.instantiation.generator.AbstractClassGenerator$MethodMetadata::getGenericReturnType (5 bytes)
Event: 7.570 Thread 0x0000016db40c4000 nmethod 6460 0x0000016da555d310 code [0x0000016da555d4c0, 0x0000016da555d578]
Event: 7.579 Thread 0x0000016db6d18800 nmethod 6457 0x0000016da555d610 code [0x0000016da555d7e0, 0x0000016da555df58]
Event: 7.579 Thread 0x0000016db6d18800 6461       4       org.objectweb.asm.Frame::execute (2318 bytes)
Event: 7.580 Thread 0x0000016db40c3000 nmethod 6458 0x0000016da555e510 code [0x0000016da555e6c0, 0x0000016da555ec58]
Event: 7.589 Thread 0x0000016db40c4000 6462       3       com.google.common.collect.ImmutableMap$Builder::build (21 bytes)
Event: 7.590 Thread 0x0000016db40c4000 nmethod 6462 0x0000016d9e95f110 code [0x0000016d9e95f2e0, 0x0000016d9e95f4d8]
Event: 7.590 Thread 0x0000016db40c4000 6463       3       com.google.common.collect.ImmutableMap$Builder::sortEntries (156 bytes)
Event: 7.591 Thread 0x0000016db40c4000 nmethod 6463 0x0000016d9e95f590 code [0x0000016d9e95f8c0, 0x0000016d9e961058]

GC Heap History (20 events):
Event: 2.051 GC heap before
{Heap before GC invocations=1 (full 0):
 garbage-first heap   total 131072K, used 83735K [0x0000000080000000, 0x0000000100000000)
  region size 1024K, 76 young (77824K), 3 survivors (3072K)
 Metaspace       used 17807K, capacity 18282K, committed 18432K, reserved 1064960K
  class space    used 2111K, capacity 2249K, committed 2304K, reserved 1048576K
}
Event: 2.057 GC heap after
{Heap after GC invocations=2 (full 0):
 garbage-first heap   total 131072K, used 16151K [0x0000000080000000, 0x0000000100000000)
  region size 1024K, 10 young (10240K), 10 survivors (10240K)
 Metaspace       used 17807K, capacity 18282K, committed 18432K, reserved 1064960K
  class space    used 2111K, capacity 2249K, committed 2304K, reserved 1048576K
}
Event: 2.260 GC heap before
{Heap before GC invocations=2 (full 0):
 garbage-first heap   total 131072K, used 36631K [0x0000000080000000, 0x0000000100000000)
  region size 1024K, 32 young (32768K), 10 survivors (10240K)
 Metaspace       used 20594K, capacity 21117K, committed 21248K, reserved 1067008K
  class space    used 2514K, capacity 2731K, committed 2816K, reserved 1048576K
}
Event: 2.269 GC heap after
{Heap after GC invocations=3 (full 0):
 garbage-first heap   total 131072K, used 17179K [0x0000000080000000, 0x0000000100000000)
  region size 1024K, 1 young (1024K), 1 survivors (1024K)
 Metaspace       used 20594K, capacity 21117K, committed 21248K, reserved 1067008K
  class space    used 2514K, capacity 2731K, committed 2816K, reserved 1048576K
}
Event: 2.823 GC heap before
{Heap before GC invocations=4 (full 0):
 garbage-first heap   total 131072K, used 68379K [0x0000000080000000, 0x0000000100000000)
  region size 1024K, 51 young (52224K), 1 survivors (1024K)
 Metaspace       used 25943K, capacity 26567K, committed 26752K, reserved 1073152K
  class space    used 3399K, capacity 3638K, committed 3712K, reserved 1048576K
}
Event: 2.827 GC heap after
{Heap after GC invocations=5 (full 0):
 garbage-first heap   total 131072K, used 18948K [0x0000000080000000, 0x0000000100000000)
  region size 1024K, 3 young (3072K), 3 survivors (3072K)
 Metaspace       used 25943K, capacity 26567K, committed 26752K, reserved 1073152K
  class space    used 3399K, capacity 3638K, committed 3712K, reserved 1048576K
}
Event: 3.487 GC heap before
{Heap before GC invocations=5 (full 0):
 garbage-first heap   total 131072K, used 85508K [0x0000000080000000, 0x0000000100000000)
  region size 1024K, 58 young (59392K), 3 survivors (3072K)
 Metaspace       used 31617K, capacity 32467K, committed 32768K, reserved 1077248K
  class space    used 4236K, capacity 4558K, committed 4608K, reserved 1048576K
}
Event: 3.492 GC heap after
{Heap after GC invocations=6 (full 0):
 garbage-first heap   total 131072K, used 33791K [0x0000000080000000, 0x0000000100000000)
  region size 1024K, 8 young (8192K), 8 survivors (8192K)
 Metaspace       used 31617K, capacity 32467K, committed 32768K, reserved 1077248K
  class space    used 4236K, capacity 4558K, committed 4608K, reserved 1048576K
}
Event: 3.755 GC heap before
{Heap before GC invocations=6 (full 0):
 garbage-first heap   total 131072K, used 45055K [0x0000000080000000, 0x0000000100000000)
  region size 1024K, 20 young (20480K), 8 survivors (8192K)
 Metaspace       used 34833K, capacity 35726K, committed 35840K, reserved 1081344K
  class space    used 4559K, capacity 4899K, committed 4992K, reserved 1048576K
}
Event: 3.765 GC heap after
{Heap after GC invocations=7 (full 0):
 garbage-first heap   total 131072K, used 35697K [0x0000000080000000, 0x0000000100000000)
  region size 1024K, 3 young (3072K), 3 survivors (3072K)
 Metaspace       used 34833K, capacity 35726K, committed 35840K, reserved 1081344K
  class space    used 4559K, capacity 4899K, committed 4992K, reserved 1048576K
}
Event: 4.338 GC heap before
{Heap before GC invocations=8 (full 0):
 garbage-first heap   total 131072K, used 92017K [0x0000000080000000, 0x0000000100000000)
  region size 1024K, 56 young (57344K), 3 survivors (3072K)
 Metaspace       used 40343K, capacity 41333K, committed 41472K, reserved 1085440K
  class space    used 5184K, capacity 5572K, committed 5632K, reserved 1048576K
}
Event: 4.347 GC heap after
{Heap after GC invocations=9 (full 0):
 garbage-first heap   total 131072K, used 39425K [0x0000000080000000, 0x0000000100000000)
  region size 1024K, 6 young (6144K), 6 survivors (6144K)
 Metaspace       used 40343K, capacity 41333K, committed 41472K, reserved 1085440K
  class space    used 5184K, capacity 5572K, committed 5632K, reserved 1048576K
}
Event: 5.055 GC heap before
{Heap before GC invocations=10 (full 0):
 garbage-first heap   total 131072K, used 101889K [0x0000000080000000, 0x0000000100000000)
  region size 1024K, 59 young (60416K), 6 survivors (6144K)
 Metaspace       used 44407K, capacity 45669K, committed 45824K, reserved 1089536K
  class space    used 5600K, capacity 6050K, committed 6144K, reserved 1048576K
}
Event: 5.064 GC heap after
{Heap after GC invocations=11 (full 0):
 garbage-first heap   total 157696K, used 52412K [0x0000000080000000, 0x0000000100000000)
  region size 1024K, 8 young (8192K), 8 survivors (8192K)
 Metaspace       used 44407K, capacity 45669K, committed 45824K, reserved 1089536K
  class space    used 5600K, capacity 6050K, committed 6144K, reserved 1048576K
}
Event: 5.638 GC heap before
{Heap before GC invocations=11 (full 0):
 garbage-first heap   total 157696K, used 113852K [0x0000000080000000, 0x0000000100000000)
  region size 1024K, 68 young (69632K), 8 survivors (8192K)
 Metaspace       used 47777K, capacity 49192K, committed 49408K, reserved 1091584K
  class space    used 6164K, capacity 6628K, committed 6656K, reserved 1048576K
}
Event: 5.648 GC heap after
{Heap after GC invocations=12 (full 0):
 garbage-first heap   total 157696K, used 56577K [0x0000000080000000, 0x0000000100000000)
  region size 1024K, 4 young (4096K), 4 survivors (4096K)
 Metaspace       used 47777K, capacity 49192K, committed 49408K, reserved 1091584K
  class space    used 6164K, capacity 6628K, committed 6656K, reserved 1048576K
}
Event: 6.442 GC heap before
{Heap before GC invocations=12 (full 0):
 garbage-first heap   total 157696K, used 125185K [0x0000000080000000, 0x0000000100000000)
  region size 1024K, 64 young (65536K), 4 survivors (4096K)
 Metaspace       used 51742K, capacity 53261K, committed 53376K, reserved 1095680K
  class space    used 6711K, capacity 7229K, committed 7296K, reserved 1048576K
}
Event: 6.450 GC heap after
{Heap after GC invocations=13 (full 0):
 garbage-first heap   total 157696K, used 74890K [0x0000000080000000, 0x0000000100000000)
  region size 1024K, 8 young (8192K), 8 survivors (8192K)
 Metaspace       used 51742K, capacity 53261K, committed 53376K, reserved 1095680K
  class space    used 6711K, capacity 7229K, committed 7296K, reserved 1048576K
}
Event: 7.068 GC heap before
{Heap before GC invocations=13 (full 0):
 garbage-first heap   total 157696K, used 120970K [0x0000000080000000, 0x0000000100000000)
  region size 1024K, 53 young (54272K), 8 survivors (8192K)
 Metaspace       used 55713K, capacity 57463K, committed 57728K, reserved 1099776K
  class space    used 7212K, capacity 7793K, committed 7808K, reserved 1048576K
}
Event: 7.074 GC heap after
{Heap after GC invocations=14 (full 0):
 garbage-first heap   total 157696K, used 77925K [0x0000000080000000, 0x0000000100000000)
  region size 1024K, 3 young (3072K), 3 survivors (3072K)
 Metaspace       used 55713K, capacity 57463K, committed 57728K, reserved 1099776K
  class space    used 7212K, capacity 7793K, committed 7808K, reserved 1048576K
}

Deoptimization events (20 events):
Event: 7.107 Thread 0x0000016db803e800 DEOPT PACKING pc=0x0000016d9e29d579 sp=0x0000000dc91f7270
Event: 7.107 Thread 0x0000016db803e800 DEOPT UNPACKING pc=0x0000016d9d7576ce sp=0x0000000dc91f6740 mode 0
Event: 7.108 Thread 0x0000016db803e800 Uncommon trap: trap_request=0xffffff4d fr.pc=0x0000016da52e2174 relative=0x0000000000000054
Event: 7.108 Thread 0x0000016db803e800 Uncommon trap: reason=unstable_if action=reinterpret pc=0x0000016da52e2174 method=java.util.regex.Pattern.has(I)Z @ 6 c2
Event: 7.108 Thread 0x0000016db803e800 DEOPT PACKING pc=0x0000016da52e2174 sp=0x0000000dc91f61e0
Event: 7.108 Thread 0x0000016db803e800 DEOPT UNPACKING pc=0x0000016d9d7578af sp=0x0000000dc91f6170 mode 2
Event: 7.129 Thread 0x0000016db803e800 Uncommon trap: trap_request=0xffffff45 fr.pc=0x0000016da53b8af8 relative=0x0000000000000d38
Event: 7.129 Thread 0x0000016db803e800 Uncommon trap: reason=unstable_fused_if action=reinterpret pc=0x0000016da53b8af8 method=org.objectweb.asm.ByteVector.putUTF8(Ljava/lang/String;)Lorg/objectweb/asm/ByteVector; @ 93 c2
Event: 7.129 Thread 0x0000016db803e800 DEOPT PACKING pc=0x0000016da53b8af8 sp=0x0000000dc91f7bd0
Event: 7.129 Thread 0x0000016db803e800 DEOPT UNPACKING pc=0x0000016d9d7578af sp=0x0000000dc91f7b28 mode 2
Event: 7.154 Thread 0x0000016db803e800 Uncommon trap: trap_request=0xffffff45 fr.pc=0x0000016da5339cf4 relative=0x0000000000000214
Event: 7.154 Thread 0x0000016db803e800 Uncommon trap: reason=unstable_fused_if action=reinterpret pc=0x0000016da5339cf4 method=org.objectweb.asm.ByteVector.putUTF8(Ljava/lang/String;)Lorg/objectweb/asm/ByteVector; @ 93 c2
Event: 7.154 Thread 0x0000016db803e800 DEOPT PACKING pc=0x0000016da5339cf4 sp=0x0000000dc91f7f00
Event: 7.154 Thread 0x0000016db803e800 DEOPT UNPACKING pc=0x0000016d9d7578af sp=0x0000000dc91f7e80 mode 2
Event: 7.338 Thread 0x0000016db803e800 Uncommon trap: trap_request=0xffffff4d fr.pc=0x0000016da53767f0 relative=0x0000000000000290
Event: 7.338 Thread 0x0000016db803e800 Uncommon trap: reason=unstable_if action=reinterpret pc=0x0000016da53767f0 method=jdk.internal.org.objectweb.asm.Type.getArgumentsAndReturnSizes(Ljava/lang/String;)I @ 136 c2
Event: 7.338 Thread 0x0000016db803e800 DEOPT PACKING pc=0x0000016da53767f0 sp=0x0000000dc91f5780
Event: 7.338 Thread 0x0000016db803e800 DEOPT UNPACKING pc=0x0000016d9d7578af sp=0x0000000dc91f5718 mode 2
Event: 7.341 Thread 0x0000016db803e800 DEOPT PACKING pc=0x0000016d9e8f16e1 sp=0x0000000dc91f5500
Event: 7.341 Thread 0x0000016db803e800 DEOPT UNPACKING pc=0x0000016d9d7576ce sp=0x0000000dc91f4a48 mode 0

Classes redefined (0 events):
No events

Internal exceptions (20 events):
Event: 6.277 Thread 0x0000016db803e800 Exception <a 'java/lang/ClassNotFoundException'{0x0000000086a87478}: org/gradle/api/DefaultTaskBeanInfo> (0x0000000086a87478) thrown at [./src/hotspot/share/classfile/systemDictionary.cpp, line 231]
Event: 6.278 Thread 0x0000016db803e800 Exception <a 'java/lang/ClassNotFoundException'{0x0000000086ab42a0}: org/gradle/api/internal/AbstractTaskBeanInfo> (0x0000000086ab42a0) thrown at [./src/hotspot/share/classfile/systemDictionary.cpp, line 231]
Event: 6.279 Thread 0x0000016db803e800 Exception <a 'java/lang/ClassNotFoundException'{0x0000000086ae0e48}: org/gradle/api/internal/AbstractTaskCustomizer> (0x0000000086ae0e48) thrown at [./src/hotspot/share/classfile/systemDictionary.cpp, line 231]
Event: 6.281 Thread 0x0000016db803e800 Exception <a 'java/lang/ClassNotFoundException'{0x00000000869523c0}: org/gradle/api/DefaultTaskCustomizer> (0x00000000869523c0) thrown at [./src/hotspot/share/classfile/systemDictionary.cpp, line 231]
Event: 6.284 Thread 0x0000016db803e800 Exception <a 'java/lang/ClassNotFoundException'{0x00000000869d3128}: org/gradle/api/internal/ConventionTaskCustomizer> (0x00000000869d3128) thrown at [./src/hotspot/share/classfile/systemDictionary.cpp, line 231]
Event: 6.285 Thread 0x0000016db803e800 Exception <a 'java/lang/ClassNotFoundException'{0x000000008680b500}: org/gradle/api/tasks/DeleteCustomizer> (0x000000008680b500) thrown at [./src/hotspot/share/classfile/systemDictionary.cpp, line 231]
Event: 6.286 Thread 0x0000016db803e800 Exception <a 'java/lang/ClassNotFoundException'{0x000000008684a740}: org/gradle/api/tasks/Delete_DecoratedCustomizer> (0x000000008684a740) thrown at [./src/hotspot/share/classfile/systemDictionary.cpp, line 231]
Event: 6.319 Thread 0x0000016db803e800 Exception <a 'java/lang/NoSuchMethodError'{0x0000000086610010}: 'void java.lang.invoke.DirectMethodHandle$Holder.invokeVirtual(java.lang.Object, java.lang.Object)'> (0x0000000086610010) thrown at [./src/hotspot/share/interpreter/linkResolver.cpp, line 773]
Event: 6.724 Thread 0x0000016db803e800 Exception <a 'java/lang/NoSuchMethodError'{0x00000000881905d0}: 'void java.lang.invoke.DirectMethodHandle$Holder.invokeSpecialIFC(java.lang.Object, java.lang.Object, java.lang.Object)'> (0x00000000881905d0) thrown at [./src/hotspot/share/interpreter/linkResolver.cpp, line 773]
Event: 6.812 Thread 0x0000016db803e800 Exception <a 'java/lang/NoSuchMethodError'{0x0000000087c831b8}: 'int java.lang.invoke.DirectMethodHandle$Holder.invokeStatic(java.lang.Object, int, java.lang.Object, java.lang.Object)'> (0x0000000087c831b8) thrown at [./src/hotspot/share/interpreter/linkResolver.cpp, line 773]
Event: 6.923 Thread 0x0000016db803e800 Exception <a 'java/lang/ClassNotFoundException'{0x000000008762cf68}: build_8kezdhjg3jtbhr1rrc87rnqxmBeanInfo> (0x000000008762cf68) thrown at [./src/hotspot/share/classfile/systemDictionary.cpp, line 231]
Event: 6.923 Thread 0x0000016db803e800 Exception <a 'java/lang/ClassNotFoundException'{0x0000000087637e90}: build_8kezdhjg3jtbhr1rrc87rnqxmCustomizer> (0x0000000087637e90) thrown at [./src/hotspot/share/classfile/systemDictionary.cpp, line 231]
Event: 6.930 Thread 0x0000016db803e800 Exception <a 'java/lang/ClassNotFoundException'{0x00000000876bce88}: org/gradle/plugin/use/internal/PluginRequestCollector$PluginDependenciesSpecImplBeanInfo> (0x00000000876bce88) thrown at [./src/hotspot/share/classfile/systemDictionary.cpp, line 231]
Event: 6.930 Thread 0x0000016db803e800 Exception <a 'java/lang/ClassNotFoundException'{0x00000000876ead38}: org/gradle/plugin/use/internal/PluginRequestCollector$PluginDependenciesSpecImplCustomizer> (0x00000000876ead38) thrown at [./src/hotspot/share/classfile/systemDictionary.cpp, line 231]
Event: 7.119 Thread 0x0000016db803e800 Exception <a 'java/lang/NoSuchMethodError'{0x00000000896001c0}: 'java.lang.Object java.lang.invoke.DirectMethodHandle$Holder.invokeStatic(java.lang.Object, java.lang.Object, java.lang.Object, java.lang.Object, int)'> (0x00000000896001c0) thrown at [./src/hotspot/share/interpreter/linkResolver.cpp, line 773]
Event: 7.119 Thread 0x0000016db803e800 Exception <a 'java/lang/NoSuchMethodError'{0x0000000089604e20}: 'java.lang.Object java.lang.invoke.DirectMethodHandle$Holder.invokeSpecial(java.lang.Object, java.lang.Object, java.lang.Object, java.lang.Object, java.lang.Object, int)'> (0x0000000089604e20) thrown at [./src/hotspot/share/interpreter/linkResolver.cpp, line 773]
Event: 7.119 Thread 0x0000016db803e800 Exception <a 'java/lang/NoSuchMethodError'{0x0000000089609460}: 'java.lang.Object java.lang.invoke.Invokers$Holder.linkToTargetMethod(java.lang.Object, java.lang.Object, java.lang.Object, int, java.lang.Object)'> (0x0000000089609460) thrown at [./src/hotspot/share/interpreter/linkResolver.cpp, line 773]
Event: 7.335 Thread 0x0000016db803e800 Exception <a 'java/lang/NoSuchMethodError'{0x00000000888b1170}: 'java.lang.Object java.lang.invoke.DirectMethodHandle$Holder.invokeSpecial(java.lang.Object, java.lang.Object, int, int, java.lang.Object, java.lang.Object, java.lang.Object)'> (0x00000000888b1170) thrown at [./src/hotspot/share/interpreter/linkResolver.cpp, line 773]
Event: 7.336 Thread 0x0000016db803e800 Exception <a 'java/lang/NoSuchMethodError'{0x00000000888b56f0}: 'java.lang.Object java.lang.invoke.DelegatingMethodHandle$Holder.reinvoke_L(java.lang.Object, int, int, java.lang.Object, java.lang.Object, java.lang.Object)'> (0x00000000888b56f0) thrown at [./src/hotspot/share/interpreter/linkResolver.cpp, line 773]
Event: 7.547 Thread 0x0000016db803e800 Exception <a 'java/lang/NoSuchMethodError'{0x0000000087cb19e0}: 'int java.lang.invoke.DirectMethodHandle$Holder.invokeInterface(java.lang.Object, java.lang.Object, java.lang.Object, java.lang.Object)'> (0x0000000087cb19e0) thrown at [./src/hotspot/share/interpreter/linkResolver.cpp, line 773]

Events (20 events):
Event: 7.662 loading class com/google/common/cache/LocalCache$EntryFactory$3
Event: 7.662 loading class com/google/common/cache/LocalCache$EntryFactory$3 done
Event: 7.662 loading class com/google/common/cache/LocalCache$EntryFactory$4
Event: 7.662 loading class com/google/common/cache/LocalCache$EntryFactory$4 done
Event: 7.662 loading class com/google/common/cache/LocalCache$EntryFactory$5
Event: 7.662 loading class com/google/common/cache/LocalCache$EntryFactory$5 done
Event: 7.662 loading class com/google/common/cache/LocalCache$EntryFactory$6
Event: 7.662 loading class com/google/common/cache/LocalCache$EntryFactory$6 done
Event: 7.663 loading class com/google/common/cache/LocalCache$EntryFactory$7
Event: 7.663 loading class com/google/common/cache/LocalCache$EntryFactory$7 done
Event: 7.663 loading class com/google/common/cache/LocalCache$EntryFactory$8
Event: 7.663 loading class com/google/common/cache/LocalCache$EntryFactory$8 done
Event: 7.663 loading class com/google/common/cache/LocalCache$Segment
Event: 7.663 loading class com/google/common/cache/LocalCache$Segment done
Event: 7.666 loading class com/google/wireless/android/sdk/stats/JavaProcessStatsOrBuilder
Event: 7.666 loading class com/google/wireless/android/sdk/stats/JavaProcessStatsOrBuilder done
Event: 7.667 loading class com/google/wireless/android/sdk/stats/GradleBuildMemorySample$1
Event: 7.667 loading class com/google/wireless/android/sdk/stats/GradleBuildMemorySample$1 done
Event: 7.667 loading class com/google/wireless/android/sdk/stats/GradleBuildMemorySample$Builder
Event: 7.667 loading class com/google/wireless/android/sdk/stats/GradleBuildMemorySample$Builder done


Dynamic libraries:
0x00007ff6ef6a0000 - 0x00007ff6ef6aa000 	C:\Program Files\Android\Android Studio\jre\bin\java.exe
0x00007ffd49130000 - 0x00007ffd49325000 	C:\WINDOWS\SYSTEM32\ntdll.dll
0x00007ffd48df0000 - 0x00007ffd48eae000 	C:\WINDOWS\System32\KERNEL32.DLL
0x00007ffd46c40000 - 0x00007ffd46f09000 	C:\WINDOWS\System32\KERNELBASE.dll
0x00007ffd468e0000 - 0x00007ffd469e0000 	C:\WINDOWS\System32\ucrtbase.dll
0x00007ffd3e8d0000 - 0x00007ffd3e8e9000 	C:\Program Files\Android\Android Studio\jre\bin\jli.dll
0x00007ffd415e0000 - 0x00007ffd415f7000 	C:\Program Files\Android\Android Studio\jre\bin\VCRUNTIME140.dll
0x00007ffd48c40000 - 0x00007ffd48de1000 	C:\WINDOWS\System32\USER32.dll
0x00007ffd47070000 - 0x00007ffd47092000 	C:\WINDOWS\System32\win32u.dll
0x00007ffd30480000 - 0x00007ffd3071a000 	C:\WINDOWS\WinSxS\amd64_microsoft.windows.common-controls_6595b64144ccf1df_6.0.19041.1110_none_60b5254171f9507e\COMCTL32.dll
0x00007ffd47d50000 - 0x00007ffd47d7b000 	C:\WINDOWS\System32\GDI32.dll
0x00007ffd48350000 - 0x00007ffd483ee000 	C:\WINDOWS\System32\msvcrt.dll
0x00007ffd46b30000 - 0x00007ffd46c3b000 	C:\WINDOWS\System32\gdi32full.dll
0x00007ffd469e0000 - 0x00007ffd46a7d000 	C:\WINDOWS\System32\msvcp_win.dll
0x00007ffd48f10000 - 0x00007ffd48f40000 	C:\WINDOWS\System32\IMM32.DLL
0x00007ffd0c1b0000 - 0x00007ffd0c24d000 	C:\Program Files\Android\Android Studio\jre\bin\msvcp140.dll
0x00007ffcd81d0000 - 0x00007ffcd8c9f000 	C:\Program Files\Android\Android Studio\jre\bin\server\jvm.dll
0x00007ffd48fc0000 - 0x00007ffd4906c000 	C:\WINDOWS\System32\ADVAPI32.dll
0x00007ffd485e0000 - 0x00007ffd4867b000 	C:\WINDOWS\System32\sechost.dll
0x00007ffd483f0000 - 0x00007ffd4851a000 	C:\WINDOWS\System32\RPCRT4.dll
0x00007ffd47600000 - 0x00007ffd47608000 	C:\WINDOWS\System32\PSAPI.DLL
0x00007ffd2d8a0000 - 0x00007ffd2d8a9000 	C:\WINDOWS\SYSTEM32\WSOCK32.dll
0x00007ffd2f6d0000 - 0x00007ffd2f6f7000 	C:\WINDOWS\SYSTEM32\WINMM.dll
0x00007ffd40670000 - 0x00007ffd4067a000 	C:\WINDOWS\SYSTEM32\VERSION.dll
0x00007ffd49070000 - 0x00007ffd490db000 	C:\WINDOWS\System32\WS2_32.dll
0x00007ffd45120000 - 0x00007ffd45132000 	C:\WINDOWS\SYSTEM32\kernel.appcore.dll
0x00007ffd262c0000 - 0x00007ffd262d1000 	C:\Program Files\Android\Android Studio\jre\bin\verify.dll
0x00007ffd44640000 - 0x00007ffd44824000 	C:\WINDOWS\SYSTEM32\DBGHELP.DLL
0x00007ffd35610000 - 0x00007ffd3563c000 	C:\WINDOWS\SYSTEM32\dbgcore.DLL
0x00007ffd46850000 - 0x00007ffd468d3000 	C:\WINDOWS\System32\bcryptPrimitives.dll
0x00007ffd26290000 - 0x00007ffd262b9000 	C:\Program Files\Android\Android Studio\jre\bin\java.dll
0x00007ffd26280000 - 0x00007ffd2628b000 	C:\Program Files\Android\Android Studio\jre\bin\jimage.dll
0x00007ffd26260000 - 0x00007ffd26278000 	C:\Program Files\Android\Android Studio\jre\bin\zip.dll
0x00007ffd47610000 - 0x00007ffd47d4f000 	C:\WINDOWS\System32\SHELL32.dll
0x00007ffd44830000 - 0x00007ffd44fc0000 	C:\WINDOWS\SYSTEM32\windows.storage.dll
0x00007ffd47ff0000 - 0x00007ffd48345000 	C:\WINDOWS\System32\combase.dll
0x00007ffd462a0000 - 0x00007ffd462cc000 	C:\WINDOWS\SYSTEM32\Wldp.dll
0x00007ffd47f40000 - 0x00007ffd47fed000 	C:\WINDOWS\System32\SHCORE.dll
0x00007ffd48520000 - 0x00007ffd48575000 	C:\WINDOWS\System32\shlwapi.dll
0x00007ffd46790000 - 0x00007ffd467af000 	C:\WINDOWS\SYSTEM32\profapi.dll
0x00007ffd26180000 - 0x00007ffd2619a000 	C:\Program Files\Android\Android Studio\jre\bin\net.dll
0x00007ffd3d190000 - 0x00007ffd3d298000 	C:\WINDOWS\SYSTEM32\WINHTTP.dll
0x00007ffd46000000 - 0x00007ffd4606a000 	C:\WINDOWS\system32\mswsock.dll
0x00007ffd26160000 - 0x00007ffd26174000 	C:\Program Files\Android\Android Studio\jre\bin\nio.dll
0x00007ffd3e8f0000 - 0x00007ffd3e917000 	C:\Users\muham\.gradle\native\8bec1ad78214c89d9ad589b4d07fe93259594b29d510b10fafb7a158f7737e5d\windows-amd64\native-platform.dll
0x00007ffcba5b0000 - 0x00007ffcba6ed000 	C:\Users\muham\.gradle\native\53dbd7edfb1c66fb8903c78663c9afc45aea4f116125fa6feffd364cf09443e8\windows-amd64\native-platform-file-events.dll
0x00007ffd165e0000 - 0x00007ffd165ea000 	C:\Program Files\Android\Android Studio\jre\bin\management.dll
0x00007ffd165d0000 - 0x00007ffd165dc000 	C:\Program Files\Android\Android Studio\jre\bin\management_ext.dll
0x00007ffd461f0000 - 0x00007ffd46208000 	C:\WINDOWS\SYSTEM32\CRYPTSP.dll
0x00007ffd45910000 - 0x00007ffd45944000 	C:\WINDOWS\system32\rsaenh.dll
0x00007ffd47150000 - 0x00007ffd47177000 	C:\WINDOWS\System32\bcrypt.dll
0x00007ffd46710000 - 0x00007ffd4673e000 	C:\WINDOWS\SYSTEM32\USERENV.dll
0x00007ffd46210000 - 0x00007ffd4621c000 	C:\WINDOWS\SYSTEM32\CRYPTBASE.dll
0x00007ffd45ca0000 - 0x00007ffd45cdb000 	C:\WINDOWS\SYSTEM32\IPHLPAPI.DLL
0x00007ffd490e0000 - 0x00007ffd490e8000 	C:\WINDOWS\System32\NSI.dll
0x00007ffd3ee70000 - 0x00007ffd3ee87000 	C:\WINDOWS\SYSTEM32\dhcpcsvc6.DLL
0x00007ffd3fc10000 - 0x00007ffd3fc2d000 	C:\WINDOWS\SYSTEM32\dhcpcsvc.DLL
0x00007ffd45cf0000 - 0x00007ffd45dbc000 	C:\WINDOWS\SYSTEM32\DNSAPI.dll

dbghelp: loaded successfully - version: 4.0.5 - missing functions: none
symbol engine: initialized successfully - sym options: 0x614 - pdb path: .;C:\Program Files\Android\Android Studio\jre\bin;C:\WINDOWS\SYSTEM32;C:\WINDOWS\WinSxS\amd64_microsoft.windows.common-controls_6595b64144ccf1df_6.0.19041.1110_none_60b5254171f9507e;C:\Program Files\Android\Android Studio\jre\bin\server;C:\Users\muham\.gradle\native\8bec1ad78214c89d9ad589b4d07fe93259594b29d510b10fafb7a158f7737e5d\windows-amd64;C:\Users\muham\.gradle\native\53dbd7edfb1c66fb8903c78663c9afc45aea4f116125fa6feffd364cf09443e8\windows-amd64

VM Arguments:
jvm_args: --add-opens=java.base/java.util=ALL-UNNAMED --add-opens=java.base/java.lang=ALL-UNNAMED --add-opens=java.base/java.lang.invoke=ALL-UNNAMED --add-opens=java.base/java.util=ALL-UNNAMED --add-opens=java.prefs/java.util.prefs=ALL-UNNAMED --add-opens=java.prefs/java.util.prefs=ALL-UNNAMED --add-opens=java.base/java.nio.charset=ALL-UNNAMED --add-opens=java.base/java.net=ALL-UNNAMED --add-opens=java.base/java.util.concurrent.atomic=ALL-UNNAMED -Xmx2048m -Dfile.encoding=UTF-8 -Duser.country=US -Duser.language=en -Duser.variant 
java_command: org.gradle.launcher.daemon.bootstrap.GradleDaemon 7.0.2
java_class_path (initial): C:\Users\muham\.gradle\wrapper\dists\gradle-7.0.2-bin\857tjihv64xamwrf0h14cai3r\gradle-7.0.2\lib\gradle-launcher-7.0.2.jar
Launcher Type: SUN_STANDARD

[Global flags]
     intx CICompilerCount                          = 4                                         {product} {ergonomic}
     uint ConcGCThreads                            = 2                                         {product} {ergonomic}
     uint G1ConcRefinementThreads                  = 8                                         {product} {ergonomic}
   size_t G1HeapRegionSize                         = 1048576                                   {product} {ergonomic}
    uintx GCDrainStackTargetSize                   = 64                                        {product} {ergonomic}
   size_t InitialHeapSize                          = 134217728                                 {product} {ergonomic}
   size_t MarkStackSize                            = 4194304                                   {product} {ergonomic}
   size_t MaxHeapSize                              = 2147483648                                {product} {command line}
   size_t MaxNewSize                               = 1287651328                                {product} {ergonomic}
   size_t MinHeapDeltaBytes                        = 1048576                                   {product} {ergonomic}
    uintx NonNMethodCodeHeapSize                   = 5836300                                {pd product} {ergonomic}
    uintx NonProfiledCodeHeapSize                  = 122910970                              {pd product} {ergonomic}
    uintx ProfiledCodeHeapSize                     = 122910970                              {pd product} {ergonomic}
    uintx ReservedCodeCacheSize                    = 251658240                              {pd product} {ergonomic}
     bool SegmentedCodeCache                       = true                                      {product} {ergonomic}
     bool UseCompressedClassPointers               = true                                 {lp64_product} {ergonomic}
     bool UseCompressedOops                        = true                                 {lp64_product} {ergonomic}
     bool UseG1GC                                  = true                                      {product} {ergonomic}
     bool UseLargePagesIndividualAllocation        = false                                  {pd product} {ergonomic}

Logging:
Log output configuration:
 #0: stdout all=warning uptime,level,tags
 #1: stderr all=off uptime,level,tags

Environment Variables:
PATH=C:\Program Files (x86)\Common Files\Oracle\Java\javapath;C:\WINDOWS\system32;C:\WINDOWS;C:\WINDOWS\System32\Wbem;C:\WINDOWS\System32\WindowsPowerShell\v1.0\;C:\WINDOWS\System32\OpenSSH\;C:\Program Files\Intel\WiFi\bin\;C:\Program Files\Common Files\Intel\WirelessCommon\;C:\Program Files (x86)\dotnet\;C:\Android;C:\Windows\System32;C:\Program Files\Dart\dart-sdk\bin;C:\Program Files\nodejs\;C:\Program Files (x86)\Intel\Intel(R) Management Engine Components\DAL;C:\Program Files\Intel\Intel(R) Management Engine Components\DAL;C:\Program Files\Git\cmd;C:\Users\muham\AppData\Local\Programs\Python\Python38-32\Scripts\;C:\Users\muham\AppData\Local\Programs\Python\Python38-32\;C:\Users\muham\AppData\Local\Microsoft\WindowsApps;C:\Users\muham\AppData\Local\Programs\Microsoft VS Code\bin;C:\Program Files\JetBrains\PyCharm Community Edition 2020.2\bin;;C:\Program Files (x86)\Nmap;C:\Windows\System32\WindowsPowerShell\v1.0;C:\Program Files\Dart\dart-sdk\lib;C:\Users\muham\flutter\bin;C:\Users\muham\AppData\Roaming\npm
USERNAME=muham
OS=Windows_NT
PROCESSOR_IDENTIFIER=Intel64 Family 6 Model 142 Stepping 10, GenuineIntel



---------------  S Y S T E M  ---------------

OS: Windows 10 , 64 bit Build 19041 (10.0.19041.1202)
OS uptime: 1 days 22:07 hours

CPU:total 8 (initial active 8) (4 cores per cpu, 2 threads per core) family 6 model 142 stepping 10 microcode 0xd6, cmov, cx8, fxsr, mmx, sse, sse2, sse3, ssse3, sse4.1, sse4.2, popcnt, avx, avx2, aes, clmul, erms, 3dnowpref, lzcnt, ht, tsc, tscinvbit, bmi1, bmi2, adx, fma

Memory: 4k page, system-wide physical 8092M (458M free)
TotalPageFile size 23278M (AvailPageFile size 1M)
current process WorkingSet (physical memory assigned to process): 355M, peak: 355M
current process commit charge ("private bytes"): 394M, peak: 396M

vm_info: OpenJDK 64-Bit Server VM (11.0.10+0-b96-7249189) for windows-amd64 JRE (11.0.10+0-b96-7249189), built on Mar 31 2021 21:44:00 by "builder" with MS VC++ 14.0 (VS2015)

END.
